#
# There is insufficient memory for the Java Runtime Environment to continue.
# Native memory allocation (mmap) failed to map 61440 bytes for card table expansion
# Possible reasons:
#   The system is out of physical RAM or swap space
#   In 32 bit mode, the process size limit was hit
# Possible solutions:
#   Reduce memory load on the system
#   Increase physical memory or swap space
#   Check if swap backing store is full
#   Use 64 bit Java on a 64 bit OS
#   Decrease Java heap size (-Xmx/-Xms)
#   Decrease number of Java threads
#   Decrease Java thread stack sizes (-Xss)
#   Set larger code cache with -XX:ReservedCodeCacheSize=
# This output file may be truncated or incomplete.
#
#  Out of Memory Error (os_windows.cpp:3332), pid=4596, tid=0x0000000000001bc0
#
# JRE version: Java(TM) SE Runtime Environment (8.0_101-b13) (build 1.8.0_101-b13)
# Java VM: Java HotSpot(TM) 64-Bit Server VM (25.101-b13 mixed mode windows-amd64 compressed oops)
# Failed to write core dump. Minidumps are not enabled by default on client versions of Windows
#

---------------  T H R E A D  ---------------

Current thread (0x0000000054aaa800):  VMThread [stack: 0x0000000055b10000,0x0000000055c10000] [id=7104]

Stack: [0x0000000055b10000,0x0000000055c10000]
[error occurred during error reporting (printing stack bounds), id 0xc0000005]

Native frames: (J=compiled Java code, j=interpreted, Vv=VM code, C=native code)

VM_Operation (0x00000000024feb90): ParallelGCFailedAllocation, mode: safepoint, requested by thread 0x0000000001c0e000


---------------  P R O C E S S  ---------------

Java Threads: ( => current thread )
  0x0000000055f28800 JavaThread "Service Thread" daemon [_thread_blocked, id=6708, stack(0x0000000056b00000,0x0000000056c00000)]
  0x0000000055ea1000 JavaThread "C1 CompilerThread2" daemon [_thread_blocked, id=5056, stack(0x0000000055c50000,0x0000000055d50000)]
  0x0000000055e9b800 JavaThread "C2 CompilerThread1" daemon [_thread_blocked, id=1276, stack(0x0000000056840000,0x0000000056940000)]
  0x0000000055e96000 JavaThread "C2 CompilerThread0" daemon [_thread_in_native, id=6492, stack(0x00000000566d0000,0x00000000567d0000)]
  0x0000000054b12000 JavaThread "Attach Listener" daemon [_thread_blocked, id=176, stack(0x00000000564d0000,0x00000000565d0000)]
  0x0000000054b11000 JavaThread "Signal Dispatcher" daemon [_thread_blocked, id=6456, stack(0x0000000056380000,0x0000000056480000)]
  0x0000000054af9800 JavaThread "Finalizer" daemon [_thread_blocked, id=2484, stack(0x0000000055d80000,0x0000000055e80000)]
  0x0000000054ab2000 JavaThread "Reference Handler" daemon [_thread_blocked, id=3564, stack(0x0000000055a10000,0x0000000055b10000)]
  0x0000000001c0e000 JavaThread "main" [_thread_blocked, id=2560, stack(0x0000000002400000,0x0000000002500000)]

Other Threads:
=>0x0000000054aaa800 VMThread [stack: 0x0000000055b10000,0x0000000055c10000] [id=7104]
  0x0000000055f4c800 WatcherThread [stack: 0x0000000056cb0000,0x0000000056db0000] [id=6760]

VM state:at safepoint (normal execution)

VM Mutex/Monitor currently owned by a thread:  ([mutex/lock_event])
[0x0000000001c0c510] Threads_lock - owner thread: 0x0000000054aaa800
[0x0000000001c0ca10] Heap_lock - owner thread: 0x0000000001c0e000

Heap:
 PSYoungGen      total 33280K, used 2541K [0x00000000ec380000, 0x00000000f0480000, 0x0000000100000000)
  eden space 30720K, 0% used [0x00000000ec380000,0x00000000ec380000,0x00000000ee180000)
  from space 2560K, 99% used [0x00000000ee180000,0x00000000ee3fb650,0x00000000ee400000)
  to   space 2560K, 0% used [0x00000000ee400000,0x00000000ee400000,0x00000000ee680000)
 ParOldGen       total 40960K, used 7073K [0x00000000c4a00000, 0x00000000c7200000, 0x00000000ec380000)
  object space 40960K, 17% used [0x00000000c4a00000,0x00000000c50e8530,0x00000000c7200000)
 Metaspace       used 3746K, capacity 5176K, committed 5376K, reserved 1056768K
  class space    used 400K, capacity 488K, committed 512K, reserved 1048576K

Card table byte_map: [0x00000000118c0000,0x0000000011aa0000] byte_map_base: 0x000000001129b000

Marking Bits: (ParMarkBitMap*) 0x00000000607ea6d0
 Begin Bits: [0x0000000012190000, 0x0000000013068000)
 End Bits:   [0x0000000013068000, 0x0000000013f40000)

Polling page: 0x0000000000220000

CodeCache: size=245760Kb used=3102Kb max_used=3115Kb free=242657Kb
 bounds [0x0000000002500000, 0x0000000002810000, 0x0000000011500000]
 total_blobs=770 nmethods=522 adapters=161
 compilation: enabled

Compilation events (10 events):
Event: 0.894 Thread 0x0000000055e9b800 nmethod 507 0x0000000002807590 code [0x0000000002807860, 0x000000000280afc8]
Event: 0.894 Thread 0x0000000055e9b800  522   !   4       com.android.dx.cf.direct.StdAttributeFactory::parseLocalVariables (274 bytes)
Event: 0.967 Thread 0x0000000055e9b800 nmethod 522 0x00000000027f6c50 code [0x00000000027f6e60, 0x00000000027f86d8]
Event: 0.967 Thread 0x0000000055e9b800  524       4       sun.nio.cs.UTF_8$Decoder::decode (779 bytes)
Event: 0.972 Thread 0x0000000055e9b800 nmethod 524 0x00000000027f6750 code [0x00000000027f68a0, 0x00000000027f6ad8]
Event: 0.972 Thread 0x0000000055e9b800  508       4       com.android.dx.cf.attrib.BaseAttribute::<init> (24 bytes)
Event: 0.973 Thread 0x0000000055e9b800 nmethod 508 0x00000000026c1450 code [0x00000000026c1580, 0x00000000026c15f8]
Event: 0.973 Thread 0x0000000055e9b800  523       4       com.android.dx.cf.attrib.AttCode::byteLength (29 bytes)
Event: 0.977 Thread 0x0000000055e9b800 nmethod 523 0x0000000002803fd0 code [0x0000000002804120, 0x0000000002804398]
Event: 0.977 Thread 0x0000000055e9b800  525       4       com.android.dx.cf.direct.StdAttributeFactory::localVariableTable (98 bytes)

GC Heap History (5 events):
Event: 0.465 GC heap before
{Heap before GC invocations=1 (full 0):
 PSYoungGen      total 17920K, used 15360K [0x00000000ec380000, 0x00000000ed780000, 0x0000000100000000)
  eden space 15360K, 100% used [0x00000000ec380000,0x00000000ed280000,0x00000000ed280000)
  from space 2560K, 0% used [0x00000000ed500000,0x00000000ed500000,0x00000000ed780000)
  to   space 2560K, 0% used [0x00000000ed280000,0x00000000ed280000,0x00000000ed500000)
 ParOldGen       total 40960K, used 0K [0x00000000c4a00000, 0x00000000c7200000, 0x00000000ec380000)
  object space 40960K, 0% used [0x00000000c4a00000,0x00000000c4a00000,0x00000000c7200000)
 Metaspace       used 3661K, capacity 5080K, committed 5376K, reserved 1056768K
  class space    used 396K, capacity 456K, committed 512K, reserved 1048576K
Event: 0.487 GC heap after
Heap after GC invocations=1 (full 0):
 PSYoungGen      total 17920K, used 2555K [0x00000000ec380000, 0x00000000ee680000, 0x0000000100000000)
  eden space 15360K, 0% used [0x00000000ec380000,0x00000000ec380000,0x00000000ed280000)
  from space 2560K, 99% used [0x00000000ed280000,0x00000000ed4feef8,0x00000000ed500000)
  to   space 2560K, 0% used [0x00000000ee400000,0x00000000ee400000,0x00000000ee680000)
 ParOldGen       total 40960K, used 744K [0x00000000c4a00000, 0x00000000c7200000, 0x00000000ec380000)
  object space 40960K, 1% used [0x00000000c4a00000,0x00000000c4aba158,0x00000000c7200000)
 Metaspace       used 3661K, capacity 5080K, committed 5376K, reserved 1056768K
  class space    used 396K, capacity 456K, committed 512K, reserved 1048576K
}
Event: 0.697 GC heap before
{Heap before GC invocations=2 (full 0):
 PSYoungGen      total 17920K, used 17915K [0x00000000ec380000, 0x00000000ee680000, 0x0000000100000000)
  eden space 15360K, 100% used [0x00000000ec380000,0x00000000ed280000,0x00000000ed280000)
  from space 2560K, 99% used [0x00000000ed280000,0x00000000ed4feef8,0x00000000ed500000)
  to   space 2560K, 0% used [0x00000000ee400000,0x00000000ee400000,0x00000000ee680000)
 ParOldGen       total 40960K, used 744K [0x00000000c4a00000, 0x00000000c7200000, 0x00000000ec380000)
  object space 40960K, 1% used [0x00000000c4a00000,0x00000000c4aba158,0x00000000c7200000)
 Metaspace       used 3717K, capacity 5080K, committed 5376K, reserved 1056768K
  class space    used 397K, capacity 456K, committed 512K, reserved 1048576K
Event: 0.703 GC heap after
Heap after GC invocations=2 (full 0):
 PSYoungGen      total 33280K, used 2541K [0x00000000ec380000, 0x00000000ee680000, 0x0000000100000000)
  eden space 30720K, 0% used [0x00000000ec380000,0x00000000ec380000,0x00000000ee180000)
  from space 2560K, 99% used [0x00000000ee400000,0x00000000ee67b640,0x00000000ee680000)
  to   space 2560K, 0% used [0x00000000ee180000,0x00000000ee180000,0x00000000ee400000)
 ParOldGen       total 40960K, used 1924K [0x00000000c4a00000, 0x00000000c7200000, 0x00000000ec380000)
  object space 40960K, 4% used [0x00000000c4a00000,0x00000000c4be1060,0x00000000c7200000)
 Metaspace       used 3717K, capacity 5080K, committed 5376K, reserved 1056768K
  class space    used 397K, capacity 456K, committed 512K, reserved 1048576K
}
Event: 0.982 GC heap before
{Heap before GC invocations=3 (full 0):
 PSYoungGen      total 33280K, used 33259K [0x00000000ec380000, 0x00000000ee680000, 0x0000000100000000)
  eden space 30720K, 99% used [0x00000000ec380000,0x00000000ee17f7b0,0x00000000ee180000)
  from space 2560K, 99% used [0x00000000ee400000,0x00000000ee67b640,0x00000000ee680000)
  to   space 2560K, 0% used [0x00000000ee180000,0x00000000ee180000,0x00000000ee400000)
 ParOldGen       total 40960K, used 1924K [0x00000000c4a00000, 0x00000000c7200000, 0x00000000ec380000)
  object space 40960K, 4% used [0x00000000c4a00000,0x00000000c4be1060,0x00000000c7200000)
 Metaspace       used 3746K, capacity 5176K, committed 5376K, reserved 1056768K
  class space    used 400K, capacity 488K, committed 512K, reserved 1048576K

Deoptimization events (2 events):
Event: 0.682 Thread 0x0000000001c0e000 Uncommon trap: reason=unstable_if action=reinterpret pc=0x0000000002784900 method=com.android.dx.cf.direct.StdAttributeFactory.parse0(Lcom/android/dx/cf/direct/DirectClassFile;ILjava/lang/String;IILcom/android/dx/cf/iface/ParseObserver;)Lcom/android/dx/cf/ú-˚ÌﬁçÊ?
Event: 0.705 Thread 0x0000000001c0e000 Uncommon trap: reason=unstable_if action=reinterpret pc=0x000000000279f5f4 method=java.util.HashMap.putVal(ILjava/lang/Object;Ljava/lang/Object;ZZ)Ljava/lang/Object; @ 7

Internal exceptions (3 events):
Event: 0.031 Thread 0x0000000001c0e000 Exception <a 'java/lang/NoSuchMethodError': Method sun.misc.Unsafe.defineClass(Ljava/lang/String;[BII)Ljava/lang/Class; name or signature does not match> (0x00000000ec387cc0) thrown at [C:\re\workspace\8-2-build-windows-amd64-cygwin\jdk8u101\7261\hotspot\sC™»ŸÜ†?
Event: 0.031 Thread 0x0000000001c0e000 Exception <a 'java/lang/NoSuchMethodError': Method sun.misc.Unsafe.prefetchRead(Ljava/lang/Object;J)V name or signature does not match> (0x00000000ec387fa8) thrown at [C:\re\workspace\8-2-build-windows-amd64-cygwin\jdk8u101\7261\hotspot\src\share\vm\prims\/©5æçÊ?
Event: 0.705 Thread 0x0000000001c0e000 Implicit null exception at 0x000000000279efd8 to 0x000000000279f5cd

Events (10 events):
Event: 0.705 Thread 0x0000000001c0e000 Uncommon trap: trap_request=0xffffff65 fr.pc=0x000000000279f5f4
Event: 0.705 Thread 0x0000000001c0e000 DEOPT PACKING pc=0x000000000279f5f4 sp=0x00000000024ff200
Event: 0.705 Thread 0x0000000001c0e000 DEOPT UNPACKING pc=0x000000000254582a sp=0x00000000024ff190 mode 2
Event: 0.711 loading class com/android/multidex/ArchivePathElement$1
Event: 0.711 loading class com/android/multidex/ArchivePathElement$1 done
Event: 0.712 loading class com/android/multidex/ArchivePathElement$1$1
Event: 0.712 loading class com/android/multidex/ArchivePathElement$1$1 done
Event: 0.712 loading class java/util/NoSuchElementException
Event: 0.712 loading class java/util/NoSuchElementException done
Event: 0.982 Executing VM operation: ParallelGCFailedAllocation


Dynamic libraries:
0x000000013ff10000 - 0x000000013ff47000 	C:\Program Files\Java\jdk1.8.0_101\bin\java.exe
0x0000000077370000 - 0x000000007751a000 	C:\windows\SYSTEM32\ntdll.dll
0x0000000077150000 - 0x000000007726f000 	C:\windows\system32\kernel32.dll
0x000007fefd0d0000 - 0x000007fefd13a000 	C:\windows\system32\KERNELBASE.dll
0x000007fefe290000 - 0x000007fefe36b000 	C:\windows\system32\ADVAPI32.dll
0x000007feff5a0000 - 0x000007feff63f000 	C:\windows\system32\msvcrt.dll
0x000007feff260000 - 0x000007feff27f000 	C:\windows\SYSTEM32\sechost.dll
0x000007fefda50000 - 0x000007fefdb7d000 	C:\windows\system32\RPCRT4.dll
0x0000000077270000 - 0x000000007736a000 	C:\windows\system32\USER32.dll
0x000007fefdd80000 - 0x000007fefdde7000 	C:\windows\system32\GDI32.dll
0x000007fefda40000 - 0x000007fefda4e000 	C:\windows\system32\LPK.dll
0x000007fefe1c0000 - 0x000007fefe28a000 	C:\windows\system32\USP10.dll
0x000007fefa180000 - 0x000007fefa374000 	C:\windows\WinSxS\amd64_microsoft.windows.common-controls_6595b64144ccf1df_6.0.7601.18837_none_fa3b1e3d17594757\COMCTL32.dll
0x000007fefe370000 - 0x000007fefe3e1000 	C:\windows\system32\SHLWAPI.dll
0x000007feff640000 - 0x000007feff66e000 	C:\windows\system32\IMM32.DLL
0x000007feff280000 - 0x000007feff389000 	C:\windows\system32\MSCTF.dll
0x0000000068860000 - 0x0000000068932000 	C:\Program Files\Java\jdk1.8.0_101\jre\bin\msvcr100.dll
0x000000005ffd0000 - 0x000000006086a000 	C:\Program Files\Java\jdk1.8.0_101\jre\bin\server\jvm.dll
0x000007fef8730000 - 0x000007fef8739000 	C:\windows\system32\WSOCK32.dll
0x000007fefddf0000 - 0x000007fefde3d000 	C:\windows\system32\WS2_32.dll
0x000007feff670000 - 0x000007feff678000 	C:\windows\system32\NSI.dll
0x000007fef7840000 - 0x000007fef787b000 	C:\windows\system32\WINMM.dll
0x000007fefc140000 - 0x000007fefc14c000 	C:\windows\system32\VERSION.dll
0x0000000077540000 - 0x0000000077547000 	C:\windows\system32\PSAPI.DLL
0x0000000073f40000 - 0x0000000073f4f000 	C:\Program Files\Java\jdk1.8.0_101\jre\bin\verify.dll
0x0000000073f10000 - 0x0000000073f39000 	C:\Program Files\Java\jdk1.8.0_101\jre\bin\java.dll
0x0000000073ef0000 - 0x0000000073f06000 	C:\Program Files\Java\jdk1.8.0_101\jre\bin\zip.dll
0x000007fefe4d0000 - 0x000007feff25c000 	C:\windows\system32\SHELL32.dll
0x000007fefd4c0000 - 0x000007fefd6c3000 	C:\windows\system32\ole32.dll
0x000007fefd0b0000 - 0x000007fefd0bf000 	C:\windows\system32\profapi.dll

VM Arguments:
jvm_args: -Djava.awt.headless=true -Dfile.encoding=x-windows-949 -Duser.country=KR -Duser.language=ko -Duser.variant 
java_command: com.android.multidex.ClassReferenceListBuilder C:\Users\IT\Desktop\ERM\v1.0.1\v1.0.1\app\build\intermediates\multi-dex\debug\componentClasses.jar C:\Users\IT\Desktop\ERM\v1.0.1\v1.0.1\app\build\intermediates\transforms\jarMerging\debug\jars\1\1f\combined.jar
java_class_path (initial): C:\Users\IT\AppData\Local\Android\sdk\build-tools\22.0.1\lib\dx.jar
Launcher Type: SUN_STANDARD

Environment Variables:
JAVA_HOME=C:\Program Files (x86)\Java\jre1.8.0_101
PATH=C:\ProgramData\Oracle\Java\javapath;C:\Program Files\Common Files\Microsoft Shared\Windows Live;C:\Program Files (x86)\Common Files\Microsoft Shared\Windows Live;C:\Program Files (x86)\Intel\iCLS Client\;C:\Program Files\Intel\iCLS Client\;C:\windows\system32;C:\windows;C:\windows\System32\Wbem;C:\windows\System32\WindowsPowerShell\v1.0\;C:\Program Files\Intel\Intel(R) Management Engine Components\DAL;C:\Program Files\Intel\Intel(R) Management Engine Components\IPT;C:\Program Files (x86)\Intel\Intel(R) Management Engine Components\DAL;C:\Program Files (x86)\Intel\Intel(R) Management Engine Components\IPT;C:\Program Files (x86)\Intel\OpenCL SDK\2.0\bin\x86;C:\Program Files (x86)\Intel\OpenCL SDK\2.0\bin\x64;C:\Program Files\Intel\WiFi\bin\;C:\Program Files\Common Files\Intel\WirelessCommon\;C:\Program Files (x86)\Windows Live\Shared;C:\Program Files\Java\jdk1.7.0_79\bin;C:\openssl-0.9.8e_X64\bin;C:\Program Files\Git\cmd
USERNAME=IT
OS=Windows_NT
PROCESSOR_IDENTIFIER=Intel64 Family 6 Model 58 Stepping 9, GenuineIntel



---------------  S Y S T E M  ---------------

OS: Windows 7 , 64 bit Build 7601 (6.1.7601.23539)

CPU:total 4 (2 cores per cpu, 2 threads per core) family 6 model 58 stepping 9, cmov, cx8, fxsr, mmx, sse, sse2, sse3, ssse3, sse4.1, sse4.2, popcnt, avx, aes, clmul, erms, ht, tsc, tscinvbit, tscinv

Memory: 4k page, physical 3888676k(426512k free), swap 4450596k(5120k free)

vm_info: Java HotSpot(TM) 64-Bit Server VM (25.101-b13) for windows-amd64 JRE (1.8.0_101-b13), built on Jun 22 2016 01:21:29 by "java_re" with MS VC++ 10.0 (VS2010)

time: Fri Sep 30 18:03:56 2016
elapsed time: 1 seconds (0d 0h 0m 1s)

