#
# There is insufficient memory for the Java Runtime Environment to continue.
# Native memory allocation (malloc) failed to allocate 534416 bytes for Chunk::new
# Possible reasons:
#   The system is out of physical RAM or swap space
#   In 32 bit mode, the process size limit was hit
# Possible solutions:
#   Reduce memory load on the system
#   Increase physical memory or swap space
#   Check if swap backing store is full
#   Use 64 bit Java on a 64 bit OS
#   Decrease Java heap size (-Xmx/-Xms)
#   Decrease number of Java threads
#   Decrease Java thread stack sizes (-Xss)
#   Set larger code cache with -XX:ReservedCodeCacheSize=
# This output file may be truncated or incomplete.
#
#  Out of Memory Error (allocation.cpp:390), pid=6592, tid=0x0000000000000708
#
# JRE version: Java(TM) SE Runtime Environment (8.0_101-b13) (build 1.8.0_101-b13)
# Java VM: Java HotSpot(TM) 64-Bit Server VM (25.101-b13 mixed mode windows-amd64 compressed oops)
# Failed to write core dump. Minidumps are not enabled by default on client versions of Windows
#

---------------  T H R E A D  ---------------

Current thread (0x0000000054e1b000):  JavaThread "C2 CompilerThread0" daemon [_thread_in_native, id=1800, stack(0x0000000056c00000,0x0000000056d00000)]

Stack: [0x0000000056c00000,0x0000000056d00000]
[error occurred during error reporting (printing stack bounds), id 0xc0000005]

Native frames: (J=compiled Java code, j=interpreted, Vv=VM code, C=native code)


Current CompileTask:
C2:  24184 2833 %     4       com.android.dx.dex.code.LocalList::make @ 16 (102 bytes)


---------------  P R O C E S S  ---------------

Java Threads: ( => current thread )
  0x000000005636b800 JavaThread "Service Thread" daemon [_thread_blocked, id=7032, stack(0x0000000057140000,0x0000000057240000)]
  0x00000000562ed800 JavaThread "C1 CompilerThread2" daemon [_thread_blocked, id=5580, stack(0x0000000056f60000,0x0000000057060000)]
  0x00000000562ec000 JavaThread "C2 CompilerThread1" daemon [_thread_in_native, id=6088, stack(0x0000000056da0000,0x0000000056ea0000)]
=>0x0000000054e1b000 JavaThread "C2 CompilerThread0" daemon [_thread_in_native, id=1800, stack(0x0000000056c00000,0x0000000056d00000)]
  0x0000000054e14000 JavaThread "Attach Listener" daemon [_thread_blocked, id=4252, stack(0x00000000569f0000,0x0000000056af0000)]
  0x0000000054e13000 JavaThread "Signal Dispatcher" daemon [_thread_blocked, id=6768, stack(0x0000000056870000,0x0000000056970000)]
  0x0000000054dfd000 JavaThread "Finalizer" daemon [_thread_blocked, id=6060, stack(0x00000000561d0000,0x00000000562d0000)]
  0x0000000054db6000 JavaThread "Reference Handler" daemon [_thread_blocked, id=740, stack(0x0000000055ed0000,0x0000000055fd0000)]
  0x000000000229e000 JavaThread "main" [_thread_in_Java, id=1204, stack(0x00000000022c0000,0x00000000023c0000)]

Other Threads:
  0x0000000054daa800 VMThread [stack: 0x0000000055ff0000,0x00000000560f0000] [id=3592]
  0x000000005639a000 WatcherThread [stack: 0x0000000057340000,0x0000000057440000] [id=4964]

VM state:not at safepoint (normal execution)

VM Mutex/Monitor currently owned by a thread: None

Heap:
 PSYoungGen      total 221184K, used 133395K [0x00000000eab00000, 0x0000000100000000, 0x0000000100000000)
  eden space 165888K, 80% used [0x00000000eab00000,0x00000000f2d44dd8,0x00000000f4d00000)
  from space 55296K, 0% used [0x00000000fca00000,0x00000000fca00000,0x0000000100000000)
  to   space 91648K, 0% used [0x00000000f4d00000,0x00000000f4d00000,0x00000000fa680000)
 ParOldGen       total 234496K, used 234421K [0x00000000c0000000, 0x00000000ce500000, 0x00000000eab00000)
  object space 234496K, 99% used [0x00000000c0000000,0x00000000ce4ed500,0x00000000ce500000)
 Metaspace       used 6614K, capacity 7504K, committed 7680K, reserved 1056768K
  class space    used 613K, capacity 648K, committed 768K, reserved 1048576K

Card table byte_map: [0x0000000011840000,0x0000000011a50000] byte_map_base: 0x0000000011240000

Marking Bits: (ParMarkBitMap*) 0x0000000070c4a6d0
 Begin Bits: [0x0000000012220000, 0x0000000013220000)
 End Bits:   [0x0000000013220000, 0x0000000014220000)

Polling page: 0x0000000000210000

CodeCache: size=245760Kb used=11121Kb max_used=11121Kb free=234638Kb
 bounds [0x0000000002480000, 0x0000000002f70000, 0x0000000011480000]
 total_blobs=2792 nmethods=2524 adapters=180
 compilation: enabled

Compilation events (10 events):
Event: 24.161 Thread 0x00000000562ed800 2873       2       com.android.dx.dex.code.DalvInsn::withMapper (13 bytes)
Event: 24.161 Thread 0x00000000562ed800 nmethod 2873 0x0000000002f60bd0 code [0x0000000002f60d40, 0x0000000002f60ef8]
Event: 24.165 Thread 0x00000000562ed800 2876       1       com.android.dx.util.ByteArrayAnnotatedOutput::getCursor (5 bytes)
Event: 24.165 Thread 0x00000000562ed800 nmethod 2876 0x0000000002f60910 code [0x0000000002f60a60, 0x0000000002f60b70]
Event: 24.172 Thread 0x00000000562ed800 2877       2       com.android.dx.dex.code.LocalList$MakeState::filterSpec (24 bytes)
Event: 24.172 Thread 0x00000000562ed800 nmethod 2877 0x0000000002f604d0 code [0x0000000002f60640, 0x0000000002f60818]
Event: 24.172 Thread 0x00000000562ed800 2878       2       com.android.dex.Leb128::writeUnsignedLeb128 (46 bytes)
Event: 24.173 Thread 0x00000000562ed800 nmethod 2878 0x0000000002f63f90 code [0x0000000002f64100, 0x0000000002f642f8]
Event: 24.173 Thread 0x00000000562ed800 2879       2       com.android.dx.dex.code.LocalList$MakeState::snapshot (110 bytes)
Event: 24.174 Thread 0x00000000562ed800 nmethod 2879 0x0000000002f64410 code [0x0000000002f64620, 0x0000000002f64c98]

GC Heap History (10 events):
Event: 14.244 GC heap before
{Heap before GC invocations=15 (full 3):
 PSYoungGen      total 260608K, used 221498K [0x00000000eab00000, 0x0000000100000000, 0x0000000100000000)
  eden space 212480K, 100% used [0x00000000eab00000,0x00000000f7a80000,0x00000000f7a80000)
  from space 48128K, 18% used [0x00000000f7a80000,0x00000000f834e998,0x00000000fa980000)
  to   space 50176K, 0% used [0x00000000fcf00000,0x00000000fcf00000,0x0000000100000000)
 ParOldGen       total 234496K, used 142538K [0x00000000c0000000, 0x00000000ce500000, 0x00000000eab00000)
  object space 234496K, 60% used [0x00000000c0000000,0x00000000c8b32a18,0x00000000ce500000)
 Metaspace       used 6266K, capacity 7216K, committed 7296K, reserved 1056768K
  class space    used 593K, capacity 616K, committed 640K, reserved 1048576K
Event: 14.528 GC heap after
Heap after GC invocations=15 (full 3):
 PSYoungGen      total 288768K, used 42222K [0x00000000eab00000, 0x0000000100000000, 0x0000000100000000)
  eden space 238592K, 0% used [0x00000000eab00000,0x00000000eab00000,0x00000000f9400000)
  from space 50176K, 84% used [0x00000000fcf00000,0x00000000ff83ba80,0x0000000100000000)
  to   space 55296K, 0% used [0x00000000f9400000,0x00000000f9400000,0x00000000fca00000)
 ParOldGen       total 234496K, used 142538K [0x00000000c0000000, 0x00000000ce500000, 0x00000000eab00000)
  object space 234496K, 60% used [0x00000000c0000000,0x00000000c8b32a18,0x00000000ce500000)
 Metaspace       used 6266K, capacity 7216K, committed 7296K, reserved 1056768K
  class space    used 593K, capacity 616K, committed 640K, reserved 1048576K
}
Event: 16.163 GC heap before
{Heap before GC invocations=16 (full 3):
 PSYoungGen      total 288768K, used 280814K [0x00000000eab00000, 0x0000000100000000, 0x0000000100000000)
  eden space 238592K, 100% used [0x00000000eab00000,0x00000000f9400000,0x00000000f9400000)
  from space 50176K, 84% used [0x00000000fcf00000,0x00000000ff83ba80,0x0000000100000000)
  to   space 55296K, 0% used [0x00000000f9400000,0x00000000f9400000,0x00000000fca00000)
 ParOldGen       total 234496K, used 142538K [0x00000000c0000000, 0x00000000ce500000, 0x00000000eab00000)
  object space 234496K, 60% used [0x00000000c0000000,0x00000000c8b32a18,0x00000000ce500000)
 Metaspace       used 6269K, capacity 7216K, committed 7296K, reserved 1056768K
  class space    used 593K, capacity 616K, committed 640K, reserved 1048576K
Event: 16.303 GC heap after
Heap after GC invocations=16 (full 3):
 PSYoungGen      total 293888K, used 55293K [0x00000000eab00000, 0x0000000100000000, 0x0000000100000000)
  eden space 238592K, 0% used [0x00000000eab00000,0x00000000eab00000,0x00000000f9400000)
  from space 55296K, 99% used [0x00000000f9400000,0x00000000fc9ff538,0x00000000fca00000)
  to   space 55296K, 0% used [0x00000000fca00000,0x00000000fca00000,0x0000000100000000)
 ParOldGen       total 234496K, used 163374K [0x00000000c0000000, 0x00000000ce500000, 0x00000000eab00000)
  object space 234496K, 69% used [0x00000000c0000000,0x00000000c9f8bb28,0x00000000ce500000)
 Metaspace       used 6269K, capacity 7216K, committed 7296K, reserved 1056768K
  class space    used 593K, capacity 616K, committed 640K, reserved 1048576K
}
Event: 17.754 GC heap before
{Heap before GC invocations=17 (full 3):
 PSYoungGen      total 293888K, used 293885K [0x00000000eab00000, 0x0000000100000000, 0x0000000100000000)
  eden space 238592K, 100% used [0x00000000eab00000,0x00000000f9400000,0x00000000f9400000)
  from space 55296K, 99% used [0x00000000f9400000,0x00000000fc9ff538,0x00000000fca00000)
  to   space 55296K, 0% used [0x00000000fca00000,0x00000000fca00000,0x0000000100000000)
 ParOldGen       total 234496K, used 163374K [0x00000000c0000000, 0x00000000ce500000, 0x00000000eab00000)
  object space 234496K, 69% used [0x00000000c0000000,0x00000000c9f8bb28,0x00000000ce500000)
 Metaspace       used 6274K, capacity 7216K, committed 7296K, reserved 1056768K
  class space    used 593K, capacity 616K, committed 640K, reserved 1048576K
Event: 17.933 GC heap after
Heap after GC invocations=17 (full 3):
 PSYoungGen      total 221184K, used 55289K [0x00000000eab00000, 0x0000000100000000, 0x0000000100000000)
  eden space 165888K, 0% used [0x00000000eab00000,0x00000000eab00000,0x00000000f4d00000)
  from space 55296K, 99% used [0x00000000fca00000,0x00000000ffffe4a8,0x0000000100000000)
  to   space 91648K, 0% used [0x00000000f4d00000,0x00000000f4d00000,0x00000000fa680000)
 ParOldGen       total 234496K, used 201045K [0x00000000c0000000, 0x00000000ce500000, 0x00000000eab00000)
  object space 234496K, 85% used [0x00000000c0000000,0x00000000cc455588,0x00000000ce500000)
 Metaspace       used 6274K, capacity 7216K, committed 7296K, reserved 1056768K
  class space    used 593K, capacity 616K, committed 640K, reserved 1048576K
}
Event: 17.933 GC heap before
{Heap before GC invocations=18 (full 4):
 PSYoungGen      total 221184K, used 55289K [0x00000000eab00000, 0x0000000100000000, 0x0000000100000000)
  eden space 165888K, 0% used [0x00000000eab00000,0x00000000eab00000,0x00000000f4d00000)
  from space 55296K, 99% used [0x00000000fca00000,0x00000000ffffe4a8,0x0000000100000000)
  to   space 91648K, 0% used [0x00000000f4d00000,0x00000000f4d00000,0x00000000fa680000)
 ParOldGen       total 234496K, used 201045K [0x00000000c0000000, 0x00000000ce500000, 0x00000000eab00000)
  object space 234496K, 85% used [0x00000000c0000000,0x00000000cc455588,0x00000000ce500000)
 Metaspace       used 6274K, capacity 7216K, committed 7296K, reserved 1056768K
  class space    used 593K, capacity 616K, committed 640K, reserved 1048576K
Event: 20.024 GC heap after
Heap after GC invocations=18 (full 4):
 PSYoungGen      total 221184K, used 20915K [0x00000000eab00000, 0x0000000100000000, 0x0000000100000000)
  eden space 165888K, 0% used [0x00000000eab00000,0x00000000eab00000,0x00000000f4d00000)
  from space 55296K, 37% used [0x00000000fca00000,0x00000000fde6cc38,0x0000000100000000)
  to   space 91648K, 0% used [0x00000000f4d00000,0x00000000f4d00000,0x00000000fa680000)
 ParOldGen       total 234496K, used 234191K [0x00000000c0000000, 0x00000000ce500000, 0x00000000eab00000)
  object space 234496K, 99% used [0x00000000c0000000,0x00000000ce4b3d50,0x00000000ce500000)
 Metaspace       used 6274K, capacity 7216K, committed 7296K, reserved 1056768K
  class space    used 593K, capacity 616K, committed 640K, reserved 1048576K
}
Event: 21.129 GC heap before
{Heap before GC invocations=19 (full 5):
 PSYoungGen      total 221184K, used 186803K [0x00000000eab00000, 0x0000000100000000, 0x0000000100000000)
  eden space 165888K, 100% used [0x00000000eab00000,0x00000000f4d00000,0x00000000f4d00000)
  from space 55296K, 37% used [0x00000000fca00000,0x00000000fde6cc38,0x0000000100000000)
  to   space 91648K, 0% used [0x00000000f4d00000,0x00000000f4d00000,0x00000000fa680000)
 ParOldGen       total 234496K, used 234191K [0x00000000c0000000, 0x00000000ce500000, 0x00000000eab00000)
  object space 234496K, 99% used [0x00000000c0000000,0x00000000ce4b3d50,0x00000000ce500000)
 Metaspace       used 6278K, capacity 7216K, committed 7296K, reserved 1056768K
  class space    used 593K, capacity 616K, committed 640K, reserved 1048576K
Event: 22.379 GC heap after
Heap after GC invocations=19 (full 5):
 PSYoungGen      total 221184K, used 45141K [0x00000000eab00000, 0x0000000100000000, 0x0000000100000000)
  eden space 165888K, 27% used [0x00000000eab00000,0x00000000ed715608,0x00000000f4d00000)
  from space 55296K, 0% used [0x00000000fca00000,0x00000000fca00000,0x0000000100000000)
  to   space 91648K, 0% used [0x00000000f4d00000,0x00000000f4d00000,0x00000000fa680000)
 ParOldGen       total 234496K, used 234421K [0x00000000c0000000, 0x00000000ce500000, 0x00000000eab00000)
  object space 234496K, 99% used [0x00000000c0000000,0x00000000ce4ed500,0x00000000ce500000)
 Metaspace       used 6278K, capacity 7216K, committed 7296K, reserved 1056768K
  class space    used 593K, capacity 616K, committed 640K, reserved 1048576K
}

Deoptimization events (10 events):
Event: 23.992 Thread 0x000000000229e000 Uncommon trap: reason=array_check action=maybe_recompile pc=0x0000000002f47390 method=java.util.ComparableTimSort.binarySort([Ljava/lang/Object;III)V @ 193
Event: 24.005 Thread 0x000000000229e000 Uncommon trap: reason=unstable_if action=reinterpret pc=0x0000000002f25e70 method=com.android.dx.rop.code.RegisterSpec.matchesVariable(Lcom/android/dx/rop/code/RegisterSpec;)Z @ 59
Event: 24.005 Thread 0x000000000229e000 Uncommon trap: reason=unstable_if action=reinterpret pc=0x0000000002bf99a4 method=com.android.dx.rop.code.RegisterSpec.matchesVariable(Lcom/android/dx/rop/code/RegisterSpec;)Z @ 59
Event: 24.015 Thread 0x000000000229e000 Uncommon trap: reason=array_check action=maybe_recompile pc=0x0000000002f47390 method=java.util.ComparableTimSort.binarySort([Ljava/lang/Object;III)V @ 193
Event: 24.062 Thread 0x000000000229e000 Uncommon trap: reason=array_check action=maybe_recompile pc=0x0000000002f5b89c method=java.util.ComparableTimSort.binarySort([Ljava/lang/Object;III)V @ 215
Event: 24.072 Thread 0x000000000229e000 Uncommon trap: reason=array_check action=maybe_recompile pc=0x0000000002f5b9c0 method=java.util.ComparableTimSort.binarySort([Ljava/lang/Object;III)V @ 183
Event: 24.076 Thread 0x000000000229e000 Uncommon trap: reason=array_check action=maybe_recompile pc=0x0000000002f5b89c method=java.util.ComparableTimSort.binarySort([Ljava/lang/Object;III)V @ 215
Event: 24.118 Thread 0x000000000229e000 Uncommon trap: reason=unstable_if action=reinterpret pc=0x0000000002f461d8 method=com.android.dx.dex.code.OutputFinisher.align64bits([Lcom/android/dx/dex/code/Dop;)V @ 205
Event: 24.172 Thread 0x000000000229e000 Uncommon trap: reason=unstable_if action=reinterpret pc=0x0000000002795bbc method=com.android.dx.dex.code.LocalList$MakeState.filterSpec(Lcom/android/dx/rop/code/RegisterSpec;)Lcom/android/dx/rop/code/RegisterSpec; @ 11
Event: 24.172 Thread 0x000000000229e000 Uncommon trap: reason=unstable_if action=reinterpret pc=0x0000000002799dac method=com.android.dx.dex.code.LocalList$MakeState.filterSpec(Lcom/android/dx/rop/code/RegisterSpec;)Lcom/android/dx/rop/code/RegisterSpec; @ 11

Internal exceptions (7 events):
Event: 0.032 Thread 0x000000000229e000 Exception <a 'java/lang/NoSuchMethodError': Method sun.misc.Unsafe.defineClass(Ljava/lang/String;[BII)Ljava/lang/Class; name or signature does not match> (0x00000000eab07cc0) thrown at [C:\re\workspace\8-2-build-windows-amd64-cygwin\jdk8u101\7261\hotspot\sUI€Ô®L ?
Event: 0.032 Thread 0x000000000229e000 Exception <a 'java/lang/NoSuchMethodError': Method sun.misc.Unsafe.prefetchRead(Ljava/lang/Object;J)V name or signature does not match> (0x00000000eab07fa8) thrown at [C:\re\workspace\8-2-build-windows-amd64-cygwin\jdk8u101\7261\hotspot\src\share\vm\prims\&UbÌË1ï?
Event: 0.975 Thread 0x000000000229e000 Implicit null exception at 0x00000000027f6a06 to 0x00000000027f86f5
Event: 0.975 Thread 0x000000000229e000 Implicit null exception at 0x00000000027d9921 to 0x00000000027db40d
Event: 2.575 Thread 0x000000000229e000 Exception <a 'java/lang/ArrayIndexOutOfBoundsException': 18> (0x00000000eb837830) thrown at [C:\re\workspace\8-2-build-windows-amd64-cygwin\jdk8u101\7261\hotspot\src\share\vm\interpreter\interpreterRuntime.cpp, line 366]
Event: 2.576 Thread 0x000000000229e000 Exception <a 'java/lang/ArrayIndexOutOfBoundsException': 145> (0x00000000eb8393b0) thrown at [C:\re\workspace\8-2-build-windows-amd64-cygwin\jdk8u101\7261\hotspot\src\share\vm\interpreter\interpreterRuntime.cpp, line 366]
Event: 2.577 Thread 0x000000000229e000 Exception <a 'java/lang/ArrayIndexOutOfBoundsException': 40> (0x00000000eb83a698) thrown at [C:\re\workspace\8-2-build-windows-amd64-cygwin\jdk8u101\7261\hotspot\src\share\vm\interpreter\interpreterRuntime.cpp, line 366]

Events (10 events):
Event: 24.162 Thread 0x000000000229e000 DEOPT PACKING pc=0x0000000002f5d82b sp=0x00000000023bf170
Event: 24.162 Thread 0x000000000229e000 DEOPT UNPACKING pc=0x00000000024c787f sp=0x00000000023beec0 mode 0
Event: 24.167 Thread 0x000000000229e000 DEOPT PACKING pc=0x0000000002f5d82b sp=0x00000000023bf170
Event: 24.167 Thread 0x000000000229e000 DEOPT UNPACKING pc=0x00000000024c787f sp=0x00000000023beec0 mode 0
Event: 24.172 Thread 0x000000000229e000 Uncommon trap: trap_request=0xffffff65 fr.pc=0x0000000002795bbc
Event: 24.172 Thread 0x000000000229e000 DEOPT PACKING pc=0x0000000002795bbc sp=0x00000000023bf030
Event: 24.172 Thread 0x000000000229e000 DEOPT UNPACKING pc=0x00000000024c582a sp=0x00000000023bef70 mode 2
Event: 24.172 Thread 0x000000000229e000 Uncommon trap: trap_request=0xffffff65 fr.pc=0x0000000002799dac
Event: 24.172 Thread 0x000000000229e000 DEOPT PACKING pc=0x0000000002799dac sp=0x00000000023befc0
Event: 24.172 Thread 0x000000000229e000 DEOPT UNPACKING pc=0x00000000024c582a sp=0x00000000023bef60 mode 2


Dynamic libraries:
0x000000013f870000 - 0x000000013f8a7000 	C:\Program Files\Java\jdk1.8.0_101\bin\java.exe
0x0000000076f50000 - 0x00000000770fa000 	C:\windows\SYSTEM32\ntdll.dll
0x0000000076e30000 - 0x0000000076f4f000 	C:\windows\system32\kernel32.dll
0x000007fefccb0000 - 0x000007fefcd1a000 	C:\windows\system32\KERNELBASE.dll
0x000007feff180000 - 0x000007feff25b000 	C:\windows\system32\ADVAPI32.dll
0x000007fefef60000 - 0x000007fefefff000 	C:\windows\system32\msvcrt.dll
0x000007fefe8e0000 - 0x000007fefe8ff000 	C:\windows\SYSTEM32\sechost.dll
0x000007feff000000 - 0x000007feff12d000 	C:\windows\system32\RPCRT4.dll
0x0000000076d30000 - 0x0000000076e2a000 	C:\windows\system32\USER32.dll
0x000007fefecd0000 - 0x000007fefed37000 	C:\windows\system32\GDI32.dll
0x000007fefecc0000 - 0x000007fefecce000 	C:\windows\system32\LPK.dll
0x000007fefde70000 - 0x000007fefdf3a000 	C:\windows\system32\USP10.dll
0x000007fefa600000 - 0x000007fefa7f4000 	C:\windows\WinSxS\amd64_microsoft.windows.common-controls_6595b64144ccf1df_6.0.7601.18837_none_fa3b1e3d17594757\COMCTL32.dll
0x000007fefe380000 - 0x000007fefe3f1000 	C:\windows\system32\SHLWAPI.dll
0x000007fefe330000 - 0x000007fefe35e000 	C:\windows\system32\IMM32.DLL
0x000007fefe220000 - 0x000007fefe329000 	C:\windows\system32\MSCTF.dll
0x00000000700b0000 - 0x0000000070182000 	C:\Program Files\Java\jdk1.8.0_101\jre\bin\msvcr100.dll
0x0000000070430000 - 0x0000000070cca000 	C:\Program Files\Java\jdk1.8.0_101\jre\bin\server\jvm.dll
0x000007fef89b0000 - 0x000007fef89b9000 	C:\windows\system32\WSOCK32.dll
0x000007feff130000 - 0x000007feff17d000 	C:\windows\system32\WS2_32.dll
0x000007fefef50000 - 0x000007fefef58000 	C:\windows\system32\NSI.dll
0x000007fef9b80000 - 0x000007fef9bbb000 	C:\windows\system32\WINMM.dll
0x000007fefbd20000 - 0x000007fefbd2c000 	C:\windows\system32\VERSION.dll
0x0000000077110000 - 0x0000000077117000 	C:\windows\system32\PSAPI.DLL
0x0000000071030000 - 0x000000007103f000 	C:\Program Files\Java\jdk1.8.0_101\jre\bin\verify.dll
0x0000000071000000 - 0x0000000071029000 	C:\Program Files\Java\jdk1.8.0_101\jre\bin\java.dll
0x0000000070fe0000 - 0x0000000070ff6000 	C:\Program Files\Java\jdk1.8.0_101\jre\bin\zip.dll
0x000007fefd0e0000 - 0x000007fefde6c000 	C:\windows\system32\SHELL32.dll
0x000007fefe6d0000 - 0x000007fefe8d3000 	C:\windows\system32\ole32.dll
0x000007fefcc80000 - 0x000007fefcc8f000 	C:\windows\system32\profapi.dll

VM Arguments:
jvm_args: -Djava.awt.headless=true -Xmx1024M -Dfile.encoding=x-windows-949 -Duser.country=KR -Duser.language=ko -Duser.variant 
java_command: com.android.dx.command.Main --dex --multi-dex --main-dex-list C:\Users\IT\Desktop\ERM\v1.0.1\v1.0.1\app\build\intermediates\multi-dex\debug\maindexlist.txt --output C:\Users\IT\Desktop\ERM\v1.0.1\v1.0.1\app\build\intermediates\transforms\dex\debug\folders\1000\1f\main C:\Users\IT\Desktop\ERM\v1.0.1\v1.0.1\app\build\intermediates\transforms\jarMerging\debug\jars\1\1f\combined.jar
java_class_path (initial): C:\Users\IT\AppData\Local\Android\sdk\build-tools\22.0.1\lib\dx.jar
Launcher Type: SUN_STANDARD

Environment Variables:
JAVA_HOME=C:\Program Files (x86)\Java\jre1.8.0_101
PATH=C:\ProgramData\Oracle\Java\javapath;C:\Program Files\Common Files\Microsoft Shared\Windows Live;C:\Program Files (x86)\Common Files\Microsoft Shared\Windows Live;C:\Program Files (x86)\Intel\iCLS Client\;C:\Program Files\Intel\iCLS Client\;C:\windows\system32;C:\windows;C:\windows\System32\Wbem;C:\windows\System32\WindowsPowerShell\v1.0\;C:\Program Files\Intel\Intel(R) Management Engine Components\DAL;C:\Program Files\Intel\Intel(R) Management Engine Components\IPT;C:\Program Files (x86)\Intel\Intel(R) Management Engine Components\DAL;C:\Program Files (x86)\Intel\Intel(R) Management Engine Components\IPT;C:\Program Files (x86)\Intel\OpenCL SDK\2.0\bin\x86;C:\Program Files (x86)\Intel\OpenCL SDK\2.0\bin\x64;C:\Program Files\Intel\WiFi\bin\;C:\Program Files\Common Files\Intel\WirelessCommon\;C:\Program Files (x86)\Windows Live\Shared;C:\Program Files\Java\jdk1.7.0_79\bin;C:\openssl-0.9.8e_X64\bin;C:\Program Files\Git\cmd
USERNAME=IT
OS=Windows_NT
PROCESSOR_IDENTIFIER=Intel64 Family 6 Model 58 Stepping 9, GenuineIntel



---------------  S Y S T E M  ---------------

OS: Windows 7 , 64 bit Build 7601 (6.1.7601.23539)

CPU:total 4 (2 cores per cpu, 2 threads per core) family 6 model 58 stepping 9, cmov, cx8, fxsr, mmx, sse, sse2, sse3, ssse3, sse4.1, sse4.2, popcnt, avx, aes, clmul, erms, ht, tsc, tscinvbit, tscinv

Memory: 4k page, physical 3888676k(272524k free), swap 5637308k(4888k free)

vm_info: Java HotSpot(TM) 64-Bit Server VM (25.101-b13) for windows-amd64 JRE (1.8.0_101-b13), built on Jun 22 2016 01:21:29 by "java_re" with MS VC++ 10.0 (VS2010)

time: Fri Sep 30 00:17:07 2016
elapsed time: 24 seconds (0d 0h 0m 24s)

