#
# There is insufficient memory for the Java Runtime Environment to continue.
# Native memory allocation (malloc) failed to allocate 520816 bytes for Chunk::new
# Possible reasons:
#   The system is out of physical RAM or swap space
#   In 32 bit mode, the process size limit was hit
# Possible solutions:
#   Reduce memory load on the system
#   Increase physical memory or swap space
#   Check if swap backing store is full
#   Use 64 bit Java on a 64 bit OS
#   Decrease Java heap size (-Xmx/-Xms)
#   Decrease number of Java threads
#   Decrease Java thread stack sizes (-Xss)
#   Set larger code cache with -XX:ReservedCodeCacheSize=
# This output file may be truncated or incomplete.
#
#  Out of Memory Error (allocation.cpp:390), pid=9112, tid=0x0000000000002358
#
# JRE version: Java(TM) SE Runtime Environment (8.0_101-b13) (build 1.8.0_101-b13)
# Java VM: Java HotSpot(TM) 64-Bit Server VM (25.101-b13 mixed mode windows-amd64 compressed oops)
# Failed to write core dump. Minidumps are not enabled by default on client versions of Windows
#

---------------  T H R E A D  ---------------

Current thread (0x00000000564fc000):  JavaThread "C2 CompilerThread1" daemon [_thread_in_native, id=9048, stack(0x0000000056f00000,0x0000000057000000)]

Stack: [0x0000000056f00000,0x0000000057000000]
[error occurred during error reporting (printing stack bounds), id 0xc0000005]

Native frames: (J=compiled Java code, j=interpreted, Vv=VM code, C=native code)


Current CompileTask:
C2:   2835 1181       4       com.android.dx.ssa.SCCP::simulateStmt (481 bytes)


---------------  P R O C E S S  ---------------

Java Threads: ( => current thread )
  0x0000000056563000 JavaThread "Service Thread" daemon [_thread_blocked, id=4792, stack(0x0000000057300000,0x0000000057400000)]
  0x00000000564fc800 JavaThread "C1 CompilerThread2" daemon [_thread_blocked, id=2220, stack(0x0000000057170000,0x0000000057270000)]
=>0x00000000564fc000 JavaThread "C2 CompilerThread1" daemon [_thread_in_native, id=9048, stack(0x0000000056f00000,0x0000000057000000)]
  0x00000000564da800 JavaThread "C2 CompilerThread0" daemon [_thread_in_native, id=8620, stack(0x0000000056d10000,0x0000000056e10000)]
  0x000000005518d800 JavaThread "Attach Listener" daemon [_thread_blocked, id=7292, stack(0x0000000056b70000,0x0000000056c70000)]
  0x0000000055180000 JavaThread "Signal Dispatcher" daemon [_thread_blocked, id=6372, stack(0x0000000056950000,0x0000000056a50000)]
  0x0000000055169800 JavaThread "Finalizer" daemon [_thread_blocked, id=7224, stack(0x00000000563d0000,0x00000000564d0000)]
  0x0000000055122000 JavaThread "Reference Handler" daemon [_thread_blocked, id=7844, stack(0x00000000561d0000,0x00000000562d0000)]
  0x000000000258e000 JavaThread "main" [_thread_blocked, id=1700, stack(0x0000000002650000,0x0000000002750000)]

Other Threads:
  0x000000005511a800 VMThread [stack: 0x00000000560a0000,0x00000000561a0000] [id=3356]
  0x00000000565a7800 WatcherThread [stack: 0x0000000057470000,0x0000000057570000] [id=7644]

VM state:not at safepoint (normal execution)

VM Mutex/Monitor currently owned by a thread:  ([mutex/lock_event])
[0x000000000258cac0] Heap_lock - owner thread: 0x000000000258e000

Heap:
 PSYoungGen      total 17920K, used 2552K [0x00000000eab00000, 0x00000000ebf80000, 0x0000000100000000)
  eden space 15360K, 0% used [0x00000000eab00000,0x00000000eab00018,0x00000000eba00000)
  from space 2560K, 99% used [0x00000000eba00000,0x00000000ebc7e228,0x00000000ebc80000)
  to   space 2560K, 0% used [0x00000000ebc80000,0x00000000ebc80000,0x00000000ebf00000)
 ParOldGen       total 32256K, used 3636K [0x00000000c0000000, 0x00000000c1f80000, 0x00000000eab00000)
  object space 32256K, 11% used [0x00000000c0000000,0x00000000c038d308,0x00000000c1f80000)
 Metaspace       used 5723K, capacity 6896K, committed 7040K, reserved 1058816K
  class space    used 564K, capacity 616K, committed 640K, reserved 1048576K

Card table byte_map: [0x0000000011b10000,0x0000000011d20000] byte_map_base: 0x0000000011510000

Marking Bits: (ParMarkBitMap*) 0x00000000698ca6d0
 Begin Bits: [0x0000000012590000, 0x0000000013590000)
 End Bits:   [0x0000000013590000, 0x0000000014590000)

Polling page: 0x0000000000130000

CodeCache: size=245760Kb used=5098Kb max_used=5110Kb free=240661Kb
 bounds [0x0000000002750000, 0x0000000002c60000, 0x0000000011750000]
 total_blobs=1517 nmethods=1250 adapters=180
 compilation: enabled

Compilation events (10 events):
Event: 2.538 Thread 0x00000000564fc800 1256       3       com.android.dx.cf.code.ConcreteMethod::getMaxStack (8 bytes)
Event: 2.538 Thread 0x00000000564fc800 nmethod 1256 0x0000000002c4b690 code [0x0000000002c4b7e0, 0x0000000002c4b9d0]
Event: 2.824 Thread 0x00000000564da800 nmethod 1237% 0x0000000002c4f390 code [0x0000000002c4f580, 0x0000000002c50238]
Event: 2.824 Thread 0x00000000564da800 1226       4       java.util.ArrayList$SubList::<init> (46 bytes)
Event: 2.825 Thread 0x00000000564da800 nmethod 1226 0x0000000002c24bd0 code [0x0000000002c24d00, 0x0000000002c24d98]
Event: 2.825 Thread 0x00000000564da800 1223       4       com.android.dx.ssa.back.FirstFitLocalCombiningAllocator::canMapReg (32 bytes)
Event: 2.831 Thread 0x00000000564da800 nmethod 1223 0x0000000002c51250 code [0x0000000002c513c0, 0x0000000002c51708]
Event: 2.831 Thread 0x00000000564da800 1241       4       java.util.ArrayList::subListRangeCheck (110 bytes)
Event: 2.832 Thread 0x00000000564da800 nmethod 1241 0x0000000002c37a10 code [0x0000000002c37b40, 0x0000000002c37bd8]
Event: 2.832 Thread 0x00000000564da800 1187       4       java.util.Collections$UnmodifiableCollection::iterator (9 bytes)

GC Heap History (8 events):
Event: 0.896 GC heap before
{Heap before GC invocations=1 (full 0):
 PSYoungGen      total 17920K, used 5548K [0x00000000eab00000, 0x00000000ebf00000, 0x0000000100000000)
  eden space 15360K, 36% used [0x00000000eab00000,0x00000000eb06b2e0,0x00000000eba00000)
  from space 2560K, 0% used [0x00000000ebc80000,0x00000000ebc80000,0x00000000ebf00000)
  to   space 2560K, 0% used [0x00000000eba00000,0x00000000eba00000,0x00000000ebc80000)
 ParOldGen       total 40960K, used 0K [0x00000000c0000000, 0x00000000c2800000, 0x00000000eab00000)
  object space 40960K, 0% used [0x00000000c0000000,0x00000000c0000000,0x00000000c2800000)
 Metaspace       used 4300K, capacity 5584K, committed 5760K, reserved 1060864K
  class space    used 472K, capacity 520K, committed 640K, reserved 1048576K
Event: 0.907 GC heap after
Heap after GC invocations=1 (full 0):
 PSYoungGen      total 17920K, used 2120K [0x00000000eab00000, 0x00000000ebf00000, 0x0000000100000000)
  eden space 15360K, 0% used [0x00000000eab00000,0x00000000eab00000,0x00000000eba00000)
  from space 2560K, 82% used [0x00000000eba00000,0x00000000ebc120c0,0x00000000ebc80000)
  to   space 2560K, 0% used [0x00000000ebc80000,0x00000000ebc80000,0x00000000ebf00000)
 ParOldGen       total 40960K, used 8K [0x00000000c0000000, 0x00000000c2800000, 0x00000000eab00000)
  object space 40960K, 0% used [0x00000000c0000000,0x00000000c0002000,0x00000000c2800000)
 Metaspace       used 4300K, capacity 5584K, committed 5760K, reserved 1060864K
  class space    used 472K, capacity 520K, committed 640K, reserved 1048576K
}
Event: 0.907 GC heap before
{Heap before GC invocations=2 (full 1):
 PSYoungGen      total 17920K, used 2120K [0x00000000eab00000, 0x00000000ebf00000, 0x0000000100000000)
  eden space 15360K, 0% used [0x00000000eab00000,0x00000000eab00000,0x00000000eba00000)
  from space 2560K, 82% used [0x00000000eba00000,0x00000000ebc120c0,0x00000000ebc80000)
  to   space 2560K, 0% used [0x00000000ebc80000,0x00000000ebc80000,0x00000000ebf00000)
 ParOldGen       total 40960K, used 8K [0x00000000c0000000, 0x00000000c2800000, 0x00000000eab00000)
  object space 40960K, 0% used [0x00000000c0000000,0x00000000c0002000,0x00000000c2800000)
 Metaspace       used 4300K, capacity 5584K, committed 5760K, reserved 1060864K
  class space    used 472K, capacity 520K, committed 640K, reserved 1048576K
Event: 1.345 GC heap after
Heap after GC invocations=2 (full 1):
 PSYoungGen      total 17920K, used 0K [0x00000000eab00000, 0x00000000ebf00000, 0x0000000100000000)
  eden space 15360K, 0% used [0x00000000eab00000,0x00000000eab00000,0x00000000eba00000)
  from space 2560K, 0% used [0x00000000eba00000,0x00000000eba00000,0x00000000ebc80000)
  to   space 2560K, 0% used [0x00000000ebc80000,0x00000000ebc80000,0x00000000ebf00000)
 ParOldGen       total 32256K, used 2006K [0x00000000c0000000, 0x00000000c1f80000, 0x00000000eab00000)
  object space 32256K, 6% used [0x00000000c0000000,0x00000000c01f5b18,0x00000000c1f80000)
 Metaspace       used 4300K, capacity 5584K, committed 5760K, reserved 1058816K
  class space    used 472K, capacity 520K, committed 640K, reserved 1048576K
}
Event: 2.298 GC heap before
{Heap before GC invocations=3 (full 1):
 PSYoungGen      total 17920K, used 15360K [0x00000000eab00000, 0x00000000ebf00000, 0x0000000100000000)
  eden space 15360K, 100% used [0x00000000eab00000,0x00000000eba00000,0x00000000eba00000)
  from space 2560K, 0% used [0x00000000eba00000,0x00000000eba00000,0x00000000ebc80000)
  to   space 2560K, 0% used [0x00000000ebc80000,0x00000000ebc80000,0x00000000ebf00000)
 ParOldGen       total 32256K, used 2006K [0x00000000c0000000, 0x00000000c1f80000, 0x00000000eab00000)
  object space 32256K, 6% used [0x00000000c0000000,0x00000000c01f5b18,0x00000000c1f80000)
 Metaspace       used 5587K, capacity 6768K, committed 7040K, reserved 1058816K
  class space    used 563K, capacity 616K, committed 640K, reserved 1048576K
Event: 2.307 GC heap after
Heap after GC invocations=3 (full 1):
 PSYoungGen      total 17920K, used 2544K [0x00000000eab00000, 0x00000000ebf80000, 0x0000000100000000)
  eden space 15360K, 0% used [0x00000000eab00000,0x00000000eab00000,0x00000000eba00000)
  from space 2560K, 99% used [0x00000000ebc80000,0x00000000ebefc028,0x00000000ebf00000)
  to   space 2560K, 0% used [0x00000000eba00000,0x00000000eba00000,0x00000000ebc80000)
 ParOldGen       total 32256K, used 2279K [0x00000000c0000000, 0x00000000c1f80000, 0x00000000eab00000)
  object space 32256K, 7% used [0x00000000c0000000,0x00000000c0239e18,0x00000000c1f80000)
 Metaspace       used 5587K, capacity 6768K, committed 7040K, reserved 1058816K
  class space    used 563K, capacity 616K, committed 640K, reserved 1048576K
}
Event: 2.539 GC heap before
{Heap before GC invocations=4 (full 1):
 PSYoungGen      total 17920K, used 17904K [0x00000000eab00000, 0x00000000ebf80000, 0x0000000100000000)
  eden space 15360K, 100% used [0x00000000eab00000,0x00000000eba00000,0x00000000eba00000)
  from space 2560K, 99% used [0x00000000ebc80000,0x00000000ebefc028,0x00000000ebf00000)
  to   space 2560K, 0% used [0x00000000eba00000,0x00000000eba00000,0x00000000ebc80000)
 ParOldGen       total 32256K, used 2279K [0x00000000c0000000, 0x00000000c1f80000, 0x00000000eab00000)
  object space 32256K, 7% used [0x00000000c0000000,0x00000000c0239e18,0x00000000c1f80000)
 Metaspace       used 5723K, capacity 6896K, committed 7040K, reserved 1058816K
  class space    used 564K, capacity 616K, committed 640K, reserved 1048576K
Event: 2.822 GC heap after
Heap after GC invocations=4 (full 1):
 PSYoungGen      total 17920K, used 2552K [0x00000000eab00000, 0x00000000ebf80000, 0x0000000100000000)
  eden space 15360K, 0% used [0x00000000eab00000,0x00000000eab00000,0x00000000eba00000)
  from space 2560K, 99% used [0x00000000eba00000,0x00000000ebc7e228,0x00000000ebc80000)
  to   space 2560K, 0% used [0x00000000ebc80000,0x00000000ebc80000,0x00000000ebf00000)
 ParOldGen       total 32256K, used 3636K [0x00000000c0000000, 0x00000000c1f80000, 0x00000000eab00000)
  object space 32256K, 11% used [0x00000000c0000000,0x00000000c038d308,0x00000000c1f80000)
 Metaspace       used 5723K, capacity 6896K, committed 7040K, reserved 1058816K
  class space    used 564K, capacity 616K, committed 640K, reserved 1048576K
}

Deoptimization events (7 events):
Event: 1.680 Thread 0x000000000258e000 Uncommon trap: reason=unstable_if action=reinterpret pc=0x0000000002948818 method=java.util.HashMap.getNode(ILjava/lang/Object;)Ljava/util/HashMap$Node; @ 129
Event: 1.937 Thread 0x000000000258e000 Uncommon trap: reason=unstable_if action=reinterpret pc=0x0000000002a27a1c method=com.android.dx.rop.code.RegisterSpecSet.put(Lcom/android/dx/rop/code/RegisterSpec;)V @ 77
Event: 1.937 Thread 0x000000000258e000 Uncommon trap: reason=unstable_if action=reinterpret pc=0x0000000002a47998 method=com.android.dx.rop.code.RegisterSpecSet.put(Lcom/android/dx/rop/code/RegisterSpec;)V @ 77
Event: 1.959 Thread 0x000000000258e000 Uncommon trap: reason=null_check action=make_not_entrant pc=0x0000000002a0e0a0 method=com.android.dx.ssa.SsaRenamer.getLocalForNewReg(I)Lcom/android/dx/rop/code/LocalItem; @ 19
Event: 2.025 Thread 0x000000000258e000 Uncommon trap: reason=unstable_if action=reinterpret pc=0x000000000297ffb4 method=java.util.HashMap.getNode(ILjava/lang/Object;)Ljava/util/HashMap$Node; @ 62
Event: 2.139 Thread 0x000000000258e000 Uncommon trap: reason=unstable_if action=reinterpret pc=0x0000000002ae9fa8 method=java.lang.String.<init>([CII)V @ 18
Event: 2.348 Thread 0x000000000258e000 Uncommon trap: reason=unstable_if action=reinterpret pc=0x0000000002a2410c method=com.android.dx.rop.code.RegisterSpec.equals(ILcom/android/dx/rop/type/TypeBearer;Lcom/android/dx/rop/code/LocalItem;)Z @ 42

Internal exceptions (3 events):
Event: 0.137 Thread 0x000000000258e000 Exception <a 'java/lang/NoSuchMethodError': Method sun.misc.Unsafe.defineClass(Ljava/lang/String;[BII)Ljava/lang/Class; name or signature does not match> (0x00000000eab07cc0) thrown at [C:\re\workspace\8-2-build-windows-amd64-cygwin\jdk8u101\7261\hotspot\s\mŽÙ‚“Á?
Event: 0.137 Thread 0x000000000258e000 Exception <a 'java/lang/NoSuchMethodError': Method sun.misc.Unsafe.prefetchRead(Ljava/lang/Object;J)V name or signature does not match> (0x00000000eab07fa8) thrown at [C:\re\workspace\8-2-build-windows-amd64-cygwin\jdk8u101\7261\hotspot\src\share\vm\prims\Sßí*×Xÿ?
Event: 1.959 Thread 0x000000000258e000 Implicit null exception at 0x0000000002a0c922 to 0x0000000002a0e059

Events (10 events):
Event: 2.413 Thread 0x000000000258e000 DEOPT PACKING pc=0x0000000002ab271e sp=0x000000000274e810
Event: 2.413 Thread 0x000000000258e000 DEOPT UNPACKING pc=0x000000000279787f sp=0x000000000274e578 mode 0
Event: 2.414 Thread 0x000000000258e000 DEOPT PACKING pc=0x0000000002ab271e sp=0x000000000274e810
Event: 2.414 Thread 0x000000000258e000 DEOPT UNPACKING pc=0x000000000279787f sp=0x000000000274e578 mode 0
Event: 2.414 Thread 0x000000000258e000 DEOPT PACKING pc=0x0000000002ab271e sp=0x000000000274e810
Event: 2.414 Thread 0x000000000258e000 DEOPT UNPACKING pc=0x000000000279787f sp=0x000000000274e578 mode 0
Event: 2.415 Thread 0x000000000258e000 DEOPT PACKING pc=0x0000000002ab271e sp=0x000000000274e810
Event: 2.415 Thread 0x000000000258e000 DEOPT UNPACKING pc=0x000000000279787f sp=0x000000000274e578 mode 0
Event: 2.539 Executing VM operation: ParallelGCFailedAllocation
Event: 2.822 Executing VM operation: ParallelGCFailedAllocation done


Dynamic libraries:
0x000000013fd10000 - 0x000000013fd47000 	C:\Program Files\Java\jdk1.8.0_101\bin\java.exe
0x00000000775b0000 - 0x000000007775a000 	C:\windows\SYSTEM32\ntdll.dll
0x0000000077490000 - 0x00000000775af000 	C:\windows\system32\kernel32.dll
0x000007fefd480000 - 0x000007fefd4ea000 	C:\windows\system32\KERNELBASE.dll
0x000007fefd6b0000 - 0x000007fefd78b000 	C:\windows\system32\ADVAPI32.dll
0x000007fefe8a0000 - 0x000007fefe93f000 	C:\windows\system32\msvcrt.dll
0x000007fefee00000 - 0x000007fefee1f000 	C:\windows\SYSTEM32\sechost.dll
0x000007feff6f0000 - 0x000007feff81d000 	C:\windows\system32\RPCRT4.dll
0x0000000077390000 - 0x000000007748a000 	C:\windows\system32\USER32.dll
0x000007fefee20000 - 0x000007fefee87000 	C:\windows\system32\GDI32.dll
0x000007fefd790000 - 0x000007fefd79e000 	C:\windows\system32\LPK.dll
0x000007fefe530000 - 0x000007fefe5fa000 	C:\windows\system32\USP10.dll
0x000007fefabf0000 - 0x000007fefade4000 	C:\windows\WinSxS\amd64_microsoft.windows.common-controls_6595b64144ccf1df_6.0.7601.18837_none_fa3b1e3d17594757\COMCTL32.dll
0x000007fefe940000 - 0x000007fefe9b1000 	C:\windows\system32\SHLWAPI.dll
0x000007fefe9d0000 - 0x000007fefe9fe000 	C:\windows\system32\IMM32.DLL
0x000007fefe600000 - 0x000007fefe709000 	C:\windows\system32\MSCTF.dll
0x000000006c950000 - 0x000000006ca22000 	C:\Program Files\Java\jdk1.8.0_101\jre\bin\msvcr100.dll
0x00000000690b0000 - 0x000000006994a000 	C:\Program Files\Java\jdk1.8.0_101\jre\bin\server\jvm.dll
0x000007fef9030000 - 0x000007fef9039000 	C:\windows\system32\WSOCK32.dll
0x000007feff160000 - 0x000007feff1ad000 	C:\windows\system32\WS2_32.dll
0x000007fefe9c0000 - 0x000007fefe9c8000 	C:\windows\system32\NSI.dll
0x000007fef5970000 - 0x000007fef59ab000 	C:\windows\system32\WINMM.dll
0x000007fefc390000 - 0x000007fefc39c000 	C:\windows\system32\VERSION.dll
0x0000000077770000 - 0x0000000077777000 	C:\windows\system32\PSAPI.DLL
0x000000006e410000 - 0x000000006e41f000 	C:\Program Files\Java\jdk1.8.0_101\jre\bin\verify.dll
0x000000006e170000 - 0x000000006e199000 	C:\Program Files\Java\jdk1.8.0_101\jre\bin\java.dll
0x000000006e3f0000 - 0x000000006e406000 	C:\Program Files\Java\jdk1.8.0_101\jre\bin\zip.dll
0x000007fefd7a0000 - 0x000007fefe52c000 	C:\windows\system32\SHELL32.dll
0x000007feff210000 - 0x000007feff413000 	C:\windows\system32\ole32.dll
0x000007fefd2f0000 - 0x000007fefd2ff000 	C:\windows\system32\profapi.dll

VM Arguments:
jvm_args: -Djava.awt.headless=true -Xmx1024M -Dfile.encoding=x-windows-949 -Duser.country=KR -Duser.language=ko -Duser.variant 
java_command: com.android.dx.command.Main --dex --output C:\Users\IT\Desktop\ERM\v1.0.1\v1.0.1\app\build\intermediates\pre-dexed\debug\okhttp-3.2.0_79b7b514131c4f85e3173192bea1d1eaaa3c3115.jar C:\Users\IT\.gradle\caches\modules-2\files-2.1\com.squareup.okhttp3\okhttp\3.2.0\f7873a2ebde246a45c2a8d6f3247108b4c88a879\okhttp-3.2.0.jar
java_class_path (initial): C:\Users\IT\AppData\Local\Android\sdk\build-tools\22.0.1\lib\dx.jar
Launcher Type: SUN_STANDARD

Environment Variables:
JAVA_HOME=C:\Program Files (x86)\Java\jre1.8.0_101
PATH=C:\ProgramData\Oracle\Java\javapath;C:\Program Files\Common Files\Microsoft Shared\Windows Live;C:\Program Files (x86)\Common Files\Microsoft Shared\Windows Live;C:\Program Files (x86)\Intel\iCLS Client\;C:\Program Files\Intel\iCLS Client\;C:\windows\system32;C:\windows;C:\windows\System32\Wbem;C:\windows\System32\WindowsPowerShell\v1.0\;C:\Program Files\Intel\Intel(R) Management Engine Components\DAL;C:\Program Files\Intel\Intel(R) Management Engine Components\IPT;C:\Program Files (x86)\Intel\Intel(R) Management Engine Components\DAL;C:\Program Files (x86)\Intel\Intel(R) Management Engine Components\IPT;C:\Program Files (x86)\Intel\OpenCL SDK\2.0\bin\x86;C:\Program Files (x86)\Intel\OpenCL SDK\2.0\bin\x64;C:\Program Files\Intel\WiFi\bin\;C:\Program Files\Common Files\Intel\WirelessCommon\;C:\Program Files (x86)\Windows Live\Shared;C:\Program Files\Java\jdk1.7.0_79\bin;C:\openssl-0.9.8e_X64\bin;C:\Program Files\Git\cmd
USERNAME=IT
OS=Windows_NT
PROCESSOR_IDENTIFIER=Intel64 Family 6 Model 58 Stepping 9, GenuineIntel



---------------  S Y S T E M  ---------------

OS: Windows 7 , 64 bit Build 7601 (6.1.7601.23418)

CPU:total 4 (2 cores per cpu, 2 threads per core) family 6 model 58 stepping 9, cmov, cx8, fxsr, mmx, sse, sse2, sse3, ssse3, sse4.1, sse4.2, popcnt, avx, aes, clmul, erms, ht, tsc, tscinvbit, tscinv

Memory: 4k page, physical 3888676k(129284k free), swap 6192232k(4320k free)

vm_info: Java HotSpot(TM) 64-Bit Server VM (25.101-b13) for windows-amd64 JRE (1.8.0_101-b13), built on Jun 22 2016 01:21:29 by "java_re" with MS VC++ 10.0 (VS2010)

time: Mon Sep 26 20:35:36 2016
elapsed time: 2 seconds (0d 0h 0m 2s)

