#
# There is insufficient memory for the Java Runtime Environment to continue.
# Native memory allocation (malloc) failed to allocate 391216 bytes for Chunk::new
# Possible reasons:
#   The system is out of physical RAM or swap space
#   In 32 bit mode, the process size limit was hit
# Possible solutions:
#   Reduce memory load on the system
#   Increase physical memory or swap space
#   Check if swap backing store is full
#   Use 64 bit Java on a 64 bit OS
#   Decrease Java heap size (-Xmx/-Xms)
#   Decrease number of Java threads
#   Decrease Java thread stack sizes (-Xss)
#   Set larger code cache with -XX:ReservedCodeCacheSize=
# This output file may be truncated or incomplete.
#
#  Out of Memory Error (allocation.cpp:390), pid=8132, tid=0x000000000000177c
#
# JRE version: Java(TM) SE Runtime Environment (8.0_101-b13) (build 1.8.0_101-b13)
# Java VM: Java HotSpot(TM) 64-Bit Server VM (25.101-b13 mixed mode windows-amd64 compressed oops)
# Failed to write core dump. Minidumps are not enabled by default on client versions of Windows
#

---------------  T H R E A D  ---------------

Current thread (0x000000005651a800):  JavaThread "C2 CompilerThread0" daemon [_thread_in_native, id=6012, stack(0x00000000569a0000,0x0000000056aa0000)]

Stack: [0x00000000569a0000,0x0000000056aa0000]
[error occurred during error reporting (printing stack bounds), id 0xc0000005]

Native frames: (J=compiled Java code, j=interpreted, Vv=VM code, C=native code)


Current CompileTask:
C2:   7833 2258       4       com.android.dx.rop.cst.CstBaseMethodRef::getPrototype (41 bytes)


---------------  P R O C E S S  ---------------

Java Threads: ( => current thread )
  0x0000000056592800 JavaThread "Service Thread" daemon [_thread_blocked, id=3028, stack(0x0000000057080000,0x0000000057180000)]
  0x000000005652a000 JavaThread "C1 CompilerThread2" daemon [_thread_blocked, id=5864, stack(0x0000000056f10000,0x0000000057010000)]
  0x0000000056529000 JavaThread "C2 CompilerThread1" daemon [_thread_in_native, id=7800, stack(0x0000000056d20000,0x0000000056e20000)]
=>0x000000005651a800 JavaThread "C2 CompilerThread0" daemon [_thread_in_native, id=6012, stack(0x00000000569a0000,0x0000000056aa0000)]
  0x0000000056518800 JavaThread "Attach Listener" daemon [_thread_blocked, id=8504, stack(0x0000000056af0000,0x0000000056bf0000)]
  0x000000005526e800 JavaThread "Signal Dispatcher" daemon [_thread_blocked, id=1596, stack(0x0000000056290000,0x0000000056390000)]
  0x0000000055259800 JavaThread "Finalizer" daemon [_thread_blocked, id=4156, stack(0x0000000056060000,0x0000000056160000)]
  0x0000000055212800 JavaThread "Reference Handler" daemon [_thread_blocked, id=9204, stack(0x0000000056410000,0x0000000056510000)]
  0x000000000250e000 JavaThread "main" [_thread_in_native, id=1384, stack(0x0000000002510000,0x0000000002610000)]

Other Threads:
  0x000000005520a800 VMThread [stack: 0x0000000056190000,0x0000000056290000] [id=2268]
  0x00000000565bc800 WatcherThread [stack: 0x00000000572d0000,0x00000000573d0000] [id=7484]

VM state:not at safepoint (normal execution)

VM Mutex/Monitor currently owned by a thread: None

Heap:
 PSYoungGen      total 134656K, used 11135K [0x00000000eab00000, 0x00000000f3a00000, 0x0000000100000000)
  eden space 122880K, 2% used [0x00000000eab00000,0x00000000ead89828,0x00000000f2300000)
  from space 11776K, 72% used [0x00000000f2e80000,0x00000000f36d6650,0x00000000f3a00000)
  to   space 11776K, 0% used [0x00000000f2300000,0x00000000f2300000,0x00000000f2e80000)
 ParOldGen       total 40960K, used 21407K [0x00000000c0000000, 0x00000000c2800000, 0x00000000eab00000)
  object space 40960K, 52% used [0x00000000c0000000,0x00000000c14e7e50,0x00000000c2800000)
 Metaspace       used 6543K, capacity 7504K, committed 7680K, reserved 1056768K
  class space    used 612K, capacity 648K, committed 768K, reserved 1048576K

Card table byte_map: [0x0000000011af0000,0x0000000011d00000] byte_map_base: 0x00000000114f0000

Marking Bits: (ParMarkBitMap*) 0x00000000698ca6d0
 Begin Bits: [0x0000000012680000, 0x0000000013680000)
 End Bits:   [0x0000000013680000, 0x0000000014680000)

Polling page: 0x0000000000330000

CodeCache: size=245760Kb used=8749Kb max_used=8749Kb free=237010Kb
 bounds [0x0000000002730000, 0x0000000002fd0000, 0x0000000011730000]
 total_blobs=2475 nmethods=2205 adapters=181
 compilation: enabled

Compilation events (10 events):
Event: 7.813 Thread 0x000000005652a000 2314       3       com.android.dx.util.ByteArray::getBytes (39 bytes)
Event: 7.813 Thread 0x000000005652a000 nmethod 2314 0x0000000002fbd290 code [0x0000000002fbd420, 0x0000000002fbd758]
Event: 7.814 Thread 0x000000005652a000 2315       3       com.android.dx.util.ByteArrayAnnotatedOutput::write (9 bytes)
Event: 7.814 Thread 0x000000005652a000 nmethod 2315 0x0000000002fbd890 code [0x0000000002fbda00, 0x0000000002fbdc08]
Event: 7.814 Thread 0x000000005652a000 2316       3       com.android.dx.util.ByteArrayAnnotatedOutput::write (129 bytes)
Event: 7.815 Thread 0x000000005652a000 nmethod 2316 0x0000000002fbdcd0 code [0x0000000002fbdf60, 0x0000000002fbef48]
Event: 7.815 Thread 0x000000005652a000 2317       3       com.android.dx.dex.file.DebugInfoItem::writeTo0 (58 bytes)
Event: 7.817 Thread 0x000000005652a000 nmethod 2317 0x0000000002fbf750 code [0x0000000002fbfaa0, 0x0000000002fc15a8]
Event: 7.817 Thread 0x000000005652a000 2318       1       com.android.dx.rop.annotation.Annotation::getVisibility (5 bytes)
Event: 7.818 Thread 0x000000005652a000 nmethod 2318 0x0000000002fc2550 code [0x0000000002fc26a0, 0x0000000002fc27b0]

GC Heap History (10 events):
Event: 3.600 GC heap before
{Heap before GC invocations=2 (full 0):
 PSYoungGen      total 17920K, used 17904K [0x00000000eab00000, 0x00000000ece00000, 0x0000000100000000)
  eden space 15360K, 100% used [0x00000000eab00000,0x00000000eba00000,0x00000000eba00000)
  from space 2560K, 99% used [0x00000000eba00000,0x00000000ebc7c278,0x00000000ebc80000)
  to   space 2560K, 0% used [0x00000000ecb80000,0x00000000ecb80000,0x00000000ece00000)
 ParOldGen       total 40960K, used 1669K [0x00000000c0000000, 0x00000000c2800000, 0x00000000eab00000)
  object space 40960K, 4% used [0x00000000c0000000,0x00000000c01a1460,0x00000000c2800000)
 Metaspace       used 5716K, capacity 6896K, committed 7040K, reserved 1056768K
  class space    used 568K, capacity 616K, committed 640K, reserved 1048576K
Event: 3.608 GC heap after
Heap after GC invocations=2 (full 0):
 PSYoungGen      total 33280K, used 2559K [0x00000000eab00000, 0x00000000ece00000, 0x0000000100000000)
  eden space 30720K, 0% used [0x00000000eab00000,0x00000000eab00000,0x00000000ec900000)
  from space 2560K, 99% used [0x00000000ecb80000,0x00000000ecdffdf8,0x00000000ece00000)
  to   space 2560K, 0% used [0x00000000ec900000,0x00000000ec900000,0x00000000ecb80000)
 ParOldGen       total 40960K, used 3924K [0x00000000c0000000, 0x00000000c2800000, 0x00000000eab00000)
  object space 40960K, 9% used [0x00000000c0000000,0x00000000c03d5388,0x00000000c2800000)
 Metaspace       used 5716K, capacity 6896K, committed 7040K, reserved 1056768K
  class space    used 568K, capacity 616K, committed 640K, reserved 1048576K
}
Event: 4.378 GC heap before
{Heap before GC invocations=3 (full 0):
 PSYoungGen      total 33280K, used 33279K [0x00000000eab00000, 0x00000000ece00000, 0x0000000100000000)
  eden space 30720K, 100% used [0x00000000eab00000,0x00000000ec900000,0x00000000ec900000)
  from space 2560K, 99% used [0x00000000ecb80000,0x00000000ecdffdf8,0x00000000ece00000)
  to   space 2560K, 0% used [0x00000000ec900000,0x00000000ec900000,0x00000000ecb80000)
 ParOldGen       total 40960K, used 3924K [0x00000000c0000000, 0x00000000c2800000, 0x00000000eab00000)
  object space 40960K, 9% used [0x00000000c0000000,0x00000000c03d5388,0x00000000c2800000)
 Metaspace       used 5999K, capacity 7024K, committed 7296K, reserved 1056768K
  class space    used 587K, capacity 616K, committed 640K, reserved 1048576K
Event: 4.431 GC heap after
Heap after GC invocations=3 (full 0):
 PSYoungGen      total 33280K, used 2554K [0x00000000eab00000, 0x00000000eec00000, 0x0000000100000000)
  eden space 30720K, 0% used [0x00000000eab00000,0x00000000eab00000,0x00000000ec900000)
  from space 2560K, 99% used [0x00000000ec900000,0x00000000ecb7e8c0,0x00000000ecb80000)
  to   space 2560K, 0% used [0x00000000ee980000,0x00000000ee980000,0x00000000eec00000)
 ParOldGen       total 40960K, used 8163K [0x00000000c0000000, 0x00000000c2800000, 0x00000000eab00000)
  object space 40960K, 19% used [0x00000000c0000000,0x00000000c07f8c30,0x00000000c2800000)
 Metaspace       used 5999K, capacity 7024K, committed 7296K, reserved 1056768K
  class space    used 587K, capacity 616K, committed 640K, reserved 1048576K
}
Event: 4.807 GC heap before
{Heap before GC invocations=4 (full 0):
 PSYoungGen      total 33280K, used 33274K [0x00000000eab00000, 0x00000000eec00000, 0x0000000100000000)
  eden space 30720K, 100% used [0x00000000eab00000,0x00000000ec900000,0x00000000ec900000)
  from space 2560K, 99% used [0x00000000ec900000,0x00000000ecb7e8c0,0x00000000ecb80000)
  to   space 2560K, 0% used [0x00000000ee980000,0x00000000ee980000,0x00000000eec00000)
 ParOldGen       total 40960K, used 8163K [0x00000000c0000000, 0x00000000c2800000, 0x00000000eab00000)
  object space 40960K, 19% used [0x00000000c0000000,0x00000000c07f8c30,0x00000000c2800000)
 Metaspace       used 6038K, capacity 7088K, committed 7296K, reserved 1056768K
  class space    used 589K, capacity 616K, committed 640K, reserved 1048576K
Event: 4.833 GC heap after
Heap after GC invocations=4 (full 0):
 PSYoungGen      total 64000K, used 2528K [0x00000000eab00000, 0x00000000eec00000, 0x0000000100000000)
  eden space 61440K, 0% used [0x00000000eab00000,0x00000000eab00000,0x00000000ee700000)
  from space 2560K, 98% used [0x00000000ee980000,0x00000000eebf80e0,0x00000000eec00000)
  to   space 2560K, 0% used [0x00000000ee700000,0x00000000ee700000,0x00000000ee980000)
 ParOldGen       total 40960K, used 12460K [0x00000000c0000000, 0x00000000c2800000, 0x00000000eab00000)
  object space 40960K, 30% used [0x00000000c0000000,0x00000000c0c2b1a0,0x00000000c2800000)
 Metaspace       used 6038K, capacity 7088K, committed 7296K, reserved 1056768K
  class space    used 589K, capacity 616K, committed 640K, reserved 1048576K
}
Event: 6.000 GC heap before
{Heap before GC invocations=5 (full 0):
 PSYoungGen      total 64000K, used 63968K [0x00000000eab00000, 0x00000000eec00000, 0x0000000100000000)
  eden space 61440K, 100% used [0x00000000eab00000,0x00000000ee700000,0x00000000ee700000)
  from space 2560K, 98% used [0x00000000ee980000,0x00000000eebf80e0,0x00000000eec00000)
  to   space 2560K, 0% used [0x00000000ee700000,0x00000000ee700000,0x00000000ee980000)
 ParOldGen       total 40960K, used 12460K [0x00000000c0000000, 0x00000000c2800000, 0x00000000eab00000)
  object space 40960K, 30% used [0x00000000c0000000,0x00000000c0c2b1a0,0x00000000c2800000)
 Metaspace       used 6060K, capacity 7088K, committed 7296K, reserved 1056768K
  class space    used 589K, capacity 616K, committed 640K, reserved 1048576K
Event: 6.040 GC heap after
Heap after GC invocations=5 (full 0):
 PSYoungGen      total 64000K, used 2557K [0x00000000eab00000, 0x00000000f3a00000, 0x0000000100000000)
  eden space 61440K, 0% used [0x00000000eab00000,0x00000000eab00000,0x00000000ee700000)
  from space 2560K, 99% used [0x00000000ee700000,0x00000000ee97f4a8,0x00000000ee980000)
  to   space 11776K, 0% used [0x00000000f2e80000,0x00000000f2e80000,0x00000000f3a00000)
 ParOldGen       total 40960K, used 21399K [0x00000000c0000000, 0x00000000c2800000, 0x00000000eab00000)
  object space 40960K, 52% used [0x00000000c0000000,0x00000000c14e5e50,0x00000000c2800000)
 Metaspace       used 6060K, capacity 7088K, committed 7296K, reserved 1056768K
  class space    used 589K, capacity 616K, committed 640K, reserved 1048576K
}
Event: 7.433 GC heap before
{Heap before GC invocations=6 (full 0):
 PSYoungGen      total 64000K, used 63997K [0x00000000eab00000, 0x00000000f3a00000, 0x0000000100000000)
  eden space 61440K, 100% used [0x00000000eab00000,0x00000000ee700000,0x00000000ee700000)
  from space 2560K, 99% used [0x00000000ee700000,0x00000000ee97f4a8,0x00000000ee980000)
  to   space 11776K, 0% used [0x00000000f2e80000,0x00000000f2e80000,0x00000000f3a00000)
 ParOldGen       total 40960K, used 21399K [0x00000000c0000000, 0x00000000c2800000, 0x00000000eab00000)
  object space 40960K, 52% used [0x00000000c0000000,0x00000000c14e5e50,0x00000000c2800000)
 Metaspace       used 6448K, capacity 7408K, committed 7552K, reserved 1056768K
  class space    used 609K, capacity 616K, committed 640K, reserved 1048576K
Event: 7.580 GC heap after
Heap after GC invocations=6 (full 0):
 PSYoungGen      total 134656K, used 8537K [0x00000000eab00000, 0x00000000f3a00000, 0x0000000100000000)
  eden space 122880K, 0% used [0x00000000eab00000,0x00000000eab00000,0x00000000f2300000)
  from space 11776K, 72% used [0x00000000f2e80000,0x00000000f36d6650,0x00000000f3a00000)
  to   space 11776K, 0% used [0x00000000f2300000,0x00000000f2300000,0x00000000f2e80000)
 ParOldGen       total 40960K, used 21407K [0x00000000c0000000, 0x00000000c2800000, 0x00000000eab00000)
  object space 40960K, 52% used [0x00000000c0000000,0x00000000c14e7e50,0x00000000c2800000)
 Metaspace       used 6448K, capacity 7408K, committed 7552K, reserved 1056768K
  class space    used 609K, capacity 616K, committed 640K, reserved 1048576K
}

Deoptimization events (10 events):
Event: 6.733 Thread 0x000000000250e000 Uncommon trap: reason=unstable_if action=reinterpret pc=0x0000000002d933c4 method=com.android.dx.ssa.MoveParamCombiner$1.visitNonMoveInsn(Lcom/android/dx/ssa/NormalSsaInsn;)V @ 27
Event: 6.765 Thread 0x000000000250e000 Uncommon trap: reason=class_check action=maybe_recompile pc=0x0000000002d465b8 method=java.util.Arrays.hashCode([Ljava/lang/Object;)I @ 43
Event: 6.765 Thread 0x000000000250e000 Uncommon trap: reason=class_check action=maybe_recompile pc=0x0000000002d465b8 method=java.util.Arrays.hashCode([Ljava/lang/Object;)I @ 43
Event: 6.766 Thread 0x000000000250e000 Uncommon trap: reason=class_check action=maybe_recompile pc=0x0000000002d465b8 method=java.util.Arrays.hashCode([Ljava/lang/Object;)I @ 43
Event: 6.766 Thread 0x000000000250e000 Uncommon trap: reason=class_check action=maybe_recompile pc=0x0000000002d465b8 method=java.util.Arrays.hashCode([Ljava/lang/Object;)I @ 43
Event: 6.766 Thread 0x000000000250e000 Uncommon trap: reason=class_check action=maybe_recompile pc=0x0000000002c3d968 method=java.util.Arrays.hashCode([Ljava/lang/Object;)I @ 43
Event: 6.799 Thread 0x000000000250e000 Uncommon trap: reason=unstable_if action=reinterpret pc=0x0000000002d409bc method=java.util.HashMap.putVal(ILjava/lang/Object;Ljava/lang/Object;ZZ)Ljava/lang/Object; @ 206
Event: 7.292 Thread 0x000000000250e000 Uncommon trap: reason=unstable_if action=reinterpret pc=0x0000000002e4a7e0 method=java.util.TreeMap.put(Ljava/lang/Object;Ljava/lang/Object;)Ljava/lang/Object; @ 163
Event: 7.614 Thread 0x000000000250e000 Uncommon trap: reason=unstable_if action=reinterpret pc=0x0000000002f2840c method=com.android.dx.util.ByteArrayAnnotatedOutput.ensureCapacity(I)V @ 6
Event: 7.808 Thread 0x000000000250e000 Uncommon trap: reason=unstable_if action=reinterpret pc=0x0000000002f6d8d8 method=com.android.dx.util.ByteArrayAnnotatedOutput.writeByte(I)V @ 13

Internal exceptions (5 events):
Event: 0.068 Thread 0x000000000250e000 Exception <a 'java/lang/NoSuchMethodError': Method sun.misc.Unsafe.defineClass(Ljava/lang/String;[BII)Ljava/lang/Class; name or signature does not match> (0x00000000eab07cc0) thrown at [C:\re\workspace\8-2-build-windows-amd64-cygwin\jdk8u101\7261\hotspot\s”Ú”ÊêX±?
Event: 0.068 Thread 0x000000000250e000 Exception <a 'java/lang/NoSuchMethodError': Method sun.misc.Unsafe.prefetchRead(Ljava/lang/Object;J)V name or signature does not match> (0x00000000eab07fa8) thrown at [C:\re\workspace\8-2-build-windows-amd64-cygwin\jdk8u101\7261\hotspot\src\share\vm\prims\…‘GIµî@
Event: 4.233 Thread 0x000000000250e000 Exception <a 'java/lang/ArrayIndexOutOfBoundsException': 18> (0x00000000ec11cfb0) thrown at [C:\re\workspace\8-2-build-windows-amd64-cygwin\jdk8u101\7261\hotspot\src\share\vm\interpreter\interpreterRuntime.cpp, line 366]
Event: 4.234 Thread 0x000000000250e000 Exception <a 'java/lang/ArrayIndexOutOfBoundsException'> (0x00000000ec11eb30) thrown at [C:\re\workspace\8-2-build-windows-amd64-cygwin\jdk8u101\7261\hotspot\src\share\vm\runtime\sharedRuntime.cpp, line 605]
Event: 4.235 Thread 0x000000000250e000 Exception <a 'java/lang/ArrayIndexOutOfBoundsException'> (0x00000000ec11fe18) thrown at [C:\re\workspace\8-2-build-windows-amd64-cygwin\jdk8u101\7261\hotspot\src\share\vm\runtime\sharedRuntime.cpp, line 605]

Events (10 events):
Event: 7.616 loading class com/android/dx/dex/file/MapItem
Event: 7.616 loading class com/android/dx/dex/file/MapItem done
Event: 7.637 loading class com/android/dex/DexFormat
Event: 7.637 loading class com/android/dex/DexFormat done
Event: 7.808 Thread 0x000000000250e000 Uncommon trap: trap_request=0xffffff65 fr.pc=0x0000000002f6d8d8
Event: 7.808 Thread 0x000000000250e000 DEOPT PACKING pc=0x0000000002f6d8d8 sp=0x000000000260edd0
Event: 7.808 Thread 0x000000000250e000 DEOPT UNPACKING pc=0x000000000277582a sp=0x000000000260ed98 mode 2
Event: 7.815 loading class com/android/dx/dex/file/AnnotationItem$1
Event: 7.815 loading class com/android/dx/dex/file/AnnotationItem$1 done
Event: 7.817 loading class java/security/MessageDigest


Dynamic libraries:
0x000000013fd10000 - 0x000000013fd47000 	C:\Program Files\Java\jdk1.8.0_101\bin\java.exe
0x00000000775b0000 - 0x000000007775a000 	C:\windows\SYSTEM32\ntdll.dll
0x0000000077490000 - 0x00000000775af000 	C:\windows\system32\kernel32.dll
0x000007fefd480000 - 0x000007fefd4ea000 	C:\windows\system32\KERNELBASE.dll
0x000007fefd6b0000 - 0x000007fefd78b000 	C:\windows\system32\ADVAPI32.dll
0x000007fefe8a0000 - 0x000007fefe93f000 	C:\windows\system32\msvcrt.dll
0x000007fefee00000 - 0x000007fefee1f000 	C:\windows\SYSTEM32\sechost.dll
0x000007feff6f0000 - 0x000007feff81d000 	C:\windows\system32\RPCRT4.dll
0x0000000077390000 - 0x000000007748a000 	C:\windows\system32\USER32.dll
0x000007fefee20000 - 0x000007fefee87000 	C:\windows\system32\GDI32.dll
0x000007fefd790000 - 0x000007fefd79e000 	C:\windows\system32\LPK.dll
0x000007fefe530000 - 0x000007fefe5fa000 	C:\windows\system32\USP10.dll
0x000007fefabf0000 - 0x000007fefade4000 	C:\windows\WinSxS\amd64_microsoft.windows.common-controls_6595b64144ccf1df_6.0.7601.18837_none_fa3b1e3d17594757\COMCTL32.dll
0x000007fefe940000 - 0x000007fefe9b1000 	C:\windows\system32\SHLWAPI.dll
0x000007fefe9d0000 - 0x000007fefe9fe000 	C:\windows\system32\IMM32.DLL
0x000007fefe600000 - 0x000007fefe709000 	C:\windows\system32\MSCTF.dll
0x000000006c950000 - 0x000000006ca22000 	C:\Program Files\Java\jdk1.8.0_101\jre\bin\msvcr100.dll
0x00000000690b0000 - 0x000000006994a000 	C:\Program Files\Java\jdk1.8.0_101\jre\bin\server\jvm.dll
0x000007fef9030000 - 0x000007fef9039000 	C:\windows\system32\WSOCK32.dll
0x000007feff160000 - 0x000007feff1ad000 	C:\windows\system32\WS2_32.dll
0x000007fefe9c0000 - 0x000007fefe9c8000 	C:\windows\system32\NSI.dll
0x000007fef5970000 - 0x000007fef59ab000 	C:\windows\system32\WINMM.dll
0x000007fefc390000 - 0x000007fefc39c000 	C:\windows\system32\VERSION.dll
0x0000000077770000 - 0x0000000077777000 	C:\windows\system32\PSAPI.DLL
0x000000006e410000 - 0x000000006e41f000 	C:\Program Files\Java\jdk1.8.0_101\jre\bin\verify.dll
0x000000006e170000 - 0x000000006e199000 	C:\Program Files\Java\jdk1.8.0_101\jre\bin\java.dll
0x000000006e3f0000 - 0x000000006e406000 	C:\Program Files\Java\jdk1.8.0_101\jre\bin\zip.dll
0x000007fefd7a0000 - 0x000007fefe52c000 	C:\windows\system32\SHELL32.dll
0x000007feff210000 - 0x000007feff413000 	C:\windows\system32\ole32.dll
0x000007fefd2f0000 - 0x000007fefd2ff000 	C:\windows\system32\profapi.dll

VM Arguments:
jvm_args: -Djava.awt.headless=true -Xmx1024M -Dfile.encoding=x-windows-949 -Duser.country=KR -Duser.language=ko -Duser.variant 
java_command: com.android.dx.command.Main --dex --output C:\Users\IT\Desktop\ERM\v1.0.1\v1.0.1\app\build\intermediates\pre-dexed\debug\com.android.support-recyclerview-v7-23.3.0_48ad3bbbb50b52a8669ceedb109acdb9a91c64c8.jar C:\Users\IT\Desktop\ERM\v1.0.1\v1.0.1\app\build\intermediates\exploded-aar\com.android.support\recyclerview-v7\23.3.0\jars\classes.jar
java_class_path (initial): C:\Users\IT\AppData\Local\Android\sdk\build-tools\22.0.1\lib\dx.jar
Launcher Type: SUN_STANDARD

Environment Variables:
JAVA_HOME=C:\Program Files (x86)\Java\jre1.8.0_101
PATH=C:\ProgramData\Oracle\Java\javapath;C:\Program Files\Common Files\Microsoft Shared\Windows Live;C:\Program Files (x86)\Common Files\Microsoft Shared\Windows Live;C:\Program Files (x86)\Intel\iCLS Client\;C:\Program Files\Intel\iCLS Client\;C:\windows\system32;C:\windows;C:\windows\System32\Wbem;C:\windows\System32\WindowsPowerShell\v1.0\;C:\Program Files\Intel\Intel(R) Management Engine Components\DAL;C:\Program Files\Intel\Intel(R) Management Engine Components\IPT;C:\Program Files (x86)\Intel\Intel(R) Management Engine Components\DAL;C:\Program Files (x86)\Intel\Intel(R) Management Engine Components\IPT;C:\Program Files (x86)\Intel\OpenCL SDK\2.0\bin\x86;C:\Program Files (x86)\Intel\OpenCL SDK\2.0\bin\x64;C:\Program Files\Intel\WiFi\bin\;C:\Program Files\Common Files\Intel\WirelessCommon\;C:\Program Files (x86)\Windows Live\Shared;C:\Program Files\Java\jdk1.7.0_79\bin;C:\openssl-0.9.8e_X64\bin;C:\Program Files\Git\cmd
USERNAME=IT
OS=Windows_NT
PROCESSOR_IDENTIFIER=Intel64 Family 6 Model 58 Stepping 9, GenuineIntel



---------------  S Y S T E M  ---------------

OS: Windows 7 , 64 bit Build 7601 (6.1.7601.23418)

CPU:total 4 (2 cores per cpu, 2 threads per core) family 6 model 58 stepping 9, cmov, cx8, fxsr, mmx, sse, sse2, sse3, ssse3, sse4.1, sse4.2, popcnt, avx, aes, clmul, erms, ht, tsc, tscinvbit, tscinv

Memory: 4k page, physical 3888676k(105512k free), swap 6192232k(12432k free)

vm_info: Java HotSpot(TM) 64-Bit Server VM (25.101-b13) for windows-amd64 JRE (1.8.0_101-b13), built on Jun 22 2016 01:21:29 by "java_re" with MS VC++ 10.0 (VS2010)

time: Mon Sep 26 20:35:33 2016
elapsed time: 7 seconds (0d 0h 0m 7s)

