#
# There is insufficient memory for the Java Runtime Environment to continue.
# Native memory allocation (malloc) failed to allocate 32744 bytes for ChunkPool::allocate
# Possible reasons:
#   The system is out of physical RAM or swap space
#   In 32 bit mode, the process size limit was hit
# Possible solutions:
#   Reduce memory load on the system
#   Increase physical memory or swap space
#   Check if swap backing store is full
#   Use 64 bit Java on a 64 bit OS
#   Decrease Java heap size (-Xmx/-Xms)
#   Decrease number of Java threads
#   Decrease Java thread stack sizes (-Xss)
#   Set larger code cache with -XX:ReservedCodeCacheSize=
# This output file may be truncated or incomplete.
#
#  Out of Memory Error (allocation.cpp:273), pid=8860, tid=0x0000000000001f24
#
# JRE version: Java(TM) SE Runtime Environment (8.0_101-b13) (build 1.8.0_101-b13)
# Java VM: Java HotSpot(TM) 64-Bit Server VM (25.101-b13 mixed mode windows-amd64 compressed oops)
# Failed to write core dump. Minidumps are not enabled by default on client versions of Windows
#

---------------  T H R E A D  ---------------

Current thread (0x0000000056631800):  JavaThread "C1 CompilerThread2" daemon [_thread_in_native, id=7972, stack(0x0000000056f50000,0x0000000057050000)]

Stack: [0x0000000056f50000,0x0000000057050000]
[error occurred during error reporting (printing stack bounds), id 0xc0000005]

Native frames: (J=compiled Java code, j=interpreted, Vv=VM code, C=native code)


Current CompileTask:
C1:   3207 1277       3       com.android.dx.cf.code.Ropper::addSetupBlocks (535 bytes)


---------------  P R O C E S S  ---------------

Java Threads: ( => current thread )
  0x0000000056649800 JavaThread "Service Thread" daemon [_thread_blocked, id=6052, stack(0x0000000057050000,0x0000000057150000)]
=>0x0000000056631800 JavaThread "C1 CompilerThread2" daemon [_thread_in_native, id=7972, stack(0x0000000056f50000,0x0000000057050000)]
  0x0000000056630800 JavaThread "C2 CompilerThread1" daemon [_thread_in_native, id=7792, stack(0x0000000056ca0000,0x0000000056da0000)]
  0x00000000551ef800 JavaThread "C2 CompilerThread0" daemon [_thread_in_native, id=3628, stack(0x0000000056af0000,0x0000000056bf0000)]
  0x00000000565c8800 JavaThread "Attach Listener" daemon [_thread_blocked, id=5232, stack(0x00000000560d0000,0x00000000561d0000)]
  0x00000000551de000 JavaThread "Signal Dispatcher" daemon [_thread_blocked, id=6840, stack(0x00000000123f0000,0x00000000124f0000)]
  0x00000000551c9800 JavaThread "Finalizer" daemon [_thread_blocked, id=7040, stack(0x00000000564c0000,0x00000000565c0000)]
  0x0000000055182000 JavaThread "Reference Handler" daemon [_thread_blocked, id=9008, stack(0x0000000056330000,0x0000000056430000)]
  0x00000000024be000 JavaThread "main" [_thread_in_vm, id=7624, stack(0x0000000002780000,0x0000000002880000)]

Other Threads:
  0x000000005517a800 VMThread [stack: 0x00000000561f0000,0x00000000562f0000] [id=5688]
  0x00000000566a1000 WatcherThread [stack: 0x00000000571e0000,0x00000000572e0000] [id=7672]

VM state:not at safepoint (normal execution)

VM Mutex/Monitor currently owned by a thread: None

Heap:
 PSYoungGen      total 17920K, used 15606K [0x00000000eab00000, 0x00000000ece00000, 0x0000000100000000)
  eden space 15360K, 85% used [0x00000000eab00000,0x00000000eb7c4828,0x00000000eba00000)
  from space 2560K, 98% used [0x00000000eba00000,0x00000000ebc790c8,0x00000000ebc80000)
  to   space 2560K, 0% used [0x00000000ecb80000,0x00000000ecb80000,0x00000000ece00000)
 ParOldGen       total 40960K, used 1817K [0x00000000c0000000, 0x00000000c2800000, 0x00000000eab00000)
  object space 40960K, 4% used [0x00000000c0000000,0x00000000c01c6440,0x00000000c2800000)
 Metaspace       used 5824K, capacity 6960K, committed 7040K, reserved 1056768K
  class space    used 569K, capacity 616K, committed 640K, reserved 1048576K

Card table byte_map: [0x0000000011c40000,0x0000000011e50000] byte_map_base: 0x0000000011640000

Marking Bits: (ParMarkBitMap*) 0x00000000698ca6d0
 Begin Bits: [0x00000000125f0000, 0x00000000135f0000)
 End Bits:   [0x00000000135f0000, 0x00000000145f0000)

Polling page: 0x0000000000140000

CodeCache: size=245760Kb used=5337Kb max_used=5337Kb free=240422Kb
 bounds [0x0000000002880000, 0x0000000002dc0000, 0x0000000011880000]
 total_blobs=1538 nmethods=1271 adapters=180
 compilation: enabled

Compilation events (10 events):
Event: 3.193 Thread 0x0000000056631800 nmethod 1272 0x0000000002db7310 code [0x0000000002db74a0, 0x0000000002db76e8]
Event: 3.193 Thread 0x0000000056631800 1273       3       com.android.dx.cf.code.RopperMachine::<init> (134 bytes)
Event: 3.194 Thread 0x0000000056631800 nmethod 1273 0x0000000002db77d0 code [0x0000000002db79c0, 0x0000000002db8338]
Event: 3.194 Thread 0x0000000056631800 1274       3       com.android.dx.cf.code.Simulator::<init> (66 bytes)
Event: 3.194 Thread 0x0000000056631800 nmethod 1274 0x0000000002db8710 code [0x0000000002db88c0, 0x0000000002db8ff8]
Event: 3.194 Thread 0x0000000056631800 1275       3       com.android.dx.cf.code.Frame::<init> (21 bytes)
Event: 3.195 Thread 0x0000000056631800 nmethod 1275 0x0000000002db9290 code [0x0000000002db9460, 0x0000000002db9c28]
Event: 3.195 Thread 0x0000000056631800 1276       3       com.android.dx.cf.code.Ropper$ExceptionSetupLabelAllocator::<init> (33 bytes)
Event: 3.196 Thread 0x0000000056631800 nmethod 1276 0x0000000002dba010 code [0x0000000002dba1a0, 0x0000000002dba670]
Event: 3.196 Thread 0x0000000056631800 1277       3       com.android.dx.cf.code.Ropper::addSetupBlocks (535 bytes)

GC Heap History (2 events):
Event: 2.272 GC heap before
{Heap before GC invocations=1 (full 0):
 PSYoungGen      total 17920K, used 15360K [0x00000000eab00000, 0x00000000ebf00000, 0x0000000100000000)
  eden space 15360K, 100% used [0x00000000eab00000,0x00000000eba00000,0x00000000eba00000)
  from space 2560K, 0% used [0x00000000ebc80000,0x00000000ebc80000,0x00000000ebf00000)
  to   space 2560K, 0% used [0x00000000eba00000,0x00000000eba00000,0x00000000ebc80000)
 ParOldGen       total 40960K, used 0K [0x00000000c0000000, 0x00000000c2800000, 0x00000000eab00000)
  object space 40960K, 0% used [0x00000000c0000000,0x00000000c0000000,0x00000000c2800000)
 Metaspace       used 5653K, capacity 6832K, committed 7040K, reserved 1056768K
  class space    used 566K, capacity 616K, committed 640K, reserved 1048576K
Event: 2.699 GC heap after
Heap after GC invocations=1 (full 0):
 PSYoungGen      total 17920K, used 2532K [0x00000000eab00000, 0x00000000ece00000, 0x0000000100000000)
  eden space 15360K, 0% used [0x00000000eab00000,0x00000000eab00000,0x00000000eba00000)
  from space 2560K, 98% used [0x00000000eba00000,0x00000000ebc790c8,0x00000000ebc80000)
  to   space 2560K, 0% used [0x00000000ecb80000,0x00000000ecb80000,0x00000000ece00000)
 ParOldGen       total 40960K, used 1817K [0x00000000c0000000, 0x00000000c2800000, 0x00000000eab00000)
  object space 40960K, 4% used [0x00000000c0000000,0x00000000c01c6440,0x00000000c2800000)
 Metaspace       used 5653K, capacity 6832K, committed 7040K, reserved 1056768K
  class space    used 566K, capacity 616K, committed 640K, reserved 1048576K
}

Deoptimization events (7 events):
Event: 1.778 Thread 0x00000000024be000 Uncommon trap: reason=class_check action=maybe_recompile pc=0x0000000002b281a0 method=com.android.dx.ssa.NormalSsaInsn.accept(Lcom/android/dx/ssa/SsaInsn$Visitor;)V @ 9
Event: 1.778 Thread 0x00000000024be000 Uncommon trap: reason=class_check action=maybe_recompile pc=0x0000000002b281a0 method=com.android.dx.ssa.NormalSsaInsn.accept(Lcom/android/dx/ssa/SsaInsn$Visitor;)V @ 9
Event: 1.779 Thread 0x00000000024be000 Uncommon trap: reason=class_check action=maybe_recompile pc=0x0000000002b281a0 method=com.android.dx.ssa.NormalSsaInsn.accept(Lcom/android/dx/ssa/SsaInsn$Visitor;)V @ 9
Event: 1.779 Thread 0x00000000024be000 Uncommon trap: reason=class_check action=maybe_recompile pc=0x0000000002b281a0 method=com.android.dx.ssa.NormalSsaInsn.accept(Lcom/android/dx/ssa/SsaInsn$Visitor;)V @ 9
Event: 2.012 Thread 0x00000000024be000 Uncommon trap: reason=unstable_if action=reinterpret pc=0x0000000002aa0bc8 method=java.util.HashMap.getNode(ILjava/lang/Object;)Ljava/util/HashMap$Node; @ 129
Event: 2.249 Thread 0x00000000024be000 Uncommon trap: reason=unstable_if action=reinterpret pc=0x0000000002c0cc24 method=java.util.HashMap.getNode(ILjava/lang/Object;)Ljava/util/HashMap$Node; @ 129
Event: 2.268 Thread 0x00000000024be000 Uncommon trap: reason=unstable_if action=reinterpret pc=0x0000000002c2df44 method=java.util.HashMap.getNode(ILjava/lang/Object;)Ljava/util/HashMap$Node; @ 129

Internal exceptions (2 events):
Event: 0.068 Thread 0x00000000024be000 Exception <a 'java/lang/NoSuchMethodError': Method sun.misc.Unsafe.defineClass(Ljava/lang/String;[BII)Ljava/lang/Class; name or signature does not match> (0x00000000eab07cc0) thrown at [C:\re\workspace\8-2-build-windows-amd64-cygwin\jdk8u101\7261\hotspot\s–I™ñ¿ˆ±?
Event: 0.068 Thread 0x00000000024be000 Exception <a 'java/lang/NoSuchMethodError': Method sun.misc.Unsafe.prefetchRead(Ljava/lang/Object;J)V name or signature does not match> (0x00000000eab07fa8) thrown at [C:\re\workspace\8-2-build-windows-amd64-cygwin\jdk8u101\7261\hotspot\src\share\vm\prims\

Events (10 events):
Event: 2.272 Executing VM operation: ParallelGCFailedAllocation
Event: 2.699 Executing VM operation: ParallelGCFailedAllocation done
Event: 2.878 loading class com/android/dx/cf/attrib/AttDeprecated
Event: 2.878 loading class com/android/dx/cf/attrib/AttDeprecated done
Event: 2.898 loading class com/android/dx/cf/code/Ropper$ExceptionHandlerSetup
Event: 2.898 loading class com/android/dx/cf/code/Ropper$ExceptionHandlerSetup done
Event: 2.899 loading class java/util/HashMap$Values
Event: 2.899 loading class java/util/HashMap$Values done
Event: 2.899 loading class java/util/HashMap$ValueIterator
Event: 2.899 loading class java/util/HashMap$ValueIterator done


Dynamic libraries:
0x000000013fd10000 - 0x000000013fd47000 	C:\Program Files\Java\jdk1.8.0_101\bin\java.exe
0x00000000775b0000 - 0x000000007775a000 	C:\windows\SYSTEM32\ntdll.dll
0x0000000077490000 - 0x00000000775af000 	C:\windows\system32\kernel32.dll
0x000007fefd480000 - 0x000007fefd4ea000 	C:\windows\system32\KERNELBASE.dll
0x000007fefd6b0000 - 0x000007fefd78b000 	C:\windows\system32\ADVAPI32.dll
0x000007fefe8a0000 - 0x000007fefe93f000 	C:\windows\system32\msvcrt.dll
0x000007fefee00000 - 0x000007fefee1f000 	C:\windows\SYSTEM32\sechost.dll
0x000007feff6f0000 - 0x000007feff81d000 	C:\windows\system32\RPCRT4.dll
0x0000000077390000 - 0x000000007748a000 	C:\windows\system32\USER32.dll
0x000007fefee20000 - 0x000007fefee87000 	C:\windows\system32\GDI32.dll
0x000007fefd790000 - 0x000007fefd79e000 	C:\windows\system32\LPK.dll
0x000007fefe530000 - 0x000007fefe5fa000 	C:\windows\system32\USP10.dll
0x000007fefabf0000 - 0x000007fefade4000 	C:\windows\WinSxS\amd64_microsoft.windows.common-controls_6595b64144ccf1df_6.0.7601.18837_none_fa3b1e3d17594757\COMCTL32.dll
0x000007fefe940000 - 0x000007fefe9b1000 	C:\windows\system32\SHLWAPI.dll
0x000007fefe9d0000 - 0x000007fefe9fe000 	C:\windows\system32\IMM32.DLL
0x000007fefe600000 - 0x000007fefe709000 	C:\windows\system32\MSCTF.dll
0x000000006c950000 - 0x000000006ca22000 	C:\Program Files\Java\jdk1.8.0_101\jre\bin\msvcr100.dll
0x00000000690b0000 - 0x000000006994a000 	C:\Program Files\Java\jdk1.8.0_101\jre\bin\server\jvm.dll
0x000007fef9030000 - 0x000007fef9039000 	C:\windows\system32\WSOCK32.dll
0x000007feff160000 - 0x000007feff1ad000 	C:\windows\system32\WS2_32.dll
0x000007fefe9c0000 - 0x000007fefe9c8000 	C:\windows\system32\NSI.dll
0x000007fef5970000 - 0x000007fef59ab000 	C:\windows\system32\WINMM.dll
0x000007fefc390000 - 0x000007fefc39c000 	C:\windows\system32\VERSION.dll
0x0000000077770000 - 0x0000000077777000 	C:\windows\system32\PSAPI.DLL
0x000000006e410000 - 0x000000006e41f000 	C:\Program Files\Java\jdk1.8.0_101\jre\bin\verify.dll
0x000000006e170000 - 0x000000006e199000 	C:\Program Files\Java\jdk1.8.0_101\jre\bin\java.dll
0x000000006e3f0000 - 0x000000006e406000 	C:\Program Files\Java\jdk1.8.0_101\jre\bin\zip.dll
0x000007fefd7a0000 - 0x000007fefe52c000 	C:\windows\system32\SHELL32.dll
0x000007feff210000 - 0x000007feff413000 	C:\windows\system32\ole32.dll
0x000007fefd2f0000 - 0x000007fefd2ff000 	C:\windows\system32\profapi.dll

VM Arguments:
jvm_args: -Djava.awt.headless=true -Xmx1024M -Dfile.encoding=x-windows-949 -Duser.country=KR -Duser.language=ko -Duser.variant 
java_command: com.android.dx.command.Main --dex --output C:\Users\IT\Desktop\ERM\v1.0.1\v1.0.1\app\build\intermediates\pre-dexed\debug\com.android.support-support-v4-23.3.0_1416662a5bbfcf3dfeef39596cfb217741df524c.jar C:\Users\IT\Desktop\ERM\v1.0.1\v1.0.1\app\build\intermediates\exploded-aar\com.android.support\support-v4\23.3.0\jars\classes.jar
java_class_path (initial): C:\Users\IT\AppData\Local\Android\sdk\build-tools\22.0.1\lib\dx.jar
Launcher Type: SUN_STANDARD

Environment Variables:
JAVA_HOME=C:\Program Files (x86)\Java\jre1.8.0_101
PATH=C:\ProgramData\Oracle\Java\javapath;C:\Program Files\Common Files\Microsoft Shared\Windows Live;C:\Program Files (x86)\Common Files\Microsoft Shared\Windows Live;C:\Program Files (x86)\Intel\iCLS Client\;C:\Program Files\Intel\iCLS Client\;C:\windows\system32;C:\windows;C:\windows\System32\Wbem;C:\windows\System32\WindowsPowerShell\v1.0\;C:\Program Files\Intel\Intel(R) Management Engine Components\DAL;C:\Program Files\Intel\Intel(R) Management Engine Components\IPT;C:\Program Files (x86)\Intel\Intel(R) Management Engine Components\DAL;C:\Program Files (x86)\Intel\Intel(R) Management Engine Components\IPT;C:\Program Files (x86)\Intel\OpenCL SDK\2.0\bin\x86;C:\Program Files (x86)\Intel\OpenCL SDK\2.0\bin\x64;C:\Program Files\Intel\WiFi\bin\;C:\Program Files\Common Files\Intel\WirelessCommon\;C:\Program Files (x86)\Windows Live\Shared;C:\Program Files\Java\jdk1.7.0_79\bin;C:\openssl-0.9.8e_X64\bin;C:\Program Files\Git\cmd
USERNAME=IT
OS=Windows_NT
PROCESSOR_IDENTIFIER=Intel64 Family 6 Model 58 Stepping 9, GenuineIntel



---------------  S Y S T E M  ---------------

OS: Windows 7 , 64 bit Build 7601 (6.1.7601.23418)

CPU:total 4 (2 cores per cpu, 2 threads per core) family 6 model 58 stepping 9, cmov, cx8, fxsr, mmx, sse, sse2, sse3, ssse3, sse4.1, sse4.2, popcnt, avx, aes, clmul, erms, ht, tsc, tscinvbit, tscinv

Memory: 4k page, physical 3888676k(165176k free), swap 6192232k(5100k free)

vm_info: Java HotSpot(TM) 64-Bit Server VM (25.101-b13) for windows-amd64 JRE (1.8.0_101-b13), built on Jun 22 2016 01:21:29 by "java_re" with MS VC++ 10.0 (VS2010)

time: Mon Sep 26 20:35:28 2016
elapsed time: 3 seconds (0d 0h 0m 3s)

