#
# There is insufficient memory for the Java Runtime Environment to continue.
# Native memory allocation (malloc) failed to allocate 514976 bytes for Chunk::new
# Possible reasons:
#   The system is out of physical RAM or swap space
#   In 32 bit mode, the process size limit was hit
# Possible solutions:
#   Reduce memory load on the system
#   Increase physical memory or swap space
#   Check if swap backing store is full
#   Use 64 bit Java on a 64 bit OS
#   Decrease Java heap size (-Xmx/-Xms)
#   Decrease number of Java threads
#   Decrease Java thread stack sizes (-Xss)
#   Set larger code cache with -XX:ReservedCodeCacheSize=
# This output file may be truncated or incomplete.
#
#  Out of Memory Error (allocation.cpp:390), pid=8828, tid=0x000000000000106c
#
# JRE version: Java(TM) SE Runtime Environment (8.0_101-b13) (build 1.8.0_101-b13)
# Java VM: Java HotSpot(TM) 64-Bit Server VM (25.101-b13 mixed mode windows-amd64 compressed oops)
# Failed to write core dump. Minidumps are not enabled by default on client versions of Windows
#

---------------  T H R E A D  ---------------

Current thread (0x0000000056586000):  JavaThread "C2 CompilerThread0" daemon [_thread_in_native, id=4204, stack(0x0000000055fa0000,0x00000000560a0000)]

Stack: [0x0000000055fa0000,0x00000000560a0000]
[error occurred during error reporting (printing stack bounds), id 0xc0000005]

Native frames: (J=compiled Java code, j=interpreted, Vv=VM code, C=native code)


Current CompileTask:
C2:   2814 1117   !   4       com.android.dx.cf.code.BytecodeArray::parseInstruction (2764 bytes)


---------------  P R O C E S S  ---------------

Java Threads: ( => current thread )
  0x0000000056623800 JavaThread "Service Thread" daemon [_thread_blocked, id=1128, stack(0x0000000056ec0000,0x0000000056fc0000)]
  0x00000000565b1000 JavaThread "C1 CompilerThread2" daemon [_thread_blocked, id=6268, stack(0x0000000056b00000,0x0000000056c00000)]
  0x000000005658b800 JavaThread "C2 CompilerThread1" daemon [_thread_in_native, id=8080, stack(0x0000000056d40000,0x0000000056e40000)]
=>0x0000000056586000 JavaThread "C2 CompilerThread0" daemon [_thread_in_native, id=4204, stack(0x0000000055fa0000,0x00000000560a0000)]
  0x00000000550b3000 JavaThread "Attach Listener" daemon [_thread_blocked, id=4844, stack(0x0000000056c10000,0x0000000056d10000)]
  0x00000000550b2000 JavaThread "Signal Dispatcher" daemon [_thread_blocked, id=4876, stack(0x00000000569e0000,0x0000000056ae0000)]
  0x0000000055099800 JavaThread "Finalizer" daemon [_thread_blocked, id=6072, stack(0x0000000056470000,0x0000000056570000)]
  0x0000000055052000 JavaThread "Reference Handler" daemon [_thread_blocked, id=5076, stack(0x00000000562c0000,0x00000000563c0000)]
  0x00000000025fe000 JavaThread "main" [_thread_in_vm, id=8060, stack(0x0000000002650000,0x0000000002750000)]

Other Threads:
  0x000000005504a800 VMThread [stack: 0x0000000056100000,0x0000000056200000] [id=9088]
  0x0000000056650000 WatcherThread [stack: 0x0000000056fe0000,0x00000000570e0000] [id=1496]

VM state:not at safepoint (normal execution)

VM Mutex/Monitor currently owned by a thread: None

Heap:
 PSYoungGen      total 17920K, used 6383K [0x00000000eab00000, 0x00000000ecc80000, 0x0000000100000000)
  eden space 15360K, 24% used [0x00000000eab00000,0x00000000eaebfa88,0x00000000eba00000)
  from space 2560K, 99% used [0x00000000ebc80000,0x00000000ebefc350,0x00000000ebf00000)
  to   space 2560K, 0% used [0x00000000eba00000,0x00000000eba00000,0x00000000ebc80000)
 ParOldGen       total 26624K, used 2165K [0x00000000c0000000, 0x00000000c1a00000, 0x00000000eab00000)
  object space 26624K, 8% used [0x00000000c0000000,0x00000000c021d4a8,0x00000000c1a00000)
 Metaspace       used 5652K, capacity 6832K, committed 7040K, reserved 1058816K
  class space    used 558K, capacity 616K, committed 640K, reserved 1048576K

Card table byte_map: [0x0000000011bb0000,0x0000000011dc0000] byte_map_base: 0x00000000115b0000

Marking Bits: (ParMarkBitMap*) 0x00000000698ca6d0
 Begin Bits: [0x00000000124c0000, 0x00000000134c0000)
 End Bits:   [0x00000000134c0000, 0x00000000144c0000)

Polling page: 0x0000000000430000

CodeCache: size=245760Kb used=4493Kb max_used=4493Kb free=241266Kb
 bounds [0x00000000027f0000, 0x0000000002c60000, 0x00000000117f0000]
 total_blobs=1415 nmethods=1149 adapters=179
 compilation: enabled

Compilation events (10 events):
Event: 2.800 Thread 0x000000005658b800 1148       4       com.android.dx.ssa.SsaBasicBlock::forEachPhiInsn (54 bytes)
Event: 2.800 Thread 0x00000000565b1000 nmethod 1142 0x0000000002c4d810 code [0x0000000002c4de00, 0x0000000002c51f38]
Event: 2.800 Thread 0x00000000565b1000 1149       3       com.android.dx.rop.code.PlainCstInsn::withNewRegisters (22 bytes)
Event: 2.801 Thread 0x00000000565b1000 nmethod 1149 0x0000000002c4bc10 code [0x0000000002c4bdc0, 0x0000000002c4c4e8]
Event: 2.801 Thread 0x00000000565b1000 1150       3       com.android.dx.dex.code.RopTranslator$1::visitPlainCstInsn (64 bytes)
Event: 2.802 Thread 0x00000000565b1000 nmethod 1150 0x0000000002c4b0d0 code [0x0000000002c4b260, 0x0000000002c4ba10]
Event: 2.802 Thread 0x00000000565b1000 1143       3       java.util.TreeMap::<init> (20 bytes)
Event: 2.802 Thread 0x00000000565b1000 nmethod 1143 0x0000000002c27890 code [0x0000000002c27a00, 0x0000000002c27c30]
Event: 2.802 Thread 0x00000000565b1000 1145       3       com.android.dx.rop.code.ThrowingInsn::<init> (49 bytes)
Event: 2.802 Thread 0x00000000565b1000 nmethod 1145 0x0000000002c4a950 code [0x0000000002c4aae0, 0x0000000002c4af28]

GC Heap History (6 events):
Event: 0.909 GC heap before
{Heap before GC invocations=1 (full 0):
 PSYoungGen      total 17920K, used 4320K [0x00000000eab00000, 0x00000000ebf00000, 0x0000000100000000)
  eden space 15360K, 28% used [0x00000000eab00000,0x00000000eaf380c0,0x00000000eba00000)
  from space 2560K, 0% used [0x00000000ebc80000,0x00000000ebc80000,0x00000000ebf00000)
  to   space 2560K, 0% used [0x00000000eba00000,0x00000000eba00000,0x00000000ebc80000)
 ParOldGen       total 40960K, used 0K [0x00000000c0000000, 0x00000000c2800000, 0x00000000eab00000)
  object space 40960K, 0% used [0x00000000c0000000,0x00000000c0000000,0x00000000c2800000)
 Metaspace       used 3967K, capacity 5296K, committed 5376K, reserved 1060864K
  class space    used 440K, capacity 488K, committed 512K, reserved 1048576K
Event: 0.919 GC heap after
Heap after GC invocations=1 (full 0):
 PSYoungGen      total 17920K, used 1755K [0x00000000eab00000, 0x00000000ebf00000, 0x0000000100000000)
  eden space 15360K, 0% used [0x00000000eab00000,0x00000000eab00000,0x00000000eba00000)
  from space 2560K, 68% used [0x00000000eba00000,0x00000000ebbb6e90,0x00000000ebc80000)
  to   space 2560K, 0% used [0x00000000ebc80000,0x00000000ebc80000,0x00000000ebf00000)
 ParOldGen       total 40960K, used 0K [0x00000000c0000000, 0x00000000c2800000, 0x00000000eab00000)
  object space 40960K, 0% used [0x00000000c0000000,0x00000000c0000000,0x00000000c2800000)
 Metaspace       used 3967K, capacity 5296K, committed 5376K, reserved 1060864K
  class space    used 440K, capacity 488K, committed 512K, reserved 1048576K
}
Event: 0.919 GC heap before
{Heap before GC invocations=2 (full 1):
 PSYoungGen      total 17920K, used 1755K [0x00000000eab00000, 0x00000000ebf00000, 0x0000000100000000)
  eden space 15360K, 0% used [0x00000000eab00000,0x00000000eab00000,0x00000000eba00000)
  from space 2560K, 68% used [0x00000000eba00000,0x00000000ebbb6e90,0x00000000ebc80000)
  to   space 2560K, 0% used [0x00000000ebc80000,0x00000000ebc80000,0x00000000ebf00000)
 ParOldGen       total 40960K, used 0K [0x00000000c0000000, 0x00000000c2800000, 0x00000000eab00000)
  object space 40960K, 0% used [0x00000000c0000000,0x00000000c0000000,0x00000000c2800000)
 Metaspace       used 3967K, capacity 5296K, committed 5376K, reserved 1060864K
  class space    used 440K, capacity 488K, committed 512K, reserved 1048576K
Event: 0.933 GC heap after
Heap after GC invocations=2 (full 1):
 PSYoungGen      total 17920K, used 0K [0x00000000eab00000, 0x00000000ebf00000, 0x0000000100000000)
  eden space 15360K, 0% used [0x00000000eab00000,0x00000000eab00000,0x00000000eba00000)
  from space 2560K, 0% used [0x00000000eba00000,0x00000000eba00000,0x00000000ebc80000)
  to   space 2560K, 0% used [0x00000000ebc80000,0x00000000ebc80000,0x00000000ebf00000)
 ParOldGen       total 26624K, used 1678K [0x00000000c0000000, 0x00000000c1a00000, 0x00000000eab00000)
  object space 26624K, 6% used [0x00000000c0000000,0x00000000c01a3a08,0x00000000c1a00000)
 Metaspace       used 3967K, capacity 5296K, committed 5376K, reserved 1058816K
  class space    used 440K, capacity 488K, committed 512K, reserved 1048576K
}
Event: 2.231 GC heap before
{Heap before GC invocations=3 (full 1):
 PSYoungGen      total 17920K, used 15360K [0x00000000eab00000, 0x00000000ebf00000, 0x0000000100000000)
  eden space 15360K, 100% used [0x00000000eab00000,0x00000000eba00000,0x00000000eba00000)
  from space 2560K, 0% used [0x00000000eba00000,0x00000000eba00000,0x00000000ebc80000)
  to   space 2560K, 0% used [0x00000000ebc80000,0x00000000ebc80000,0x00000000ebf00000)
 ParOldGen       total 26624K, used 1678K [0x00000000c0000000, 0x00000000c1a00000, 0x00000000eab00000)
  object space 26624K, 6% used [0x00000000c0000000,0x00000000c01a3a08,0x00000000c1a00000)
 Metaspace       used 5587K, capacity 6768K, committed 7040K, reserved 1058816K
  class space    used 558K, capacity 616K, committed 640K, reserved 1048576K
Event: 2.682 GC heap after
Heap after GC invocations=3 (full 1):
 PSYoungGen      total 17920K, used 2544K [0x00000000eab00000, 0x00000000ecc80000, 0x0000000100000000)
  eden space 15360K, 0% used [0x00000000eab00000,0x00000000eab00000,0x00000000eba00000)
  from space 2560K, 99% used [0x00000000ebc80000,0x00000000ebefc350,0x00000000ebf00000)
  to   space 2560K, 0% used [0x00000000eba00000,0x00000000eba00000,0x00000000ebc80000)
 ParOldGen       total 26624K, used 2165K [0x00000000c0000000, 0x00000000c1a00000, 0x00000000eab00000)
  object space 26624K, 8% used [0x00000000c0000000,0x00000000c021d4a8,0x00000000c1a00000)
 Metaspace       used 5587K, capacity 6768K, committed 7040K, reserved 1058816K
  class space    used 558K, capacity 616K, committed 640K, reserved 1048576K
}

Deoptimization events (2 events):
Event: 1.463 Thread 0x00000000025fe000 Uncommon trap: reason=unstable_if action=reinterpret pc=0x00000000029e2d9c method=java.util.HashMap.getNode(ILjava/lang/Object;)Ljava/util/HashMap$Node; @ 62
Event: 1.699 Thread 0x00000000025fe000 Uncommon trap: reason=class_check action=maybe_recompile pc=0x0000000002ac6f44 method=com.android.dx.ssa.NormalSsaInsn.accept(Lcom/android/dx/ssa/SsaInsn$Visitor;)V @ 9

Internal exceptions (2 events):
Event: 0.135 Thread 0x00000000025fe000 Exception <a 'java/lang/NoSuchMethodError': Method sun.misc.Unsafe.defineClass(Ljava/lang/String;[BII)Ljava/lang/Class; name or signature does not match> (0x00000000eab07cc0) thrown at [C:\re\workspace\8-2-build-windows-amd64-cygwin\jdk8u101\7261\hotspot\s8nkº2UÁ?
Event: 0.135 Thread 0x00000000025fe000 Exception <a 'java/lang/NoSuchMethodError': Method sun.misc.Unsafe.prefetchRead(Ljava/lang/Object;J)V name or signature does not match> (0x00000000eab07fa8) thrown at [C:\re\workspace\8-2-build-windows-amd64-cygwin\jdk8u101\7261\hotspot\src\share\vm\prims\

Events (10 events):
Event: 1.699 loading class java/util/TreeMap$EntryIterator done
Event: 1.699 Thread 0x00000000025fe000 Uncommon trap: trap_request=0xffffffde fr.pc=0x0000000002ac6f44
Event: 1.699 Thread 0x00000000025fe000 DEOPT PACKING pc=0x0000000002ac6f44 sp=0x000000000274e920
Event: 1.699 Thread 0x00000000025fe000 DEOPT UNPACKING pc=0x000000000283582a sp=0x000000000274e880 mode 2
Event: 1.701 Executing VM operation: ForceSafepoint
Event: 1.701 Executing VM operation: ForceSafepoint done
Event: 2.133 loading class com/android/dx/cf/attrib/AttSignature
Event: 2.133 loading class com/android/dx/cf/attrib/AttSignature done
Event: 2.231 Executing VM operation: ParallelGCFailedAllocation
Event: 2.682 Executing VM operation: ParallelGCFailedAllocation done


Dynamic libraries:
0x000000013fd10000 - 0x000000013fd47000 	C:\Program Files\Java\jdk1.8.0_101\bin\java.exe
0x00000000775b0000 - 0x000000007775a000 	C:\windows\SYSTEM32\ntdll.dll
0x0000000077490000 - 0x00000000775af000 	C:\windows\system32\kernel32.dll
0x000007fefd480000 - 0x000007fefd4ea000 	C:\windows\system32\KERNELBASE.dll
0x000007fefd6b0000 - 0x000007fefd78b000 	C:\windows\system32\ADVAPI32.dll
0x000007fefe8a0000 - 0x000007fefe93f000 	C:\windows\system32\msvcrt.dll
0x000007fefee00000 - 0x000007fefee1f000 	C:\windows\SYSTEM32\sechost.dll
0x000007feff6f0000 - 0x000007feff81d000 	C:\windows\system32\RPCRT4.dll
0x0000000077390000 - 0x000000007748a000 	C:\windows\system32\USER32.dll
0x000007fefee20000 - 0x000007fefee87000 	C:\windows\system32\GDI32.dll
0x000007fefd790000 - 0x000007fefd79e000 	C:\windows\system32\LPK.dll
0x000007fefe530000 - 0x000007fefe5fa000 	C:\windows\system32\USP10.dll
0x000007fefabf0000 - 0x000007fefade4000 	C:\windows\WinSxS\amd64_microsoft.windows.common-controls_6595b64144ccf1df_6.0.7601.18837_none_fa3b1e3d17594757\COMCTL32.dll
0x000007fefe940000 - 0x000007fefe9b1000 	C:\windows\system32\SHLWAPI.dll
0x000007fefe9d0000 - 0x000007fefe9fe000 	C:\windows\system32\IMM32.DLL
0x000007fefe600000 - 0x000007fefe709000 	C:\windows\system32\MSCTF.dll
0x000000006c950000 - 0x000000006ca22000 	C:\Program Files\Java\jdk1.8.0_101\jre\bin\msvcr100.dll
0x00000000690b0000 - 0x000000006994a000 	C:\Program Files\Java\jdk1.8.0_101\jre\bin\server\jvm.dll
0x000007fef9030000 - 0x000007fef9039000 	C:\windows\system32\WSOCK32.dll
0x000007feff160000 - 0x000007feff1ad000 	C:\windows\system32\WS2_32.dll
0x000007fefe9c0000 - 0x000007fefe9c8000 	C:\windows\system32\NSI.dll
0x000007fef5970000 - 0x000007fef59ab000 	C:\windows\system32\WINMM.dll
0x000007fefc390000 - 0x000007fefc39c000 	C:\windows\system32\VERSION.dll
0x0000000077770000 - 0x0000000077777000 	C:\windows\system32\PSAPI.DLL
0x000000006e410000 - 0x000000006e41f000 	C:\Program Files\Java\jdk1.8.0_101\jre\bin\verify.dll
0x000000006e170000 - 0x000000006e199000 	C:\Program Files\Java\jdk1.8.0_101\jre\bin\java.dll
0x000000006e3f0000 - 0x000000006e406000 	C:\Program Files\Java\jdk1.8.0_101\jre\bin\zip.dll
0x000007fefd7a0000 - 0x000007fefe52c000 	C:\windows\system32\SHELL32.dll
0x000007feff210000 - 0x000007feff413000 	C:\windows\system32\ole32.dll
0x000007fefd2f0000 - 0x000007fefd2ff000 	C:\windows\system32\profapi.dll

VM Arguments:
jvm_args: -Djava.awt.headless=true -Xmx1024M -Dfile.encoding=x-windows-949 -Duser.country=KR -Duser.language=ko -Duser.variant 
java_command: com.android.dx.command.Main --dex --output C:\Users\IT\Desktop\ERM\v1.0.1\v1.0.1\app\build\intermediates\pre-dexed\debug\YouTubeAndroidPlayerApi_0ae4df602f2cd46df02cb96d974eeb001f947ab4.jar C:\Users\IT\Desktop\ERM\v1.0.1\v1.0.1\app\libs\YouTubeAndroidPlayerApi.jar
java_class_path (initial): C:\Users\IT\AppData\Local\Android\sdk\build-tools\22.0.1\lib\dx.jar
Launcher Type: SUN_STANDARD

Environment Variables:
JAVA_HOME=C:\Program Files (x86)\Java\jre1.8.0_101
PATH=C:\ProgramData\Oracle\Java\javapath;C:\Program Files\Common Files\Microsoft Shared\Windows Live;C:\Program Files (x86)\Common Files\Microsoft Shared\Windows Live;C:\Program Files (x86)\Intel\iCLS Client\;C:\Program Files\Intel\iCLS Client\;C:\windows\system32;C:\windows;C:\windows\System32\Wbem;C:\windows\System32\WindowsPowerShell\v1.0\;C:\Program Files\Intel\Intel(R) Management Engine Components\DAL;C:\Program Files\Intel\Intel(R) Management Engine Components\IPT;C:\Program Files (x86)\Intel\Intel(R) Management Engine Components\DAL;C:\Program Files (x86)\Intel\Intel(R) Management Engine Components\IPT;C:\Program Files (x86)\Intel\OpenCL SDK\2.0\bin\x86;C:\Program Files (x86)\Intel\OpenCL SDK\2.0\bin\x64;C:\Program Files\Intel\WiFi\bin\;C:\Program Files\Common Files\Intel\WirelessCommon\;C:\Program Files (x86)\Windows Live\Shared;C:\Program Files\Java\jdk1.7.0_79\bin;C:\openssl-0.9.8e_X64\bin;C:\Program Files\Git\cmd
USERNAME=IT
OS=Windows_NT
PROCESSOR_IDENTIFIER=Intel64 Family 6 Model 58 Stepping 9, GenuineIntel



---------------  S Y S T E M  ---------------

OS: Windows 7 , 64 bit Build 7601 (6.1.7601.23418)

CPU:total 4 (2 cores per cpu, 2 threads per core) family 6 model 58 stepping 9, cmov, cx8, fxsr, mmx, sse, sse2, sse3, ssse3, sse4.1, sse4.2, popcnt, avx, aes, clmul, erms, ht, tsc, tscinvbit, tscinv

Memory: 4k page, physical 3888676k(130448k free), swap 6192232k(5312k free)

vm_info: Java HotSpot(TM) 64-Bit Server VM (25.101-b13) for windows-amd64 JRE (1.8.0_101-b13), built on Jun 22 2016 01:21:29 by "java_re" with MS VC++ 10.0 (VS2010)

time: Mon Sep 26 20:35:36 2016
elapsed time: 2 seconds (0d 0h 0m 2s)

