#
# There is insufficient memory for the Java Runtime Environment to continue.
# Native memory allocation (malloc) failed to allocate 32744 bytes for ChunkPool::allocate
# Possible reasons:
#   The system is out of physical RAM or swap space
#   In 32 bit mode, the process size limit was hit
# Possible solutions:
#   Reduce memory load on the system
#   Increase physical memory or swap space
#   Check if swap backing store is full
#   Use 64 bit Java on a 64 bit OS
#   Decrease Java heap size (-Xmx/-Xms)
#   Decrease number of Java threads
#   Decrease Java thread stack sizes (-Xss)
#   Set larger code cache with -XX:ReservedCodeCacheSize=
# This output file may be truncated or incomplete.
#
#  Out of Memory Error (allocation.cpp:273), pid=4616, tid=0x00000000000017dc
#
# JRE version: Java(TM) SE Runtime Environment (8.0_101-b13) (build 1.8.0_101-b13)
# Java VM: Java HotSpot(TM) 64-Bit Server VM (25.101-b13 mixed mode windows-amd64 compressed oops)
# Failed to write core dump. Minidumps are not enabled by default on client versions of Windows
#

---------------  T H R E A D  ---------------

Current thread (0x0000000056725800):  JavaThread "C1 CompilerThread2" daemon [_thread_in_native, id=6108, stack(0x0000000056d20000,0x0000000056e20000)]

Stack: [0x0000000056d20000,0x0000000056e20000]
[error occurred during error reporting (printing stack bounds), id 0xc0000005]

Native frames: (J=compiled Java code, j=interpreted, Vv=VM code, C=native code)


Current CompileTask:
C1:   1068  515   !   3      
[error occurred during error reporting (printing current compile task), id 0xe0000001]


---------------  P R O C E S S  ---------------

Java Threads: ( => current thread )
  0x0000000056741000 JavaThread "Service Thread" daemon [_thread_blocked, id=8756, stack(0x00000000570b0000,0x00000000571b0000)]
=>0x0000000056725800 JavaThread "C1 CompilerThread2" daemon [_thread_in_native, id=6108, stack(0x0000000056d20000,0x0000000056e20000)]
  0x000000005671c800 JavaThread "C2 CompilerThread1" daemon [_thread_in_vm, id=8232, stack(0x0000000056fa0000,0x00000000570a0000)]
  0x00000000566c6000 JavaThread "C2 CompilerThread0" daemon [_thread_in_vm, id=8896, stack(0x0000000056e40000,0x0000000056f40000)]
  0x0000000055292000 JavaThread "Attach Listener" daemon [_thread_blocked, id=7704, stack(0x00000000562d0000,0x00000000563d0000)]
  0x0000000055291000 JavaThread "Signal Dispatcher" daemon [_thread_blocked, id=3760, stack(0x0000000056ba0000,0x0000000056ca0000)]
  0x0000000055279800 JavaThread "Finalizer" daemon [_thread_blocked, id=8928, stack(0x00000000565b0000,0x00000000566b0000)]
  0x0000000055232000 JavaThread "Reference Handler" daemon [_thread_blocked, id=4424, stack(0x0000000056410000,0x0000000056510000)]
  0x0000000001d6e000 JavaThread "main" [_thread_in_Java, id=4780, stack(0x00000000025a0000,0x00000000026a0000)]

Other Threads:
  0x000000005522a800 VMThread [stack: 0x0000000056180000,0x0000000056280000] [id=7092]
  0x0000000056791800 WatcherThread [stack: 0x0000000057250000,0x0000000057350000] [id=7280]

VM state:not at safepoint (normal execution)

VM Mutex/Monitor currently owned by a thread: None

Heap:
 PSYoungGen      total 17920K, used 8985K [0x00000000eab00000, 0x00000000ebf00000, 0x0000000100000000)
  eden space 15360K, 58% used [0x00000000eab00000,0x00000000eb3c6560,0x00000000eba00000)
  from space 2560K, 0% used [0x00000000ebc80000,0x00000000ebc80000,0x00000000ebf00000)
  to   space 2560K, 0% used [0x00000000eba00000,0x00000000eba00000,0x00000000ebc80000)
 ParOldGen       total 40960K, used 0K [0x00000000c0000000, 0x00000000c2800000, 0x00000000eab00000)
  object space 40960K, 0% used [0x00000000c0000000,0x00000000c0000000,0x00000000c2800000)
 Metaspace       used 5228K, capacity 6448K, committed 6528K, reserved 1056768K
  class space    used 559K, capacity 616K, committed 640K, reserved 1048576K

Card table byte_map: [0x0000000011b60000,0x0000000011d70000] byte_map_base: 0x0000000011560000

Marking Bits: (ParMarkBitMap*) 0x00000000698ca6d0
 Begin Bits: [0x00000000126a0000, 0x00000000136a0000)
 End Bits:   [0x00000000136a0000, 0x00000000146a0000)

Polling page: 0x0000000000230000

CodeCache: size=245760Kb used=2060Kb max_used=2060Kb free=243699Kb
 bounds [0x00000000027a0000, 0x0000000002a10000, 0x00000000117a0000]
 total_blobs=776 nmethods=510 adapters=179
 compilation: enabled

Compilation events (10 events):
Event: 1.053 Thread 0x0000000056725800 nmethod 509 0x0000000002994190 code [0x0000000002994300, 0x0000000002994528]
Event: 1.053 Thread 0x0000000056725800  507       3       com.android.dx.ssa.SsaMethod::updateOneDefinition (70 bytes)
Event: 1.053 Thread 0x0000000056725800 nmethod 507 0x00000000029a12d0 code [0x00000000029a1480, 0x00000000029a1c88]
Event: 1.053 Thread 0x0000000056725800  508       3       com.android.dx.ssa.SsaInsn::mapRegisters (35 bytes)
Event: 1.054 Thread 0x0000000056725800 nmethod 508 0x00000000029a1f90 code [0x00000000029a2120, 0x00000000029a2588]
Event: 1.054 Thread 0x0000000056725800  511       3       com.android.dx.util.LabeledList::set (45 bytes)
Event: 1.055 Thread 0x0000000056725800 nmethod 511 0x00000000029a26d0 code [0x00000000029a2900, 0x00000000029a3628]
Event: 1.055 Thread 0x0000000056725800  510       3       com.android.dx.rop.code.CstInsn::<init> (31 bytes)
Event: 1.055 Thread 0x0000000056725800 nmethod 510 0x00000000029a3e10 code [0x00000000029a3f80, 0x00000000029a4238]
Event: 1.055 Thread 0x0000000056725800  515   !   3       com.android.dx.cf.code.BytecodeArray::parseInstruction (2764 bytes)

GC Heap History (0 events):
No events

Deoptimization events (0 events):
No events

Internal exceptions (2 events):
Event: 0.137 Thread 0x0000000001d6e000 Exception <a 'java/lang/NoSuchMethodError': Method sun.misc.Unsafe.defineClass(Ljava/lang/String;[BII)Ljava/lang/Class; name or signature does not match> (0x00000000eab07cc0) thrown at [C:\re\workspace\8-2-build-windows-amd64-cygwin\jdk8u101\7261\hotspot\sŒO¿ˆê€Á?
Event: 0.137 Thread 0x0000000001d6e000 Exception <a 'java/lang/NoSuchMethodError': Method sun.misc.Unsafe.prefetchRead(Ljava/lang/Object;J)V name or signature does not match> (0x00000000eab07fa8) thrown at [C:\re\workspace\8-2-build-windows-amd64-cygwin\jdk8u101\7261\hotspot\src\share\vm\prims\

Events (10 events):
Event: 1.014 loading class com/android/dx/dex/file/AnnotationItem$TypeIdSorter
Event: 1.014 loading class com/android/dx/dex/file/AnnotationItem$TypeIdSorter done
Event: 1.015 loading class com/android/dx/dex/file/TypeIdItem
Event: 1.015 loading class com/android/dx/dex/file/TypeIdItem done
Event: 1.015 loading class com/android/dx/dex/file/ValueEncoder
Event: 1.015 loading class com/android/dx/dex/file/ValueEncoder done
Event: 1.016 loading class com/android/dx/dex/file/StringIdItem
Event: 1.016 loading class com/android/dx/dex/file/StringIdItem done
Event: 1.017 loading class com/android/dx/dex/file/StringDataItem
Event: 1.017 loading class com/android/dx/dex/file/StringDataItem done


Dynamic libraries:
0x000000013fd10000 - 0x000000013fd47000 	C:\Program Files\Java\jdk1.8.0_101\bin\java.exe
0x00000000775b0000 - 0x000000007775a000 	C:\windows\SYSTEM32\ntdll.dll
0x0000000077490000 - 0x00000000775af000 	C:\windows\system32\kernel32.dll
0x000007fefd480000 - 0x000007fefd4ea000 	C:\windows\system32\KERNELBASE.dll
0x000007fefd6b0000 - 0x000007fefd78b000 	C:\windows\system32\ADVAPI32.dll
0x000007fefe8a0000 - 0x000007fefe93f000 	C:\windows\system32\msvcrt.dll
0x000007fefee00000 - 0x000007fefee1f000 	C:\windows\SYSTEM32\sechost.dll
0x000007feff6f0000 - 0x000007feff81d000 	C:\windows\system32\RPCRT4.dll
0x0000000077390000 - 0x000000007748a000 	C:\windows\system32\USER32.dll
0x000007fefee20000 - 0x000007fefee87000 	C:\windows\system32\GDI32.dll
0x000007fefd790000 - 0x000007fefd79e000 	C:\windows\system32\LPK.dll
0x000007fefe530000 - 0x000007fefe5fa000 	C:\windows\system32\USP10.dll
0x000007fefabf0000 - 0x000007fefade4000 	C:\windows\WinSxS\amd64_microsoft.windows.common-controls_6595b64144ccf1df_6.0.7601.18837_none_fa3b1e3d17594757\COMCTL32.dll
0x000007fefe940000 - 0x000007fefe9b1000 	C:\windows\system32\SHLWAPI.dll
0x000007fefe9d0000 - 0x000007fefe9fe000 	C:\windows\system32\IMM32.DLL
0x000007fefe600000 - 0x000007fefe709000 	C:\windows\system32\MSCTF.dll
0x000000006c950000 - 0x000000006ca22000 	C:\Program Files\Java\jdk1.8.0_101\jre\bin\msvcr100.dll
0x00000000690b0000 - 0x000000006994a000 	C:\Program Files\Java\jdk1.8.0_101\jre\bin\server\jvm.dll
0x000007fef9030000 - 0x000007fef9039000 	C:\windows\system32\WSOCK32.dll
0x000007feff160000 - 0x000007feff1ad000 	C:\windows\system32\WS2_32.dll
0x000007fefe9c0000 - 0x000007fefe9c8000 	C:\windows\system32\NSI.dll
0x000007fef5970000 - 0x000007fef59ab000 	C:\windows\system32\WINMM.dll
0x000007fefc390000 - 0x000007fefc39c000 	C:\windows\system32\VERSION.dll
0x0000000077770000 - 0x0000000077777000 	C:\windows\system32\PSAPI.DLL
0x000000006e410000 - 0x000000006e41f000 	C:\Program Files\Java\jdk1.8.0_101\jre\bin\verify.dll
0x000000006e170000 - 0x000000006e199000 	C:\Program Files\Java\jdk1.8.0_101\jre\bin\java.dll
0x000000006e3f0000 - 0x000000006e406000 	C:\Program Files\Java\jdk1.8.0_101\jre\bin\zip.dll
0x000007fefd7a0000 - 0x000007fefe52c000 	C:\windows\system32\SHELL32.dll
0x000007feff210000 - 0x000007feff413000 	C:\windows\system32\ole32.dll
0x000007fefd2f0000 - 0x000007fefd2ff000 	C:\windows\system32\profapi.dll

VM Arguments:
jvm_args: -Djava.awt.headless=true -Xmx1024M -Dfile.encoding=x-windows-949 -Duser.country=KR -Duser.language=ko -Duser.variant 
java_command: com.android.dx.command.Main --dex --output C:\Users\IT\Desktop\ERM\v1.0.1\v1.0.1\app\build\intermediates\pre-dexed\debug\Naverspeech-1.0.4_5f7e9caf4ca2f7c0a64f940b9b8a96f161293541.jar C:\Users\IT\Desktop\ERM\v1.0.1\v1.0.1\app\libs\Naverspeech-1.0.4.jar
java_class_path (initial): C:\Users\IT\AppData\Local\Android\sdk\build-tools\22.0.1\lib\dx.jar
Launcher Type: SUN_STANDARD

Environment Variables:



---------------  S Y S T E M  ---------------

OS: Windows 7 , 64 bit Build 7601 (6.1.7601.23418)

CPU:total 4 (2 cores per cpu, 2 threads per core) family 6 model 58 stepping 9, cmov, cx8, fxsr, mmx, sse, sse2, sse3, ssse3, sse4.1, sse4.2, popcnt, avx, aes, clmul, erms, ht, tsc, tscinvbit, tscinv

Memory: 4k page, physical 3888676k(168672k free), swap 6192232k(5096k free)

vm_info: Java HotSpot(TM) 64-Bit Server VM (25.101-b13) for windows-amd64 JRE (1.8.0_101-b13), built on Jun 22 2016 01:21:29 by "java_re" with MS VC++ 10.0 (VS2010)

time: Mon Sep 26 20:35:37 2016
elapsed time: 1 seconds (0d 0h 0m 1s)

