#
# There is insufficient memory for the Java Runtime Environment to continue.
# Native memory allocation (malloc) failed to allocate 32784 bytes for Chunk::new
# Possible reasons:
#   The system is out of physical RAM or swap space
#   In 32 bit mode, the process size limit was hit
# Possible solutions:
#   Reduce memory load on the system
#   Increase physical memory or swap space
#   Check if swap backing store is full
#   Use 64 bit Java on a 64 bit OS
#   Decrease Java heap size (-Xmx/-Xms)
#   Decrease number of Java threads
#   Decrease Java thread stack sizes (-Xss)
#   Set larger code cache with -XX:ReservedCodeCacheSize=
# This output file may be truncated or incomplete.
#
#  Out of Memory Error (allocation.cpp:390), pid=5276, tid=0x00000000000017f4
#
# JRE version: Java(TM) SE Runtime Environment (8.0_101-b13) (build 1.8.0_101-b13)
# Java VM: Java HotSpot(TM) 64-Bit Server VM (25.101-b13 mixed mode windows-amd64 compressed oops)
# Failed to write core dump. Minidumps are not enabled by default on client versions of Windows
#

---------------  T H R E A D  ---------------

Current thread (0x0000000054d0c800):  JavaThread "C2 CompilerThread0" daemon [_thread_in_native, id=6132, stack(0x0000000056920000,0x0000000056a20000)]

Stack: [0x0000000056920000,0x0000000056a20000]
[error occurred during error reporting (printing stack bounds), id 0xc0000005]

Native frames: (J=compiled Java code, j=interpreted, Vv=VM code, C=native code)


Current CompileTask:
C2:  26764 2080   !   4      
[error occurred during error reporting (printing current compile task), id 0xe0000001]


---------------  P R O C E S S  ---------------

Java Threads: ( => current thread )
  0x0000000056245800 JavaThread "Service Thread" daemon [_thread_blocked, id=3864, stack(0x0000000056c00000,0x0000000056d00000)]
  0x00000000561bf000 JavaThread "C1 CompilerThread2" daemon [_thread_blocked, id=7116, stack(0x0000000056d00000,0x0000000056e00000)]
  0x00000000561be000 JavaThread "C2 CompilerThread1" daemon [_thread_in_native, id=7856, stack(0x0000000056a40000,0x0000000056b40000)]
=>0x0000000054d0c800 JavaThread "C2 CompilerThread0" daemon [_thread_in_native, id=6132, stack(0x0000000056920000,0x0000000056a20000)]
  0x00000000561b2800 JavaThread "Attach Listener" daemon [_thread_blocked, id=3592, stack(0x0000000056760000,0x0000000056860000)]
  0x0000000054d05000 JavaThread "Signal Dispatcher" daemon [_thread_blocked, id=6708, stack(0x00000000565c0000,0x00000000566c0000)]
  0x0000000054cee800 JavaThread "Finalizer" daemon [_thread_blocked, id=6964, stack(0x00000000560a0000,0x00000000561a0000)]
  0x0000000054ca7800 JavaThread "Reference Handler" daemon [_thread_blocked, id=1712, stack(0x0000000055e80000,0x0000000055f80000)]
  0x00000000021ce000 JavaThread "main" [_thread_in_Java, id=2776, stack(0x0000000002500000,0x0000000002600000)]

Other Threads:
  0x0000000054ca0000 VMThread [stack: 0x0000000055ce0000,0x0000000055de0000] [id=6012]
  0x000000005626e000 WatcherThread [stack: 0x0000000056f00000,0x0000000057000000] [id=7236]

VM state:not at safepoint (normal execution)

VM Mutex/Monitor currently owned by a thread: None

Heap:
 PSYoungGen      total 134144K, used 25763K [0x00000000eab00000, 0x00000000f6c80000, 0x0000000100000000)
  eden space 105472K, 9% used [0x00000000eab00000,0x00000000eb539480,0x00000000f1200000)
  from space 28672K, 53% used [0x00000000f1200000,0x00000000f20efb30,0x00000000f2e00000)
  to   space 31232K, 0% used [0x00000000f4e00000,0x00000000f4e00000,0x00000000f6c80000)
 ParOldGen       total 130560K, used 74647K [0x00000000c0000000, 0x00000000c7f80000, 0x00000000eab00000)
  object space 130560K, 57% used [0x00000000c0000000,0x00000000c48e5c88,0x00000000c7f80000)
 Metaspace       used 6239K, capacity 7216K, committed 7296K, reserved 1056768K
  class space    used 592K, capacity 616K, committed 640K, reserved 1048576K

Card table byte_map: [0x00000000119c0000,0x0000000011bd0000] byte_map_base: 0x00000000113c0000

Marking Bits: (ParMarkBitMap*) 0x0000000070c4a6d0
 Begin Bits: [0x0000000012110000, 0x0000000013110000)
 End Bits:   [0x0000000013110000, 0x0000000014110000)

Polling page: 0x0000000000310000

CodeCache: size=245760Kb used=9181Kb max_used=9181Kb free=236578Kb
 bounds [0x0000000002600000, 0x0000000002f10000, 0x0000000011600000]
 total_blobs=2294 nmethods=2027 adapters=180
 compilation: enabled

Compilation events (10 events):
Event: 26.610 Thread 0x00000000561bf000 2145       2       com.android.dx.util.ListIntSet$1::hasNext (23 bytes)
Event: 26.611 Thread 0x00000000561bf000 nmethod 2145 0x0000000002efc790 code [0x0000000002efc8e0, 0x0000000002efca50]
Event: 26.612 Thread 0x00000000561bf000 2146       2       com.android.dx.util.ListIntSet::iterator (9 bytes)
Event: 26.613 Thread 0x00000000561bf000 nmethod 2146 0x0000000002efc410 code [0x0000000002efc560, 0x0000000002efc710]
Event: 26.614 Thread 0x00000000561bf000 2147       2       com.android.dx.util.ListIntSet$1::next (37 bytes)
Event: 26.615 Thread 0x00000000561bf000 nmethod 2147 0x0000000002efbed0 code [0x0000000002efc040, 0x0000000002efc298]
Event: 26.619 Thread 0x00000000561be000 nmethod 1917 0x0000000002efedd0 code [0x0000000002efef40, 0x0000000002eff398]
Event: 26.620 Thread 0x00000000561be000 2144       4       com.android.dx.ssa.SsaConverter::placePhiFunctions (394 bytes)
Event: 26.695 Thread 0x00000000561bf000 2149       2       com.android.dx.ssa.back.FirstFitLocalCombiningAllocator::handleCheckCastResults (413 bytes)
Event: 26.707 Thread 0x00000000561bf000 nmethod 2149 0x0000000002effa50 code [0x0000000002effe20, 0x0000000002f00ef8]

GC Heap History (10 events):
Event: 16.690 GC heap before
{Heap before GC invocations=9 (full 0):
 PSYoungGen      total 130560K, used 130540K [0x00000000eab00000, 0x00000000f4100000, 0x0000000100000000)
  eden space 118272K, 100% used [0x00000000eab00000,0x00000000f1e80000,0x00000000f1e80000)
  from space 12288K, 99% used [0x00000000f2e00000,0x00000000f39fb300,0x00000000f3a00000)
  to   space 15872K, 0% used [0x00000000f1e80000,0x00000000f1e80000,0x00000000f2e00000)
 ParOldGen       total 40960K, used 27446K [0x00000000c0000000, 0x00000000c2800000, 0x00000000eab00000)
  object space 40960K, 67% used [0x00000000c0000000,0x00000000c1acd9a8,0x00000000c2800000)
 Metaspace       used 6150K, capacity 7152K, committed 7296K, reserved 1056768K
  class space    used 590K, capacity 616K, committed 640K, reserved 1048576K
Event: 17.131 GC heap after
Heap after GC invocations=9 (full 0):
 PSYoungGen      total 134144K, used 15859K [0x00000000eab00000, 0x00000000f4100000, 0x0000000100000000)
  eden space 118272K, 0% used [0x00000000eab00000,0x00000000eab00000,0x00000000f1e80000)
  from space 15872K, 99% used [0x00000000f1e80000,0x00000000f2dfcc70,0x00000000f2e00000)
  to   space 12288K, 0% used [0x00000000f2e00000,0x00000000f2e00000,0x00000000f3a00000)
 ParOldGen       total 40960K, used 40256K [0x00000000c0000000, 0x00000000c2800000, 0x00000000eab00000)
  object space 40960K, 98% used [0x00000000c0000000,0x00000000c2750370,0x00000000c2800000)
 Metaspace       used 6150K, capacity 7152K, committed 7296K, reserved 1056768K
  class space    used 590K, capacity 616K, committed 640K, reserved 1048576K
}
Event: 17.131 GC heap before
{Heap before GC invocations=10 (full 1):
 PSYoungGen      total 134144K, used 15859K [0x00000000eab00000, 0x00000000f4100000, 0x0000000100000000)
  eden space 118272K, 0% used [0x00000000eab00000,0x00000000eab00000,0x00000000f1e80000)
  from space 15872K, 99% used [0x00000000f1e80000,0x00000000f2dfcc70,0x00000000f2e00000)
  to   space 12288K, 0% used [0x00000000f2e00000,0x00000000f2e00000,0x00000000f3a00000)
 ParOldGen       total 40960K, used 40256K [0x00000000c0000000, 0x00000000c2800000, 0x00000000eab00000)
  object space 40960K, 98% used [0x00000000c0000000,0x00000000c2750370,0x00000000c2800000)
 Metaspace       used 6150K, capacity 7152K, committed 7296K, reserved 1056768K
  class space    used 590K, capacity 616K, committed 640K, reserved 1048576K
Event: 18.708 GC heap after
Heap after GC invocations=10 (full 1):
 PSYoungGen      total 134144K, used 11167K [0x00000000eab00000, 0x00000000f4100000, 0x0000000100000000)
  eden space 118272K, 0% used [0x00000000eab00000,0x00000000eab00000,0x00000000f1e80000)
  from space 15872K, 70% used [0x00000000f1e80000,0x00000000f2967ec8,0x00000000f2e00000)
  to   space 12288K, 0% used [0x00000000f2e00000,0x00000000f2e00000,0x00000000f3a00000)
 ParOldGen       total 74752K, used 40799K [0x00000000c0000000, 0x00000000c4900000, 0x00000000eab00000)
  object space 74752K, 54% used [0x00000000c0000000,0x00000000c27d7f78,0x00000000c4900000)
 Metaspace       used 6150K, capacity 7152K, committed 7296K, reserved 1056768K
  class space    used 590K, capacity 616K, committed 640K, reserved 1048576K
}
Event: 21.498 GC heap before
{Heap before GC invocations=11 (full 1):
 PSYoungGen      total 134144K, used 129439K [0x00000000eab00000, 0x00000000f4100000, 0x0000000100000000)
  eden space 118272K, 100% used [0x00000000eab00000,0x00000000f1e80000,0x00000000f1e80000)
  from space 15872K, 70% used [0x00000000f1e80000,0x00000000f2967ec8,0x00000000f2e00000)
  to   space 12288K, 0% used [0x00000000f2e00000,0x00000000f2e00000,0x00000000f3a00000)
 ParOldGen       total 74752K, used 40799K [0x00000000c0000000, 0x00000000c4900000, 0x00000000eab00000)
  object space 74752K, 54% used [0x00000000c0000000,0x00000000c27d7f78,0x00000000c4900000)
 Metaspace       used 6167K, capacity 7152K, committed 7296K, reserved 1056768K
  class space    used 590K, capacity 616K, committed 640K, reserved 1048576K
Event: 21.731 GC heap after
Heap after GC invocations=11 (full 1):
 PSYoungGen      total 117760K, used 12266K [0x00000000eab00000, 0x00000000f7680000, 0x0000000100000000)
  eden space 105472K, 0% used [0x00000000eab00000,0x00000000eab00000,0x00000000f1200000)
  from space 12288K, 99% used [0x00000000f2e00000,0x00000000f39fa830,0x00000000f3a00000)
  to   space 28672K, 0% used [0x00000000f1200000,0x00000000f1200000,0x00000000f2e00000)
 ParOldGen       total 74752K, used 57449K [0x00000000c0000000, 0x00000000c4900000, 0x00000000eab00000)
  object space 74752K, 76% used [0x00000000c0000000,0x00000000c381a458,0x00000000c4900000)
 Metaspace       used 6167K, capacity 7152K, committed 7296K, reserved 1056768K
  class space    used 590K, capacity 616K, committed 640K, reserved 1048576K
}
Event: 24.416 GC heap before
{Heap before GC invocations=12 (full 1):
 PSYoungGen      total 117760K, used 117738K [0x00000000eab00000, 0x00000000f7680000, 0x0000000100000000)
  eden space 105472K, 100% used [0x00000000eab00000,0x00000000f1200000,0x00000000f1200000)
  from space 12288K, 99% used [0x00000000f2e00000,0x00000000f39fa830,0x00000000f3a00000)
  to   space 28672K, 0% used [0x00000000f1200000,0x00000000f1200000,0x00000000f2e00000)
 ParOldGen       total 74752K, used 57449K [0x00000000c0000000, 0x00000000c4900000, 0x00000000eab00000)
  object space 74752K, 76% used [0x00000000c0000000,0x00000000c381a458,0x00000000c4900000)
 Metaspace       used 6228K, capacity 7216K, committed 7296K, reserved 1056768K
  class space    used 591K, capacity 616K, committed 640K, reserved 1048576K
Event: 24.657 GC heap after
Heap after GC invocations=12 (full 1):
 PSYoungGen      total 134144K, used 23152K [0x00000000eab00000, 0x00000000f6c80000, 0x0000000100000000)
  eden space 105472K, 0% used [0x00000000eab00000,0x00000000eab00000,0x00000000f1200000)
  from space 28672K, 80% used [0x00000000f1200000,0x00000000f289c170,0x00000000f2e00000)
  to   space 31232K, 0% used [0x00000000f4e00000,0x00000000f4e00000,0x00000000f6c80000)
 ParOldGen       total 74752K, used 69756K [0x00000000c0000000, 0x00000000c4900000, 0x00000000eab00000)
  object space 74752K, 93% used [0x00000000c0000000,0x00000000c441f3c0,0x00000000c4900000)
 Metaspace       used 6228K, capacity 7216K, committed 7296K, reserved 1056768K
  class space    used 591K, capacity 616K, committed 640K, reserved 1048576K
}
Event: 24.657 GC heap before
{Heap before GC invocations=13 (full 2):
 PSYoungGen      total 134144K, used 23152K [0x00000000eab00000, 0x00000000f6c80000, 0x0000000100000000)
  eden space 105472K, 0% used [0x00000000eab00000,0x00000000eab00000,0x00000000f1200000)
  from space 28672K, 80% used [0x00000000f1200000,0x00000000f289c170,0x00000000f2e00000)
  to   space 31232K, 0% used [0x00000000f4e00000,0x00000000f4e00000,0x00000000f6c80000)
 ParOldGen       total 74752K, used 69756K [0x00000000c0000000, 0x00000000c4900000, 0x00000000eab00000)
  object space 74752K, 93% used [0x00000000c0000000,0x00000000c441f3c0,0x00000000c4900000)
 Metaspace       used 6228K, capacity 7216K, committed 7296K, reserved 1056768K
  class space    used 591K, capacity 616K, committed 640K, reserved 1048576K
Event: 26.562 GC heap after
Heap after GC invocations=13 (full 2):
 PSYoungGen      total 134144K, used 15294K [0x00000000eab00000, 0x00000000f6c80000, 0x0000000100000000)
  eden space 105472K, 0% used [0x00000000eab00000,0x00000000eab00000,0x00000000f1200000)
  from space 28672K, 53% used [0x00000000f1200000,0x00000000f20efb30,0x00000000f2e00000)
  to   space 31232K, 0% used [0x00000000f4e00000,0x00000000f4e00000,0x00000000f6c80000)
 ParOldGen       total 130560K, used 74647K [0x00000000c0000000, 0x00000000c7f80000, 0x00000000eab00000)
  object space 130560K, 57% used [0x00000000c0000000,0x00000000c48e5c88,0x00000000c7f80000)
 Metaspace       used 6228K, capacity 7216K, committed 7296K, reserved 1056768K
  class space    used 591K, capacity 616K, committed 640K, reserved 1048576K
}

Deoptimization events (10 events):
Event: 22.845 Thread 0x00000000021ce000 Uncommon trap: reason=class_check action=maybe_recompile pc=0x0000000002e1eb10 method=com.android.dx.cf.code.Ropper.processBlock(Lcom/android/dx/cf/code/ByteBlock;Lcom/android/dx/cf/code/Frame;[I)V @ 777
Event: 22.845 Thread 0x00000000021ce000 Uncommon trap: reason=class_check action=maybe_recompile pc=0x0000000002e1eb10 method=com.android.dx.cf.code.Ropper.processBlock(Lcom/android/dx/cf/code/ByteBlock;Lcom/android/dx/cf/code/Frame;[I)V @ 777
Event: 23.561 Thread 0x00000000021ce000 Uncommon trap: reason=bimorphic action=maybe_recompile pc=0x0000000002db3b14 method=com.android.dx.rop.code.RegisterSpec.getFrameType()Lcom/android/dx/rop/type/TypeBearer; @ 4
Event: 23.623 Thread 0x00000000021ce000 Uncommon trap: reason=bimorphic action=maybe_recompile pc=0x0000000002db3b14 method=com.android.dx.rop.code.RegisterSpec.getFrameType()Lcom/android/dx/rop/type/TypeBearer; @ 4
Event: 23.831 Thread 0x00000000021ce000 Uncommon trap: reason=bimorphic action=maybe_recompile pc=0x0000000002db3b14 method=com.android.dx.rop.code.RegisterSpec.getFrameType()Lcom/android/dx/rop/type/TypeBearer; @ 4
Event: 23.844 Thread 0x00000000021ce000 Uncommon trap: reason=bimorphic action=maybe_recompile pc=0x0000000002d2977c method=com.android.dx.rop.code.RegisterSpec.getFrameType()Lcom/android/dx/rop/type/TypeBearer; @ 4
Event: 24.105 Thread 0x00000000021ce000 Uncommon trap: reason=unstable_if action=reinterpret pc=0x0000000002e37dd4 method=com.android.dx.cf.code.Simulator$SimVisitor.visitLocal(IIIILcom/android/dx/rop/type/Type;I)V @ 222
Event: 24.124 Thread 0x00000000021ce000 Uncommon trap: reason=unstable_if action=reinterpret pc=0x0000000002c7be6c method=com.android.dx.ssa.SCCP.simulateBranch(Lcom/android/dx/ssa/SsaInsn;)V @ 548
Event: 26.572 Thread 0x00000000021ce000 Uncommon trap: reason=predicate action=maybe_recompile pc=0x0000000002e6d7ec method=com.android.dx.ssa.DomFront.run()[Lcom/android/dx/ssa/DomFront$DomInfo; @ 175
Event: 26.608 Thread 0x00000000021ce000 Uncommon trap: reason=class_check action=maybe_recompile pc=0x0000000002e0c394 method=com.android.dx.ssa.SsaConverter.placePhiFunctions(Lcom/android/dx/ssa/SsaMethod;Lcom/android/dx/ssa/LocalVariableInfo;I)V @ 257

Internal exceptions (9 events):
Event: 0.089 Thread 0x00000000021ce000 Exception <a 'java/lang/NoSuchMethodError': Method sun.misc.Unsafe.defineClass(Ljava/lang/String;[BII)Ljava/lang/Class; name or signature does not match> (0x00000000eab07cc0) thrown at [C:\re\workspace\8-2-build-windows-amd64-cygwin\jdk8u101\7261\hotspot\s'ÞþuKï¶?
Event: 0.090 Thread 0x00000000021ce000 Exception <a 'java/lang/NoSuchMethodError': Method sun.misc.Unsafe.prefetchRead(Ljava/lang/Object;J)V name or signature does not match> (0x00000000eab07fa8) thrown at [C:\re\workspace\8-2-build-windows-amd64-cygwin\jdk8u101\7261\hotspot\src\share\vm\prims\Ëõ«? @
Event: 4.281 Thread 0x00000000021ce000 Implicit null exception at 0x000000000296ea86 to 0x0000000002970769
Event: 4.282 Thread 0x00000000021ce000 Implicit null exception at 0x00000000029618a1 to 0x0000000002963379
Event: 5.202 Thread 0x00000000021ce000 Implicit null exception at 0x0000000002ab8940 to 0x0000000002ab8ab1
Event: 10.567 Thread 0x00000000021ce000 Exception <a 'java/lang/ArrayIndexOutOfBoundsException': 18> (0x00000000ed4b6ba8) thrown at [C:\re\workspace\8-2-build-windows-amd64-cygwin\jdk8u101\7261\hotspot\src\share\vm\interpreter\interpreterRuntime.cpp, line 366]
Event: 10.570 Thread 0x00000000021ce000 Exception <a 'java/lang/ArrayIndexOutOfBoundsException'> (0x00000000ed4b8728) thrown at [C:\re\workspace\8-2-build-windows-amd64-cygwin\jdk8u101\7261\hotspot\src\share\vm\runtime\sharedRuntime.cpp, line 605]
Event: 10.573 Thread 0x00000000021ce000 Exception <a 'java/lang/ArrayIndexOutOfBoundsException'> (0x00000000ed4b9a10) thrown at [C:\re\workspace\8-2-build-windows-amd64-cygwin\jdk8u101\7261\hotspot\src\share\vm\runtime\sharedRuntime.cpp, line 605]
Event: 24.105 Thread 0x00000000021ce000 Implicit null exception at 0x0000000002e334cb to 0x0000000002e37db1

Events (10 events):
Event: 26.572 loading class com/android/dx/util/ListIntSet done
Event: 26.574 Executing VM operation: Deoptimize
Event: 26.574 Executing VM operation: Deoptimize done
Event: 26.608 Thread 0x00000000021ce000 Uncommon trap: trap_request=0xffffffde fr.pc=0x0000000002e0c394
Event: 26.608 Thread 0x00000000021ce000 DEOPT PACKING pc=0x0000000002e0c394 sp=0x00000000025fe740
Event: 26.608 Thread 0x00000000021ce000 DEOPT UNPACKING pc=0x000000000264582a sp=0x00000000025fe778 mode 2
Event: 26.608 loading class com/android/dx/util/ListIntSet$1
Event: 26.608 loading class com/android/dx/util/ListIntSet$1 done
Event: 26.709 Thread 0x00000000021ce000 DEOPT PACKING pc=0x0000000002c088db sp=0x00000000025fe680
Event: 26.709 Thread 0x00000000021ce000 DEOPT UNPACKING pc=0x000000000264787f sp=0x00000000025fe3d0 mode 0


Dynamic libraries:
0x000000013fce0000 - 0x000000013fd17000 	C:\Program Files\Java\jdk1.8.0_101\bin\java.exe
0x0000000076f50000 - 0x00000000770fa000 	C:\windows\SYSTEM32\ntdll.dll
0x0000000076e30000 - 0x0000000076f4f000 	C:\windows\system32\kernel32.dll
0x000007fefccb0000 - 0x000007fefcd1a000 	C:\windows\system32\KERNELBASE.dll
0x000007feff180000 - 0x000007feff25b000 	C:\windows\system32\ADVAPI32.dll
0x000007fefef60000 - 0x000007fefefff000 	C:\windows\system32\msvcrt.dll
0x000007fefe8e0000 - 0x000007fefe8ff000 	C:\windows\SYSTEM32\sechost.dll
0x000007feff000000 - 0x000007feff12d000 	C:\windows\system32\RPCRT4.dll
0x0000000076d30000 - 0x0000000076e2a000 	C:\windows\system32\USER32.dll
0x000007fefecd0000 - 0x000007fefed37000 	C:\windows\system32\GDI32.dll
0x000007fefecc0000 - 0x000007fefecce000 	C:\windows\system32\LPK.dll
0x000007fefde70000 - 0x000007fefdf3a000 	C:\windows\system32\USP10.dll
0x000007fefa600000 - 0x000007fefa7f4000 	C:\windows\WinSxS\amd64_microsoft.windows.common-controls_6595b64144ccf1df_6.0.7601.18837_none_fa3b1e3d17594757\COMCTL32.dll
0x000007fefe380000 - 0x000007fefe3f1000 	C:\windows\system32\SHLWAPI.dll
0x000007fefe330000 - 0x000007fefe35e000 	C:\windows\system32\IMM32.DLL
0x000007fefe220000 - 0x000007fefe329000 	C:\windows\system32\MSCTF.dll
0x0000000065f00000 - 0x0000000065fd2000 	C:\Program Files\Java\jdk1.8.0_101\jre\bin\msvcr100.dll
0x0000000070430000 - 0x0000000070cca000 	C:\Program Files\Java\jdk1.8.0_101\jre\bin\server\jvm.dll
0x000007fef89b0000 - 0x000007fef89b9000 	C:\windows\system32\WSOCK32.dll
0x000007feff130000 - 0x000007feff17d000 	C:\windows\system32\WS2_32.dll
0x000007fefef50000 - 0x000007fefef58000 	C:\windows\system32\NSI.dll
0x000007fef9b80000 - 0x000007fef9bbb000 	C:\windows\system32\WINMM.dll
0x000007fefbd20000 - 0x000007fefbd2c000 	C:\windows\system32\VERSION.dll
0x0000000077110000 - 0x0000000077117000 	C:\windows\system32\PSAPI.DLL
0x0000000071030000 - 0x000000007103f000 	C:\Program Files\Java\jdk1.8.0_101\jre\bin\verify.dll
0x0000000071000000 - 0x0000000071029000 	C:\Program Files\Java\jdk1.8.0_101\jre\bin\java.dll
0x0000000070fe0000 - 0x0000000070ff6000 	C:\Program Files\Java\jdk1.8.0_101\jre\bin\zip.dll
0x000007fefd0e0000 - 0x000007fefde6c000 	C:\windows\system32\SHELL32.dll
0x000007fefe6d0000 - 0x000007fefe8d3000 	C:\windows\system32\ole32.dll
0x000007fefcc80000 - 0x000007fefcc8f000 	C:\windows\system32\profapi.dll

VM Arguments:
jvm_args: -Djava.awt.headless=true -Xmx1024M -Dfile.encoding=x-windows-949 -Duser.country=KR -Duser.language=ko -Duser.variant 
java_command: com.android.dx.command.Main --dex --multi-dex --main-dex-list C:\Users\IT\Desktop\ERM\v1.0.1\v1.0.1\app\build\intermediates\multi-dex\debug\maindexlist.txt --output C:\Users\IT\Desktop\ERM\v1.0.1\v1.0.1\app\build\intermediates\transforms\dex\debug\folders\1000\1f\main C:\Users\IT\Desktop\ERM\v1.0.1\v1.0.1\app\build\intermediates\transforms\jarMerging\debug\jars\1\1f\combined.jar
java_class_path (initial): C:\Users\IT\AppData\Local\Android\sdk\build-tools\22.0.1\lib\dx.jar
Launcher Type: SUN_STANDARD

Environment Variables:
JAVA_HOME=C:\Program Files (x86)\Java\jre1.8.0_101
PATH=C:\ProgramData\Oracle\Java\javapath;C:\Program Files\Common Files\Microsoft Shared\Windows Live;C:\Program Files (x86)\Common Files\Microsoft Shared\Windows Live;C:\Program Files (x86)\Intel\iCLS Client\;C:\Program Files\Intel\iCLS Client\;C:\windows\system32;C:\windows;C:\windows\System32\Wbem;C:\windows\System32\WindowsPowerShell\v1.0\;C:\Program Files\Intel\Intel(R) Management Engine Components\DAL;C:\Program Files\Intel\Intel(R) Management Engine Components\IPT;C:\Program Files (x86)\Intel\Intel(R) Management Engine Components\DAL;C:\Program Files (x86)\Intel\Intel(R) Management Engine Components\IPT;C:\Program Files (x86)\Intel\OpenCL SDK\2.0\bin\x86;C:\Program Files (x86)\Intel\OpenCL SDK\2.0\bin\x64;C:\Program Files\Intel\WiFi\bin\;C:\Program Files\Common Files\Intel\WirelessCommon\;C:\Program Files (x86)\Windows Live\Shared;C:\Program Files\Java\jdk1.7.0_79\bin;C:\openssl-0.9.8e_X64\bin;C:\Program Files\Git\cmd
USERNAME=IT
OS=Windows_NT
PROCESSOR_IDENTIFIER=Intel64 Family 6 Model 58 Stepping 9, GenuineIntel



---------------  S Y S T E M  ---------------

OS: Windows 7 , 64 bit Build 7601 (6.1.7601.23539)

CPU:total 4 (2 cores per cpu, 2 threads per core) family 6 model 58 stepping 9, cmov, cx8, fxsr, mmx, sse, sse2, sse3, ssse3, sse4.1, sse4.2, popcnt, avx, aes, clmul, erms, ht, tsc, tscinvbit, tscinv

Memory: 4k page, physical 3888676k(70252k free), swap 5637308k(5064k free)

vm_info: Java HotSpot(TM) 64-Bit Server VM (25.101-b13) for windows-amd64 JRE (1.8.0_101-b13), built on Jun 22 2016 01:21:29 by "java_re" with MS VC++ 10.0 (VS2010)

time: Fri Sep 30 16:59:08 2016
elapsed time: 26 seconds (0d 0h 0m 26s)

