#
# There is insufficient memory for the Java Runtime Environment to continue.
# Native memory allocation (malloc) failed to allocate 499200 bytes for Chunk::new
# Possible reasons:
#   The system is out of physical RAM or swap space
#   In 32 bit mode, the process size limit was hit
# Possible solutions:
#   Reduce memory load on the system
#   Increase physical memory or swap space
#   Check if swap backing store is full
#   Use 64 bit Java on a 64 bit OS
#   Decrease Java heap size (-Xmx/-Xms)
#   Decrease number of Java threads
#   Decrease Java thread stack sizes (-Xss)
#   Set larger code cache with -XX:ReservedCodeCacheSize=
# This output file may be truncated or incomplete.
#
#  Out of Memory Error (allocation.cpp:390), pid=6248, tid=0x0000000000001940
#
# JRE version: Java(TM) SE Runtime Environment (8.0_101-b13) (build 1.8.0_101-b13)
# Java VM: Java HotSpot(TM) 64-Bit Server VM (25.101-b13 mixed mode windows-amd64 compressed oops)
# Failed to write core dump. Minidumps are not enabled by default on client versions of Windows
#

---------------  T H R E A D  ---------------

Current thread (0x0000000055d9d000):  JavaThread "C2 CompilerThread1" daemon [_thread_in_native, id=6464, stack(0x0000000056700000,0x0000000056800000)]

Stack: [0x0000000056700000,0x0000000056800000]
[error occurred during error reporting (printing stack bounds), id 0xc0000005]

Native frames: (J=compiled Java code, j=interpreted, Vv=VM code, C=native code)


Current CompileTask:
C2:   1023  547       4       com.android.dx.cf.direct.StdAttributeFactory::parse0 (532 bytes)


---------------  P R O C E S S  ---------------

Java Threads: ( => current thread )
  0x0000000055e24000 JavaThread "Service Thread" daemon [_thread_blocked, id=6688, stack(0x00000000569c0000,0x0000000056ac0000)]
  0x0000000055da4800 JavaThread "C1 CompilerThread2" daemon [_thread_blocked, id=6316, stack(0x0000000056840000,0x0000000056940000)]
=>0x0000000055d9d000 JavaThread "C2 CompilerThread1" daemon [_thread_in_native, id=6464, stack(0x0000000056700000,0x0000000056800000)]
  0x0000000055d86000 JavaThread "C2 CompilerThread0" daemon [_thread_blocked, id=6856, stack(0x0000000056380000,0x0000000056480000)]
  0x0000000054a62000 JavaThread "Attach Listener" daemon [_thread_blocked, id=7096, stack(0x0000000056500000,0x0000000056600000)]
  0x0000000054a61000 JavaThread "Signal Dispatcher" daemon [_thread_blocked, id=2300, stack(0x0000000056260000,0x0000000056360000)]
  0x0000000054a49800 JavaThread "Finalizer" daemon [_thread_blocked, id=6896, stack(0x0000000055c70000,0x0000000055d70000)]
  0x0000000054a02000 JavaThread "Reference Handler" daemon [_thread_blocked, id=4272, stack(0x00000000559a0000,0x0000000055aa0000)]
  0x00000000021ae000 JavaThread "main" [_thread_in_vm, id=7092, stack(0x00000000021c0000,0x00000000022c0000)]

Other Threads:
  0x00000000549fa800 VMThread [stack: 0x0000000055b30000,0x0000000055c30000] [id=1420]
  0x0000000055e7b000 WatcherThread [stack: 0x0000000056ca0000,0x0000000056da0000] [id=6596]

VM state:not at safepoint (normal execution)

VM Mutex/Monitor currently owned by a thread: None

Heap:
 PSYoungGen      total 33280K, used 12338K [0x00000000ec380000, 0x00000000ee680000, 0x0000000100000000)
  eden space 30720K, 31% used [0x00000000ec380000,0x00000000ecd0cd20,0x00000000ee180000)
  from space 2560K, 99% used [0x00000000ee400000,0x00000000ee67fe78,0x00000000ee680000)
  to   space 2560K, 0% used [0x00000000ee180000,0x00000000ee180000,0x00000000ee400000)
 ParOldGen       total 40960K, used 11598K [0x00000000c4a00000, 0x00000000c7200000, 0x00000000ec380000)
  object space 40960K, 28% used [0x00000000c4a00000,0x00000000c5553a80,0x00000000c7200000)
 Metaspace       used 3753K, capacity 5176K, committed 5376K, reserved 1056768K
  class space    used 400K, capacity 488K, committed 512K, reserved 1048576K

Card table byte_map: [0x0000000011760000,0x0000000011940000] byte_map_base: 0x000000001113b000

Marking Bits: (ParMarkBitMap*) 0x0000000070eca6d0
 Begin Bits: [0x00000000120e0000, 0x0000000012fb8000)
 End Bits:   [0x0000000012fb8000, 0x0000000013e90000)

Polling page: 0x0000000000110000

CodeCache: size=245760Kb used=3292Kb max_used=3303Kb free=242467Kb
 bounds [0x00000000023a0000, 0x00000000026e0000, 0x00000000113a0000]
 total_blobs=812 nmethods=564 adapters=161
 compilation: enabled

Compilation events (10 events):
Event: 0.994 Thread 0x0000000055d86000 nmethod 557 0x00000000026db650 code [0x00000000026db840, 0x00000000026dd0f0]
Event: 0.994 Thread 0x0000000055d86000  558   !   4       java.util.zip.Inflater::inflate (113 bytes)
Event: 0.998 Thread 0x0000000055d86000 nmethod 558 0x00000000026c7a10 code [0x00000000026c7b60, 0x00000000026c8028]
Event: 0.998 Thread 0x0000000055d86000  562       4       java.util.zip.ZipCoder::getBytes (192 bytes)
Event: 1.007 Thread 0x0000000055d86000 nmethod 562 0x00000000026c7010 code [0x00000000026c7180, 0x00000000026c7668]
Event: 1.009 Thread 0x0000000055d86000  563   !   4       java.util.WeakHashMap::expungeStaleEntries (139 bytes)
Event: 1.010 Thread 0x0000000055d86000 nmethod 563 0x0000000002690410 code [0x0000000002690540, 0x00000000026905b8]
Event: 1.011 Thread 0x0000000055da4800  564       1       com.android.dx.cf.attrib.AttDeprecated::byteLength (3 bytes)
Event: 1.011 Thread 0x0000000055da4800 nmethod 564 0x00000000026c3f50 code [0x00000000026c40a0, 0x00000000026c41b0]
Event: 1.021 Thread 0x0000000055d86000  565       4       com.android.dx.cf.iface.StdFieldList::get (9 bytes)

GC Heap History (8 events):
Event: 0.421 GC heap before
{Heap before GC invocations=1 (full 0):
 PSYoungGen      total 17920K, used 15360K [0x00000000ec380000, 0x00000000ed780000, 0x0000000100000000)
  eden space 15360K, 100% used [0x00000000ec380000,0x00000000ed280000,0x00000000ed280000)
  from space 2560K, 0% used [0x00000000ed500000,0x00000000ed500000,0x00000000ed780000)
  to   space 2560K, 0% used [0x00000000ed280000,0x00000000ed280000,0x00000000ed500000)
 ParOldGen       total 40960K, used 0K [0x00000000c4a00000, 0x00000000c7200000, 0x00000000ec380000)
  object space 40960K, 0% used [0x00000000c4a00000,0x00000000c4a00000,0x00000000c7200000)
 Metaspace       used 3662K, capacity 5080K, committed 5376K, reserved 1056768K
  class space    used 396K, capacity 456K, committed 512K, reserved 1048576K
Event: 0.430 GC heap after
Heap after GC invocations=1 (full 0):
 PSYoungGen      total 17920K, used 2529K [0x00000000ec380000, 0x00000000ee680000, 0x0000000100000000)
  eden space 15360K, 0% used [0x00000000ec380000,0x00000000ec380000,0x00000000ed280000)
  from space 2560K, 98% used [0x00000000ed280000,0x00000000ed4f8470,0x00000000ed500000)
  to   space 2560K, 0% used [0x00000000ee400000,0x00000000ee400000,0x00000000ee680000)
 ParOldGen       total 40960K, used 773K [0x00000000c4a00000, 0x00000000c7200000, 0x00000000ec380000)
  object space 40960K, 1% used [0x00000000c4a00000,0x00000000c4ac16d0,0x00000000c7200000)
 Metaspace       used 3662K, capacity 5080K, committed 5376K, reserved 1056768K
  class space    used 396K, capacity 456K, committed 512K, reserved 1048576K
}
Event: 0.561 GC heap before
{Heap before GC invocations=2 (full 0):
 PSYoungGen      total 17920K, used 17889K [0x00000000ec380000, 0x00000000ee680000, 0x0000000100000000)
  eden space 15360K, 100% used [0x00000000ec380000,0x00000000ed280000,0x00000000ed280000)
  from space 2560K, 98% used [0x00000000ed280000,0x00000000ed4f8470,0x00000000ed500000)
  to   space 2560K, 0% used [0x00000000ee400000,0x00000000ee400000,0x00000000ee680000)
 ParOldGen       total 40960K, used 773K [0x00000000c4a00000, 0x00000000c7200000, 0x00000000ec380000)
  object space 40960K, 1% used [0x00000000c4a00000,0x00000000c4ac16d0,0x00000000c7200000)
 Metaspace       used 3719K, capacity 5080K, committed 5376K, reserved 1056768K
  class space    used 397K, capacity 456K, committed 512K, reserved 1048576K
Event: 0.588 GC heap after
Heap after GC invocations=2 (full 0):
 PSYoungGen      total 33280K, used 2541K [0x00000000ec380000, 0x00000000ee680000, 0x0000000100000000)
  eden space 30720K, 0% used [0x00000000ec380000,0x00000000ec380000,0x00000000ee180000)
  from space 2560K, 99% used [0x00000000ee400000,0x00000000ee67b640,0x00000000ee680000)
  to   space 2560K, 0% used [0x00000000ee180000,0x00000000ee180000,0x00000000ee400000)
 ParOldGen       total 40960K, used 1968K [0x00000000c4a00000, 0x00000000c7200000, 0x00000000ec380000)
  object space 40960K, 4% used [0x00000000c4a00000,0x00000000c4bec300,0x00000000c7200000)
 Metaspace       used 3719K, capacity 5080K, committed 5376K, reserved 1056768K
  class space    used 397K, capacity 456K, committed 512K, reserved 1048576K
}
Event: 0.806 GC heap before
{Heap before GC invocations=3 (full 0):
 PSYoungGen      total 33280K, used 33261K [0x00000000ec380000, 0x00000000ee680000, 0x0000000100000000)
  eden space 30720K, 100% used [0x00000000ec380000,0x00000000ee180000,0x00000000ee180000)
  from space 2560K, 99% used [0x00000000ee400000,0x00000000ee67b640,0x00000000ee680000)
  to   space 2560K, 0% used [0x00000000ee180000,0x00000000ee180000,0x00000000ee400000)
 ParOldGen       total 40960K, used 1968K [0x00000000c4a00000, 0x00000000c7200000, 0x00000000ec380000)
  object space 40960K, 4% used [0x00000000c4a00000,0x00000000c4bec300,0x00000000c7200000)
 Metaspace       used 3747K, capacity 5176K, committed 5376K, reserved 1056768K
  class space    used 400K, capacity 488K, committed 512K, reserved 1048576K
Event: 0.821 GC heap after
Heap after GC invocations=3 (full 0):
 PSYoungGen      total 33280K, used 2541K [0x00000000ec380000, 0x00000000ee680000, 0x0000000100000000)
  eden space 30720K, 0% used [0x00000000ec380000,0x00000000ec380000,0x00000000ee180000)
  from space 2560K, 99% used [0x00000000ee180000,0x00000000ee3fb650,0x00000000ee400000)
  to   space 2560K, 0% used [0x00000000ee400000,0x00000000ee400000,0x00000000ee680000)
 ParOldGen       total 40960K, used 7072K [0x00000000c4a00000, 0x00000000c7200000, 0x00000000ec380000)
  object space 40960K, 17% used [0x00000000c4a00000,0x00000000c50e8020,0x00000000c7200000)
 Metaspace       used 3747K, capacity 5176K, committed 5376K, reserved 1056768K
  class space    used 400K, capacity 488K, committed 512K, reserved 1048576K
}
Event: 0.973 GC heap before
{Heap before GC invocations=4 (full 0):
 PSYoungGen      total 33280K, used 33261K [0x00000000ec380000, 0x00000000ee680000, 0x0000000100000000)
  eden space 30720K, 100% used [0x00000000ec380000,0x00000000ee180000,0x00000000ee180000)
  from space 2560K, 99% used [0x00000000ee180000,0x00000000ee3fb650,0x00000000ee400000)
  to   space 2560K, 0% used [0x00000000ee400000,0x00000000ee400000,0x00000000ee680000)
 ParOldGen       total 40960K, used 7072K [0x00000000c4a00000, 0x00000000c7200000, 0x00000000ec380000)
  object space 40960K, 17% used [0x00000000c4a00000,0x00000000c50e8020,0x00000000c7200000)
 Metaspace       used 3753K, capacity 5176K, committed 5376K, reserved 1056768K
  class space    used 400K, capacity 488K, committed 512K, reserved 1048576K
Event: 0.985 GC heap after
Heap after GC invocations=4 (full 0):
 PSYoungGen      total 33280K, used 2559K [0x00000000ec380000, 0x00000000ee680000, 0x0000000100000000)
  eden space 30720K, 0% used [0x00000000ec380000,0x00000000ec380000,0x00000000ee180000)
  from space 2560K, 99% used [0x00000000ee400000,0x00000000ee67fe78,0x00000000ee680000)
  to   space 2560K, 0% used [0x00000000ee180000,0x00000000ee180000,0x00000000ee400000)
 ParOldGen       total 40960K, used 11598K [0x00000000c4a00000, 0x00000000c7200000, 0x00000000ec380000)
  object space 40960K, 28% used [0x00000000c4a00000,0x00000000c5553a80,0x00000000c7200000)
 Metaspace       used 3753K, capacity 5176K, committed 5376K, reserved 1056768K
  class space    used 400K, capacity 488K, committed 512K, reserved 1048576K
}

Deoptimization events (3 events):
Event: 0.554 Thread 0x00000000021ae000 Uncommon trap: reason=unstable_if action=reinterpret pc=0x0000000002642900 method=com.android.dx.cf.direct.StdAttributeFactory.parse0(Lcom/android/dx/cf/direct/DirectClassFile;ILjava/lang/String;IILcom/android/dx/cf/iface/ParseObserver;)Lcom/android/dx/cf/Þ1Q\šæ?
Event: 0.689 Thread 0x00000000021ae000 Uncommon trap: reason=unstable_if action=reinterpret pc=0x00000000026821c0 method=java.util.HashMap.putVal(ILjava/lang/Object;Ljava/lang/Object;ZZ)Ljava/lang/Object; @ 181
Event: 0.834 Thread 0x00000000021ae000 Uncommon trap: reason=unstable_if action=reinterpret pc=0x00000000026a7a18 method=com.android.dx.cf.direct.StdAttributeFactory.parse0(Lcom/android/dx/cf/direct/DirectClassFile;ILjava/lang/String;IILcom/android/dx/cf/iface/ParseObserver;)Lcom/android/dx/cf/

Internal exceptions (2 events):
Event: 0.034 Thread 0x00000000021ae000 Exception <a 'java/lang/NoSuchMethodError': Method sun.misc.Unsafe.defineClass(Ljava/lang/String;[BII)Ljava/lang/Class; name or signature does not match> (0x00000000ec387cc0) thrown at [C:\re\workspace\8-2-build-windows-amd64-cygwin\jdk8u101\7261\hotspot\s1'¦–d1¡?
Event: 0.034 Thread 0x00000000021ae000 Exception <a 'java/lang/NoSuchMethodError': Method sun.misc.Unsafe.prefetchRead(Ljava/lang/Object;J)V name or signature does not match> (0x00000000ec387fa8) thrown at [C:\re\workspace\8-2-build-windows-amd64-cygwin\jdk8u101\7261\hotspot\src\share\vm\prims\

Events (10 events):
Event: 0.689 Thread 0x00000000021ae000 Uncommon trap: trap_request=0xffffff65 fr.pc=0x00000000026821c0
Event: 0.689 Thread 0x00000000021ae000 DEOPT PACKING pc=0x00000000026821c0 sp=0x00000000022bf400
Event: 0.689 Thread 0x00000000021ae000 DEOPT UNPACKING pc=0x00000000023e582a sp=0x00000000022bf378 mode 2
Event: 0.806 Executing VM operation: ParallelGCFailedAllocation
Event: 0.821 Executing VM operation: ParallelGCFailedAllocation done
Event: 0.834 Thread 0x00000000021ae000 Uncommon trap: trap_request=0xffffff65 fr.pc=0x00000000026a7a18
Event: 0.834 Thread 0x00000000021ae000 DEOPT PACKING pc=0x00000000026a7a18 sp=0x00000000022bef70
Event: 0.834 Thread 0x00000000021ae000 DEOPT UNPACKING pc=0x00000000023e582a sp=0x00000000022bef18 mode 2
Event: 0.973 Executing VM operation: ParallelGCFailedAllocation
Event: 0.985 Executing VM operation: ParallelGCFailedAllocation done


Dynamic libraries:
0x000000013f2e0000 - 0x000000013f317000 	C:\Program Files\Java\jdk1.8.0_101\bin\java.exe
0x0000000077370000 - 0x000000007751a000 	C:\windows\SYSTEM32\ntdll.dll
0x0000000077150000 - 0x000000007726f000 	C:\windows\system32\kernel32.dll
0x000007fefd0d0000 - 0x000007fefd13a000 	C:\windows\system32\KERNELBASE.dll
0x000007fefe290000 - 0x000007fefe36b000 	C:\windows\system32\ADVAPI32.dll
0x000007feff5a0000 - 0x000007feff63f000 	C:\windows\system32\msvcrt.dll
0x000007feff260000 - 0x000007feff27f000 	C:\windows\SYSTEM32\sechost.dll
0x000007fefda50000 - 0x000007fefdb7d000 	C:\windows\system32\RPCRT4.dll
0x0000000077270000 - 0x000000007736a000 	C:\windows\system32\USER32.dll
0x000007fefdd80000 - 0x000007fefdde7000 	C:\windows\system32\GDI32.dll
0x000007fefda40000 - 0x000007fefda4e000 	C:\windows\system32\LPK.dll
0x000007fefe1c0000 - 0x000007fefe28a000 	C:\windows\system32\USP10.dll
0x000007fefa180000 - 0x000007fefa374000 	C:\windows\WinSxS\amd64_microsoft.windows.common-controls_6595b64144ccf1df_6.0.7601.18837_none_fa3b1e3d17594757\COMCTL32.dll
0x000007fefe370000 - 0x000007fefe3e1000 	C:\windows\system32\SHLWAPI.dll
0x000007feff640000 - 0x000007feff66e000 	C:\windows\system32\IMM32.DLL
0x000007feff280000 - 0x000007feff389000 	C:\windows\system32\MSCTF.dll
0x0000000067d40000 - 0x0000000067e12000 	C:\Program Files\Java\jdk1.8.0_101\jre\bin\msvcr100.dll
0x00000000706b0000 - 0x0000000070f4a000 	C:\Program Files\Java\jdk1.8.0_101\jre\bin\server\jvm.dll
0x000007fef8730000 - 0x000007fef8739000 	C:\windows\system32\WSOCK32.dll
0x000007fefddf0000 - 0x000007fefde3d000 	C:\windows\system32\WS2_32.dll
0x000007feff670000 - 0x000007feff678000 	C:\windows\system32\NSI.dll
0x000007fef7840000 - 0x000007fef787b000 	C:\windows\system32\WINMM.dll
0x000007fefc140000 - 0x000007fefc14c000 	C:\windows\system32\VERSION.dll
0x0000000077540000 - 0x0000000077547000 	C:\windows\system32\PSAPI.DLL
0x0000000071580000 - 0x000000007158f000 	C:\Program Files\Java\jdk1.8.0_101\jre\bin\verify.dll
0x0000000070650000 - 0x0000000070679000 	C:\Program Files\Java\jdk1.8.0_101\jre\bin\java.dll
0x0000000070690000 - 0x00000000706a6000 	C:\Program Files\Java\jdk1.8.0_101\jre\bin\zip.dll
0x000007fefe4d0000 - 0x000007feff25c000 	C:\windows\system32\SHELL32.dll
0x000007fefd4c0000 - 0x000007fefd6c3000 	C:\windows\system32\ole32.dll
0x000007fefd0b0000 - 0x000007fefd0bf000 	C:\windows\system32\profapi.dll

VM Arguments:
jvm_args: -Djava.awt.headless=true -Dfile.encoding=x-windows-949 -Duser.country=KR -Duser.language=ko -Duser.variant 
java_command: com.android.multidex.ClassReferenceListBuilder C:\Users\IT\Desktop\ERM\v1.0.1\v1.0.1\app\build\intermediates\multi-dex\debug\componentClasses.jar C:\Users\IT\Desktop\ERM\v1.0.1\v1.0.1\app\build\intermediates\transforms\jarMerging\debug\jars\1\1f\combined.jar
java_class_path (initial): C:\Users\IT\AppData\Local\Android\sdk\build-tools\22.0.1\lib\dx.jar
Launcher Type: SUN_STANDARD

Environment Variables:
JAVA_HOME=C:\Program Files (x86)\Java\jre1.8.0_101
PATH=C:\ProgramData\Oracle\Java\javapath;C:\Program Files\Common Files\Microsoft Shared\Windows Live;C:\Program Files (x86)\Common Files\Microsoft Shared\Windows Live;C:\Program Files (x86)\Intel\iCLS Client\;C:\Program Files\Intel\iCLS Client\;C:\windows\system32;C:\windows;C:\windows\System32\Wbem;C:\windows\System32\WindowsPowerShell\v1.0\;C:\Program Files\Intel\Intel(R) Management Engine Components\DAL;C:\Program Files\Intel\Intel(R) Management Engine Components\IPT;C:\Program Files (x86)\Intel\Intel(R) Management Engine Components\DAL;C:\Program Files (x86)\Intel\Intel(R) Management Engine Components\IPT;C:\Program Files (x86)\Intel\OpenCL SDK\2.0\bin\x86;C:\Program Files (x86)\Intel\OpenCL SDK\2.0\bin\x64;C:\Program Files\Intel\WiFi\bin\;C:\Program Files\Common Files\Intel\WirelessCommon\;C:\Program Files (x86)\Windows Live\Shared;C:\Program Files\Java\jdk1.7.0_79\bin;C:\openssl-0.9.8e_X64\bin;C:\Program Files\Git\cmd
USERNAME=IT
OS=Windows_NT
PROCESSOR_IDENTIFIER=Intel64 Family 6 Model 58 Stepping 9, GenuineIntel



---------------  S Y S T E M  ---------------

OS: Windows 7 , 64 bit Build 7601 (6.1.7601.23539)

CPU:total 4 (2 cores per cpu, 2 threads per core) family 6 model 58 stepping 9, cmov, cx8, fxsr, mmx, sse, sse2, sse3, ssse3, sse4.1, sse4.2, popcnt, avx, aes, clmul, erms, ht, tsc, tscinvbit, tscinv

Memory: 4k page, physical 3888676k(380872k free), swap 4450596k(5216k free)

vm_info: Java HotSpot(TM) 64-Bit Server VM (25.101-b13) for windows-amd64 JRE (1.8.0_101-b13), built on Jun 22 2016 01:21:29 by "java_re" with MS VC++ 10.0 (VS2010)

time: Fri Sep 30 17:57:02 2016
elapsed time: 1 seconds (0d 0h 0m 1s)

