#
# There is insufficient memory for the Java Runtime Environment to continue.
# Native memory allocation (malloc) failed to allocate 449456 bytes for Chunk::new
# Possible reasons:
#   The system is out of physical RAM or swap space
#   In 32 bit mode, the process size limit was hit
# Possible solutions:
#   Reduce memory load on the system
#   Increase physical memory or swap space
#   Check if swap backing store is full
#   Use 64 bit Java on a 64 bit OS
#   Decrease Java heap size (-Xmx/-Xms)
#   Decrease number of Java threads
#   Decrease Java thread stack sizes (-Xss)
#   Set larger code cache with -XX:ReservedCodeCacheSize=
# This output file may be truncated or incomplete.
#
#  Out of Memory Error (allocation.cpp:390), pid=7700, tid=0x0000000000001e68
#
# JRE version: Java(TM) SE Runtime Environment (8.0_101-b13) (build 1.8.0_101-b13)
# Java VM: Java HotSpot(TM) 64-Bit Server VM (25.101-b13 mixed mode windows-amd64 compressed oops)
# Failed to write core dump. Minidumps are not enabled by default on client versions of Windows
#

---------------  T H R E A D  ---------------

Current thread (0x0000000056610800):  JavaThread "C2 CompilerThread1" daemon [_thread_in_native, id=7784, stack(0x0000000056e80000,0x0000000056f80000)]

Stack: [0x0000000056e80000,0x0000000056f80000]
[error occurred during error reporting (printing stack bounds), id 0xc0000005]

Native frames: (J=compiled Java code, j=interpreted, Vv=VM code, C=native code)


Current CompileTask:
C2:   5593 1790   !   4       com.android.dx.cf.cst.ConstantPoolParser::parse0 (731 bytes)


---------------  P R O C E S S  ---------------

Java Threads: ( => current thread )
  0x000000005669a000 JavaThread "Service Thread" daemon [_thread_blocked, id=7792, stack(0x0000000057050000,0x0000000057150000)]
  0x0000000056613000 JavaThread "C1 CompilerThread2" daemon [_thread_blocked, id=7788, stack(0x0000000056b70000,0x0000000056c70000)]
=>0x0000000056610800 JavaThread "C2 CompilerThread1" daemon [_thread_in_native, id=7784, stack(0x0000000056e80000,0x0000000056f80000)]
  0x00000000565f4000 JavaThread "C2 CompilerThread0" daemon [_thread_in_native, id=7780, stack(0x0000000056c70000,0x0000000056d70000)]
  0x00000000565e8800 JavaThread "Attach Listener" daemon [_thread_blocked, id=7776, stack(0x0000000056a30000,0x0000000056b30000)]
  0x0000000055330000 JavaThread "Signal Dispatcher" daemon [_thread_blocked, id=7772, stack(0x00000000563d0000,0x00000000564d0000)]
  0x0000000055319800 JavaThread "Finalizer" daemon [_thread_blocked, id=7764, stack(0x0000000056150000,0x0000000056250000)]
  0x00000000552d2000 JavaThread "Reference Handler" daemon [_thread_blocked, id=7760, stack(0x00000000564e0000,0x00000000565e0000)]
  0x000000000247e000 JavaThread "main" [_thread_in_Java, id=7736, stack(0x0000000002720000,0x0000000002820000)]

Other Threads:
  0x00000000552ca800 VMThread [stack: 0x0000000056260000,0x0000000056360000] [id=7756]
  0x00000000566b9000 WatcherThread [stack: 0x0000000057280000,0x0000000057380000] [id=7796]

VM state:not at safepoint (normal execution)

VM Mutex/Monitor currently owned by a thread: None

Heap:
 PSYoungGen      total 68608K, used 58907K [0x00000000eab00000, 0x00000000f1580000, 0x0000000100000000)
  eden space 60416K, 83% used [0x00000000eab00000,0x00000000edc8c138,0x00000000ee600000)
  from space 8192K, 99% used [0x00000000ee600000,0x00000000eedfabc8,0x00000000eee00000)
  to   space 15872K, 0% used [0x00000000f0600000,0x00000000f0600000,0x00000000f1580000)
 ParOldGen       total 68608K, used 37224K [0x00000000c0000000, 0x00000000c4300000, 0x00000000eab00000)
  object space 68608K, 54% used [0x00000000c0000000,0x00000000c245a260,0x00000000c4300000)
 Metaspace       used 6161K, capacity 7152K, committed 7296K, reserved 1056768K
  class space    used 590K, capacity 616K, committed 640K, reserved 1048576K

Card table byte_map: [0x0000000011be0000,0x0000000011df0000] byte_map_base: 0x00000000115e0000

Marking Bits: (ParMarkBitMap*) 0x000000006874a6d0
 Begin Bits: [0x0000000012740000, 0x0000000013740000)
 End Bits:   [0x0000000013740000, 0x0000000014740000)

Polling page: 0x0000000001b60000

CodeCache: size=245760Kb used=8100Kb max_used=8116Kb free=237659Kb
 bounds [0x0000000002820000, 0x0000000003020000, 0x0000000011820000]
 total_blobs=2062 nmethods=1795 adapters=180
 compilation: enabled

Compilation events (10 events):
Event: 5.421 Thread 0x0000000056613000 1846       1       com.android.dx.cf.attrib.BaseParameterAnnotations::getParameterAnnotations (5 bytes)
Event: 5.422 Thread 0x0000000056613000 nmethod 1846 0x0000000002ffa410 code [0x0000000002ffa560, 0x0000000002ffa670]
Event: 5.422 Thread 0x0000000056613000 1847   !   2       com.android.dx.dex.file.UniformListItem::getAlignment (40 bytes)
Event: 5.422 Thread 0x0000000056613000 nmethod 1847 0x0000000002ff9d50 code [0x0000000002ff9ee0, 0x0000000002ffa208]
Event: 5.455 Thread 0x0000000056613000 1848       1       com.android.dx.cf.attrib.InnerClassList$Item::getInnerName (5 bytes)
Event: 5.455 Thread 0x0000000056613000 nmethod 1848 0x0000000002ff9a90 code [0x0000000002ff9be0, 0x0000000002ff9cf0]
Event: 5.455 Thread 0x0000000056613000 1849       1       com.android.dx.cf.attrib.InnerClassList$Item::getAccessFlags (5 bytes)
Event: 5.455 Thread 0x0000000056613000 nmethod 1849 0x0000000002ff97d0 code [0x0000000002ff9920, 0x0000000002ff9a30]
Event: 5.497 Thread 0x0000000056613000 1851       2       com.android.dx.cf.code.Simulator::requiredArrayTypeFor (61 bytes)
Event: 5.498 Thread 0x0000000056613000 nmethod 1851 0x0000000002ff9050 code [0x0000000002ff9200, 0x0000000002ff9518]

GC Heap History (10 events):
Event: 2.993 GC heap before
{Heap before GC invocations=6 (full 0):
 PSYoungGen      total 33280K, used 33266K [0x00000000eab00000, 0x00000000ef500000, 0x0000000100000000)
  eden space 30720K, 100% used [0x00000000eab00000,0x00000000ec900000,0x00000000ec900000)
  from space 2560K, 99% used [0x00000000ec900000,0x00000000ecb7cb58,0x00000000ecb80000)
  to   space 7168K, 0% used [0x00000000eee00000,0x00000000eee00000,0x00000000ef500000)
 ParOldGen       total 40960K, used 14968K [0x00000000c0000000, 0x00000000c2800000, 0x00000000eab00000)
  object space 40960K, 36% used [0x00000000c0000000,0x00000000c0e9e0a0,0x00000000c2800000)
 Metaspace       used 6019K, capacity 7088K, committed 7296K, reserved 1056768K
  class space    used 571K, capacity 616K, committed 640K, reserved 1048576K
Event: 3.021 GC heap after
Heap after GC invocations=6 (full 0):
 PSYoungGen      total 67584K, used 7149K [0x00000000eab00000, 0x00000000ef700000, 0x0000000100000000)
  eden space 60416K, 0% used [0x00000000eab00000,0x00000000eab00000,0x00000000ee600000)
  from space 7168K, 99% used [0x00000000eee00000,0x00000000ef4fb7f8,0x00000000ef500000)
  to   space 8192K, 0% used [0x00000000ee600000,0x00000000ee600000,0x00000000eee00000)
 ParOldGen       total 40960K, used 15255K [0x00000000c0000000, 0x00000000c2800000, 0x00000000eab00000)
  object space 40960K, 37% used [0x00000000c0000000,0x00000000c0ee5e90,0x00000000c2800000)
 Metaspace       used 6019K, capacity 7088K, committed 7296K, reserved 1056768K
  class space    used 571K, capacity 616K, committed 640K, reserved 1048576K
}
Event: 3.649 GC heap before
{Heap before GC invocations=7 (full 0):
 PSYoungGen      total 67584K, used 67565K [0x00000000eab00000, 0x00000000ef700000, 0x0000000100000000)
  eden space 60416K, 100% used [0x00000000eab00000,0x00000000ee600000,0x00000000ee600000)
  from space 7168K, 99% used [0x00000000eee00000,0x00000000ef4fb7f8,0x00000000ef500000)
  to   space 8192K, 0% used [0x00000000ee600000,0x00000000ee600000,0x00000000eee00000)
 ParOldGen       total 40960K, used 15255K [0x00000000c0000000, 0x00000000c2800000, 0x00000000eab00000)
  object space 40960K, 37% used [0x00000000c0000000,0x00000000c0ee5e90,0x00000000c2800000)
 Metaspace       used 6114K, capacity 7088K, committed 7296K, reserved 1056768K
  class space    used 590K, capacity 616K, committed 640K, reserved 1048576K
Event: 3.695 GC heap after
Heap after GC invocations=7 (full 0):
 PSYoungGen      total 68608K, used 8164K [0x00000000eab00000, 0x00000000ef700000, 0x0000000100000000)
  eden space 60416K, 0% used [0x00000000eab00000,0x00000000eab00000,0x00000000ee600000)
  from space 8192K, 99% used [0x00000000ee600000,0x00000000eedf93a0,0x00000000eee00000)
  to   space 7168K, 0% used [0x00000000eee00000,0x00000000eee00000,0x00000000ef500000)
 ParOldGen       total 40960K, used 22201K [0x00000000c0000000, 0x00000000c2800000, 0x00000000eab00000)
  object space 40960K, 54% used [0x00000000c0000000,0x00000000c15ae4a8,0x00000000c2800000)
 Metaspace       used 6114K, capacity 7088K, committed 7296K, reserved 1056768K
  class space    used 590K, capacity 616K, committed 640K, reserved 1048576K
}
Event: 4.247 GC heap before
{Heap before GC invocations=8 (full 0):
 PSYoungGen      total 68608K, used 68580K [0x00000000eab00000, 0x00000000ef700000, 0x0000000100000000)
  eden space 60416K, 100% used [0x00000000eab00000,0x00000000ee600000,0x00000000ee600000)
  from space 8192K, 99% used [0x00000000ee600000,0x00000000eedf93a0,0x00000000eee00000)
  to   space 7168K, 0% used [0x00000000eee00000,0x00000000eee00000,0x00000000ef500000)
 ParOldGen       total 40960K, used 22201K [0x00000000c0000000, 0x00000000c2800000, 0x00000000eab00000)
  object space 40960K, 54% used [0x00000000c0000000,0x00000000c15ae4a8,0x00000000c2800000)
 Metaspace       used 6134K, capacity 7152K, committed 7296K, reserved 1056768K
  class space    used 590K, capacity 616K, committed 640K, reserved 1048576K
Event: 4.319 GC heap after
Heap after GC invocations=8 (full 0):
 PSYoungGen      total 67584K, used 7153K [0x00000000eab00000, 0x00000000ef700000, 0x0000000100000000)
  eden space 60416K, 0% used [0x00000000eab00000,0x00000000eab00000,0x00000000ee600000)
  from space 7168K, 99% used [0x00000000eee00000,0x00000000ef4fc608,0x00000000ef500000)
  to   space 8192K, 0% used [0x00000000ee600000,0x00000000ee600000,0x00000000eee00000)
 ParOldGen       total 40960K, used 32158K [0x00000000c0000000, 0x00000000c2800000, 0x00000000eab00000)
  object space 40960K, 78% used [0x00000000c0000000,0x00000000c1f678b0,0x00000000c2800000)
 Metaspace       used 6134K, capacity 7152K, committed 7296K, reserved 1056768K
  class space    used 590K, capacity 616K, committed 640K, reserved 1048576K
}
Event: 4.319 GC heap before
{Heap before GC invocations=9 (full 1):
 PSYoungGen      total 67584K, used 7153K [0x00000000eab00000, 0x00000000ef700000, 0x0000000100000000)
  eden space 60416K, 0% used [0x00000000eab00000,0x00000000eab00000,0x00000000ee600000)
  from space 7168K, 99% used [0x00000000eee00000,0x00000000ef4fc608,0x00000000ef500000)
  to   space 8192K, 0% used [0x00000000ee600000,0x00000000ee600000,0x00000000eee00000)
 ParOldGen       total 40960K, used 32158K [0x00000000c0000000, 0x00000000c2800000, 0x00000000eab00000)
  object space 40960K, 78% used [0x00000000c0000000,0x00000000c1f678b0,0x00000000c2800000)
 Metaspace       used 6134K, capacity 7152K, committed 7296K, reserved 1056768K
  class space    used 590K, capacity 616K, committed 640K, reserved 1048576K
Event: 4.707 GC heap after
Heap after GC invocations=9 (full 1):
 PSYoungGen      total 67584K, used 0K [0x00000000eab00000, 0x00000000ef700000, 0x0000000100000000)
  eden space 60416K, 0% used [0x00000000eab00000,0x00000000eab00000,0x00000000ee600000)
  from space 7168K, 0% used [0x00000000eee00000,0x00000000eee00000,0x00000000ef500000)
  to   space 8192K, 0% used [0x00000000ee600000,0x00000000ee600000,0x00000000eee00000)
 ParOldGen       total 68608K, used 36277K [0x00000000c0000000, 0x00000000c4300000, 0x00000000eab00000)
  object space 68608K, 52% used [0x00000000c0000000,0x00000000c236d508,0x00000000c4300000)
 Metaspace       used 6134K, capacity 7152K, committed 7296K, reserved 1056768K
  class space    used 590K, capacity 616K, committed 640K, reserved 1048576K
}
Event: 5.215 GC heap before
{Heap before GC invocations=10 (full 1):
 PSYoungGen      total 67584K, used 60416K [0x00000000eab00000, 0x00000000ef700000, 0x0000000100000000)
  eden space 60416K, 100% used [0x00000000eab00000,0x00000000ee600000,0x00000000ee600000)
  from space 7168K, 0% used [0x00000000eee00000,0x00000000eee00000,0x00000000ef500000)
  to   space 8192K, 0% used [0x00000000ee600000,0x00000000ee600000,0x00000000eee00000)
 ParOldGen       total 68608K, used 36277K [0x00000000c0000000, 0x00000000c4300000, 0x00000000eab00000)
  object space 68608K, 52% used [0x00000000c0000000,0x00000000c236d508,0x00000000c4300000)
 Metaspace       used 6158K, capacity 7152K, committed 7296K, reserved 1056768K
  class space    used 590K, capacity 616K, committed 640K, reserved 1048576K
Event: 5.238 GC heap after
Heap after GC invocations=10 (full 1):
 PSYoungGen      total 68608K, used 8170K [0x00000000eab00000, 0x00000000f1580000, 0x0000000100000000)
  eden space 60416K, 0% used [0x00000000eab00000,0x00000000eab00000,0x00000000ee600000)
  from space 8192K, 99% used [0x00000000ee600000,0x00000000eedfabc8,0x00000000eee00000)
  to   space 15872K, 0% used [0x00000000f0600000,0x00000000f0600000,0x00000000f1580000)
 ParOldGen       total 68608K, used 37224K [0x00000000c0000000, 0x00000000c4300000, 0x00000000eab00000)
  object space 68608K, 54% used [0x00000000c0000000,0x00000000c245a260,0x00000000c4300000)
 Metaspace       used 6158K, capacity 7152K, committed 7296K, reserved 1056768K
  class space    used 590K, capacity 616K, committed 640K, reserved 1048576K
}

Deoptimization events (10 events):
Event: 2.786 Thread 0x000000000247e000 Uncommon trap: reason=unstable_if action=reinterpret pc=0x0000000002edeafc method=com.android.dx.rop.code.RegisterSpecSet.localItemToSpec(Lcom/android/dx/rop/code/LocalItem;)Lcom/android/dx/rop/code/RegisterSpec; @ 35
Event: 3.140 Thread 0x000000000247e000 Uncommon trap: reason=unstable_if action=reinterpret pc=0x0000000002f0f3dc method=com.android.dx.cf.code.BytecodeArray.parseInstruction(ILcom/android/dx/cf/code/BytecodeArray$Visitor;)I @ 1261
Event: 3.440 Thread 0x000000000247e000 Uncommon trap: reason=unstable_if action=reinterpret pc=0x0000000002b4b45c method=java.util.HashMap.putVal(ILjava/lang/Object;Ljava/lang/Object;ZZ)Ljava/lang/Object; @ 162
Event: 3.446 Thread 0x000000000247e000 Uncommon trap: reason=unstable_if action=reinterpret pc=0x0000000002ea9b10 method=java.util.HashMap.getNode(ILjava/lang/Object;)Ljava/util/HashMap$Node; @ 84
Event: 3.448 Thread 0x000000000247e000 Uncommon trap: reason=unstable_if action=reinterpret pc=0x0000000002eaa108 method=java.util.HashMap.getNode(ILjava/lang/Object;)Ljava/util/HashMap$Node; @ 84
Event: 3.577 Thread 0x000000000247e000 Uncommon trap: reason=unstable_if action=reinterpret pc=0x0000000002f5839c method=com.android.dx.rop.code.RegisterSpec.intersect(Lcom/android/dx/rop/code/RegisterSpec;Z)Lcom/android/dx/rop/code/RegisterSpec; @ 42
Event: 3.945 Thread 0x000000000247e000 Uncommon trap: reason=unstable_if action=reinterpret pc=0x0000000002f090f8 method=java.util.HashMap.putVal(ILjava/lang/Object;Ljava/lang/Object;ZZ)Ljava/lang/Object; @ 162
Event: 4.050 Thread 0x000000000247e000 Uncommon trap: reason=unstable_if action=reinterpret pc=0x0000000002f4468c method=java.util.HashMap.resize()[Ljava/util/HashMap$Node; @ 206
Event: 4.103 Thread 0x000000000247e000 Uncommon trap: reason=unstable_if action=reinterpret pc=0x0000000002cabf2c method=com.android.dx.util.IntList.binarysearch(I)I @ 105
Event: 5.104 Thread 0x000000000247e000 Uncommon trap: reason=unstable_if action=reinterpret pc=0x0000000002fd6f1c method=com.android.dx.cf.code.RopperMachine.run(Lcom/android/dx/cf/code/Frame;II)V @ 1500

Internal exceptions (9 events):
Event: 0.035 Thread 0x000000000247e000 Exception <a 'java/lang/NoSuchMethodError': Method sun.misc.Unsafe.defineClass(Ljava/lang/String;[BII)Ljava/lang/Class; name or signature does not match> (0x00000000eab07cc0) thrown at [C:\re\workspace\8-2-build-windows-amd64-cygwin\jdk8u101\7261\hotspot\s,Í*‰X¢?
Event: 0.035 Thread 0x000000000247e000 Exception <a 'java/lang/NoSuchMethodError': Method sun.misc.Unsafe.prefetchRead(Ljava/lang/Object;J)V name or signature does not match> (0x00000000eab07fa8) thrown at [C:\re\workspace\8-2-build-windows-amd64-cygwin\jdk8u101\7261\hotspot\src\share\vm\prims\­9xEdõ?
Event: 1.337 Thread 0x000000000247e000 Implicit null exception at 0x0000000002b193fc to 0x0000000002b1b051
Event: 2.033 Thread 0x000000000247e000 Implicit null exception at 0x0000000002dc1bc8 to 0x0000000002dc1d35
Event: 2.033 Thread 0x000000000247e000 Implicit null exception at 0x0000000002e6662d to 0x0000000002e68135
Event: 2.043 Thread 0x000000000247e000 Implicit null exception at 0x0000000002b5be12 to 0x0000000002b5bf02
Event: 3.443 Thread 0x000000000247e000 Exception <a 'java/lang/ArrayIndexOutOfBoundsException': 18> (0x00000000ed4030c8) thrown at [C:\re\workspace\8-2-build-windows-amd64-cygwin\jdk8u101\7261\hotspot\src\share\vm\interpreter\interpreterRuntime.cpp, line 366]
Event: 3.444 Thread 0x000000000247e000 Exception <a 'java/lang/ArrayIndexOutOfBoundsException'> (0x00000000ed404c48) thrown at [C:\re\workspace\8-2-build-windows-amd64-cygwin\jdk8u101\7261\hotspot\src\share\vm\runtime\sharedRuntime.cpp, line 605]
Event: 3.445 Thread 0x000000000247e000 Exception <a 'java/lang/ArrayIndexOutOfBoundsException'> (0x00000000ed405f30) thrown at [C:\re\workspace\8-2-build-windows-amd64-cygwin\jdk8u101\7261\hotspot\src\share\vm\runtime\sharedRuntime.cpp, line 605]

Events (10 events):
Event: 4.103 Thread 0x000000000247e000 DEOPT UNPACKING pc=0x000000000286582a sp=0x000000000281e728 mode 2
Event: 4.229 Executing VM operation: EnableBiasedLocking
Event: 4.229 Executing VM operation: EnableBiasedLocking done
Event: 4.247 Executing VM operation: ParallelGCFailedAllocation
Event: 4.707 Executing VM operation: ParallelGCFailedAllocation done
Event: 5.104 Thread 0x000000000247e000 Uncommon trap: trap_request=0xffffff65 fr.pc=0x0000000002fd6f1c
Event: 5.104 Thread 0x000000000247e000 DEOPT PACKING pc=0x0000000002fd6f1c sp=0x000000000281e180
Event: 5.104 Thread 0x000000000247e000 DEOPT UNPACKING pc=0x000000000286582a sp=0x000000000281e158 mode 2
Event: 5.215 Executing VM operation: ParallelGCFailedAllocation
Event: 5.238 Executing VM operation: ParallelGCFailedAllocation done


Dynamic libraries:
0x000000013f050000 - 0x000000013f087000 	C:\Program Files\Java\jdk1.8.0_101\bin\java.exe
0x0000000077b50000 - 0x0000000077cfa000 	C:\windows\SYSTEM32\ntdll.dll
0x0000000077a30000 - 0x0000000077b4f000 	C:\windows\system32\kernel32.dll
0x000007fefdae0000 - 0x000007fefdb4a000 	C:\windows\system32\KERNELBASE.dll
0x000007feff270000 - 0x000007feff34b000 	C:\windows\system32\ADVAPI32.dll
0x000007feff1d0000 - 0x000007feff26f000 	C:\windows\system32\msvcrt.dll
0x000007feff080000 - 0x000007feff09f000 	C:\windows\SYSTEM32\sechost.dll
0x000007feff0a0000 - 0x000007feff1cd000 	C:\windows\system32\RPCRT4.dll
0x0000000077930000 - 0x0000000077a2a000 	C:\windows\system32\USER32.dll
0x000007fefdcf0000 - 0x000007fefdd57000 	C:\windows\system32\GDI32.dll
0x000007fefdd70000 - 0x000007fefdd7e000 	C:\windows\system32\LPK.dll
0x000007fefdfb0000 - 0x000007fefe07a000 	C:\windows\system32\USP10.dll
0x000007fefa940000 - 0x000007fefab34000 	C:\windows\WinSxS\amd64_microsoft.windows.common-controls_6595b64144ccf1df_6.0.7601.18837_none_fa3b1e3d17594757\COMCTL32.dll
0x000007fefdc70000 - 0x000007fefdce1000 	C:\windows\system32\SHLWAPI.dll
0x000007feffcf0000 - 0x000007feffd1e000 	C:\windows\system32\IMM32.DLL
0x000007fefe1e0000 - 0x000007fefe2e9000 	C:\windows\system32\MSCTF.dll
0x0000000064ba0000 - 0x0000000064c72000 	C:\Program Files\Java\jdk1.8.0_101\jre\bin\msvcr100.dll
0x0000000067f30000 - 0x00000000687ca000 	C:\Program Files\Java\jdk1.8.0_101\jre\bin\server\jvm.dll
0x000007fef8e70000 - 0x000007fef8e79000 	C:\windows\system32\WSOCK32.dll
0x000007fefdf60000 - 0x000007fefdfad000 	C:\windows\system32\WS2_32.dll
0x000007fefdd60000 - 0x000007fefdd68000 	C:\windows\system32\NSI.dll
0x000007fefac20000 - 0x000007fefac5b000 	C:\windows\system32\WINMM.dll
0x000007fefc930000 - 0x000007fefc93c000 	C:\windows\system32\VERSION.dll
0x0000000077d20000 - 0x0000000077d27000 	C:\windows\system32\PSAPI.DLL
0x0000000073be0000 - 0x0000000073bef000 	C:\Program Files\Java\jdk1.8.0_101\jre\bin\verify.dll
0x0000000073af0000 - 0x0000000073b19000 	C:\Program Files\Java\jdk1.8.0_101\jre\bin\java.dll
0x0000000073b30000 - 0x0000000073b46000 	C:\Program Files\Java\jdk1.8.0_101\jre\bin\zip.dll
0x000007fefe2f0000 - 0x000007feff07c000 	C:\windows\system32\SHELL32.dll
0x000007feff350000 - 0x000007feff553000 	C:\windows\system32\ole32.dll
0x000007fefd890000 - 0x000007fefd89f000 	C:\windows\system32\profapi.dll

VM Arguments:
jvm_args: -Djava.awt.headless=true -Xmx1024M -Dfile.encoding=x-windows-949 -Duser.country=KR -Duser.language=ko -Duser.variant 
java_command: com.android.dx.command.Main --dex --multi-dex --main-dex-list C:\Users\IT\Desktop\ERM\v1.0.1\v1.0.1\app\build\intermediates\multi-dex\debug\maindexlist.txt --output C:\Users\IT\Desktop\ERM\v1.0.1\v1.0.1\app\build\intermediates\transforms\dex\debug\folders\1000\1f\main C:\Users\IT\Desktop\ERM\v1.0.1\v1.0.1\app\build\intermediates\transforms\jarMerging\debug\jars\1\1f\combined.jar
java_class_path (initial): C:\Users\IT\AppData\Local\Android\sdk\build-tools\22.0.1\lib\dx.jar
Launcher Type: SUN_STANDARD

Environment Variables:
JAVA_HOME=C:\Program Files (x86)\Java\jre1.8.0_101
PATH=C:\ProgramData\Oracle\Java\javapath;C:\Program Files\Common Files\Microsoft Shared\Windows Live;C:\Program Files (x86)\Common Files\Microsoft Shared\Windows Live;C:\Program Files (x86)\Intel\iCLS Client\;C:\Program Files\Intel\iCLS Client\;C:\windows\system32;C:\windows;C:\windows\System32\Wbem;C:\windows\System32\WindowsPowerShell\v1.0\;C:\Program Files\Intel\Intel(R) Management Engine Components\DAL;C:\Program Files\Intel\Intel(R) Management Engine Components\IPT;C:\Program Files (x86)\Intel\Intel(R) Management Engine Components\DAL;C:\Program Files (x86)\Intel\Intel(R) Management Engine Components\IPT;C:\Program Files (x86)\Intel\OpenCL SDK\2.0\bin\x86;C:\Program Files (x86)\Intel\OpenCL SDK\2.0\bin\x64;C:\Program Files\Intel\WiFi\bin\;C:\Program Files\Common Files\Intel\WirelessCommon\;C:\Program Files (x86)\Windows Live\Shared;C:\Program Files\Java\jdk1.7.0_79\bin;C:\openssl-0.9.8e_X64\bin;C:\Program Files\Git\cmd
USERNAME=IT
OS=Windows_NT
PROCESSOR_IDENTIFIER=Intel64 Family 6 Model 58 Stepping 9, GenuineIntel



---------------  S Y S T E M  ---------------

OS: Windows 7 , 64 bit Build 7601 (6.1.7601.23418)

CPU:total 4 (2 cores per cpu, 2 threads per core) family 6 model 58 stepping 9, cmov, cx8, fxsr, mmx, sse, sse2, sse3, ssse3, sse4.1, sse4.2, popcnt, avx, aes, clmul, erms, ht, tsc, tscinvbit, tscinv

Memory: 4k page, physical 3888676k(102896k free), swap 6029944k(5308k free)

vm_info: Java HotSpot(TM) 64-Bit Server VM (25.101-b13) for windows-amd64 JRE (1.8.0_101-b13), built on Jun 22 2016 01:21:29 by "java_re" with MS VC++ 10.0 (VS2010)

time: Tue Sep 27 16:51:46 2016
elapsed time: 5 seconds (0d 0h 0m 5s)

