#
# There is insufficient memory for the Java Runtime Environment to continue.
# Native memory allocation (malloc) failed to allocate 32744 bytes for ChunkPool::allocate
# Possible reasons:
#   The system is out of physical RAM or swap space
#   In 32 bit mode, the process size limit was hit
# Possible solutions:
#   Reduce memory load on the system
#   Increase physical memory or swap space
#   Check if swap backing store is full
#   Use 64 bit Java on a 64 bit OS
#   Decrease Java heap size (-Xmx/-Xms)
#   Decrease number of Java threads
#   Decrease Java thread stack sizes (-Xss)
#   Set larger code cache with -XX:ReservedCodeCacheSize=
# This output file may be truncated or incomplete.
#
#  Out of Memory Error (allocation.cpp:273), pid=6792, tid=0x00000000000019fc
#
# JRE version: Java(TM) SE Runtime Environment (8.0_101-b13) (build 1.8.0_101-b13)
# Java VM: Java HotSpot(TM) 64-Bit Server VM (25.101-b13 mixed mode windows-amd64 compressed oops)
# Failed to write core dump. Minidumps are not enabled by default on client versions of Windows
#

---------------  T H R E A D  ---------------

Current thread (0x0000000054c1b000):  JavaThread "C2 CompilerThread0" daemon [_thread_in_native, id=6652, stack(0x0000000056a80000,0x0000000056b80000)]

Stack: [0x0000000056a80000,0x0000000056b80000]
[error occurred during error reporting (printing stack bounds), id 0xc0000005]

Native frames: (J=compiled Java code, j=interpreted, Vv=VM code, C=native code)


Current CompileTask:
C2:    293  254   !   4       com.android.dx.cf.cst.ConstantPoolParser::parse0 (731 bytes)


---------------  P R O C E S S  ---------------

Java Threads: ( => current thread )
  0x000000005626d800 JavaThread "Service Thread" daemon [_thread_blocked, id=6844, stack(0x0000000056eb0000,0x0000000056fb0000)]
  0x00000000561ed800 JavaThread "C1 CompilerThread2" daemon [_thread_in_native, id=5892, stack(0x0000000056d80000,0x0000000056e80000)]
  0x00000000561ec000 JavaThread "C2 CompilerThread1" daemon [_thread_in_native, id=6572, stack(0x0000000056bd0000,0x0000000056cd0000)]
=>0x0000000054c1b000 JavaThread "C2 CompilerThread0" daemon [_thread_in_native, id=6652, stack(0x0000000056a80000,0x0000000056b80000)]
  0x00000000561e0800 JavaThread "Attach Listener" daemon [_thread_blocked, id=6176, stack(0x0000000056890000,0x0000000056990000)]
  0x0000000054c13000 JavaThread "Signal Dispatcher" daemon [_thread_blocked, id=6760, stack(0x0000000056710000,0x0000000056810000)]
  0x0000000054bfd000 JavaThread "Finalizer" daemon [_thread_blocked, id=6832, stack(0x00000000560d0000,0x00000000561d0000)]
  0x0000000054bb6000 JavaThread "Reference Handler" daemon [_thread_blocked, id=6944, stack(0x0000000055eb0000,0x0000000055fb0000)]
  0x000000000221e000 JavaThread "main" [_thread_in_Java, id=6884, stack(0x0000000002440000,0x0000000002540000)]

Other Threads:
  0x0000000054baa800 VMThread [stack: 0x0000000055d70000,0x0000000055e70000] [id=6840]
  0x000000005629c000 WatcherThread [stack: 0x0000000055c20000,0x0000000055d20000] [id=6852]

VM state:not at safepoint (normal execution)

VM Mutex/Monitor currently owned by a thread: None

Heap:
 PSYoungGen      total 17920K, used 5854K [0x00000000ec380000, 0x00000000ed780000, 0x0000000100000000)
  eden space 15360K, 38% used [0x00000000ec380000,0x00000000ec937978,0x00000000ed280000)
  from space 2560K, 0% used [0x00000000ed500000,0x00000000ed500000,0x00000000ed780000)
  to   space 2560K, 0% used [0x00000000ed280000,0x00000000ed280000,0x00000000ed500000)
 ParOldGen       total 40960K, used 0K [0x00000000c4a00000, 0x00000000c7200000, 0x00000000ec380000)
  object space 40960K, 0% used [0x00000000c4a00000,0x00000000c4a00000,0x00000000c7200000)
 Metaspace       used 3585K, capacity 5016K, committed 5120K, reserved 1056768K
  class space    used 395K, capacity 456K, committed 512K, reserved 1048576K

Card table byte_map: [0x0000000011900000,0x0000000011ae0000] byte_map_base: 0x00000000112db000

Marking Bits: (ParMarkBitMap*) 0x0000000070eca6d0
 Begin Bits: [0x0000000012290000, 0x0000000013168000)
 End Bits:   [0x0000000013168000, 0x0000000014040000)

Polling page: 0x0000000000110000

CodeCache: size=245760Kb used=1769Kb max_used=1769Kb free=243990Kb
 bounds [0x0000000002540000, 0x00000000027b0000, 0x0000000011540000]
 total_blobs=516 nmethods=268 adapters=161
 compilation: enabled

Compilation events (10 events):
Event: 0.289 Thread 0x00000000561ed800 nmethod 260 0x00000000026e3f50 code [0x00000000026e40a0, 0x00000000026e41b0]
Event: 0.289 Thread 0x00000000561ed800  267       3       com.android.dx.rop.cst.CstLiteralBits::<init> (5 bytes)
Event: 0.289 Thread 0x00000000561ed800 nmethod 267 0x00000000026f6fd0 code [0x00000000026f7140, 0x00000000026f73b0]
Event: 0.289 Thread 0x00000000561ed800  265       3       com.android.dx.rop.cst.CstLiteral32::<init> (10 bytes)
Event: 0.289 Thread 0x00000000561ed800 nmethod 265 0x00000000026fab50 code [0x00000000026facc0, 0x00000000026faf90]
Event: 0.289 Thread 0x00000000561ed800  268       3       com.android.dx.rop.cst.CstInteger::<init> (6 bytes)
Event: 0.289 Thread 0x00000000561ed800 nmethod 268 0x00000000026fa4d0 code [0x00000000026fa640, 0x00000000026fa970]
Event: 0.289 Thread 0x00000000561ed800  271       3       com.android.dx.cf.attrib.AttConstantValue::<init> (71 bytes)
Event: 0.290 Thread 0x00000000561ed800 nmethod 271 0x00000000026fb110 code [0x00000000026fb2e0, 0x00000000026fbc98]
Event: 0.290 Thread 0x00000000561ed800  270       3       com.android.dx.cf.direct.StdAttributeFactory::constantValue (94 bytes)

GC Heap History (0 events):
No events

Deoptimization events (0 events):
No events

Internal exceptions (2 events):
Event: 0.032 Thread 0x000000000221e000 Exception <a 'java/lang/NoSuchMethodError': Method sun.misc.Unsafe.defineClass(Ljava/lang/String;[BII)Ljava/lang/Class; name or signature does not match> (0x00000000ec387cc0) thrown at [C:\re\workspace\8-2-build-windows-amd64-cygwin\jdk8u101\7261\hotspot\sýÅz@] ?
Event: 0.032 Thread 0x000000000221e000 Exception <a 'java/lang/NoSuchMethodError': Method sun.misc.Unsafe.prefetchRead(Ljava/lang/Object;J)V name or signature does not match> (0x00000000ec387fa8) thrown at [C:\re\workspace\8-2-build-windows-amd64-cygwin\jdk8u101\7261\hotspot\src\share\vm\prims\

Events (10 events):
Event: 0.268 loading class com/android/dx/cf/attrib/BaseParameterAnnotations
Event: 0.268 loading class com/android/dx/cf/attrib/BaseParameterAnnotations done
Event: 0.270 loading class com/android/dx/cf/attrib/AttRuntimeInvisibleAnnotations
Event: 0.270 loading class com/android/dx/cf/attrib/AttRuntimeInvisibleAnnotations done
Event: 0.270 loading class com/android/dx/cf/attrib/AttLocalVariableTypeTable
Event: 0.270 loading class com/android/dx/cf/attrib/AttLocalVariableTypeTable done
Event: 0.271 loading class com/android/dx/cf/attrib/AttDeprecated
Event: 0.271 loading class com/android/dx/cf/attrib/AttDeprecated done
Event: 0.283 loading class com/android/dx/cf/attrib/AttEnclosingMethod
Event: 0.283 loading class com/android/dx/cf/attrib/AttEnclosingMethod done


Dynamic libraries:
0x000000013f2e0000 - 0x000000013f317000 	C:\Program Files\Java\jdk1.8.0_101\bin\java.exe
0x0000000077370000 - 0x000000007751a000 	C:\windows\SYSTEM32\ntdll.dll
0x0000000077150000 - 0x000000007726f000 	C:\windows\system32\kernel32.dll
0x000007fefd0d0000 - 0x000007fefd13a000 	C:\windows\system32\KERNELBASE.dll
0x000007fefe290000 - 0x000007fefe36b000 	C:\windows\system32\ADVAPI32.dll
0x000007feff5a0000 - 0x000007feff63f000 	C:\windows\system32\msvcrt.dll
0x000007feff260000 - 0x000007feff27f000 	C:\windows\SYSTEM32\sechost.dll
0x000007fefda50000 - 0x000007fefdb7d000 	C:\windows\system32\RPCRT4.dll
0x0000000077270000 - 0x000000007736a000 	C:\windows\system32\USER32.dll
0x000007fefdd80000 - 0x000007fefdde7000 	C:\windows\system32\GDI32.dll
0x000007fefda40000 - 0x000007fefda4e000 	C:\windows\system32\LPK.dll
0x000007fefe1c0000 - 0x000007fefe28a000 	C:\windows\system32\USP10.dll
0x000007fefa180000 - 0x000007fefa374000 	C:\windows\WinSxS\amd64_microsoft.windows.common-controls_6595b64144ccf1df_6.0.7601.18837_none_fa3b1e3d17594757\COMCTL32.dll
0x000007fefe370000 - 0x000007fefe3e1000 	C:\windows\system32\SHLWAPI.dll
0x000007feff640000 - 0x000007feff66e000 	C:\windows\system32\IMM32.DLL
0x000007feff280000 - 0x000007feff389000 	C:\windows\system32\MSCTF.dll
0x0000000067d40000 - 0x0000000067e12000 	C:\Program Files\Java\jdk1.8.0_101\jre\bin\msvcr100.dll
0x00000000706b0000 - 0x0000000070f4a000 	C:\Program Files\Java\jdk1.8.0_101\jre\bin\server\jvm.dll
0x000007fef8730000 - 0x000007fef8739000 	C:\windows\system32\WSOCK32.dll
0x000007fefddf0000 - 0x000007fefde3d000 	C:\windows\system32\WS2_32.dll
0x000007feff670000 - 0x000007feff678000 	C:\windows\system32\NSI.dll
0x000007fef7840000 - 0x000007fef787b000 	C:\windows\system32\WINMM.dll
0x000007fefc140000 - 0x000007fefc14c000 	C:\windows\system32\VERSION.dll
0x0000000077540000 - 0x0000000077547000 	C:\windows\system32\PSAPI.DLL
0x0000000071580000 - 0x000000007158f000 	C:\Program Files\Java\jdk1.8.0_101\jre\bin\verify.dll
0x0000000070650000 - 0x0000000070679000 	C:\Program Files\Java\jdk1.8.0_101\jre\bin\java.dll
0x0000000070690000 - 0x00000000706a6000 	C:\Program Files\Java\jdk1.8.0_101\jre\bin\zip.dll
0x000007fefe4d0000 - 0x000007feff25c000 	C:\windows\system32\SHELL32.dll
0x000007fefd4c0000 - 0x000007fefd6c3000 	C:\windows\system32\ole32.dll
0x000007fefd0b0000 - 0x000007fefd0bf000 	C:\windows\system32\profapi.dll

VM Arguments:
jvm_args: -Djava.awt.headless=true -Dfile.encoding=x-windows-949 -Duser.country=KR -Duser.language=ko -Duser.variant 
java_command: com.android.multidex.ClassReferenceListBuilder C:\Users\IT\Desktop\ERM\v1.0.1\v1.0.1\app\build\intermediates\multi-dex\debug\componentClasses.jar C:\Users\IT\Desktop\ERM\v1.0.1\v1.0.1\app\build\intermediates\transforms\jarMerging\debug\jars\1\1f\combined.jar
java_class_path (initial): C:\Users\IT\AppData\Local\Android\sdk\build-tools\22.0.1\lib\dx.jar
Launcher Type: SUN_STANDARD

Environment Variables:
JAVA_HOME=C:\Program Files (x86)\Java\jre1.8.0_101
PATH=C:\ProgramData\Oracle\Java\javapath;C:\Program Files\Common Files\Microsoft Shared\Windows Live;C:\Program Files (x86)\Common Files\Microsoft Shared\Windows Live;C:\Program Files (x86)\Intel\iCLS Client\;C:\Program Files\Intel\iCLS Client\;C:\windows\system32;C:\windows;C:\windows\System32\Wbem;C:\windows\System32\WindowsPowerShell\v1.0\;C:\Program Files\Intel\Intel(R) Management Engine Components\DAL;C:\Program Files\Intel\Intel(R) Management Engine Components\IPT;C:\Program Files (x86)\Intel\Intel(R) Management Engine Components\DAL;C:\Program Files (x86)\Intel\Intel(R) Management Engine Components\IPT;C:\Program Files (x86)\Intel\OpenCL SDK\2.0\bin\x86;C:\Program Files (x86)\Intel\OpenCL SDK\2.0\bin\x64;C:\Program Files\Intel\WiFi\bin\;C:\Program Files\Common Files\Intel\WirelessCommon\;C:\Program Files (x86)\Windows Live\Shared;C:\Program Files\Java\jdk1.7.0_79\bin;C:\openssl-0.9.8e_X64\bin;C:\Program Files\Git\cmd
USERNAME=IT
OS=Windows_NT
PROCESSOR_IDENTIFIER=Intel64 Family 6 Model 58 Stepping 9, GenuineIntel



---------------  S Y S T E M  ---------------

OS: Windows 7 , 64 bit Build 7601 (6.1.7601.23539)

CPU:total 4 (2 cores per cpu, 2 threads per core) family 6 model 58 stepping 9, cmov, cx8, fxsr, mmx, sse, sse2, sse3, ssse3, sse4.1, sse4.2, popcnt, avx, aes, clmul, erms, ht, tsc, tscinvbit, tscinv

Memory: 4k page, physical 3888676k(383180k free), swap 4450596k(4900k free)

vm_info: Java HotSpot(TM) 64-Bit Server VM (25.101-b13) for windows-amd64 JRE (1.8.0_101-b13), built on Jun 22 2016 01:21:29 by "java_re" with MS VC++ 10.0 (VS2010)

time: Fri Sep 30 17:54:39 2016
elapsed time: 0 seconds (0d 0h 0m 0s)

