#
# There is insufficient memory for the Java Runtime Environment to continue.
# Native memory allocation (malloc) failed to allocate 147696 bytes for Chunk::new
# Possible reasons:
#   The system is out of physical RAM or swap space
#   In 32 bit mode, the process size limit was hit
# Possible solutions:
#   Reduce memory load on the system
#   Increase physical memory or swap space
#   Check if swap backing store is full
#   Use 64 bit Java on a 64 bit OS
#   Decrease Java heap size (-Xmx/-Xms)
#   Decrease number of Java threads
#   Decrease Java thread stack sizes (-Xss)
#   Set larger code cache with -XX:ReservedCodeCacheSize=
# This output file may be truncated or incomplete.
#
#  Out of Memory Error (allocation.cpp:390), pid=1260, tid=0x000000000000181c
#
# JRE version: Java(TM) SE Runtime Environment (8.0_101-b13) (build 1.8.0_101-b13)
# Java VM: Java HotSpot(TM) 64-Bit Server VM (25.101-b13 mixed mode windows-amd64 compressed oops)
# Failed to write core dump. Minidumps are not enabled by default on client versions of Windows
#

---------------  T H R E A D  ---------------

Current thread (0x00000000562ec800):  JavaThread "C2 CompilerThread1" daemon [_thread_in_native, id=6172, stack(0x0000000056aa0000,0x0000000056ba0000)]

Stack: [0x0000000056aa0000,0x0000000056ba0000]
[error occurred during error reporting (printing stack bounds), id 0xc0000005]

Native frames: (J=compiled Java code, j=interpreted, Vv=VM code, C=native code)


Current CompileTask:
C2:  29311 2050 %     4       com.android.dx.ssa.SsaConverter::placePhiFunctions @ 103 (394 bytes)


---------------  P R O C E S S  ---------------

Java Threads: ( => current thread )
  0x0000000056378800 JavaThread "Service Thread" daemon [_thread_blocked, id=2672, stack(0x0000000056cd0000,0x0000000056dd0000)]
  0x00000000562f3000 JavaThread "C1 CompilerThread2" daemon [_thread_blocked, id=2696, stack(0x0000000056e30000,0x0000000056f30000)]
=>0x00000000562ec800 JavaThread "C2 CompilerThread1" daemon [_thread_in_native, id=6172, stack(0x0000000056aa0000,0x0000000056ba0000)]
  0x00000000562d4000 JavaThread "C2 CompilerThread0" daemon [_thread_in_native, id=2564, stack(0x0000000056ba0000,0x0000000056ca0000)]
  0x0000000054e6f800 JavaThread "Attach Listener" daemon [_thread_blocked, id=2960, stack(0x0000000056930000,0x0000000056a30000)]
  0x0000000054e61000 JavaThread "Signal Dispatcher" daemon [_thread_blocked, id=148, stack(0x0000000056750000,0x0000000056850000)]
  0x0000000054e49000 JavaThread "Finalizer" daemon [_thread_blocked, id=3604, stack(0x00000000561c0000,0x00000000562c0000)]
  0x0000000054e02000 JavaThread "Reference Handler" daemon [_thread_blocked, id=3904, stack(0x00000000560a0000,0x00000000561a0000)]
  0x000000000218e000 JavaThread "main" [_thread_in_vm, id=5216, stack(0x0000000002190000,0x0000000002290000)]

Other Threads:
  0x0000000054dfa800 VMThread [stack: 0x0000000055f40000,0x0000000056040000] [id=6584]
  0x00000000563c4800 WatcherThread [stack: 0x0000000056fa0000,0x00000000570a0000] [id=6852]

VM state:not at safepoint (normal execution)

VM Mutex/Monitor currently owned by a thread: None

Heap:
 PSYoungGen      total 134144K, used 97471K [0x00000000eab00000, 0x00000000f9200000, 0x0000000100000000)
  eden space 118272K, 82% used [0x00000000eab00000,0x00000000f0a2ff30,0x00000000f1e80000)
  from space 15872K, 0% used [0x00000000f1e80000,0x00000000f1e80000,0x00000000f2e00000)
  to   space 23552K, 0% used [0x00000000f7b00000,0x00000000f7b00000,0x00000000f9200000)
 ParOldGen       total 40960K, used 40816K [0x00000000c0000000, 0x00000000c2800000, 0x00000000eab00000)
  object space 40960K, 99% used [0x00000000c0000000,0x00000000c27dc310,0x00000000c2800000)
 Metaspace       used 6238K, capacity 7216K, committed 7296K, reserved 1056768K
  class space    used 592K, capacity 616K, committed 640K, reserved 1048576K

Card table byte_map: [0x0000000011790000,0x00000000119a0000] byte_map_base: 0x0000000011190000

Marking Bits: (ParMarkBitMap*) 0x0000000070c4a6d0
 Begin Bits: [0x0000000012270000, 0x0000000013270000)
 End Bits:   [0x0000000013270000, 0x0000000014270000)

Polling page: 0x0000000000310000

CodeCache: size=245760Kb used=8913Kb max_used=8913Kb free=236846Kb
 bounds [0x00000000023d0000, 0x0000000002c90000, 0x00000000113d0000]
 total_blobs=2239 nmethods=1971 adapters=180
 compilation: enabled

Compilation events (10 events):
Event: 28.757 Thread 0x00000000562f3000 2064       2       com.android.dx.cf.code.ExecutionStack::peekLocal (46 bytes)
Event: 28.759 Thread 0x00000000562f3000 nmethod 2064 0x0000000002c85b90 code [0x0000000002c85d20, 0x0000000002c86018]
Event: 28.759 Thread 0x00000000562f3000 2065       2       com.android.dx.cf.code.BaseMachine::popArgs (204 bytes)
Event: 28.765 Thread 0x00000000562f3000 nmethod 2065 0x0000000002c861d0 code [0x0000000002c86520, 0x0000000002c87248]
Event: 28.926 Thread 0x00000000562f3000 2067       2       com.android.dx.ssa.back.InterferenceGraph::add (46 bytes)
Event: 28.928 Thread 0x00000000562f3000 nmethod 2067 0x0000000002c88090 code [0x0000000002c88260, 0x0000000002c88708]
Event: 29.054 Thread 0x00000000562f3000 2068       2       com.android.dx.ssa.back.RegisterAllocator::insertMoveBefore (240 bytes)
Event: 29.062 Thread 0x00000000562f3000 nmethod 2068 0x0000000002c88c10 code [0x0000000002c88f40, 0x0000000002c89ee8]
Event: 29.108 Thread 0x00000000562f3000 2069       2       com.android.dx.dex.file.AnnotationUtils::makeInnerClass (65 bytes)
Event: 29.111 Thread 0x00000000562f3000 nmethod 2069 0x0000000002c8b610 code [0x0000000002c8b800, 0x0000000002c8bcf8]

GC Heap History (10 events):
Event: 13.167 GC heap before
{Heap before GC invocations=8 (full 0):
 PSYoungGen      total 68608K, used 68598K [0x00000000eab00000, 0x00000000f3a00000, 0x0000000100000000)
  eden space 60928K, 100% used [0x00000000eab00000,0x00000000ee680000,0x00000000ee680000)
  from space 7680K, 99% used [0x00000000ee680000,0x00000000eedfdb80,0x00000000eee00000)
  to   space 12288K, 0% used [0x00000000f2e00000,0x00000000f2e00000,0x00000000f3a00000)
 ParOldGen       total 40960K, used 22532K [0x00000000c0000000, 0x00000000c2800000, 0x00000000eab00000)
  object space 40960K, 55% used [0x00000000c0000000,0x00000000c16013d8,0x00000000c2800000)
 Metaspace       used 6127K, capacity 7152K, committed 7296K, reserved 1056768K
  class space    used 590K, capacity 616K, committed 640K, reserved 1048576K
Event: 13.405 GC heap after
Heap after GC invocations=8 (full 0):
 PSYoungGen      total 130560K, used 12258K [0x00000000eab00000, 0x00000000f4100000, 0x0000000100000000)
  eden space 118272K, 0% used [0x00000000eab00000,0x00000000eab00000,0x00000000f1e80000)
  from space 12288K, 99% used [0x00000000f2e00000,0x00000000f39f8848,0x00000000f3a00000)
  to   space 15872K, 0% used [0x00000000f1e80000,0x00000000f1e80000,0x00000000f2e00000)
 ParOldGen       total 40960K, used 27274K [0x00000000c0000000, 0x00000000c2800000, 0x00000000eab00000)
  object space 40960K, 66% used [0x00000000c0000000,0x00000000c1aa2828,0x00000000c2800000)
 Metaspace       used 6127K, capacity 7152K, committed 7296K, reserved 1056768K
  class space    used 590K, capacity 616K, committed 640K, reserved 1048576K
}
Event: 16.365 GC heap before
{Heap before GC invocations=9 (full 0):
 PSYoungGen      total 130560K, used 130530K [0x00000000eab00000, 0x00000000f4100000, 0x0000000100000000)
  eden space 118272K, 100% used [0x00000000eab00000,0x00000000f1e80000,0x00000000f1e80000)
  from space 12288K, 99% used [0x00000000f2e00000,0x00000000f39f8848,0x00000000f3a00000)
  to   space 15872K, 0% used [0x00000000f1e80000,0x00000000f1e80000,0x00000000f2e00000)
 ParOldGen       total 40960K, used 27274K [0x00000000c0000000, 0x00000000c2800000, 0x00000000eab00000)
  object space 40960K, 66% used [0x00000000c0000000,0x00000000c1aa2828,0x00000000c2800000)
 Metaspace       used 6158K, capacity 7152K, committed 7296K, reserved 1056768K
  class space    used 590K, capacity 616K, committed 640K, reserved 1048576K
Event: 16.787 GC heap after
Heap after GC invocations=9 (full 0):
 PSYoungGen      total 134144K, used 15849K [0x00000000eab00000, 0x00000000f9200000, 0x0000000100000000)
  eden space 118272K, 0% used [0x00000000eab00000,0x00000000eab00000,0x00000000f1e80000)
  from space 15872K, 99% used [0x00000000f1e80000,0x00000000f2dfa5e0,0x00000000f2e00000)
  to   space 23552K, 0% used [0x00000000f7b00000,0x00000000f7b00000,0x00000000f9200000)
 ParOldGen       total 40960K, used 39864K [0x00000000c0000000, 0x00000000c2800000, 0x00000000eab00000)
  object space 40960K, 97% used [0x00000000c0000000,0x00000000c26ee250,0x00000000c2800000)
 Metaspace       used 6158K, capacity 7152K, committed 7296K, reserved 1056768K
  class space    used 590K, capacity 616K, committed 640K, reserved 1048576K
}
Event: 16.788 GC heap before
{Heap before GC invocations=10 (full 1):
 PSYoungGen      total 134144K, used 15849K [0x00000000eab00000, 0x00000000f9200000, 0x0000000100000000)
  eden space 118272K, 0% used [0x00000000eab00000,0x00000000eab00000,0x00000000f1e80000)
  from space 15872K, 99% used [0x00000000f1e80000,0x00000000f2dfa5e0,0x00000000f2e00000)
  to   space 23552K, 0% used [0x00000000f7b00000,0x00000000f7b00000,0x00000000f9200000)
 ParOldGen       total 40960K, used 39864K [0x00000000c0000000, 0x00000000c2800000, 0x00000000eab00000)
  object space 40960K, 97% used [0x00000000c0000000,0x00000000c26ee250,0x00000000c2800000)
 Metaspace       used 6158K, capacity 7152K, committed 7296K, reserved 1056768K
  class space    used 590K, capacity 616K, committed 640K, reserved 1048576K
Event: 19.010 GC heap after
Heap after GC invocations=10 (full 1):
 PSYoungGen      total 134144K, used 11218K [0x00000000eab00000, 0x00000000f9200000, 0x0000000100000000)
  eden space 118272K, 0% used [0x00000000eab00000,0x00000000eab00000,0x00000000f1e80000)
  from space 15872K, 70% used [0x00000000f1e80000,0x00000000f2974950,0x00000000f2e00000)
  to   space 23552K, 0% used [0x00000000f7b00000,0x00000000f7b00000,0x00000000f9200000)
 ParOldGen       total 40960K, used 40919K [0x00000000c0000000, 0x00000000c2800000, 0x00000000eab00000)
  object space 40960K, 99% used [0x00000000c0000000,0x00000000c27f5d70,0x00000000c2800000)
 Metaspace       used 6158K, capacity 7152K, committed 7296K, reserved 1056768K
  class space    used 590K, capacity 616K, committed 640K, reserved 1048576K
}
Event: 22.307 GC heap before
{Heap before GC invocations=11 (full 2):
 PSYoungGen      total 134144K, used 129490K [0x00000000eab00000, 0x00000000f9200000, 0x0000000100000000)
  eden space 118272K, 100% used [0x00000000eab00000,0x00000000f1e80000,0x00000000f1e80000)
  from space 15872K, 70% used [0x00000000f1e80000,0x00000000f2974950,0x00000000f2e00000)
  to   space 23552K, 0% used [0x00000000f7b00000,0x00000000f7b00000,0x00000000f9200000)
 ParOldGen       total 40960K, used 40919K [0x00000000c0000000, 0x00000000c2800000, 0x00000000eab00000)
  object space 40960K, 99% used [0x00000000c0000000,0x00000000c27f5d70,0x00000000c2800000)
 Metaspace       used 6174K, capacity 7152K, committed 7296K, reserved 1056768K
  class space    used 590K, capacity 616K, committed 640K, reserved 1048576K
Event: 23.893 GC heap after
Heap after GC invocations=11 (full 2):
 PSYoungGen      total 134144K, used 27733K [0x00000000eab00000, 0x00000000f9200000, 0x0000000100000000)
  eden space 118272K, 23% used [0x00000000eab00000,0x00000000ec615698,0x00000000f1e80000)
  from space 15872K, 0% used [0x00000000f1e80000,0x00000000f1e80000,0x00000000f2e00000)
  to   space 23552K, 0% used [0x00000000f7b00000,0x00000000f7b00000,0x00000000f9200000)
 ParOldGen       total 40960K, used 40870K [0x00000000c0000000, 0x00000000c2800000, 0x00000000eab00000)
  object space 40960K, 99% used [0x00000000c0000000,0x00000000c27e9a80,0x00000000c2800000)
 Metaspace       used 6174K, capacity 7152K, committed 7296K, reserved 1056768K
  class space    used 590K, capacity 616K, committed 640K, reserved 1048576K
}
Event: 26.316 GC heap before
{Heap before GC invocations=12 (full 3):
 PSYoungGen      total 134144K, used 118272K [0x00000000eab00000, 0x00000000f9200000, 0x0000000100000000)
  eden space 118272K, 100% used [0x00000000eab00000,0x00000000f1e80000,0x00000000f1e80000)
  from space 15872K, 0% used [0x00000000f1e80000,0x00000000f1e80000,0x00000000f2e00000)
  to   space 23552K, 0% used [0x00000000f7b00000,0x00000000f7b00000,0x00000000f9200000)
 ParOldGen       total 40960K, used 40870K [0x00000000c0000000, 0x00000000c2800000, 0x00000000eab00000)
  object space 40960K, 99% used [0x00000000c0000000,0x00000000c27e9a80,0x00000000c2800000)
 Metaspace       used 6226K, capacity 7216K, committed 7296K, reserved 1056768K
  class space    used 591K, capacity 616K, committed 640K, reserved 1048576K
Event: 27.912 GC heap after
Heap after GC invocations=12 (full 3):
 PSYoungGen      total 134144K, used 42781K [0x00000000eab00000, 0x00000000f9200000, 0x0000000100000000)
  eden space 118272K, 36% used [0x00000000eab00000,0x00000000ed4c7430,0x00000000f1e80000)
  from space 15872K, 0% used [0x00000000f1e80000,0x00000000f1e80000,0x00000000f2e00000)
  to   space 23552K, 0% used [0x00000000f7b00000,0x00000000f7b00000,0x00000000f9200000)
 ParOldGen       total 40960K, used 40816K [0x00000000c0000000, 0x00000000c2800000, 0x00000000eab00000)
  object space 40960K, 99% used [0x00000000c0000000,0x00000000c27dc310,0x00000000c2800000)
 Metaspace       used 6226K, capacity 7216K, committed 7296K, reserved 1056768K
  class space    used 591K, capacity 616K, committed 640K, reserved 1048576K
}

Deoptimization events (10 events):
Event: 19.739 Thread 0x000000000218e000 Uncommon trap: reason=bimorphic action=maybe_recompile pc=0x0000000002bcc6e8 method=com.android.dx.rop.code.RegisterSpec.withSimpleType()Lcom/android/dx/rop/code/RegisterSpec; @ 21
Event: 19.938 Thread 0x000000000218e000 Uncommon trap: reason=bimorphic action=maybe_recompile pc=0x0000000002b55f00 method=com.android.dx.rop.code.RegisterSpec.getFrameType()Lcom/android/dx/rop/type/TypeBearer; @ 4
Event: 20.360 Thread 0x000000000218e000 Uncommon trap: reason=unstable_if action=reinterpret pc=0x0000000002ab6660 method=com.android.dx.ssa.SCCP.simulateStmt(Lcom/android/dx/ssa/SsaInsn;)V @ 59
Event: 22.245 Thread 0x000000000218e000 Uncommon trap: reason=unstable_if action=reinterpret pc=0x0000000002882e4c method=com.android.dx.ssa.SsaMethod.updateOneDefinition(Lcom/android/dx/ssa/SsaInsn;Lcom/android/dx/rop/code/RegisterSpec;)V @ 4
Event: 26.111 Thread 0x000000000218e000 Uncommon trap: reason=bimorphic action=maybe_recompile pc=0x0000000002b55f00 method=com.android.dx.rop.code.RegisterSpec.getFrameType()Lcom/android/dx/rop/type/TypeBearer; @ 4
Event: 26.140 Thread 0x000000000218e000 Uncommon trap: reason=bimorphic action=maybe_recompile pc=0x0000000002b55f00 method=com.android.dx.rop.code.RegisterSpec.getFrameType()Lcom/android/dx/rop/type/TypeBearer; @ 4
Event: 26.260 Thread 0x000000000218e000 Uncommon trap: reason=bimorphic action=maybe_recompile pc=0x0000000002b55f00 method=com.android.dx.rop.code.RegisterSpec.getFrameType()Lcom/android/dx/rop/type/TypeBearer; @ 4
Event: 28.088 Thread 0x000000000218e000 Uncommon trap: reason=unstable_if action=reinterpret pc=0x0000000002b1b650 method=com.android.dx.ssa.SCCP.simulateBranch(Lcom/android/dx/ssa/SsaInsn;)V @ 548
Event: 28.293 Thread 0x000000000218e000 Uncommon trap: reason=predicate action=maybe_recompile pc=0x0000000002c12c04 method=com.android.dx.ssa.DomFront.run()[Lcom/android/dx/ssa/DomFront$DomInfo; @ 175
Event: 28.318 Thread 0x000000000218e000 Uncommon trap: reason=class_check action=maybe_recompile pc=0x0000000002be2120 method=com.android.dx.ssa.SsaConverter.placePhiFunctions(Lcom/android/dx/ssa/SsaMethod;Lcom/android/dx/ssa/LocalVariableInfo;I)V @ 257

Internal exceptions (6 events):
Event: 0.097 Thread 0x000000000218e000 Exception <a 'java/lang/NoSuchMethodError': Method sun.misc.Unsafe.defineClass(Ljava/lang/String;[BII)Ljava/lang/Class; name or signature does not match> (0x00000000eab07cc0) thrown at [C:\re\workspace\8-2-build-windows-amd64-cygwin\jdk8u101\7261\hotspot\s¤èƒ®%ù¸?
Event: 0.098 Thread 0x000000000218e000 Exception <a 'java/lang/NoSuchMethodError': Method sun.misc.Unsafe.prefetchRead(Ljava/lang/Object;J)V name or signature does not match> (0x00000000eab07fa8) thrown at [C:\re\workspace\8-2-build-windows-amd64-cygwin\jdk8u101\7261\hotspot\src\share\vm\prims\™½Å&@
Event: 3.769 Thread 0x000000000218e000 Implicit null exception at 0x0000000002822a74 to 0x0000000002823859
Event: 10.385 Thread 0x000000000218e000 Exception <a 'java/lang/ArrayIndexOutOfBoundsException': 18> (0x00000000ed5569d8) thrown at [C:\re\workspace\8-2-build-windows-amd64-cygwin\jdk8u101\7261\hotspot\src\share\vm\interpreter\interpreterRuntime.cpp, line 366]
Event: 10.387 Thread 0x000000000218e000 Exception <a 'java/lang/ArrayIndexOutOfBoundsException'> (0x00000000ed558558) thrown at [C:\re\workspace\8-2-build-windows-amd64-cygwin\jdk8u101\7261\hotspot\src\share\vm\runtime\sharedRuntime.cpp, line 605]
Event: 10.390 Thread 0x000000000218e000 Exception <a 'java/lang/ArrayIndexOutOfBoundsException'> (0x00000000ed559840) thrown at [C:\re\workspace\8-2-build-windows-amd64-cygwin\jdk8u101\7261\hotspot\src\share\vm\runtime\sharedRuntime.cpp, line 605]

Events (10 events):
Event: 28.295 Executing VM operation: Deoptimize done
Event: 28.318 Thread 0x000000000218e000 Uncommon trap: trap_request=0xffffffde fr.pc=0x0000000002be2120
Event: 28.318 Thread 0x000000000218e000 DEOPT PACKING pc=0x0000000002be2120 sp=0x000000000228e850
Event: 28.318 Thread 0x000000000218e000 DEOPT UNPACKING pc=0x000000000241582a sp=0x000000000228e888 mode 2
Event: 28.318 loading class com/android/dx/util/ListIntSet$1
Event: 28.318 loading class com/android/dx/util/ListIntSet$1 done
Event: 28.422 Thread 0x000000000218e000 DEOPT PACKING pc=0x00000000029f571b sp=0x000000000228e790
Event: 28.422 Thread 0x000000000218e000 DEOPT UNPACKING pc=0x000000000241787f sp=0x000000000228e4e0 mode 0
Event: 29.268 Thread 0x000000000218e000 DEOPT PACKING pc=0x000000000264d98c sp=0x000000000228e840
Event: 29.268 Thread 0x000000000218e000 DEOPT UNPACKING pc=0x000000000241787f sp=0x000000000228e558 mode 0


Dynamic libraries:
0x000000013fce0000 - 0x000000013fd17000 	C:\Program Files\Java\jdk1.8.0_101\bin\java.exe
0x0000000076f50000 - 0x00000000770fa000 	C:\windows\SYSTEM32\ntdll.dll
0x0000000076e30000 - 0x0000000076f4f000 	C:\windows\system32\kernel32.dll
0x000007fefccb0000 - 0x000007fefcd1a000 	C:\windows\system32\KERNELBASE.dll
0x000007feff180000 - 0x000007feff25b000 	C:\windows\system32\ADVAPI32.dll
0x000007fefef60000 - 0x000007fefefff000 	C:\windows\system32\msvcrt.dll
0x000007fefe8e0000 - 0x000007fefe8ff000 	C:\windows\SYSTEM32\sechost.dll
0x000007feff000000 - 0x000007feff12d000 	C:\windows\system32\RPCRT4.dll
0x0000000076d30000 - 0x0000000076e2a000 	C:\windows\system32\USER32.dll
0x000007fefecd0000 - 0x000007fefed37000 	C:\windows\system32\GDI32.dll
0x000007fefecc0000 - 0x000007fefecce000 	C:\windows\system32\LPK.dll
0x000007fefde70000 - 0x000007fefdf3a000 	C:\windows\system32\USP10.dll
0x000007fefa600000 - 0x000007fefa7f4000 	C:\windows\WinSxS\amd64_microsoft.windows.common-controls_6595b64144ccf1df_6.0.7601.18837_none_fa3b1e3d17594757\COMCTL32.dll
0x000007fefe380000 - 0x000007fefe3f1000 	C:\windows\system32\SHLWAPI.dll
0x000007fefe330000 - 0x000007fefe35e000 	C:\windows\system32\IMM32.DLL
0x000007fefe220000 - 0x000007fefe329000 	C:\windows\system32\MSCTF.dll
0x0000000065f00000 - 0x0000000065fd2000 	C:\Program Files\Java\jdk1.8.0_101\jre\bin\msvcr100.dll
0x0000000070430000 - 0x0000000070cca000 	C:\Program Files\Java\jdk1.8.0_101\jre\bin\server\jvm.dll
0x000007fef89b0000 - 0x000007fef89b9000 	C:\windows\system32\WSOCK32.dll
0x000007feff130000 - 0x000007feff17d000 	C:\windows\system32\WS2_32.dll
0x000007fefef50000 - 0x000007fefef58000 	C:\windows\system32\NSI.dll
0x000007fef9b80000 - 0x000007fef9bbb000 	C:\windows\system32\WINMM.dll
0x000007fefbd20000 - 0x000007fefbd2c000 	C:\windows\system32\VERSION.dll
0x0000000077110000 - 0x0000000077117000 	C:\windows\system32\PSAPI.DLL
0x0000000071030000 - 0x000000007103f000 	C:\Program Files\Java\jdk1.8.0_101\jre\bin\verify.dll
0x0000000071000000 - 0x0000000071029000 	C:\Program Files\Java\jdk1.8.0_101\jre\bin\java.dll
0x0000000070fe0000 - 0x0000000070ff6000 	C:\Program Files\Java\jdk1.8.0_101\jre\bin\zip.dll
0x000007fefd0e0000 - 0x000007fefde6c000 	C:\windows\system32\SHELL32.dll
0x000007fefe6d0000 - 0x000007fefe8d3000 	C:\windows\system32\ole32.dll
0x000007fefcc80000 - 0x000007fefcc8f000 	C:\windows\system32\profapi.dll

VM Arguments:
jvm_args: -Djava.awt.headless=true -Xmx1024M -Dfile.encoding=x-windows-949 -Duser.country=KR -Duser.language=ko -Duser.variant 
java_command: com.android.dx.command.Main --dex --multi-dex --main-dex-list C:\Users\IT\Desktop\ERM\v1.0.1\v1.0.1\app\build\intermediates\multi-dex\debug\maindexlist.txt --output C:\Users\IT\Desktop\ERM\v1.0.1\v1.0.1\app\build\intermediates\transforms\dex\debug\folders\1000\1f\main C:\Users\IT\Desktop\ERM\v1.0.1\v1.0.1\app\build\intermediates\transforms\jarMerging\debug\jars\1\1f\combined.jar
java_class_path (initial): C:\Users\IT\AppData\Local\Android\sdk\build-tools\22.0.1\lib\dx.jar
Launcher Type: SUN_STANDARD

Environment Variables:
JAVA_HOME=C:\Program Files (x86)\Java\jre1.8.0_101
PATH=C:\ProgramData\Oracle\Java\javapath;C:\Program Files\Common Files\Microsoft Shared\Windows Live;C:\Program Files (x86)\Common Files\Microsoft Shared\Windows Live;C:\Program Files (x86)\Intel\iCLS Client\;C:\Program Files\Intel\iCLS Client\;C:\windows\system32;C:\windows;C:\windows\System32\Wbem;C:\windows\System32\WindowsPowerShell\v1.0\;C:\Program Files\Intel\Intel(R) Management Engine Components\DAL;C:\Program Files\Intel\Intel(R) Management Engine Components\IPT;C:\Program Files (x86)\Intel\Intel(R) Management Engine Components\DAL;C:\Program Files (x86)\Intel\Intel(R) Management Engine Components\IPT;C:\Program Files (x86)\Intel\OpenCL SDK\2.0\bin\x86;C:\Program Files (x86)\Intel\OpenCL SDK\2.0\bin\x64;C:\Program Files\Intel\WiFi\bin\;C:\Program Files\Common Files\Intel\WirelessCommon\;C:\Program Files (x86)\Windows Live\Shared;C:\Program Files\Java\jdk1.7.0_79\bin;C:\openssl-0.9.8e_X64\bin;C:\Program Files\Git\cmd
USERNAME=IT
OS=Windows_NT
PROCESSOR_IDENTIFIER=Intel64 Family 6 Model 58 Stepping 9, GenuineIntel



---------------  S Y S T E M  ---------------

OS: Windows 7 , 64 bit Build 7601 (6.1.7601.23539)

CPU:total 4 (2 cores per cpu, 2 threads per core) family 6 model 58 stepping 9, cmov, cx8, fxsr, mmx, sse, sse2, sse3, ssse3, sse4.1, sse4.2, popcnt, avx, aes, clmul, erms, ht, tsc, tscinvbit, tscinv

Memory: 4k page, physical 3888676k(138912k free), swap 5637308k(4912k free)

vm_info: Java HotSpot(TM) 64-Bit Server VM (25.101-b13) for windows-amd64 JRE (1.8.0_101-b13), built on Jun 22 2016 01:21:29 by "java_re" with MS VC++ 10.0 (VS2010)

time: Fri Sep 30 16:56:37 2016
elapsed time: 29 seconds (0d 0h 0m 29s)

