#
# There is insufficient memory for the Java Runtime Environment to continue.
# Native memory allocation (malloc) failed to allocate 589920 bytes for Chunk::new
# Possible reasons:
#   The system is out of physical RAM or swap space
#   In 32 bit mode, the process size limit was hit
# Possible solutions:
#   Reduce memory load on the system
#   Increase physical memory or swap space
#   Check if swap backing store is full
#   Use 64 bit Java on a 64 bit OS
#   Decrease Java heap size (-Xmx/-Xms)
#   Decrease number of Java threads
#   Decrease Java thread stack sizes (-Xss)
#   Set larger code cache with -XX:ReservedCodeCacheSize=
# This output file may be truncated or incomplete.
#
#  Out of Memory Error (allocation.cpp:390), pid=8628, tid=0x000000000000133c
#
# JRE version: Java(TM) SE Runtime Environment (8.0_101-b13) (build 1.8.0_101-b13)
# Java VM: Java HotSpot(TM) 64-Bit Server VM (25.101-b13 mixed mode windows-amd64 compressed oops)
# Failed to write core dump. Minidumps are not enabled by default on client versions of Windows
#

---------------  T H R E A D  ---------------

Current thread (0x000000005515f000):  JavaThread "C2 CompilerThread0" daemon [_thread_in_native, id=4924, stack(0x0000000056e90000,0x0000000056f90000)]

Stack: [0x0000000056e90000,0x0000000056f90000]
[error occurred during error reporting (printing stack bounds), id 0xc0000005]

Native frames: (J=compiled Java code, j=interpreted, Vv=VM code, C=native code)


Current CompileTask:
C2:   3202 1253       4       com.android.dx.ssa.SCCP::simulateBranch (666 bytes)


---------------  P R O C E S S  ---------------

Java Threads: ( => current thread )
  0x00000000566b1800 JavaThread "Service Thread" daemon [_thread_blocked, id=7420, stack(0x0000000057350000,0x0000000057450000)]
  0x000000005665a800 JavaThread "C1 CompilerThread2" daemon [_thread_blocked, id=6952, stack(0x0000000057200000,0x0000000057300000)]
  0x0000000056635000 JavaThread "C2 CompilerThread1" daemon [_thread_in_native, id=6264, stack(0x0000000057050000,0x0000000057150000)]
=>0x000000005515f000 JavaThread "C2 CompilerThread0" daemon [_thread_in_native, id=4924, stack(0x0000000056e90000,0x0000000056f90000)]
  0x0000000056628800 JavaThread "Attach Listener" daemon [_thread_blocked, id=7132, stack(0x0000000056d00000,0x0000000056e00000)]
  0x000000005514e000 JavaThread "Signal Dispatcher" daemon [_thread_blocked, id=4644, stack(0x0000000056b40000,0x0000000056c40000)]
  0x0000000055139800 JavaThread "Finalizer" daemon [_thread_blocked, id=4928, stack(0x0000000056520000,0x0000000056620000)]
  0x00000000550f2000 JavaThread "Reference Handler" daemon [_thread_blocked, id=4416, stack(0x0000000056200000,0x0000000056300000)]
  0x000000000258e000 JavaThread "main" [_thread_in_Java, id=8092, stack(0x0000000002740000,0x0000000002840000)]

Other Threads:
  0x00000000550ea800 VMThread [stack: 0x0000000056300000,0x0000000056400000] [id=3620]
  0x0000000056702800 WatcherThread [stack: 0x0000000057570000,0x0000000057670000] [id=9056]

VM state:not at safepoint (normal execution)

VM Mutex/Monitor currently owned by a thread: None

Heap:
 PSYoungGen      total 33280K, used 9461K [0x00000000eab00000, 0x00000000ece00000, 0x0000000100000000)
  eden space 30720K, 22% used [0x00000000eab00000,0x00000000eb1bff90,0x00000000ec900000)
  from space 2560K, 99% used [0x00000000ecb80000,0x00000000ecdfd6b0,0x00000000ece00000)
  to   space 2560K, 0% used [0x00000000ec900000,0x00000000ec900000,0x00000000ecb80000)
 ParOldGen       total 40960K, used 3438K [0x00000000c0000000, 0x00000000c2800000, 0x00000000eab00000)
  object space 40960K, 8% used [0x00000000c0000000,0x00000000c035ba60,0x00000000c2800000)
 Metaspace       used 5790K, capacity 6960K, committed 7040K, reserved 1056768K
  class space    used 565K, capacity 616K, committed 640K, reserved 1048576K

Card table byte_map: [0x0000000011c00000,0x0000000011e10000] byte_map_base: 0x0000000011600000

Marking Bits: (ParMarkBitMap*) 0x00000000698ca6d0
 Begin Bits: [0x0000000012560000, 0x0000000013560000)
 End Bits:   [0x0000000013560000, 0x0000000014560000)

Polling page: 0x00000000001c0000

CodeCache: size=245760Kb used=5415Kb max_used=5415Kb free=240344Kb
 bounds [0x0000000002840000, 0x0000000002d90000, 0x0000000011840000]
 total_blobs=1582 nmethods=1313 adapters=180
 compilation: enabled

Compilation events (10 events):
Event: 3.108 Thread 0x000000005665a800 1322       1       com.android.dx.cf.direct.DirectClassFile$DcfTypeList::isMutable (2 bytes)
Event: 3.108 Thread 0x000000005665a800 nmethod 1322 0x0000000002d819d0 code [0x0000000002d81b20, 0x0000000002d81c30]
Event: 3.112 Thread 0x000000005665a800 1323       3       com.android.dx.rop.code.Insn$BaseVisitor::visitThrowingInsn (1 bytes)
Event: 3.112 Thread 0x000000005665a800 nmethod 1323 0x0000000002d81c90 code [0x0000000002d81de0, 0x0000000002d81f30]
Event: 3.112 Thread 0x000000005665a800 1324       3       com.android.dx.dex.code.RopTranslator$LocalVariableAwareTranslationVisitor::visitThrowingInsn (11 bytes)
Event: 3.113 Thread 0x000000005665a800 nmethod 1324 0x0000000002d81fd0 code [0x0000000002d821e0, 0x0000000002d82d18]
Event: 3.115 Thread 0x000000005665a800 1326       3       java.util.HashMap$HashIterator::<init> (79 bytes)
Event: 3.116 Thread 0x000000005665a800 nmethod 1326 0x0000000002d833d0 code [0x0000000002d83540, 0x0000000002d838d0]
Event: 3.116 Thread 0x000000005665a800 1327       3       com.android.dx.ssa.back.FirstFitLocalCombiningAllocator::handleCheckCastResults (413 bytes)
Event: 3.122 Thread 0x000000005665a800 nmethod 1327 0x0000000002d83a50 code [0x0000000002d84020, 0x0000000002d87e18]

GC Heap History (4 events):
Event: 1.712 GC heap before
{Heap before GC invocations=1 (full 0):
 PSYoungGen      total 17920K, used 15360K [0x00000000eab00000, 0x00000000ebf00000, 0x0000000100000000)
  eden space 15360K, 100% used [0x00000000eab00000,0x00000000eba00000,0x00000000eba00000)
  from space 2560K, 0% used [0x00000000ebc80000,0x00000000ebc80000,0x00000000ebf00000)
  to   space 2560K, 0% used [0x00000000eba00000,0x00000000eba00000,0x00000000ebc80000)
 ParOldGen       total 40960K, used 0K [0x00000000c0000000, 0x00000000c2800000, 0x00000000eab00000)
  object space 40960K, 0% used [0x00000000c0000000,0x00000000c0000000,0x00000000c2800000)
 Metaspace       used 5575K, capacity 6768K, committed 7040K, reserved 1056768K
  class space    used 564K, capacity 616K, committed 640K, reserved 1048576K
Event: 2.132 GC heap after
Heap after GC invocations=1 (full 0):
 PSYoungGen      total 17920K, used 2536K [0x00000000eab00000, 0x00000000ece00000, 0x0000000100000000)
  eden space 15360K, 0% used [0x00000000eab00000,0x00000000eab00000,0x00000000eba00000)
  from space 2560K, 99% used [0x00000000eba00000,0x00000000ebc7a380,0x00000000ebc80000)
  to   space 2560K, 0% used [0x00000000ecb80000,0x00000000ecb80000,0x00000000ece00000)
 ParOldGen       total 40960K, used 1659K [0x00000000c0000000, 0x00000000c2800000, 0x00000000eab00000)
  object space 40960K, 4% used [0x00000000c0000000,0x00000000c019ed90,0x00000000c2800000)
 Metaspace       used 5575K, capacity 6768K, committed 7040K, reserved 1056768K
  class space    used 564K, capacity 616K, committed 640K, reserved 1048576K
}
Event: 2.599 GC heap before
{Heap before GC invocations=2 (full 0):
 PSYoungGen      total 17920K, used 17896K [0x00000000eab00000, 0x00000000ece00000, 0x0000000100000000)
  eden space 15360K, 100% used [0x00000000eab00000,0x00000000eba00000,0x00000000eba00000)
  from space 2560K, 99% used [0x00000000eba00000,0x00000000ebc7a380,0x00000000ebc80000)
  to   space 2560K, 0% used [0x00000000ecb80000,0x00000000ecb80000,0x00000000ece00000)
 ParOldGen       total 40960K, used 1659K [0x00000000c0000000, 0x00000000c2800000, 0x00000000eab00000)
  object space 40960K, 4% used [0x00000000c0000000,0x00000000c019ed90,0x00000000c2800000)
 Metaspace       used 5731K, capacity 6896K, committed 7040K, reserved 1056768K
  class space    used 564K, capacity 616K, committed 640K, reserved 1048576K
Event: 2.692 GC heap after
Heap after GC invocations=2 (full 0):
 PSYoungGen      total 33280K, used 2549K [0x00000000eab00000, 0x00000000ece00000, 0x0000000100000000)
  eden space 30720K, 0% used [0x00000000eab00000,0x00000000eab00000,0x00000000ec900000)
  from space 2560K, 99% used [0x00000000ecb80000,0x00000000ecdfd6b0,0x00000000ece00000)
  to   space 2560K, 0% used [0x00000000ec900000,0x00000000ec900000,0x00000000ecb80000)
 ParOldGen       total 40960K, used 3438K [0x00000000c0000000, 0x00000000c2800000, 0x00000000eab00000)
  object space 40960K, 8% used [0x00000000c0000000,0x00000000c035ba60,0x00000000c2800000)
 Metaspace       used 5731K, capacity 6896K, committed 7040K, reserved 1056768K
  class space    used 564K, capacity 616K, committed 640K, reserved 1048576K
}

Deoptimization events (10 events):
Event: 1.573 Thread 0x000000000258e000 Uncommon trap: reason=class_check action=maybe_recompile pc=0x0000000002af18dc method=com.android.dx.ssa.NormalSsaInsn.accept(Lcom/android/dx/ssa/SsaInsn$Visitor;)V @ 9
Event: 1.573 Thread 0x000000000258e000 Uncommon trap: reason=class_check action=maybe_recompile pc=0x0000000002aa38e0 method=com.android.dx.ssa.NormalSsaInsn.accept(Lcom/android/dx/ssa/SsaInsn$Visitor;)V @ 9
Event: 1.580 Thread 0x000000000258e000 Uncommon trap: reason=class_check action=maybe_recompile pc=0x0000000002af18dc method=com.android.dx.ssa.NormalSsaInsn.accept(Lcom/android/dx/ssa/SsaInsn$Visitor;)V @ 9
Event: 1.580 Thread 0x000000000258e000 Uncommon trap: reason=class_check action=maybe_recompile pc=0x0000000002aa38e0 method=com.android.dx.ssa.NormalSsaInsn.accept(Lcom/android/dx/ssa/SsaInsn$Visitor;)V @ 9
Event: 1.585 Thread 0x000000000258e000 Uncommon trap: reason=class_check action=maybe_recompile pc=0x0000000002af18dc method=com.android.dx.ssa.NormalSsaInsn.accept(Lcom/android/dx/ssa/SsaInsn$Visitor;)V @ 9
Event: 2.218 Thread 0x000000000258e000 Uncommon trap: reason=unstable_if action=reinterpret pc=0x0000000002aa3e24 method=java.util.BitSet.ensureCapacity(I)V @ 6
Event: 2.247 Thread 0x000000000258e000 Uncommon trap: reason=null_check action=make_not_entrant pc=0x0000000002b6c990 method=com.android.dx.rop.type.Type.equals(Ljava/lang/Object;)Z @ 8
Event: 2.496 Thread 0x000000000258e000 Uncommon trap: reason=bimorphic action=maybe_recompile pc=0x0000000002ac8e04 method=java.util.HashMap.getNode(ILjava/lang/Object;)Ljava/util/HashMap$Node; @ 126
Event: 2.496 Thread 0x000000000258e000 Uncommon trap: reason=class_check action=maybe_recompile pc=0x0000000002c58cf8 method=java.util.HashMap.putVal(ILjava/lang/Object;Ljava/lang/Object;ZZ)Ljava/lang/Object; @ 203
Event: 2.700 Thread 0x000000000258e000 Uncommon trap: reason=null_check action=make_not_entrant pc=0x0000000002c5d980 method=com.android.dx.ssa.SsaRenamer.getLocalForNewReg(I)Lcom/android/dx/rop/code/LocalItem; @ 19

Internal exceptions (4 events):
Event: 0.065 Thread 0x000000000258e000 Exception <a 'java/lang/NoSuchMethodError': Method sun.misc.Unsafe.defineClass(Ljava/lang/String;[BII)Ljava/lang/Class; name or signature does not match> (0x00000000eab07cc0) thrown at [C:\re\workspace\8-2-build-windows-amd64-cygwin\jdk8u101\7261\hotspot\sžÊKV¥°?
Event: 0.065 Thread 0x000000000258e000 Exception <a 'java/lang/NoSuchMethodError': Method sun.misc.Unsafe.prefetchRead(Ljava/lang/Object;J)V name or signature does not match> (0x00000000eab07fa8) thrown at [C:\re\workspace\8-2-build-windows-amd64-cygwin\jdk8u101\7261\hotspot\src\share\vm\prims\ß2®
ù@
Event: 2.247 Thread 0x000000000258e000 Implicit null exception at 0x0000000002b6c892 to 0x0000000002b6c982
Event: 2.700 Thread 0x000000000258e000 Implicit null exception at 0x0000000002c5cb39 to 0x0000000002c5d94d

Events (10 events):
Event: 2.692 Executing VM operation: ParallelGCFailedAllocation done
Event: 2.700 Thread 0x000000000258e000 Uncommon trap: trap_request=0xfffffff4 fr.pc=0x0000000002c5d980
Event: 2.700 Thread 0x000000000258e000 DEOPT PACKING pc=0x0000000002c5d980 sp=0x000000000283e580
Event: 2.700 Thread 0x000000000258e000 DEOPT UNPACKING pc=0x000000000288582a sp=0x000000000283e3d8 mode 2
Event: 2.927 loading class com/android/dx/cf/direct/AnnotationParser
Event: 2.927 loading class com/android/dx/cf/direct/AnnotationParser done
Event: 2.942 loading class com/android/dx/cf/attrib/AttRuntimeInvisibleAnnotations
Event: 2.942 loading class com/android/dx/cf/attrib/AttRuntimeInvisibleAnnotations done
Event: 2.942 loading class com/android/dx/cf/attrib/BaseAnnotations
Event: 2.942 loading class com/android/dx/cf/attrib/BaseAnnotations done


Dynamic libraries:
0x000000013fd10000 - 0x000000013fd47000 	C:\Program Files\Java\jdk1.8.0_101\bin\java.exe
0x00000000775b0000 - 0x000000007775a000 	C:\windows\SYSTEM32\ntdll.dll
0x0000000077490000 - 0x00000000775af000 	C:\windows\system32\kernel32.dll
0x000007fefd480000 - 0x000007fefd4ea000 	C:\windows\system32\KERNELBASE.dll
0x000007fefd6b0000 - 0x000007fefd78b000 	C:\windows\system32\ADVAPI32.dll
0x000007fefe8a0000 - 0x000007fefe93f000 	C:\windows\system32\msvcrt.dll
0x000007fefee00000 - 0x000007fefee1f000 	C:\windows\SYSTEM32\sechost.dll
0x000007feff6f0000 - 0x000007feff81d000 	C:\windows\system32\RPCRT4.dll
0x0000000077390000 - 0x000000007748a000 	C:\windows\system32\USER32.dll
0x000007fefee20000 - 0x000007fefee87000 	C:\windows\system32\GDI32.dll
0x000007fefd790000 - 0x000007fefd79e000 	C:\windows\system32\LPK.dll
0x000007fefe530000 - 0x000007fefe5fa000 	C:\windows\system32\USP10.dll
0x000007fefabf0000 - 0x000007fefade4000 	C:\windows\WinSxS\amd64_microsoft.windows.common-controls_6595b64144ccf1df_6.0.7601.18837_none_fa3b1e3d17594757\COMCTL32.dll
0x000007fefe940000 - 0x000007fefe9b1000 	C:\windows\system32\SHLWAPI.dll
0x000007fefe9d0000 - 0x000007fefe9fe000 	C:\windows\system32\IMM32.DLL
0x000007fefe600000 - 0x000007fefe709000 	C:\windows\system32\MSCTF.dll
0x000000006c950000 - 0x000000006ca22000 	C:\Program Files\Java\jdk1.8.0_101\jre\bin\msvcr100.dll
0x00000000690b0000 - 0x000000006994a000 	C:\Program Files\Java\jdk1.8.0_101\jre\bin\server\jvm.dll
0x000007fef9030000 - 0x000007fef9039000 	C:\windows\system32\WSOCK32.dll
0x000007feff160000 - 0x000007feff1ad000 	C:\windows\system32\WS2_32.dll
0x000007fefe9c0000 - 0x000007fefe9c8000 	C:\windows\system32\NSI.dll
0x000007fef5970000 - 0x000007fef59ab000 	C:\windows\system32\WINMM.dll
0x000007fefc390000 - 0x000007fefc39c000 	C:\windows\system32\VERSION.dll
0x0000000077770000 - 0x0000000077777000 	C:\windows\system32\PSAPI.DLL
0x000000006e410000 - 0x000000006e41f000 	C:\Program Files\Java\jdk1.8.0_101\jre\bin\verify.dll
0x000000006e170000 - 0x000000006e199000 	C:\Program Files\Java\jdk1.8.0_101\jre\bin\java.dll
0x000000006e3f0000 - 0x000000006e406000 	C:\Program Files\Java\jdk1.8.0_101\jre\bin\zip.dll
0x000007fefd7a0000 - 0x000007fefe52c000 	C:\windows\system32\SHELL32.dll
0x000007feff210000 - 0x000007feff413000 	C:\windows\system32\ole32.dll
0x000007fefd2f0000 - 0x000007fefd2ff000 	C:\windows\system32\profapi.dll

VM Arguments:
jvm_args: -Djava.awt.headless=true -Xmx1024M -Dfile.encoding=x-windows-949 -Duser.country=KR -Duser.language=ko -Duser.variant 
java_command: com.android.dx.command.Main --dex --output C:\Users\IT\Desktop\ERM\v1.0.1\v1.0.1\app\build\intermediates\pre-dexed\debug\okio-1.6.0_2d56fe0db2b8964818247b168cfe70628a8796a4.jar C:\Users\IT\.gradle\caches\modules-2\files-2.1\com.squareup.okio\okio\1.6.0\98476622f10715998eacf9240d6b479f12c66143\okio-1.6.0.jar
java_class_path (initial): C:\Users\IT\AppData\Local\Android\sdk\build-tools\22.0.1\lib\dx.jar
Launcher Type: SUN_STANDARD

Environment Variables:
JAVA_HOME=C:\Program Files (x86)\Java\jre1.8.0_101
PATH=C:\ProgramData\Oracle\Java\javapath;C:\Program Files\Common Files\Microsoft Shared\Windows Live;C:\Program Files (x86)\Common Files\Microsoft Shared\Windows Live;C:\Program Files (x86)\Intel\iCLS Client\;C:\Program Files\Intel\iCLS Client\;C:\windows\system32;C:\windows;C:\windows\System32\Wbem;C:\windows\System32\WindowsPowerShell\v1.0\;C:\Program Files\Intel\Intel(R) Management Engine Components\DAL;C:\Program Files\Intel\Intel(R) Management Engine Components\IPT;C:\Program Files (x86)\Intel\Intel(R) Management Engine Components\DAL;C:\Program Files (x86)\Intel\Intel(R) Management Engine Components\IPT;C:\Program Files (x86)\Intel\OpenCL SDK\2.0\bin\x86;C:\Program Files (x86)\Intel\OpenCL SDK\2.0\bin\x64;C:\Program Files\Intel\WiFi\bin\;C:\Program Files\Common Files\Intel\WirelessCommon\;C:\Program Files (x86)\Windows Live\Shared;C:\Program Files\Java\jdk1.7.0_79\bin;C:\openssl-0.9.8e_X64\bin;C:\Program Files\Git\cmd
USERNAME=IT
OS=Windows_NT
PROCESSOR_IDENTIFIER=Intel64 Family 6 Model 58 Stepping 9, GenuineIntel



---------------  S Y S T E M  ---------------

OS: Windows 7 , 64 bit Build 7601 (6.1.7601.23418)

CPU:total 4 (2 cores per cpu, 2 threads per core) family 6 model 58 stepping 9, cmov, cx8, fxsr, mmx, sse, sse2, sse3, ssse3, sse4.1, sse4.2, popcnt, avx, aes, clmul, erms, ht, tsc, tscinvbit, tscinv

Memory: 4k page, physical 3888676k(165208k free), swap 6192232k(5100k free)

vm_info: Java HotSpot(TM) 64-Bit Server VM (25.101-b13) for windows-amd64 JRE (1.8.0_101-b13), built on Jun 22 2016 01:21:29 by "java_re" with MS VC++ 10.0 (VS2010)

time: Mon Sep 26 20:35:28 2016
elapsed time: 3 seconds (0d 0h 0m 3s)

