#
# There is insufficient memory for the Java Runtime Environment to continue.
# Native memory allocation (malloc) failed to allocate 296976 bytes for Chunk::new
# Possible reasons:
#   The system is out of physical RAM or swap space
#   In 32 bit mode, the process size limit was hit
# Possible solutions:
#   Reduce memory load on the system
#   Increase physical memory or swap space
#   Check if swap backing store is full
#   Use 64 bit Java on a 64 bit OS
#   Decrease Java heap size (-Xmx/-Xms)
#   Decrease number of Java threads
#   Decrease Java thread stack sizes (-Xss)
#   Set larger code cache with -XX:ReservedCodeCacheSize=
# This output file may be truncated or incomplete.
#
#  Out of Memory Error (allocation.cpp:390), pid=8668, tid=0x0000000000001830
#
# JRE version: Java(TM) SE Runtime Environment (8.0_101-b13) (build 1.8.0_101-b13)
# Java VM: Java HotSpot(TM) 64-Bit Server VM (25.101-b13 mixed mode windows-amd64 compressed oops)
# Failed to write core dump. Minidumps are not enabled by default on client versions of Windows
#

---------------  T H R E A D  ---------------

Current thread (0x000000005659a800):  JavaThread "C2 CompilerThread0" daemon [_thread_in_native, id=6192, stack(0x0000000056380000,0x0000000056480000)]

Stack: [0x0000000056380000,0x0000000056480000]
[error occurred during error reporting (printing stack bounds), id 0xc0000005]

Native frames: (J=compiled Java code, j=interpreted, Vv=VM code, C=native code)


Current CompileTask:
C2:   4186 1213   !   4       com.android.dx.cf.code.BytecodeArray::parseInstruction (2764 bytes)


---------------  P R O C E S S  ---------------

Java Threads: ( => current thread )
  0x0000000056606000 JavaThread "Service Thread" daemon [_thread_blocked, id=6248, stack(0x0000000056d90000,0x0000000056e90000)]
  0x0000000056600000 JavaThread "C1 CompilerThread2" daemon [_thread_in_vm, id=6380, stack(0x0000000056f60000,0x0000000057060000)]
  0x00000000565ff800 JavaThread "C2 CompilerThread1" daemon [_thread_in_native, id=2692, stack(0x0000000056c80000,0x0000000056d80000)]
=>0x000000005659a800 JavaThread "C2 CompilerThread0" daemon [_thread_in_native, id=6192, stack(0x0000000056380000,0x0000000056480000)]
  0x000000005505d800 JavaThread "Attach Listener" daemon [_thread_blocked, id=4836, stack(0x0000000056b60000,0x0000000056c60000)]
  0x0000000055050000 JavaThread "Signal Dispatcher" daemon [_thread_blocked, id=7788, stack(0x0000000056a20000,0x0000000056b20000)]
  0x000000005503b800 JavaThread "Finalizer" daemon [_thread_blocked, id=1096, stack(0x0000000056490000,0x0000000056590000)]
  0x0000000054ff2800 JavaThread "Reference Handler" daemon [_thread_blocked, id=1052, stack(0x0000000056240000,0x0000000056340000)]
  0x000000000254e000 JavaThread "main" [_thread_in_vm, id=7848, stack(0x0000000002800000,0x0000000002900000)]

Other Threads:
  0x0000000054fea800 VMThread [stack: 0x00000000560f0000,0x00000000561f0000] [id=3552]
  0x0000000056674800 WatcherThread [stack: 0x00000000570e0000,0x00000000571e0000] [id=6152]

VM state:not at safepoint (normal execution)

VM Mutex/Monitor currently owned by a thread: None

Heap:
 PSYoungGen      total 17920K, used 4072K [0x00000000eab00000, 0x00000000ebf00000, 0x0000000100000000)
  eden space 15360K, 9% used [0x00000000eab00000,0x00000000eac7fd40,0x00000000eba00000)
  from space 2560K, 99% used [0x00000000ebc80000,0x00000000ebefa588,0x00000000ebf00000)
  to   space 2560K, 0% used [0x00000000eba00000,0x00000000eba00000,0x00000000ebc80000)
 ParOldGen       total 40960K, used 4090K [0x00000000c0000000, 0x00000000c2800000, 0x00000000eab00000)
  object space 40960K, 9% used [0x00000000c0000000,0x00000000c03feb78,0x00000000c2800000)
 Metaspace       used 5851K, capacity 7024K, committed 7296K, reserved 1056768K
  class space    used 570K, capacity 616K, committed 640K, reserved 1048576K

Card table byte_map: [0x0000000011cc0000,0x0000000011ed0000] byte_map_base: 0x00000000116c0000

Marking Bits: (ParMarkBitMap*) 0x00000000698ca6d0
 Begin Bits: [0x0000000012460000, 0x0000000013460000)
 End Bits:   [0x0000000013460000, 0x0000000014460000)

Polling page: 0x0000000000140000

CodeCache: size=245760Kb used=5315Kb max_used=5315Kb free=240444Kb
 bounds [0x0000000002900000, 0x0000000002e40000, 0x0000000011900000]
 total_blobs=1558 nmethods=1291 adapters=180
 compilation: enabled

Compilation events (10 events):
Event: 4.145 Thread 0x0000000056600000 1289       3       com.android.dx.ssa.SsaMethod::setBackMode (16 bytes)
Event: 4.145 Thread 0x0000000056600000 nmethod 1289 0x0000000002e2a7d0 code [0x0000000002e2a920, 0x0000000002e2aab0]
Event: 4.145 Thread 0x0000000056600000 1290       3       com.android.dx.ssa.back.SsaToRop::removeEmptyGotos (26 bytes)
Event: 4.146 Thread 0x0000000056600000 nmethod 1290 0x0000000002e2ab50 code [0x0000000002e2acc0, 0x0000000002e2b0a8]
Event: 4.146 Thread 0x0000000056600000 1291       3       com.android.dx.ssa.back.IdenticalBlockCombiner::<init> (32 bytes)
Event: 4.146 Thread 0x0000000056600000 nmethod 1291 0x0000000002e2b210 code [0x0000000002e2b3a0, 0x0000000002e2b828]
Event: 4.147 Thread 0x0000000056600000 1292       3       com.android.dx.cf.code.LocalVariableList::concat (97 bytes)
Event: 4.149 Thread 0x0000000056600000 nmethod 1292 0x0000000002e2ba10 code [0x0000000002e2bd40, 0x0000000002e2da08]
Event: 4.173 Thread 0x0000000056600000 1293       3       java.util.HashMap$HashIterator::<init> (79 bytes)
Event: 4.174 Thread 0x0000000056600000 nmethod 1293 0x0000000002e2ef10 code [0x0000000002e2f080, 0x0000000002e2f410]

GC Heap History (4 events):
Event: 3.368 GC heap before
{Heap before GC invocations=1 (full 0):
 PSYoungGen      total 17920K, used 15360K [0x00000000eab00000, 0x00000000ebf00000, 0x0000000100000000)
  eden space 15360K, 100% used [0x00000000eab00000,0x00000000eba00000,0x00000000eba00000)
  from space 2560K, 0% used [0x00000000ebc80000,0x00000000ebc80000,0x00000000ebf00000)
  to   space 2560K, 0% used [0x00000000eba00000,0x00000000eba00000,0x00000000ebc80000)
 ParOldGen       total 40960K, used 0K [0x00000000c0000000, 0x00000000c2800000, 0x00000000eab00000)
  object space 40960K, 0% used [0x00000000c0000000,0x00000000c0000000,0x00000000c2800000)
 Metaspace       used 5582K, capacity 6768K, committed 7040K, reserved 1056768K
  class space    used 563K, capacity 616K, committed 640K, reserved 1048576K
Event: 3.376 GC heap after
Heap after GC invocations=1 (full 0):
 PSYoungGen      total 17920K, used 2528K [0x00000000eab00000, 0x00000000ebf00000, 0x0000000100000000)
  eden space 15360K, 0% used [0x00000000eab00000,0x00000000eab00000,0x00000000eba00000)
  from space 2560K, 98% used [0x00000000eba00000,0x00000000ebc78288,0x00000000ebc80000)
  to   space 2560K, 0% used [0x00000000ebc80000,0x00000000ebc80000,0x00000000ebf00000)
 ParOldGen       total 40960K, used 1622K [0x00000000c0000000, 0x00000000c2800000, 0x00000000eab00000)
  object space 40960K, 3% used [0x00000000c0000000,0x00000000c0195b40,0x00000000c2800000)
 Metaspace       used 5582K, capacity 6768K, committed 7040K, reserved 1056768K
  class space    used 563K, capacity 616K, committed 640K, reserved 1048576K
}
Event: 4.013 GC heap before
{Heap before GC invocations=2 (full 0):
 PSYoungGen      total 17920K, used 17888K [0x00000000eab00000, 0x00000000ebf00000, 0x0000000100000000)
  eden space 15360K, 100% used [0x00000000eab00000,0x00000000eba00000,0x00000000eba00000)
  from space 2560K, 98% used [0x00000000eba00000,0x00000000ebc78288,0x00000000ebc80000)
  to   space 2560K, 0% used [0x00000000ebc80000,0x00000000ebc80000,0x00000000ebf00000)
 ParOldGen       total 40960K, used 1622K [0x00000000c0000000, 0x00000000c2800000, 0x00000000eab00000)
  object space 40960K, 3% used [0x00000000c0000000,0x00000000c0195b40,0x00000000c2800000)
 Metaspace       used 5807K, capacity 6960K, committed 7040K, reserved 1056768K
  class space    used 570K, capacity 616K, committed 640K, reserved 1048576K
Event: 4.071 GC heap after
Heap after GC invocations=2 (full 0):
 PSYoungGen      total 17920K, used 2537K [0x00000000eab00000, 0x00000000ebf00000, 0x0000000100000000)
  eden space 15360K, 0% used [0x00000000eab00000,0x00000000eab00000,0x00000000eba00000)
  from space 2560K, 99% used [0x00000000ebc80000,0x00000000ebefa588,0x00000000ebf00000)
  to   space 2560K, 0% used [0x00000000eba00000,0x00000000eba00000,0x00000000ebc80000)
 ParOldGen       total 40960K, used 4090K [0x00000000c0000000, 0x00000000c2800000, 0x00000000eab00000)
  object space 40960K, 9% used [0x00000000c0000000,0x00000000c03feb78,0x00000000c2800000)
 Metaspace       used 5807K, capacity 6960K, committed 7040K, reserved 1056768K
  class space    used 570K, capacity 616K, committed 640K, reserved 1048576K
}

Deoptimization events (10 events):
Event: 3.635 Thread 0x000000000254e000 Uncommon trap: reason=unstable_if action=reinterpret pc=0x0000000002c8d454 method=com.android.dx.rop.code.RegisterSpec.equals(ILcom/android/dx/rop/type/TypeBearer;Lcom/android/dx/rop/code/LocalItem;)Z @ 16
Event: 3.637 Thread 0x000000000254e000 Uncommon trap: reason=unstable_if action=reinterpret pc=0x0000000002b7ccf4 method=com.android.dx.rop.code.RegisterSpec.equals(ILcom/android/dx/rop/type/TypeBearer;Lcom/android/dx/rop/code/LocalItem;)Z @ 16
Event: 3.638 Thread 0x000000000254e000 Uncommon trap: reason=unstable_if action=reinterpret pc=0x0000000002c23344 method=com.android.dx.rop.cst.Constant.compareTo(Lcom/android/dx/rop/cst/Constant;)I @ 12
Event: 3.720 Thread 0x000000000254e000 Uncommon trap: reason=class_check action=maybe_recompile pc=0x0000000002d9ea7c method=java.util.HashMap.putVal(ILjava/lang/Object;Ljava/lang/Object;ZZ)Ljava/lang/Object; @ 203
Event: 3.721 Thread 0x000000000254e000 Uncommon trap: reason=class_check action=maybe_recompile pc=0x0000000002d9ea7c method=java.util.HashMap.putVal(ILjava/lang/Object;Ljava/lang/Object;ZZ)Ljava/lang/Object; @ 203
Event: 3.721 Thread 0x000000000254e000 Uncommon trap: reason=class_check action=maybe_recompile pc=0x0000000002d9ea7c method=java.util.HashMap.putVal(ILjava/lang/Object;Ljava/lang/Object;ZZ)Ljava/lang/Object; @ 203
Event: 3.847 Thread 0x000000000254e000 Uncommon trap: reason=unstable_if action=reinterpret pc=0x0000000002da5268 method=com.android.dx.cf.code.Ropper.labelToResultIndex(I)I @ 34
Event: 3.920 Thread 0x000000000254e000 Uncommon trap: reason=unstable_if action=reinterpret pc=0x0000000002d96c88 method=com.android.dx.rop.code.LocalItem.compareHandlesNulls(Lcom/android/dx/rop/cst/CstString;Lcom/android/dx/rop/cst/CstString;)I @ 14
Event: 3.928 Thread 0x000000000254e000 Uncommon trap: reason=null_check action=make_not_entrant pc=0x0000000002d979d0 method=com.android.dx.rop.type.Type.equals(Ljava/lang/Object;)Z @ 8
Event: 3.996 Thread 0x000000000254e000 Uncommon trap: reason=unstable_if action=reinterpret pc=0x0000000002dd2e54 method=com.android.dx.rop.code.RegisterSpec.equals(ILcom/android/dx/rop/type/TypeBearer;Lcom/android/dx/rop/code/LocalItem;)Z @ 42

Internal exceptions (4 events):
Event: 0.145 Thread 0x000000000254e000 Exception <a 'java/lang/NoSuchMethodError': Method sun.misc.Unsafe.defineClass(Ljava/lang/String;[BII)Ljava/lang/Class; name or signature does not match> (0x00000000eab07cc0) thrown at [C:\re\workspace\8-2-build-windows-amd64-cygwin\jdk8u101\7261\hotspot\s†;8sœÂ?
Event: 0.145 Thread 0x000000000254e000 Exception <a 'java/lang/NoSuchMethodError': Method sun.misc.Unsafe.prefetchRead(Ljava/lang/Object;J)V name or signature does not match> (0x00000000eab07fa8) thrown at [C:\re\workspace\8-2-build-windows-amd64-cygwin\jdk8u101\7261\hotspot\src\share\vm\prims\»ßéÓ\@
Event: 3.920 Thread 0x000000000254e000 Implicit null exception at 0x0000000002d96b08 to 0x0000000002d96c75
Event: 3.928 Thread 0x000000000254e000 Implicit null exception at 0x0000000002d978d2 to 0x0000000002d979c2

Events (10 events):
Event: 3.920 Thread 0x000000000254e000 DEOPT PACKING pc=0x0000000002d96c88 sp=0x00000000028feb30
Event: 3.920 Thread 0x000000000254e000 DEOPT UNPACKING pc=0x000000000294582a sp=0x00000000028fea70 mode 2
Event: 3.928 Thread 0x000000000254e000 Uncommon trap: trap_request=0xfffffff4 fr.pc=0x0000000002d979d0
Event: 3.928 Thread 0x000000000254e000 DEOPT PACKING pc=0x0000000002d979d0 sp=0x00000000028fe820
Event: 3.928 Thread 0x000000000254e000 DEOPT UNPACKING pc=0x000000000294582a sp=0x00000000028fe7a8 mode 2
Event: 3.996 Thread 0x000000000254e000 Uncommon trap: trap_request=0xffffff65 fr.pc=0x0000000002dd2e54
Event: 3.996 Thread 0x000000000254e000 DEOPT PACKING pc=0x0000000002dd2e54 sp=0x00000000028feb60
Event: 3.996 Thread 0x000000000254e000 DEOPT UNPACKING pc=0x000000000294582a sp=0x00000000028feae8 mode 2
Event: 4.013 Executing VM operation: ParallelGCFailedAllocation
Event: 4.071 Executing VM operation: ParallelGCFailedAllocation done


Dynamic libraries:
0x000000013fd10000 - 0x000000013fd47000 	C:\Program Files\Java\jdk1.8.0_101\bin\java.exe
0x00000000775b0000 - 0x000000007775a000 	C:\windows\SYSTEM32\ntdll.dll
0x0000000077490000 - 0x00000000775af000 	C:\windows\system32\kernel32.dll
0x000007fefd480000 - 0x000007fefd4ea000 	C:\windows\system32\KERNELBASE.dll
0x000007fefd6b0000 - 0x000007fefd78b000 	C:\windows\system32\ADVAPI32.dll
0x000007fefe8a0000 - 0x000007fefe93f000 	C:\windows\system32\msvcrt.dll
0x000007fefee00000 - 0x000007fefee1f000 	C:\windows\SYSTEM32\sechost.dll
0x000007feff6f0000 - 0x000007feff81d000 	C:\windows\system32\RPCRT4.dll
0x0000000077390000 - 0x000000007748a000 	C:\windows\system32\USER32.dll
0x000007fefee20000 - 0x000007fefee87000 	C:\windows\system32\GDI32.dll
0x000007fefd790000 - 0x000007fefd79e000 	C:\windows\system32\LPK.dll
0x000007fefe530000 - 0x000007fefe5fa000 	C:\windows\system32\USP10.dll
0x000007fefabf0000 - 0x000007fefade4000 	C:\windows\WinSxS\amd64_microsoft.windows.common-controls_6595b64144ccf1df_6.0.7601.18837_none_fa3b1e3d17594757\COMCTL32.dll
0x000007fefe940000 - 0x000007fefe9b1000 	C:\windows\system32\SHLWAPI.dll
0x000007fefe9d0000 - 0x000007fefe9fe000 	C:\windows\system32\IMM32.DLL
0x000007fefe600000 - 0x000007fefe709000 	C:\windows\system32\MSCTF.dll
0x000000006c950000 - 0x000000006ca22000 	C:\Program Files\Java\jdk1.8.0_101\jre\bin\msvcr100.dll
0x00000000690b0000 - 0x000000006994a000 	C:\Program Files\Java\jdk1.8.0_101\jre\bin\server\jvm.dll
0x000007fef9030000 - 0x000007fef9039000 	C:\windows\system32\WSOCK32.dll
0x000007feff160000 - 0x000007feff1ad000 	C:\windows\system32\WS2_32.dll
0x000007fefe9c0000 - 0x000007fefe9c8000 	C:\windows\system32\NSI.dll
0x000007fef5970000 - 0x000007fef59ab000 	C:\windows\system32\WINMM.dll
0x000007fefc390000 - 0x000007fefc39c000 	C:\windows\system32\VERSION.dll
0x0000000077770000 - 0x0000000077777000 	C:\windows\system32\PSAPI.DLL
0x000000006e410000 - 0x000000006e41f000 	C:\Program Files\Java\jdk1.8.0_101\jre\bin\verify.dll
0x000000006e170000 - 0x000000006e199000 	C:\Program Files\Java\jdk1.8.0_101\jre\bin\java.dll
0x000000006e3f0000 - 0x000000006e406000 	C:\Program Files\Java\jdk1.8.0_101\jre\bin\zip.dll
0x000007fefd7a0000 - 0x000007fefe52c000 	C:\windows\system32\SHELL32.dll
0x000007feff210000 - 0x000007feff413000 	C:\windows\system32\ole32.dll
0x000007fefd2f0000 - 0x000007fefd2ff000 	C:\windows\system32\profapi.dll

VM Arguments:
jvm_args: -Djava.awt.headless=true -Xmx1024M -Dfile.encoding=x-windows-949 -Duser.country=KR -Duser.language=ko -Duser.variant 
java_command: com.android.dx.command.Main --dex --output C:\Users\IT\Desktop\ERM\v1.0.1\v1.0.1\app\build\intermediates\pre-dexed\debug\com.android.support-design-23.3.0_212aad1952469ac03a8ec2d65fe98cb2993f94dc.jar C:\Users\IT\Desktop\ERM\v1.0.1\v1.0.1\app\build\intermediates\exploded-aar\com.android.support\design\23.3.0\jars\classes.jar
java_class_path (initial): C:\Users\IT\AppData\Local\Android\sdk\build-tools\22.0.1\lib\dx.jar
Launcher Type: SUN_STANDARD

Environment Variables:
JAVA_HOME=C:\Program Files (x86)\Java\jre1.8.0_101
PATH=C:\ProgramData\Oracle\Java\javapath;C:\Program Files\Common Files\Microsoft Shared\Windows Live;C:\Program Files (x86)\Common Files\Microsoft Shared\Windows Live;C:\Program Files (x86)\Intel\iCLS Client\;C:\Program Files\Intel\iCLS Client\;C:\windows\system32;C:\windows;C:\windows\System32\Wbem;C:\windows\System32\WindowsPowerShell\v1.0\;C:\Program Files\Intel\Intel(R) Management Engine Components\DAL;C:\Program Files\Intel\Intel(R) Management Engine Components\IPT;C:\Program Files (x86)\Intel\Intel(R) Management Engine Components\DAL;C:\Program Files (x86)\Intel\Intel(R) Management Engine Components\IPT;C:\Program Files (x86)\Intel\OpenCL SDK\2.0\bin\x86;C:\Program Files (x86)\Intel\OpenCL SDK\2.0\bin\x64;C:\Program Files\Intel\WiFi\bin\;C:\Program Files\Common Files\Intel\WirelessCommon\;C:\Program Files (x86)\Windows Live\Shared;C:\Program Files\Java\jdk1.7.0_79\bin;C:\openssl-0.9.8e_X64\bin;C:\Program Files\Git\cmd
USERNAME=IT
OS=Windows_NT
PROCESSOR_IDENTIFIER=Intel64 Family 6 Model 58 Stepping 9, GenuineIntel



---------------  S Y S T E M  ---------------

OS: Windows 7 , 64 bit Build 7601 (6.1.7601.23418)

CPU:total 4 (2 cores per cpu, 2 threads per core) family 6 model 58 stepping 9, cmov, cx8, fxsr, mmx, sse, sse2, sse3, ssse3, sse4.1, sse4.2, popcnt, avx, aes, clmul, erms, ht, tsc, tscinvbit, tscinv

Memory: 4k page, physical 3888676k(194648k free), swap 6192232k(142976k free)

vm_info: Java HotSpot(TM) 64-Bit Server VM (25.101-b13) for windows-amd64 JRE (1.8.0_101-b13), built on Jun 22 2016 01:21:29 by "java_re" with MS VC++ 10.0 (VS2010)

time: Mon Sep 26 20:35:37 2016
elapsed time: 4 seconds (0d 0h 0m 4s)

