#
# There is insufficient memory for the Java Runtime Environment to continue.
# Native memory allocation (malloc) failed to allocate 170656 bytes for Chunk::new
# Possible reasons:
#   The system is out of physical RAM or swap space
#   In 32 bit mode, the process size limit was hit
# Possible solutions:
#   Reduce memory load on the system
#   Increase physical memory or swap space
#   Check if swap backing store is full
#   Use 64 bit Java on a 64 bit OS
#   Decrease Java heap size (-Xmx/-Xms)
#   Decrease number of Java threads
#   Decrease Java thread stack sizes (-Xss)
#   Set larger code cache with -XX:ReservedCodeCacheSize=
# This output file may be truncated or incomplete.
#
#  Out of Memory Error (allocation.cpp:390), pid=2660, tid=0x00000000000021ec
#
# JRE version: Java(TM) SE Runtime Environment (8.0_101-b13) (build 1.8.0_101-b13)
# Java VM: Java HotSpot(TM) 64-Bit Server VM (25.101-b13 mixed mode windows-amd64 compressed oops)
# Failed to write core dump. Minidumps are not enabled by default on client versions of Windows
#

---------------  T H R E A D  ---------------

Current thread (0x000000005644d000):  JavaThread "C2 CompilerThread0" daemon [_thread_in_native, id=8684, stack(0x0000000056b60000,0x0000000056c60000)]

Stack: [0x0000000056b60000,0x0000000056c60000]
[error occurred during error reporting (printing stack bounds), id 0xc0000005]

Native frames: (J=compiled Java code, j=interpreted, Vv=VM code, C=native code)


Current CompileTask:
C2:   2879  829       4       com.android.dx.ssa.NormalSsaInsn::mapSourceRegisters (48 bytes)


---------------  P R O C E S S  ---------------

Java Threads: ( => current thread )
  0x00000000564cd000 JavaThread "Service Thread" daemon [_thread_blocked, id=6032, stack(0x0000000056ed0000,0x0000000056fd0000)]
  0x00000000551cf000 JavaThread "C1 CompilerThread2" daemon [_thread_in_vm, id=252, stack(0x0000000056d10000,0x0000000056e10000)]
  0x00000000551cb000 JavaThread "C2 CompilerThread1" daemon [_thread_in_native, id=8804, stack(0x0000000056850000,0x0000000056950000)]
=>0x000000005644d000 JavaThread "C2 CompilerThread0" daemon [_thread_in_native, id=8684, stack(0x0000000056b60000,0x0000000056c60000)]
  0x000000005644a800 JavaThread "Attach Listener" daemon [_thread_blocked, id=8992, stack(0x0000000056960000,0x0000000056a60000)]
  0x00000000551c0800 JavaThread "Signal Dispatcher" daemon [_thread_blocked, id=7268, stack(0x00000000560c0000,0x00000000561c0000)]
  0x00000000551a9800 JavaThread "Finalizer" daemon [_thread_blocked, id=7468, stack(0x0000000056340000,0x0000000056440000)]
  0x0000000055162800 JavaThread "Reference Handler" daemon [_thread_blocked, id=3316, stack(0x0000000056210000,0x0000000056310000)]
  0x000000000254e000 JavaThread "main" [_thread_in_Java, id=7136, stack(0x0000000002840000,0x0000000002940000)]

Other Threads:
  0x000000005515a800 VMThread [stack: 0x0000000055fc0000,0x00000000560c0000] [id=3268]
  0x0000000056514000 WatcherThread [stack: 0x0000000057020000,0x0000000057120000] [id=6252]

VM state:not at safepoint (normal execution)

VM Mutex/Monitor currently owned by a thread: None

Heap:
 PSYoungGen      total 17920K, used 14166K [0x00000000eab00000, 0x00000000ebf00000, 0x0000000100000000)
  eden space 15360K, 92% used [0x00000000eab00000,0x00000000eb8d5a30,0x00000000eba00000)
  from space 2560K, 0% used [0x00000000ebc80000,0x00000000ebc80000,0x00000000ebf00000)
  to   space 2560K, 0% used [0x00000000eba00000,0x00000000eba00000,0x00000000ebc80000)
 ParOldGen       total 40960K, used 0K [0x00000000c0000000, 0x00000000c2800000, 0x00000000eab00000)
  object space 40960K, 0% used [0x00000000c0000000,0x00000000c0000000,0x00000000c2800000)
 Metaspace       used 5510K, capacity 6704K, committed 6784K, reserved 1056768K
  class space    used 567K, capacity 616K, committed 640K, reserved 1048576K

Card table byte_map: [0x0000000011d00000,0x0000000011f10000] byte_map_base: 0x0000000011700000

Marking Bits: (ParMarkBitMap*) 0x00000000698ca6d0
 Begin Bits: [0x00000000125d0000, 0x00000000135d0000)
 End Bits:   [0x00000000135d0000, 0x00000000145d0000)

Polling page: 0x0000000000430000

CodeCache: size=245760Kb used=3337Kb max_used=3337Kb free=242422Kb
 bounds [0x0000000002940000, 0x0000000002c90000, 0x0000000011940000]
 total_blobs=1085 nmethods=818 adapters=180
 compilation: enabled

Compilation events (10 events):
Event: 2.867 Thread 0x00000000551cf000  775       3       com.android.dx.ssa.back.FirstFitLocalCombiningAllocator::addMapping (76 bytes)
Event: 2.868 Thread 0x00000000551cb000 nmethod 819 0x0000000002c83f10 code [0x0000000002c84060, 0x0000000002c842d8]
Event: 2.868 Thread 0x00000000551cf000 nmethod 775 0x0000000002c822d0 code [0x0000000002c82560, 0x0000000002c83618]
Event: 2.868 Thread 0x00000000551cf000  776       3       com.android.dx.ssa.InterferenceRegisterMapper::addMapping (27 bytes)
Event: 2.869 Thread 0x00000000551cf000 nmethod 776 0x0000000002c81dd0 code [0x0000000002c81f60, 0x0000000002c821c8]
Event: 2.869 Thread 0x00000000551cf000  820       3       com.android.dx.cf.code.ByteBlockList::labelToBlock (46 bytes)
Event: 2.869 Thread 0x00000000551cf000 nmethod 820 0x0000000002c845d0 code [0x0000000002c84800, 0x0000000002c85508]
Event: 2.869 Thread 0x00000000551cf000  822   !   3       com.android.dx.cf.code.Ropper::processBlock (1101 bytes)
Event: 2.871 Thread 0x000000005644d000  829       4       com.android.dx.ssa.NormalSsaInsn::mapSourceRegisters (48 bytes)
Event: 2.871 Thread 0x00000000551cb000  830       4       com.android.dx.util.FixedSizeList::equals (41 bytes)

GC Heap History (0 events):
No events

Deoptimization events (3 events):
Event: 1.608 Thread 0x000000000254e000 Uncommon trap: reason=unstable_if action=reinterpret pc=0x0000000002b22974 method=java.util.HashMap.getNode(ILjava/lang/Object;)Ljava/util/HashMap$Node; @ 62
Event: 2.657 Thread 0x000000000254e000 Uncommon trap: reason=unstable_if action=reinterpret pc=0x0000000002bd0d24 method=java.util.BitSet.ensureCapacity(I)V @ 6
Event: 2.750 Thread 0x000000000254e000 Uncommon trap: reason=unstable_if action=reinterpret pc=0x0000000002b58020 method=java.util.HashMap.getNode(ILjava/lang/Object;)Ljava/util/HashMap$Node; @ 129

Internal exceptions (2 events):
Event: 0.142 Thread 0x000000000254e000 Exception <a 'java/lang/NoSuchMethodError': Method sun.misc.Unsafe.defineClass(Ljava/lang/String;[BII)Ljava/lang/Class; name or signature does not match> (0x00000000eab07cc0) thrown at [C:\re\workspace\8-2-build-windows-amd64-cygwin\jdk8u101\7261\hotspot\s»¿n,w5Â?
Event: 0.142 Thread 0x000000000254e000 Exception <a 'java/lang/NoSuchMethodError': Method sun.misc.Unsafe.prefetchRead(Ljava/lang/Object;J)V name or signature does not match> (0x00000000eab07fa8) thrown at [C:\re\workspace\8-2-build-windows-amd64-cygwin\jdk8u101\7261\hotspot\src\share\vm\prims\

Events (10 events):
Event: 2.750 Thread 0x000000000254e000 DEOPT PACKING pc=0x0000000002b58020 sp=0x000000000293e5b0
Event: 2.750 Thread 0x000000000254e000 DEOPT UNPACKING pc=0x000000000298582a sp=0x000000000293e4d0 mode 2
Event: 2.782 loading class com/android/dx/cf/attrib/AttEnclosingMethod
Event: 2.782 loading class com/android/dx/cf/attrib/AttEnclosingMethod done
Event: 2.786 Executing VM operation: ForceSafepoint
Event: 2.787 Executing VM operation: ForceSafepoint done
Event: 2.829 loading class com/android/dx/cf/attrib/AttSignature
Event: 2.829 loading class com/android/dx/cf/attrib/AttSignature done
Event: 2.831 loading class com/android/dx/dex/file/FieldAnnotationStruct
Event: 2.831 loading class com/android/dx/dex/file/FieldAnnotationStruct done


Dynamic libraries:
0x000000013fd10000 - 0x000000013fd47000 	C:\Program Files\Java\jdk1.8.0_101\bin\java.exe
0x00000000775b0000 - 0x000000007775a000 	C:\windows\SYSTEM32\ntdll.dll
0x0000000077490000 - 0x00000000775af000 	C:\windows\system32\kernel32.dll
0x000007fefd480000 - 0x000007fefd4ea000 	C:\windows\system32\KERNELBASE.dll
0x000007fefd6b0000 - 0x000007fefd78b000 	C:\windows\system32\ADVAPI32.dll
0x000007fefe8a0000 - 0x000007fefe93f000 	C:\windows\system32\msvcrt.dll
0x000007fefee00000 - 0x000007fefee1f000 	C:\windows\SYSTEM32\sechost.dll
0x000007feff6f0000 - 0x000007feff81d000 	C:\windows\system32\RPCRT4.dll
0x0000000077390000 - 0x000000007748a000 	C:\windows\system32\USER32.dll
0x000007fefee20000 - 0x000007fefee87000 	C:\windows\system32\GDI32.dll
0x000007fefd790000 - 0x000007fefd79e000 	C:\windows\system32\LPK.dll
0x000007fefe530000 - 0x000007fefe5fa000 	C:\windows\system32\USP10.dll
0x000007fefabf0000 - 0x000007fefade4000 	C:\windows\WinSxS\amd64_microsoft.windows.common-controls_6595b64144ccf1df_6.0.7601.18837_none_fa3b1e3d17594757\COMCTL32.dll
0x000007fefe940000 - 0x000007fefe9b1000 	C:\windows\system32\SHLWAPI.dll
0x000007fefe9d0000 - 0x000007fefe9fe000 	C:\windows\system32\IMM32.DLL
0x000007fefe600000 - 0x000007fefe709000 	C:\windows\system32\MSCTF.dll
0x000000006c950000 - 0x000000006ca22000 	C:\Program Files\Java\jdk1.8.0_101\jre\bin\msvcr100.dll
0x00000000690b0000 - 0x000000006994a000 	C:\Program Files\Java\jdk1.8.0_101\jre\bin\server\jvm.dll
0x000007fef9030000 - 0x000007fef9039000 	C:\windows\system32\WSOCK32.dll
0x000007feff160000 - 0x000007feff1ad000 	C:\windows\system32\WS2_32.dll
0x000007fefe9c0000 - 0x000007fefe9c8000 	C:\windows\system32\NSI.dll
0x000007fef5970000 - 0x000007fef59ab000 	C:\windows\system32\WINMM.dll
0x000007fefc390000 - 0x000007fefc39c000 	C:\windows\system32\VERSION.dll
0x0000000077770000 - 0x0000000077777000 	C:\windows\system32\PSAPI.DLL
0x000000006e410000 - 0x000000006e41f000 	C:\Program Files\Java\jdk1.8.0_101\jre\bin\verify.dll
0x000000006e170000 - 0x000000006e199000 	C:\Program Files\Java\jdk1.8.0_101\jre\bin\java.dll
0x000000006e3f0000 - 0x000000006e406000 	C:\Program Files\Java\jdk1.8.0_101\jre\bin\zip.dll
0x000007fefd7a0000 - 0x000007fefe52c000 	C:\windows\system32\SHELL32.dll
0x000007feff210000 - 0x000007feff413000 	C:\windows\system32\ole32.dll
0x000007fefd2f0000 - 0x000007fefd2ff000 	C:\windows\system32\profapi.dll

VM Arguments:
jvm_args: -Djava.awt.headless=true -Xmx1024M -Dfile.encoding=x-windows-949 -Duser.country=KR -Duser.language=ko -Duser.variant 
java_command: com.android.dx.command.Main --dex --output C:\Users\IT\Desktop\ERM\v1.0.1\v1.0.1\app\build\intermediates\pre-dexed\debug\internal_impl-23.3.0_1364e00b0a4aa27ebcd2b9dd4b8df0ee60de8570.jar C:\Users\IT\Desktop\ERM\v1.0.1\v1.0.1\app\build\intermediates\exploded-aar\com.android.support\support-v4\23.3.0\jars\libs\internal_impl-23.3.0.jar
java_class_path (initial): C:\Users\IT\AppData\Local\Android\sdk\build-tools\22.0.1\lib\dx.jar
Launcher Type: SUN_STANDARD

Environment Variables:
JAVA_HOME=C:\Program Files (x86)\Java\jre1.8.0_101
PATH=C:\ProgramData\Oracle\Java\javapath;C:\Program Files\Common Files\Microsoft Shared\Windows Live;C:\Program Files (x86)\Common Files\Microsoft Shared\Windows Live;C:\Program Files (x86)\Intel\iCLS Client\;C:\Program Files\Intel\iCLS Client\;C:\windows\system32;C:\windows;C:\windows\System32\Wbem;C:\windows\System32\WindowsPowerShell\v1.0\;C:\Program Files\Intel\Intel(R) Management Engine Components\DAL;C:\Program Files\Intel\Intel(R) Management Engine Components\IPT;C:\Program Files (x86)\Intel\Intel(R) Management Engine Components\DAL;C:\Program Files (x86)\Intel\Intel(R) Management Engine Components\IPT;C:\Program Files (x86)\Intel\OpenCL SDK\2.0\bin\x86;C:\Program Files (x86)\Intel\OpenCL SDK\2.0\bin\x64;C:\Program Files\Intel\WiFi\bin\;C:\Program Files\Common Files\Intel\WirelessCommon\;C:\Program Files (x86)\Windows Live\Shared;C:\Program Files\Java\jdk1.7.0_79\bin;C:\openssl-0.9.8e_X64\bin;C:\Program Files\Git\cmd
USERNAME=IT
OS=Windows_NT
PROCESSOR_IDENTIFIER=Intel64 Family 6 Model 58 Stepping 9, GenuineIntel



---------------  S Y S T E M  ---------------

OS: Windows 7 , 64 bit Build 7601 (6.1.7601.23418)

CPU:total 4 (2 cores per cpu, 2 threads per core) family 6 model 58 stepping 9, cmov, cx8, fxsr, mmx, sse, sse2, sse3, ssse3, sse4.1, sse4.2, popcnt, avx, aes, clmul, erms, ht, tsc, tscinvbit, tscinv

Memory: 4k page, physical 3888676k(129196k free), swap 6192232k(4316k free)

vm_info: Java HotSpot(TM) 64-Bit Server VM (25.101-b13) for windows-amd64 JRE (1.8.0_101-b13), built on Jun 22 2016 01:21:29 by "java_re" with MS VC++ 10.0 (VS2010)

time: Mon Sep 26 20:35:36 2016
elapsed time: 2 seconds (0d 0h 0m 2s)

