#
# There is insufficient memory for the Java Runtime Environment to continue.
# Native memory allocation (malloc) failed to allocate 32744 bytes for ChunkPool::allocate
# Possible reasons:
#   The system is out of physical RAM or swap space
#   In 32 bit mode, the process size limit was hit
# Possible solutions:
#   Reduce memory load on the system
#   Increase physical memory or swap space
#   Check if swap backing store is full
#   Use 64 bit Java on a 64 bit OS
#   Decrease Java heap size (-Xmx/-Xms)
#   Decrease number of Java threads
#   Decrease Java thread stack sizes (-Xss)
#   Set larger code cache with -XX:ReservedCodeCacheSize=
# This output file may be truncated or incomplete.
#
#  Out of Memory Error (allocation.cpp:273), pid=3172, tid=0x0000000000001b60
#
# JRE version: Java(TM) SE Runtime Environment (8.0_101-b13) (build 1.8.0_101-b13)
# Java VM: Java HotSpot(TM) 64-Bit Server VM (25.101-b13 mixed mode windows-amd64 compressed oops)
# Failed to write core dump. Minidumps are not enabled by default on client versions of Windows
#

---------------  T H R E A D  ---------------

Current thread (0x00000000552aa800):  VMThread [stack: 0x0000000056210000,0x0000000056310000] [id=7008]

Stack: [0x0000000056210000,0x0000000056310000]
[error occurred during error reporting (printing stack bounds), id 0xc0000005]

Native frames: (J=compiled Java code, j=interpreted, Vv=VM code, C=native code)

VM_Operation (0x00000000027be870): ParallelGCFailedAllocation, mode: safepoint, requested by thread 0x00000000025de000


---------------  P R O C E S S  ---------------

Java Threads: ( => current thread )
  0x00000000567c1800 JavaThread "Service Thread" daemon [_thread_blocked, id=4492, stack(0x0000000057200000,0x0000000057300000)]
  0x000000005673b000 JavaThread "C1 CompilerThread2" daemon [_thread_blocked, id=2472, stack(0x0000000057100000,0x0000000057200000)]
  0x0000000056739800 JavaThread "C2 CompilerThread1" daemon [_thread_blocked, id=6812, stack(0x0000000056f50000,0x0000000057050000)]
  0x0000000056734000 JavaThread "C2 CompilerThread0" daemon [_thread_blocked, id=6704, stack(0x0000000056e50000,0x0000000056f50000)]
  0x000000005531f800 JavaThread "Attach Listener" daemon [_thread_blocked, id=5480, stack(0x0000000056bc0000,0x0000000056cc0000)]
  0x0000000055310000 JavaThread "Signal Dispatcher" daemon [_thread_blocked, id=6988, stack(0x0000000056510000,0x0000000056610000)]
  0x00000000552f9800 JavaThread "Finalizer" daemon [_thread_blocked, id=6372, stack(0x0000000056620000,0x0000000056720000)]
  0x00000000552b2000 JavaThread "Reference Handler" daemon [_thread_blocked, id=3608, stack(0x0000000056370000,0x0000000056470000)]
  0x00000000025de000 JavaThread "main" [_thread_blocked, id=6668, stack(0x00000000026c0000,0x00000000027c0000)]

Other Threads:
=>0x00000000552aa800 VMThread [stack: 0x0000000056210000,0x0000000056310000] [id=7008]
  0x00000000567fb000 WatcherThread [stack: 0x0000000057350000,0x0000000057450000] [id=6620]

VM state:at safepoint (normal execution)

VM Mutex/Monitor currently owned by a thread:  ([mutex/lock_event])
[0x00000000025dc670] Threads_lock - owner thread: 0x00000000552aa800
[0x00000000025dcb70] Heap_lock - owner thread: 0x00000000025de000

Heap:
 PSYoungGen      total 132608K, used 117248K [0x00000000eab00000, 0x00000000f3f00000, 0x0000000100000000)
  eden space 117248K, 100% used [0x00000000eab00000,0x00000000f1d80000,0x00000000f1d80000)
  from space 15360K, 0% used [0x00000000f1d80000,0x00000000f1d80000,0x00000000f2c80000)
  to   space 11776K, 0% used [0x00000000f2c80000,0x00000000f2c80000,0x00000000f3800000)
 ParOldGen       total 79872K, used 79505K [0x00000000c0000000, 0x00000000c4e00000, 0x00000000eab00000)
  object space 79872K, 99% used [0x00000000c0000000,0x00000000c4da47f0,0x00000000c4e00000)
 Metaspace       used 6283K, capacity 7216K, committed 7296K, reserved 1056768K
  class space    used 594K, capacity 616K, committed 640K, reserved 1048576K

Card table byte_map: [0x0000000011b80000,0x0000000011d90000] byte_map_base: 0x0000000011580000

Marking Bits: (ParMarkBitMap*) 0x000000006874a6d0
 Begin Bits: [0x0000000012720000, 0x0000000013720000)
 End Bits:   [0x0000000013720000, 0x0000000014720000)

Polling page: 0x0000000000130000

CodeCache: size=245760Kb used=10184Kb max_used=11307Kb free=235575Kb
 bounds [0x00000000027c0000, 0x0000000003320000, 0x00000000117c0000]
 total_blobs=2229 nmethods=1961 adapters=180
 compilation: enabled

Compilation events (10 events):
Event: 39.313 Thread 0x0000000056734000 1708       4       com.android.dx.rop.code.RegisterSpec$ForComparison::set (16 bytes)
Event: 39.314 Thread 0x0000000056734000 nmethod 1708 0x0000000003263590 code [0x00000000032636c0, 0x0000000003263738]
Event: 42.077 Thread 0x000000005673b000 nmethod 2317 0x00000000032f8110 code [0x00000000032f9840, 0x0000000003309be8]
Event: 42.077 Thread 0x0000000056734000 2318       4       java.util.HashMap$TreeNode::find (172 bytes)
Event: 43.131 Thread 0x0000000056739800 nmethod 2272 0x00000000029d3cd0 code [0x00000000029d3f60, 0x00000000029d5218]
Event: 43.131 Thread 0x000000005673b000 2319       3       com.android.dx.ssa.SCCP::simulateStmt (481 bytes)
Event: 43.134 Thread 0x000000005673b000 nmethod 2319 0x0000000002916790 code [0x0000000002916ac0, 0x00000000029189b8]
Event: 43.605 Thread 0x0000000056739800 2320 %     4       com.android.dx.ssa.SsaConverter::edgeSplitPredecessors @ 12 (44 bytes)
Event: 46.169 Thread 0x0000000056734000 nmethod 2318 0x0000000002995950 code [0x0000000002995b40, 0x0000000002996ae8]
Event: 48.969 Thread 0x0000000056734000 2321       4       com.android.dx.cf.iface.StdAttributeList::findNext (85 bytes)

GC Heap History (10 events):
Event: 47.287 GC heap after
Heap after GC invocations=71 (full 60):
 PSYoungGen      total 132608K, used 117225K [0x00000000eab00000, 0x00000000f3f00000, 0x0000000100000000)
  eden space 117248K, 99% used [0x00000000eab00000,0x00000000f1d7a678,0x00000000f1d80000)
  from space 15360K, 0% used [0x00000000f1d80000,0x00000000f1d80000,0x00000000f2c80000)
  to   space 11776K, 0% used [0x00000000f2c80000,0x00000000f2c80000,0x00000000f3800000)
 ParOldGen       total 79872K, used 79505K [0x00000000c0000000, 0x00000000c4e00000, 0x00000000eab00000)
  object space 79872K, 99% used [0x00000000c0000000,0x00000000c4da47f0,0x00000000c4e00000)
 Metaspace       used 6283K, capacity 7216K, committed 7296K, reserved 1056768K
  class space    used 594K, capacity 616K, committed 640K, reserved 1048576K
}
Event: 47.288 GC heap before
{Heap before GC invocations=72 (full 61):
 PSYoungGen      total 132608K, used 117248K [0x00000000eab00000, 0x00000000f3f00000, 0x0000000100000000)
  eden space 117248K, 100% used [0x00000000eab00000,0x00000000f1d80000,0x00000000f1d80000)
  from space 15360K, 0% used [0x00000000f1d80000,0x00000000f1d80000,0x00000000f2c80000)
  to   space 11776K, 0% used [0x00000000f2c80000,0x00000000f2c80000,0x00000000f3800000)
 ParOldGen       total 79872K, used 79505K [0x00000000c0000000, 0x00000000c4e00000, 0x00000000eab00000)
  object space 79872K, 99% used [0x00000000c0000000,0x00000000c4da47f0,0x00000000c4e00000)
 Metaspace       used 6283K, capacity 7216K, committed 7296K, reserved 1056768K
  class space    used 594K, capacity 616K, committed 640K, reserved 1048576K
Event: 47.809 GC heap after
Heap after GC invocations=72 (full 61):
 PSYoungGen      total 132608K, used 117229K [0x00000000eab00000, 0x00000000f3f00000, 0x0000000100000000)
  eden space 117248K, 99% used [0x00000000eab00000,0x00000000f1d7b5a0,0x00000000f1d80000)
  from space 15360K, 0% used [0x00000000f1d80000,0x00000000f1d80000,0x00000000f2c80000)
  to   space 11776K, 0% used [0x00000000f2c80000,0x00000000f2c80000,0x00000000f3800000)
 ParOldGen       total 79872K, used 79505K [0x00000000c0000000, 0x00000000c4e00000, 0x00000000eab00000)
  object space 79872K, 99% used [0x00000000c0000000,0x00000000c4da47f0,0x00000000c4e00000)
 Metaspace       used 6283K, capacity 7216K, committed 7296K, reserved 1056768K
  class space    used 594K, capacity 616K, committed 640K, reserved 1048576K
}
Event: 47.810 GC heap before
{Heap before GC invocations=73 (full 62):
 PSYoungGen      total 132608K, used 117248K [0x00000000eab00000, 0x00000000f3f00000, 0x0000000100000000)
  eden space 117248K, 100% used [0x00000000eab00000,0x00000000f1d80000,0x00000000f1d80000)
  from space 15360K, 0% used [0x00000000f1d80000,0x00000000f1d80000,0x00000000f2c80000)
  to   space 11776K, 0% used [0x00000000f2c80000,0x00000000f2c80000,0x00000000f3800000)
 ParOldGen       total 79872K, used 79505K [0x00000000c0000000, 0x00000000c4e00000, 0x00000000eab00000)
  object space 79872K, 99% used [0x00000000c0000000,0x00000000c4da47f0,0x00000000c4e00000)
 Metaspace       used 6283K, capacity 7216K, committed 7296K, reserved 1056768K
  class space    used 594K, capacity 616K, committed 640K, reserved 1048576K
Event: 48.319 GC heap after
Heap after GC invocations=73 (full 62):
 PSYoungGen      total 132608K, used 117234K [0x00000000eab00000, 0x00000000f3f00000, 0x0000000100000000)
  eden space 117248K, 99% used [0x00000000eab00000,0x00000000f1d7ca68,0x00000000f1d80000)
  from space 15360K, 0% used [0x00000000f1d80000,0x00000000f1d80000,0x00000000f2c80000)
  to   space 11776K, 0% used [0x00000000f2c80000,0x00000000f2c80000,0x00000000f3800000)
 ParOldGen       total 79872K, used 79505K [0x00000000c0000000, 0x00000000c4e00000, 0x00000000eab00000)
  object space 79872K, 99% used [0x00000000c0000000,0x00000000c4da47f0,0x00000000c4e00000)
 Metaspace       used 6283K, capacity 7216K, committed 7296K, reserved 1056768K
  class space    used 594K, capacity 616K, committed 640K, reserved 1048576K
}
Event: 48.320 GC heap before
{Heap before GC invocations=74 (full 63):
 PSYoungGen      total 132608K, used 117248K [0x00000000eab00000, 0x00000000f3f00000, 0x0000000100000000)
  eden space 117248K, 100% used [0x00000000eab00000,0x00000000f1d80000,0x00000000f1d80000)
  from space 15360K, 0% used [0x00000000f1d80000,0x00000000f1d80000,0x00000000f2c80000)
  to   space 11776K, 0% used [0x00000000f2c80000,0x00000000f2c80000,0x00000000f3800000)
 ParOldGen       total 79872K, used 79505K [0x00000000c0000000, 0x00000000c4e00000, 0x00000000eab00000)
  object space 79872K, 99% used [0x00000000c0000000,0x00000000c4da47f0,0x00000000c4e00000)
 Metaspace       used 6283K, capacity 7216K, committed 7296K, reserved 1056768K
  class space    used 594K, capacity 616K, committed 640K, reserved 1048576K
Event: 48.969 GC heap after
Heap after GC invocations=74 (full 63):
 PSYoungGen      total 132608K, used 117236K [0x00000000eab00000, 0x00000000f3f00000, 0x0000000100000000)
  eden space 117248K, 99% used [0x00000000eab00000,0x00000000f1d7d260,0x00000000f1d80000)
  from space 15360K, 0% used [0x00000000f1d80000,0x00000000f1d80000,0x00000000f2c80000)
  to   space 11776K, 0% used [0x00000000f2c80000,0x00000000f2c80000,0x00000000f3800000)
 ParOldGen       total 79872K, used 79505K [0x00000000c0000000, 0x00000000c4e00000, 0x00000000eab00000)
  object space 79872K, 99% used [0x00000000c0000000,0x00000000c4da47f0,0x00000000c4e00000)
 Metaspace       used 6283K, capacity 7216K, committed 7296K, reserved 1056768K
  class space    used 594K, capacity 616K, committed 640K, reserved 1048576K
}
Event: 48.969 GC heap before
{Heap before GC invocations=75 (full 64):
 PSYoungGen      total 132608K, used 117248K [0x00000000eab00000, 0x00000000f3f00000, 0x0000000100000000)
  eden space 117248K, 100% used [0x00000000eab00000,0x00000000f1d80000,0x00000000f1d80000)
  from space 15360K, 0% used [0x00000000f1d80000,0x00000000f1d80000,0x00000000f2c80000)
  to   space 11776K, 0% used [0x00000000f2c80000,0x00000000f2c80000,0x00000000f3800000)
 ParOldGen       total 79872K, used 79505K [0x00000000c0000000, 0x00000000c4e00000, 0x00000000eab00000)
  object space 79872K, 99% used [0x00000000c0000000,0x00000000c4da47f0,0x00000000c4e00000)
 Metaspace       used 6283K, capacity 7216K, committed 7296K, reserved 1056768K
  class space    used 594K, capacity 616K, committed 640K, reserved 1048576K
Event: 49.467 GC heap after
Heap after GC invocations=75 (full 64):
 PSYoungGen      total 132608K, used 117231K [0x00000000eab00000, 0x00000000f3f00000, 0x0000000100000000)
  eden space 117248K, 99% used [0x00000000eab00000,0x00000000f1d7bf10,0x00000000f1d80000)
  from space 15360K, 0% used [0x00000000f1d80000,0x00000000f1d80000,0x00000000f2c80000)
  to   space 11776K, 0% used [0x00000000f2c80000,0x00000000f2c80000,0x00000000f3800000)
 ParOldGen       total 79872K, used 79505K [0x00000000c0000000, 0x00000000c4e00000, 0x00000000eab00000)
  object space 79872K, 99% used [0x00000000c0000000,0x00000000c4da47f0,0x00000000c4e00000)
 Metaspace       used 6283K, capacity 7216K, committed 7296K, reserved 1056768K
  class space    used 594K, capacity 616K, committed 640K, reserved 1048576K
}
Event: 49.467 GC heap before
{Heap before GC invocations=76 (full 65):
 PSYoungGen      total 132608K, used 117248K [0x00000000eab00000, 0x00000000f3f00000, 0x0000000100000000)
  eden space 117248K, 100% used [0x00000000eab00000,0x00000000f1d80000,0x00000000f1d80000)
  from space 15360K, 0% used [0x00000000f1d80000,0x00000000f1d80000,0x00000000f2c80000)
  to   space 11776K, 0% used [0x00000000f2c80000,0x00000000f2c80000,0x00000000f3800000)
 ParOldGen       total 79872K, used 79505K [0x00000000c0000000, 0x00000000c4e00000, 0x00000000eab00000)
  object space 79872K, 99% used [0x00000000c0000000,0x00000000c4da47f0,0x00000000c4e00000)
 Metaspace       used 6283K, capacity 7216K, committed 7296K, reserved 1056768K
  class space    used 594K, capacity 616K, committed 640K, reserved 1048576K

Deoptimization events (10 events):
Event: 10.994 Thread 0x00000000025de000 Uncommon trap: reason=unstable_if action=reinterpret pc=0x0000000002fbf80c method=java.util.HashMap.putVal(ILjava/lang/Object;Ljava/lang/Object;ZZ)Ljava/lang/Object; @ 109
Event: 11.347 Thread 0x00000000025de000 Uncommon trap: reason=unstable_if action=reinterpret pc=0x0000000002fe9364 method=com.android.dx.ssa.SsaBasicBlock.scheduleMovesFromPhis()V @ 63
Event: 12.443 Thread 0x00000000025de000 Uncommon trap: reason=unstable_if action=reinterpret pc=0x0000000002c6f428 method=com.android.dx.ssa.SsaMethod.getExitBlock()Lcom/android/dx/ssa/SsaBasicBlock; @ 4
Event: 16.972 Thread 0x00000000025de000 Uncommon trap: reason=class_check action=maybe_recompile pc=0x0000000003129660 method=com.android.dx.cf.code.Ropper.processBlock(Lcom/android/dx/cf/code/ByteBlock;Lcom/android/dx/cf/code/Frame;[I)V @ 711
Event: 17.028 Thread 0x00000000025de000 Uncommon trap: reason=unstable_if action=reinterpret pc=0x00000000031271bc method=com.android.dx.cf.code.Ropper.processBlock(Lcom/android/dx/cf/code/ByteBlock;Lcom/android/dx/cf/code/Frame;[I)V @ 413
Event: 18.282 Thread 0x00000000025de000 Uncommon trap: reason=bimorphic action=maybe_recompile pc=0x0000000003030bbc method=com.android.dx.cf.code.OneLocalsArray.set(ILcom/android/dx/rop/type/TypeBearer;)V @ 85
Event: 18.282 Thread 0x00000000025de000 Uncommon trap: reason=bimorphic action=maybe_recompile pc=0x0000000003030bbc method=com.android.dx.cf.code.OneLocalsArray.set(ILcom/android/dx/rop/type/TypeBearer;)V @ 85
Event: 18.282 Thread 0x00000000025de000 Uncommon trap: reason=bimorphic action=maybe_recompile pc=0x0000000003030bbc method=com.android.dx.cf.code.OneLocalsArray.set(ILcom/android/dx/rop/type/TypeBearer;)V @ 85
Event: 18.282 Thread 0x00000000025de000 Uncommon trap: reason=bimorphic action=maybe_recompile pc=0x0000000003030bbc method=com.android.dx.cf.code.OneLocalsArray.set(ILcom/android/dx/rop/type/TypeBearer;)V @ 85
Event: 18.283 Thread 0x00000000025de000 Uncommon trap: reason=class_check action=maybe_recompile pc=0x00000000030cf064 method=com.android.dx.ssa.SCCP.simulateBranch(Lcom/android/dx/ssa/SsaInsn;)V @ 145

Internal exceptions (7 events):
Event: 0.031 Thread 0x00000000025de000 Exception <a 'java/lang/NoSuchMethodError': Method sun.misc.Unsafe.defineClass(Ljava/lang/String;[BII)Ljava/lang/Class; name or signature does not match> (0x00000000eab07cc0) thrown at [C:\re\workspace\8-2-build-windows-amd64-cygwin\jdk8u101\7261\hotspot\s”ªRc<	 ?
Event: 0.031 Thread 0x00000000025de000 Exception <a 'java/lang/NoSuchMethodError': Method sun.misc.Unsafe.prefetchRead(Ljava/lang/Object;J)V name or signature does not match> (0x00000000eab07fa8) thrown at [C:\re\workspace\8-2-build-windows-amd64-cygwin\jdk8u101\7261\hotspot\src\share\vm\prims\›
œ,Îpï?
Event: 0.983 Thread 0x00000000025de000 Implicit null exception at 0x0000000002adecfc to 0x0000000002ae0939
Event: 1.814 Thread 0x00000000025de000 Implicit null exception at 0x0000000002c48b08 to 0x0000000002c48c75
Event: 3.473 Thread 0x00000000025de000 Exception <a 'java/lang/ArrayIndexOutOfBoundsException': 18> (0x00000000ed551138) thrown at [C:\re\workspace\8-2-build-windows-amd64-cygwin\jdk8u101\7261\hotspot\src\share\vm\interpreter\interpreterRuntime.cpp, line 366]
Event: 3.474 Thread 0x00000000025de000 Exception <a 'java/lang/ArrayIndexOutOfBoundsException': 145> (0x00000000ed552cb8) thrown at [C:\re\workspace\8-2-build-windows-amd64-cygwin\jdk8u101\7261\hotspot\src\share\vm\interpreter\interpreterRuntime.cpp, line 366]
Event: 3.475 Thread 0x00000000025de000 Exception <a 'java/lang/ArrayIndexOutOfBoundsException'> (0x00000000ed553fa0) thrown at [C:\re\workspace\8-2-build-windows-amd64-cygwin\jdk8u101\7261\hotspot\src\share\vm\runtime\sharedRuntime.cpp, line 605]

Events (10 events):
Event: 47.287 Thread 0x0000000056734000 flushing nmethod 0x0000000002b63410
Event: 47.288 Executing VM operation: ParallelGCFailedAllocation
Event: 47.809 Executing VM operation: ParallelGCFailedAllocation done
Event: 47.810 Executing VM operation: ParallelGCFailedAllocation
Event: 48.319 Executing VM operation: ParallelGCFailedAllocation done
Event: 48.320 Executing VM operation: ParallelGCFailedAllocation
Event: 48.969 Executing VM operation: ParallelGCFailedAllocation done
Event: 48.969 Executing VM operation: ParallelGCFailedAllocation
Event: 49.467 Executing VM operation: ParallelGCFailedAllocation done
Event: 49.467 Executing VM operation: ParallelGCFailedAllocation


Dynamic libraries:
0x000000013f050000 - 0x000000013f087000 	C:\Program Files\Java\jdk1.8.0_101\bin\java.exe
0x0000000077b50000 - 0x0000000077cfa000 	C:\windows\SYSTEM32\ntdll.dll
0x0000000077a30000 - 0x0000000077b4f000 	C:\windows\system32\kernel32.dll
0x000007fefdae0000 - 0x000007fefdb4a000 	C:\windows\system32\KERNELBASE.dll
0x000007feff270000 - 0x000007feff34b000 	C:\windows\system32\ADVAPI32.dll
0x000007feff1d0000 - 0x000007feff26f000 	C:\windows\system32\msvcrt.dll
0x000007feff080000 - 0x000007feff09f000 	C:\windows\SYSTEM32\sechost.dll
0x000007feff0a0000 - 0x000007feff1cd000 	C:\windows\system32\RPCRT4.dll
0x0000000077930000 - 0x0000000077a2a000 	C:\windows\system32\USER32.dll
0x000007fefdcf0000 - 0x000007fefdd57000 	C:\windows\system32\GDI32.dll
0x000007fefdd70000 - 0x000007fefdd7e000 	C:\windows\system32\LPK.dll
0x000007fefdfb0000 - 0x000007fefe07a000 	C:\windows\system32\USP10.dll
0x000007fefa940000 - 0x000007fefab34000 	C:\windows\WinSxS\amd64_microsoft.windows.common-controls_6595b64144ccf1df_6.0.7601.18837_none_fa3b1e3d17594757\COMCTL32.dll
0x000007fefdc70000 - 0x000007fefdce1000 	C:\windows\system32\SHLWAPI.dll
0x000007feffcf0000 - 0x000007feffd1e000 	C:\windows\system32\IMM32.DLL
0x000007fefe1e0000 - 0x000007fefe2e9000 	C:\windows\system32\MSCTF.dll
0x0000000064ba0000 - 0x0000000064c72000 	C:\Program Files\Java\jdk1.8.0_101\jre\bin\msvcr100.dll
0x0000000067f30000 - 0x00000000687ca000 	C:\Program Files\Java\jdk1.8.0_101\jre\bin\server\jvm.dll
0x000007fef8e70000 - 0x000007fef8e79000 	C:\windows\system32\WSOCK32.dll
0x000007fefdf60000 - 0x000007fefdfad000 	C:\windows\system32\WS2_32.dll
0x000007fefdd60000 - 0x000007fefdd68000 	C:\windows\system32\NSI.dll
0x000007fefac20000 - 0x000007fefac5b000 	C:\windows\system32\WINMM.dll
0x000007fefc930000 - 0x000007fefc93c000 	C:\windows\system32\VERSION.dll
0x0000000077d20000 - 0x0000000077d27000 	C:\windows\system32\PSAPI.DLL
0x0000000073be0000 - 0x0000000073bef000 	C:\Program Files\Java\jdk1.8.0_101\jre\bin\verify.dll
0x0000000073af0000 - 0x0000000073b19000 	C:\Program Files\Java\jdk1.8.0_101\jre\bin\java.dll
0x0000000073b30000 - 0x0000000073b46000 	C:\Program Files\Java\jdk1.8.0_101\jre\bin\zip.dll
0x000007fefe2f0000 - 0x000007feff07c000 	C:\windows\system32\SHELL32.dll
0x000007feff350000 - 0x000007feff553000 	C:\windows\system32\ole32.dll
0x000007fefd890000 - 0x000007fefd89f000 	C:\windows\system32\profapi.dll

VM Arguments:
jvm_args: -Djava.awt.headless=true -Xmx1024M -Dfile.encoding=x-windows-949 -Duser.country=KR -Duser.language=ko -Duser.variant 
java_command: com.android.dx.command.Main --dex --multi-dex --main-dex-list C:\Users\IT\Desktop\ERM\v1.0.1\v1.0.1\app\build\intermediates\multi-dex\debug\maindexlist.txt --output C:\Users\IT\Desktop\ERM\v1.0.1\v1.0.1\app\build\intermediates\transforms\dex\debug\folders\1000\1f\main C:\Users\IT\Desktop\ERM\v1.0.1\v1.0.1\app\build\intermediates\transforms\jarMerging\debug\jars\1\1f\combined.jar
java_class_path (initial): C:\Users\IT\AppData\Local\Android\sdk\build-tools\22.0.1\lib\dx.jar
Launcher Type: SUN_STANDARD

Environment Variables:
JAVA_HOME=C:\Program Files (x86)\Java\jre1.8.0_101
PATH=C:\ProgramData\Oracle\Java\javapath;C:\Program Files\Common Files\Microsoft Shared\Windows Live;C:\Program Files (x86)\Common Files\Microsoft Shared\Windows Live;C:\Program Files (x86)\Intel\iCLS Client\;C:\Program Files\Intel\iCLS Client\;C:\windows\system32;C:\windows;C:\windows\System32\Wbem;C:\windows\System32\WindowsPowerShell\v1.0\;C:\Program Files\Intel\Intel(R) Management Engine Components\DAL;C:\Program Files\Intel\Intel(R) Management Engine Components\IPT;C:\Program Files (x86)\Intel\Intel(R) Management Engine Components\DAL;C:\Program Files (x86)\Intel\Intel(R) Management Engine Components\IPT;C:\Program Files (x86)\Intel\OpenCL SDK\2.0\bin\x86;C:\Program Files (x86)\Intel\OpenCL SDK\2.0\bin\x64;C:\Program Files\Intel\WiFi\bin\;C:\Program Files\Common Files\Intel\WirelessCommon\;C:\Program Files (x86)\Windows Live\Shared;C:\Program Files\Java\jdk1.7.0_79\bin;C:\openssl-0.9.8e_X64\bin;C:\Program Files\Git\cmd
USERNAME=IT
OS=Windows_NT
PROCESSOR_IDENTIFIER=Intel64 Family 6 Model 58 Stepping 9, GenuineIntel



---------------  S Y S T E M  ---------------

OS: Windows 7 , 64 bit Build 7601 (6.1.7601.23418)

CPU:total 4 (2 cores per cpu, 2 threads per core) family 6 model 58 stepping 9, cmov, cx8, fxsr, mmx, sse, sse2, sse3, ssse3, sse4.1, sse4.2, popcnt, avx, aes, clmul, erms, ht, tsc, tscinvbit, tscinv

Memory: 4k page, physical 3888676k(88240k free), swap 6029944k(4916k free)

vm_info: Java HotSpot(TM) 64-Bit Server VM (25.101-b13) for windows-amd64 JRE (1.8.0_101-b13), built on Jun 22 2016 01:21:29 by "java_re" with MS VC++ 10.0 (VS2010)

time: Tue Sep 27 16:51:06 2016
elapsed time: 49 seconds (0d 0h 0m 49s)

