#
# There is insufficient memory for the Java Runtime Environment to continue.
# Native memory allocation (malloc) failed to allocate 32744 bytes for ChunkPool::allocate
# Possible reasons:
#   The system is out of physical RAM or swap space
#   In 32 bit mode, the process size limit was hit
# Possible solutions:
#   Reduce memory load on the system
#   Increase physical memory or swap space
#   Check if swap backing store is full
#   Use 64 bit Java on a 64 bit OS
#   Decrease Java heap size (-Xmx/-Xms)
#   Decrease number of Java threads
#   Decrease Java thread stack sizes (-Xss)
#   Set larger code cache with -XX:ReservedCodeCacheSize=
# This output file may be truncated or incomplete.
#
#  Out of Memory Error (allocation.cpp:273), pid=3204, tid=0x0000000000001b84
#
# JRE version: Java(TM) SE Runtime Environment (8.0_101-b13) (build 1.8.0_101-b13)
# Java VM: Java HotSpot(TM) 64-Bit Server VM (25.101-b13 mixed mode windows-amd64 compressed oops)
# Failed to write core dump. Minidumps are not enabled by default on client versions of Windows
#

---------------  T H R E A D  ---------------

Current thread (0x0000000054dbf000):  JavaThread "C2 CompilerThread0" daemon [_thread_in_native, id=7044, stack(0x00000000568e0000,0x00000000569e0000)]

Stack: [0x00000000568e0000,0x00000000569e0000]
[error occurred during error reporting (printing stack bounds), id 0xc0000005]

Native frames: (J=compiled Java code, j=interpreted, Vv=VM code, C=native code)


Current CompileTask:
C2:  90041 8443   !   4       java.net.URLClassLoader$1::run (63 bytes)


---------------  P R O C E S S  ---------------

Java Threads: ( => current thread )
  0x0000000059f88000 JavaThread "stdout" daemon [_thread_in_native, id=6884, stack(0x0000000064640000,0x0000000064740000)]
  0x000000005c1c6000 JavaThread "stderr" daemon [_thread_in_native, id=6848, stack(0x0000000064460000,0x0000000064560000)]
  0x000000005c1c5800 JavaThread "stdout" daemon [_thread_in_native, id=5660, stack(0x0000000064330000,0x0000000064430000)]
  0x000000005c1c4800 JavaThread "stderr" daemon [_thread_in_native, id=6996, stack(0x0000000063c60000,0x0000000063d60000)]
  0x000000005c1c4000 JavaThread "stdout" daemon [_thread_in_native, id=6700, stack(0x0000000064110000,0x0000000064210000)]
  0x000000005c1c3000 JavaThread "stderr" daemon [_thread_in_native, id=6896, stack(0x0000000063f80000,0x0000000064080000)]
  0x000000005c1c2800 JavaThread "stdout" daemon [_thread_in_native, id=6592, stack(0x0000000063dd0000,0x0000000063ed0000)]
  0x000000005c1c1800 JavaThread "stderr" daemon [_thread_in_native, id=6768, stack(0x0000000063b60000,0x0000000063c60000)]
  0x000000005c1c1000 JavaThread "stdout" daemon [_thread_in_native, id=6620, stack(0x00000000639d0000,0x0000000063ad0000)]
  0x000000005c1c0000 JavaThread "stderr" daemon [_thread_in_native, id=6516, stack(0x0000000063870000,0x0000000063970000)]
  0x000000005c1bf000 JavaThread "stdout" daemon [_thread_in_native, id=7160, stack(0x0000000063650000,0x0000000063750000)]
  0x000000005c3d3000 JavaThread "stderr" daemon [_thread_in_native, id=6232, stack(0x0000000063340000,0x0000000063440000)]
  0x000000005c3d2000 JavaThread "stdout" daemon [_thread_in_native, id=6828, stack(0x00000000634a0000,0x00000000635a0000)]
  0x000000005c3d1800 JavaThread "stderr" daemon [_thread_in_native, id=6508, stack(0x0000000062dd0000,0x0000000062ed0000)]
  0x000000005c3d0800 JavaThread "stdout" daemon [_thread_in_native, id=6900, stack(0x0000000063240000,0x0000000063340000)]
  0x000000005c3d0000 JavaThread "stderr" daemon [_thread_in_native, id=6796, stack(0x0000000063060000,0x0000000063160000)]
  0x000000005c3cf000 JavaThread "stdout" daemon [_thread_in_native, id=5020, stack(0x0000000062ed0000,0x0000000062fd0000)]
  0x000000005c3ce800 JavaThread "stderr" daemon [_thread_in_native, id=5176, stack(0x0000000062c70000,0x0000000062d70000)]
  0x000000005c3cd800 JavaThread "stdout" daemon [_thread_in_native, id=6400, stack(0x0000000062ac0000,0x0000000062bc0000)]
  0x000000005c3cd000 JavaThread "stderr" daemon [_thread_in_native, id=5584, stack(0x00000000629b0000,0x0000000062ab0000)]
  0x00000000587fe000 JavaThread "stdout" daemon [_thread_in_native, id=7132, stack(0x0000000062270000,0x0000000062370000)]
  0x00000000587fd000 JavaThread "stderr" daemon [_thread_in_native, id=7020, stack(0x0000000062100000,0x0000000062200000)]
  0x00000000587fc800 JavaThread "stdout" daemon [_thread_in_native, id=6148, stack(0x0000000061f90000,0x0000000062090000)]
  0x00000000587fb800 JavaThread "stderr" daemon [_thread_in_native, id=5356, stack(0x0000000061e40000,0x0000000061f40000)]
  0x00000000587fb000 JavaThread "stdout" daemon [_thread_in_native, id=5640, stack(0x0000000061b80000,0x0000000061c80000)]
  0x00000000587fa000 JavaThread "stderr" daemon [_thread_in_native, id=4168, stack(0x00000000616d0000,0x00000000617d0000)]
  0x000000005c289000 JavaThread "stdout" daemon [_thread_in_native, id=7064, stack(0x000000005fde0000,0x000000005fee0000)]
  0x000000005c288000 JavaThread "stderr" daemon [_thread_in_native, id=6436, stack(0x0000000060670000,0x0000000060770000)]
  0x000000005c30c000 JavaThread "stdout" daemon [_thread_in_native, id=6632, stack(0x000000005ef80000,0x000000005f080000)]
  0x000000005c30a000 JavaThread "stderr" daemon [_thread_in_native, id=6804, stack(0x0000000060380000,0x0000000060480000)]
  0x000000005c309000 JavaThread "stdout" daemon [_thread_in_native, id=6960, stack(0x0000000060200000,0x0000000060300000)]
  0x000000005c308800 JavaThread "stderr" daemon [_thread_in_native, id=6692, stack(0x0000000060080000,0x0000000060180000)]
  0x0000000057558800 JavaThread "stdout" daemon [_thread_in_native, id=6904, stack(0x000000005fcb0000,0x000000005fdb0000)]
  0x000000005754c000 JavaThread "stderr" daemon [_thread_in_native, id=6672, stack(0x000000005fb20000,0x000000005fc20000)]
  0x0000000057554000 JavaThread "pool-2-thread-4" [_thread_blocked, id=6480, stack(0x000000005f270000,0x000000005f370000)]
  0x0000000057553800 JavaThread "pool-2-thread-3" [_thread_blocked, id=6544, stack(0x000000005f080000,0x000000005f180000)]
  0x0000000057552800 JavaThread "pool-2-thread-2" [_thread_blocked, id=4136, stack(0x000000005e3c0000,0x000000005e4c0000)]
  0x0000000057552000 JavaThread "pool-2-thread-1" [_thread_blocked, id=2532, stack(0x000000005ee80000,0x000000005ef80000)]
  0x000000005754d800 JavaThread "File lock request listener" [_thread_in_native, id=5868, stack(0x000000005d2f0000,0x000000005d3f0000)]
  0x0000000057ea3800 JavaThread "Stdin handler" [_thread_blocked, id=5804, stack(0x00000000599f0000,0x0000000059af0000)]
  0x0000000057ea0800 JavaThread "Asynchronous log dispatcher for org.gradle.launcher.daemon.server.DefaultDaemonConnection@36245813" [_thread_blocked, id=5800, stack(0x00000000598b0000,0x00000000599b0000)]
  0x000000005632c800 JavaThread "Daemon worker" [_thread_in_Java, id=6832, stack(0x00000000594f0000,0x00000000595f0000)]
  0x0000000056328800 JavaThread "Cancel handler" [_thread_blocked, id=6564, stack(0x00000000593b0000,0x00000000594b0000)]
  0x0000000056322000 JavaThread "Handler for socket connection from /127.0.0.1:49933 to /127.0.0.1:49935" [_thread_in_native, id=6860, stack(0x00000000592b0000,0x00000000593b0000)]
  0x00000000563a3800 JavaThread "Daemon" [_thread_blocked, id=6660, stack(0x0000000058ba0000,0x0000000058ca0000)]
  0x00000000562b0000 JavaThread "Incoming local TCP Connector on port 49933" [_thread_in_native, id=7136, stack(0x0000000058ff0000,0x00000000590f0000)]
  0x000000005645d000 JavaThread "pool-1-thread-1" [_thread_blocked, id=7124, stack(0x0000000058cc0000,0x0000000058dc0000)]
  0x00000000562e8800 JavaThread "Service Thread" daemon [_thread_blocked, id=2108, stack(0x0000000056dc0000,0x0000000056ec0000)]
  0x00000000562e2800 JavaThread "C1 CompilerThread2" daemon [_thread_in_native, id=6292, stack(0x0000000056bd0000,0x0000000056cd0000)]
  0x00000000562e1800 JavaThread "C2 CompilerThread1" daemon [_thread_in_native, id=6296, stack(0x0000000056a00000,0x0000000056b00000)]
=>0x0000000054dbf000 JavaThread "C2 CompilerThread0" daemon [_thread_in_native, id=7044, stack(0x00000000568e0000,0x00000000569e0000)]
  0x0000000056279800 JavaThread "Attach Listener" daemon [_thread_blocked, id=7056, stack(0x00000000566e0000,0x00000000567e0000)]
  0x0000000056278800 JavaThread "Signal Dispatcher" daemon [_thread_blocked, id=1276, stack(0x0000000055df0000,0x0000000055ef0000)]
  0x0000000054d9a800 JavaThread "Finalizer" daemon [_thread_blocked, id=5304, stack(0x0000000056170000,0x0000000056270000)]
  0x0000000054d53000 JavaThread "Reference Handler" daemon [_thread_blocked, id=1356, stack(0x0000000055f80000,0x0000000056080000)]
  0x00000000022cf000 JavaThread "main" [_thread_blocked, id=3532, stack(0x00000000022f0000,0x00000000023f0000)]

Other Threads:
  0x0000000054d4b800 VMThread [stack: 0x0000000055ce0000,0x0000000055de0000] [id=2920]
  0x000000005634b800 WatcherThread [stack: 0x0000000057020000,0x0000000057120000] [id=2664]

VM state:not at safepoint (normal execution)

VM Mutex/Monitor currently owned by a thread: None

Heap:
 PSYoungGen      total 283648K, used 125350K [0x00000000eab00000, 0x00000000fd580000, 0x0000000100000000)
  eden space 272896K, 45% used [0x00000000eab00000,0x00000000f2569968,0x00000000fb580000)
  from space 10752K, 0% used [0x00000000fcb00000,0x00000000fcb00000,0x00000000fd580000)
  to   space 16384K, 0% used [0x00000000fb580000,0x00000000fb580000,0x00000000fc580000)
 ParOldGen       total 68608K, used 35694K [0x00000000c0000000, 0x00000000c4300000, 0x00000000eab00000)
  object space 68608K, 52% used [0x00000000c0000000,0x00000000c22db948,0x00000000c4300000)
 Metaspace       used 54422K, capacity 55372K, committed 55552K, reserved 1097728K
  class space    used 7354K, capacity 7621K, committed 7680K, reserved 1048576K

Card table byte_map: [0x00000000118a0000,0x0000000011ab0000] byte_map_base: 0x00000000112a0000

Marking Bits: (ParMarkBitMap*) 0x000000006caaa6d0
 Begin Bits: [0x00000000121c0000, 0x00000000131c0000)
 End Bits:   [0x00000000131c0000, 0x00000000141c0000)

Polling page: 0x0000000000110000

CodeCache: size=245760Kb used=25251Kb max_used=25251Kb free=220508Kb
 bounds [0x00000000024e0000, 0x0000000003db0000, 0x00000000114e0000]
 total_blobs=8106 nmethods=7369 adapters=647
 compilation: enabled

Compilation events (10 events):
Event: 90.013 Thread 0x00000000562e2800 nmethod 8663 0x0000000003da94d0 code [0x0000000003da9640, 0x0000000003da97c8]
Event: 90.013 Thread 0x00000000562e2800 8662       3       com.sun.tools.javac.code.Types::hasSameArgs (8 bytes)
Event: 90.013 Thread 0x00000000562e2800 nmethod 8662 0x0000000003da9890 code [0x0000000003da9a20, 0x0000000003da9f88]
Event: 90.013 Thread 0x00000000562e2800 8667       3       com.sun.tools.javac.tree.JCTree$JCReturn::accept (6 bytes)
Event: 90.014 Thread 0x00000000562e2800 nmethod 8667 0x0000000003daa250 code [0x0000000003daa3c0, 0x0000000003daa5e8]
Event: 90.014 Thread 0x00000000562e2800 8668       3       com.sun.tools.javac.tree.JCTree$JCAssign::accept (6 bytes)
Event: 90.014 Thread 0x00000000562e2800 nmethod 8668 0x0000000003daa6d0 code [0x0000000003daa840, 0x0000000003daaa68]
Event: 90.014 Thread 0x00000000562e2800 8664       3       com.sun.tools.javac.code.Types$MembersClosureCache::visitClassType (10 bytes)
Event: 90.014 Thread 0x00000000562e2800 nmethod 8664 0x0000000003daab50 code [0x0000000003daacc0, 0x0000000003daaf48]
Event: 90.014 Thread 0x00000000562e2800 8669       3       com.sun.tools.javac.code.Types$14::visitClassType (10 bytes)

GC Heap History (10 events):
Event: 49.875 GC heap before
{Heap before GC invocations=11 (full 1):
 PSYoungGen      total 127488K, used 28874K [0x00000000eab00000, 0x00000000f7880000, 0x0000000100000000)
  eden space 118784K, 16% used [0x00000000eab00000,0x00000000ebeb6030,0x00000000f1f00000)
  from space 8704K, 99% used [0x00000000f1f00000,0x00000000f277cab8,0x00000000f2780000)
  to   space 12288K, 0% used [0x00000000f6c80000,0x00000000f6c80000,0x00000000f7880000)
 ParOldGen       total 34304K, used 18053K [0x00000000c0000000, 0x00000000c2180000, 0x00000000eab00000)
  object space 34304K, 52% used [0x00000000c0000000,0x00000000c11a17f8,0x00000000c2180000)
 Metaspace       used 34740K, capacity 35344K, committed 35456K, reserved 1079296K
  class space    used 4788K, capacity 4924K, committed 4992K, reserved 1048576K
Event: 50.205 GC heap after
Heap after GC invocations=11 (full 1):
 PSYoungGen      total 198144K, used 8270K [0x00000000eab00000, 0x00000000f7b80000, 0x0000000100000000)
  eden space 185856K, 0% used [0x00000000eab00000,0x00000000eab00000,0x00000000f6080000)
  from space 12288K, 67% used [0x00000000f6c80000,0x00000000f7493990,0x00000000f7880000)
  to   space 12288K, 0% used [0x00000000f6080000,0x00000000f6080000,0x00000000f6c80000)
 ParOldGen       total 34304K, used 20610K [0x00000000c0000000, 0x00000000c2180000, 0x00000000eab00000)
  object space 34304K, 60% used [0x00000000c0000000,0x00000000c1420840,0x00000000c2180000)
 Metaspace       used 34740K, capacity 35344K, committed 35456K, reserved 1079296K
  class space    used 4788K, capacity 4924K, committed 4992K, reserved 1048576K
}
Event: 50.205 GC heap before
{Heap before GC invocations=12 (full 2):
 PSYoungGen      total 198144K, used 8270K [0x00000000eab00000, 0x00000000f7b80000, 0x0000000100000000)
  eden space 185856K, 0% used [0x00000000eab00000,0x00000000eab00000,0x00000000f6080000)
  from space 12288K, 67% used [0x00000000f6c80000,0x00000000f7493990,0x00000000f7880000)
  to   space 12288K, 0% used [0x00000000f6080000,0x00000000f6080000,0x00000000f6c80000)
 ParOldGen       total 34304K, used 20610K [0x00000000c0000000, 0x00000000c2180000, 0x00000000eab00000)
  object space 34304K, 60% used [0x00000000c0000000,0x00000000c1420840,0x00000000c2180000)
 Metaspace       used 34740K, capacity 35344K, committed 35456K, reserved 1079296K
  class space    used 4788K, capacity 4924K, committed 4992K, reserved 1048576K
Event: 50.584 GC heap after
Heap after GC invocations=12 (full 2):
 PSYoungGen      total 198144K, used 0K [0x00000000eab00000, 0x00000000f7b80000, 0x0000000100000000)
  eden space 185856K, 0% used [0x00000000eab00000,0x00000000eab00000,0x00000000f6080000)
  from space 12288K, 0% used [0x00000000f6c80000,0x00000000f6c80000,0x00000000f7880000)
  to   space 12288K, 0% used [0x00000000f6080000,0x00000000f6080000,0x00000000f6c80000)
 ParOldGen       total 44032K, used 18992K [0x00000000c0000000, 0x00000000c2b00000, 0x00000000eab00000)
  object space 44032K, 43% used [0x00000000c0000000,0x00000000c128c018,0x00000000c2b00000)
 Metaspace       used 34740K, capacity 35344K, committed 35456K, reserved 1079296K
  class space    used 4788K, capacity 4924K, committed 4992K, reserved 1048576K
}
Event: 61.753 GC heap before
{Heap before GC invocations=13 (full 2):
 PSYoungGen      total 198144K, used 185856K [0x00000000eab00000, 0x00000000f7b80000, 0x0000000100000000)
  eden space 185856K, 100% used [0x00000000eab00000,0x00000000f6080000,0x00000000f6080000)
  from space 12288K, 0% used [0x00000000f6c80000,0x00000000f6c80000,0x00000000f7880000)
  to   space 12288K, 0% used [0x00000000f6080000,0x00000000f6080000,0x00000000f6c80000)
 ParOldGen       total 44032K, used 18992K [0x00000000c0000000, 0x00000000c2b00000, 0x00000000eab00000)
  object space 44032K, 43% used [0x00000000c0000000,0x00000000c128c018,0x00000000c2b00000)
 Metaspace       used 46437K, capacity 47268K, committed 47360K, reserved 1089536K
  class space    used 6424K, capacity 6651K, committed 6656K, reserved 1048576K
Event: 61.780 GC heap after
Heap after GC invocations=13 (full 2):
 PSYoungGen      total 198144K, used 12266K [0x00000000eab00000, 0x00000000fdb80000, 0x0000000100000000)
  eden space 185856K, 0% used [0x00000000eab00000,0x00000000eab00000,0x00000000f6080000)
  from space 12288K, 99% used [0x00000000f6080000,0x00000000f6c7abe8,0x00000000f6c80000)
  to   space 16896K, 0% used [0x00000000fcb00000,0x00000000fcb00000,0x00000000fdb80000)
 ParOldGen       total 44032K, used 26187K [0x00000000c0000000, 0x00000000c2b00000, 0x00000000eab00000)
  object space 44032K, 59% used [0x00000000c0000000,0x00000000c1992d00,0x00000000c2b00000)
 Metaspace       used 46437K, capacity 47268K, committed 47360K, reserved 1089536K
  class space    used 6424K, capacity 6651K, committed 6656K, reserved 1048576K
}
Event: 75.551 GC heap before
{Heap before GC invocations=14 (full 2):
 PSYoungGen      total 198144K, used 198122K [0x00000000eab00000, 0x00000000fdb80000, 0x0000000100000000)
  eden space 185856K, 100% used [0x00000000eab00000,0x00000000f6080000,0x00000000f6080000)
  from space 12288K, 99% used [0x00000000f6080000,0x00000000f6c7abe8,0x00000000f6c80000)
  to   space 16896K, 0% used [0x00000000fcb00000,0x00000000fcb00000,0x00000000fdb80000)
 ParOldGen       total 44032K, used 26187K [0x00000000c0000000, 0x00000000c2b00000, 0x00000000eab00000)
  object space 44032K, 59% used [0x00000000c0000000,0x00000000c1992d00,0x00000000c2b00000)
 Metaspace       used 48153K, capacity 49034K, committed 49152K, reserved 1091584K
  class space    used 6584K, capacity 6812K, committed 6912K, reserved 1048576K
Event: 75.576 GC heap after
Heap after GC invocations=14 (full 2):
 PSYoungGen      total 283648K, used 3957K [0x00000000eab00000, 0x00000000fd580000, 0x0000000100000000)
  eden space 272896K, 0% used [0x00000000eab00000,0x00000000eab00000,0x00000000fb580000)
  from space 10752K, 36% used [0x00000000fcb00000,0x00000000fcedd7a0,0x00000000fd580000)
  to   space 16384K, 0% used [0x00000000fb580000,0x00000000fb580000,0x00000000fc580000)
 ParOldGen       total 44032K, used 38378K [0x00000000c0000000, 0x00000000c2b00000, 0x00000000eab00000)
  object space 44032K, 87% used [0x00000000c0000000,0x00000000c257a9e8,0x00000000c2b00000)
 Metaspace       used 48153K, capacity 49034K, committed 49152K, reserved 1091584K
  class space    used 6584K, capacity 6812K, committed 6912K, reserved 1048576K
}
Event: 75.576 GC heap before
{Heap before GC invocations=15 (full 3):
 PSYoungGen      total 283648K, used 3957K [0x00000000eab00000, 0x00000000fd580000, 0x0000000100000000)
  eden space 272896K, 0% used [0x00000000eab00000,0x00000000eab00000,0x00000000fb580000)
  from space 10752K, 36% used [0x00000000fcb00000,0x00000000fcedd7a0,0x00000000fd580000)
  to   space 16384K, 0% used [0x00000000fb580000,0x00000000fb580000,0x00000000fc580000)
 ParOldGen       total 44032K, used 38378K [0x00000000c0000000, 0x00000000c2b00000, 0x00000000eab00000)
  object space 44032K, 87% used [0x00000000c0000000,0x00000000c257a9e8,0x00000000c2b00000)
 Metaspace       used 48153K, capacity 49034K, committed 49152K, reserved 1091584K
  class space    used 6584K, capacity 6812K, committed 6912K, reserved 1048576K
Event: 76.402 GC heap after
Heap after GC invocations=15 (full 3):
 PSYoungGen      total 283648K, used 0K [0x00000000eab00000, 0x00000000fd580000, 0x0000000100000000)
  eden space 272896K, 0% used [0x00000000eab00000,0x00000000eab00000,0x00000000fb580000)
  from space 10752K, 0% used [0x00000000fcb00000,0x00000000fcb00000,0x00000000fd580000)
  to   space 16384K, 0% used [0x00000000fb580000,0x00000000fb580000,0x00000000fc580000)
 ParOldGen       total 68608K, used 35694K [0x00000000c0000000, 0x00000000c4300000, 0x00000000eab00000)
  object space 68608K, 52% used [0x00000000c0000000,0x00000000c22db948,0x00000000c4300000)
 Metaspace       used 48153K, capacity 49034K, committed 49152K, reserved 1091584K
  class space    used 6584K, capacity 6812K, committed 6912K, reserved 1048576K
}

Deoptimization events (10 events):
Event: 89.461 Thread 0x000000005632c800 Uncommon trap: reason=class_check action=maybe_recompile pc=0x00000000034a9020 method=com.sun.tools.javac.code.Types$19.visitClassType(Lcom/sun/tools/javac/code/Type$ClassType;Ljava/lang/Void;)Lcom/sun/tools/javac/util/List; @ 46
Event: 89.533 Thread 0x000000005632c800 Uncommon trap: reason=class_check action=maybe_recompile pc=0x00000000034a9020 method=com.sun.tools.javac.code.Types$19.visitClassType(Lcom/sun/tools/javac/code/Type$ClassType;Ljava/lang/Void;)Lcom/sun/tools/javac/util/List; @ 46
Event: 89.533 Thread 0x000000005632c800 Uncommon trap: reason=class_check action=maybe_recompile pc=0x00000000027e903c method=com.sun.tools.javac.code.Types$18.visitClassType(Lcom/sun/tools/javac/code/Type$ClassType;Ljava/lang/Void;)Lcom/sun/tools/javac/code/Type; @ 19
Event: 89.533 Thread 0x000000005632c800 Uncommon trap: reason=class_check action=maybe_recompile pc=0x00000000027e903c method=com.sun.tools.javac.code.Types$18.visitClassType(Lcom/sun/tools/javac/code/Type$ClassType;Ljava/lang/Void;)Lcom/sun/tools/javac/code/Type; @ 19
Event: 89.533 Thread 0x000000005632c800 Uncommon trap: reason=class_check action=maybe_recompile pc=0x00000000034a9020 method=com.sun.tools.javac.code.Types$19.visitClassType(Lcom/sun/tools/javac/code/Type$ClassType;Ljava/lang/Void;)Lcom/sun/tools/javac/util/List; @ 46
Event: 89.534 Thread 0x000000005632c800 Uncommon trap: reason=class_check action=maybe_recompile pc=0x00000000036b986c method=com.sun.tools.javac.code.Types$18.visitClassType(Lcom/sun/tools/javac/code/Type$ClassType;Ljava/lang/Void;)Lcom/sun/tools/javac/code/Type; @ 19
Event: 89.534 Thread 0x000000005632c800 Uncommon trap: reason=class_check action=maybe_recompile pc=0x00000000036baf80 method=com.sun.tools.javac.code.Types$19.visitClassType(Lcom/sun/tools/javac/code/Type$ClassType;Ljava/lang/Void;)Lcom/sun/tools/javac/util/List; @ 46
Event: 89.733 Thread 0x000000005632c800 Uncommon trap: reason=unstable_if action=reinterpret pc=0x0000000003c94954 method=com.sun.tools.javac.code.Scope.enter(Lcom/sun/tools/javac/code/Symbol;Lcom/sun/tools/javac/code/Scope;Lcom/sun/tools/javac/code/Scope;Z)V @ 116
Event: 89.842 Thread 0x000000005632c800 Uncommon trap: reason=unstable_if action=reinterpret pc=0x0000000003c17118 method=com.sun.tools.javac.util.Convert.chars2utf([CI[BII)I @ 35
Event: 89.842 Thread 0x000000005632c800 Uncommon trap: reason=unstable_if action=reinterpret pc=0x0000000003ac0fcc method=com.sun.tools.javac.util.Convert.chars2utf([CI[BII)I @ 35

Internal exceptions (10 events):
Event: 58.403 Thread 0x000000005632c800 Exception <a 'java/lang/ClassNotFoundException': java/lang/NumberCustomizer> (0x00000000f3ecf578) thrown at [C:\re\workspace\8-2-build-windows-amd64-cygwin\jdk8u101\7261\hotspot\src\share\vm\classfile\systemDictionary.cpp, line 210]
Event: 58.403 Thread 0x000000005632c800 Exception <a 'java/lang/ClassNotFoundException': java/lang/IntegerCustomizer> (0x00000000f3ed8550) thrown at [C:\re\workspace\8-2-build-windows-amd64-cygwin\jdk8u101\7261\hotspot\src\share\vm\classfile\systemDictionary.cpp, line 210]
Event: 58.411 Thread 0x000000005632c800 Exception <a 'java/lang/ClassNotFoundException': com/google/common/collect/ListsBeanInfo> (0x00000000f3f3c560) thrown at [C:\re\workspace\8-2-build-windows-amd64-cygwin\jdk8u101\7261\hotspot\src\share\vm\classfile\systemDictionary.cpp, line 210]
Event: 58.412 Thread 0x000000005632c800 Exception <a 'java/lang/ClassNotFoundException': com/google/common/collect/ListsCustomizer> (0x00000000f3f4a120) thrown at [C:\re\workspace\8-2-build-windows-amd64-cygwin\jdk8u101\7261\hotspot\src\share\vm\classfile\systemDictionary.cpp, line 210]
Event: 65.423 Thread 0x000000005632c800 Implicit null exception at 0x000000000299fed7 to 0x00000000029a0013
Event: 74.743 Thread 0x000000005632c800 Implicit null exception at 0x00000000033463e1 to 0x0000000003344fd9
Event: 74.743 Thread 0x000000005632c800 Implicit null exception at 0x00000000033463e1 to 0x0000000003344fd9
Event: 74.819 Thread 0x000000005632c800 Implicit null exception at 0x00000000033463e1 to 0x0000000003344fd9
Event: 77.713 Thread 0x000000005632c800 Exception <a 'java/lang/NoSuchMethodError': <clinit>> (0x00000000ec9d77b8) thrown at [C:\re\workspace\8-2-build-windows-amd64-cygwin\jdk8u101\7261\hotspot\src\share\vm\prims\jni.cpp, line 1613]
Event: 83.720 Thread 0x000000005632c800 Implicit null exception at 0x00000000039def90 to 0x00000000039e3f39

Events (10 events):
Event: 89.834 loading class com/sun/tools/javac/jvm/ClassWriter$1
Event: 89.834 loading class com/sun/tools/javac/jvm/ClassWriter$1 done
Event: 89.842 loading class com/sun/tools/javac/jvm/ClassFile$NameAndType
Event: 89.842 loading class com/sun/tools/javac/jvm/ClassFile$NameAndType done
Event: 89.842 Thread 0x000000005632c800 Uncommon trap: trap_request=0xffffff65 fr.pc=0x0000000003c17118
Event: 89.842 Thread 0x000000005632c800 DEOPT PACKING pc=0x0000000003c17118 sp=0x00000000595ebcf0
Event: 89.842 Thread 0x000000005632c800 DEOPT UNPACKING pc=0x000000000252582a sp=0x00000000595ebbe8 mode 2
Event: 89.842 Thread 0x000000005632c800 Uncommon trap: trap_request=0xffffff65 fr.pc=0x0000000003ac0fcc
Event: 89.842 Thread 0x000000005632c800 DEOPT PACKING pc=0x0000000003ac0fcc sp=0x00000000595ebc40
Event: 89.842 Thread 0x000000005632c800 DEOPT UNPACKING pc=0x000000000252582a sp=0x00000000595ebbd0 mode 2


Dynamic libraries:
0x000000013fae0000 - 0x000000013fb17000 	C:\Program Files\Java\jdk1.8.0_101\bin\java.exe
0x0000000077ac0000 - 0x0000000077c6a000 	C:\windows\SYSTEM32\ntdll.dll
0x00000000779a0000 - 0x0000000077abf000 	C:\windows\system32\kernel32.dll
0x000007fefdb30000 - 0x000007fefdb9a000 	C:\windows\system32\KERNELBASE.dll
0x000007feffce0000 - 0x000007feffdbb000 	C:\windows\system32\ADVAPI32.dll
0x000007fefed80000 - 0x000007fefee1f000 	C:\windows\system32\msvcrt.dll
0x000007fefe160000 - 0x000007fefe17f000 	C:\windows\SYSTEM32\sechost.dll
0x000007fefee20000 - 0x000007fefef4d000 	C:\windows\system32\RPCRT4.dll
0x00000000778a0000 - 0x000000007799a000 	C:\windows\system32\USER32.dll
0x000007fefe850000 - 0x000007fefe8b7000 	C:\windows\system32\GDI32.dll
0x000007fefdbb0000 - 0x000007fefdbbe000 	C:\windows\system32\LPK.dll
0x000007fefec30000 - 0x000007fefecfa000 	C:\windows\system32\USP10.dll
0x000007fefbd30000 - 0x000007fefbf24000 	C:\windows\WinSxS\amd64_microsoft.windows.common-controls_6595b64144ccf1df_6.0.7601.18837_none_fa3b1e3d17594757\COMCTL32.dll
0x000007fefe9a0000 - 0x000007fefea11000 	C:\windows\system32\SHLWAPI.dll
0x000007fefed50000 - 0x000007fefed7e000 	C:\windows\system32\IMM32.DLL
0x000007fefde20000 - 0x000007fefdf29000 	C:\windows\system32\MSCTF.dll
0x0000000064e10000 - 0x0000000064ee2000 	C:\Program Files\Java\jdk1.8.0_101\jre\bin\msvcr100.dll
0x000000006c290000 - 0x000000006cb2a000 	C:\Program Files\Java\jdk1.8.0_101\jre\bin\server\jvm.dll
0x000007fef8f70000 - 0x000007fef8f79000 	C:\windows\system32\WSOCK32.dll
0x000007fefed00000 - 0x000007fefed4d000 	C:\windows\system32\WS2_32.dll
0x000007feffdc0000 - 0x000007feffdc8000 	C:\windows\system32\NSI.dll
0x000007fef7c30000 - 0x000007fef7c6b000 	C:\windows\system32\WINMM.dll
0x000007fefc890000 - 0x000007fefc89c000 	C:\windows\system32\VERSION.dll
0x0000000077c80000 - 0x0000000077c87000 	C:\windows\system32\PSAPI.DLL
0x00000000744d0000 - 0x00000000744df000 	C:\Program Files\Java\jdk1.8.0_101\jre\bin\verify.dll
0x00000000728b0000 - 0x00000000728d9000 	C:\Program Files\Java\jdk1.8.0_101\jre\bin\java.dll
0x0000000072890000 - 0x00000000728a6000 	C:\Program Files\Java\jdk1.8.0_101\jre\bin\zip.dll
0x000007fefef50000 - 0x000007feffcdc000 	C:\windows\system32\SHELL32.dll
0x000007fefea20000 - 0x000007fefec23000 	C:\windows\system32\ole32.dll
0x000007fefd7f0000 - 0x000007fefd7ff000 	C:\windows\system32\profapi.dll
0x0000000072740000 - 0x000000007275a000 	C:\Program Files\Java\jdk1.8.0_101\jre\bin\net.dll
0x000007fefcf60000 - 0x000007fefcfb5000 	C:\windows\system32\mswsock.dll
0x000007fefd110000 - 0x000007fefd117000 	C:\windows\System32\wship6.dll
0x0000000072760000 - 0x0000000072771000 	C:\Program Files\Java\jdk1.8.0_101\jre\bin\nio.dll
0x000007fef7130000 - 0x000007fef7142000 	C:\Users\IT\.gradle\native\19\windows-amd64\native-platform.dll
0x000007fefd210000 - 0x000007fefd228000 	C:\windows\system32\CRYPTSP.dll
0x000007fefcd40000 - 0x000007fefcd87000 	C:\windows\system32\rsaenh.dll
0x000007fefd9b0000 - 0x000007fefd9ce000 	C:\windows\system32\USERENV.dll
0x000007fefd690000 - 0x000007fefd69f000 	C:\windows\system32\CRYPTBASE.dll
0x000007fefa830000 - 0x000007fefa857000 	C:\windows\system32\IPHLPAPI.DLL
0x000007fefa820000 - 0x000007fefa82b000 	C:\windows\system32\WINNSI.DLL
0x000007fefa5f0000 - 0x000007fefa608000 	C:\windows\system32\dhcpcsvc.DLL
0x000007fefa610000 - 0x000007fefa621000 	C:\windows\system32\dhcpcsvc6.DLL
0x0000000073dd0000 - 0x0000000073ddd000 	C:\Program Files\Java\jdk1.8.0_101\jre\bin\management.dll
0x000007fefd630000 - 0x000007fefd687000 	C:\windows\system32\apphelp.dll

VM Arguments:
jvm_args: -XX:MaxPermSize=256m -XX:+HeapDumpOnOutOfMemoryError -Xmx1024m -Dfile.encoding=x-windows-949 -Duser.country=KR -Duser.language=ko -Duser.variant 
java_command: org.gradle.launcher.daemon.bootstrap.GradleDaemon 2.14.1
java_class_path (initial): C:\Users\IT\.gradle\wrapper\dists\gradle-2.14.1-all\8bnwg5hd3w55iofp58khbp6yv\gradle-2.14.1\lib\gradle-launcher-2.14.1.jar
Launcher Type: SUN_STANDARD

Environment Variables:
JAVA_HOME=C:\Program Files (x86)\Java\jre1.8.0_101
PATH=C:\ProgramData\Oracle\Java\javapath;C:\Program Files\Common Files\Microsoft Shared\Windows Live;C:\Program Files (x86)\Common Files\Microsoft Shared\Windows Live;C:\Program Files (x86)\Intel\iCLS Client\;C:\Program Files\Intel\iCLS Client\;C:\windows\system32;C:\windows;C:\windows\System32\Wbem;C:\windows\System32\WindowsPowerShell\v1.0\;C:\Program Files\Intel\Intel(R) Management Engine Components\DAL;C:\Program Files\Intel\Intel(R) Management Engine Components\IPT;C:\Program Files (x86)\Intel\Intel(R) Management Engine Components\DAL;C:\Program Files (x86)\Intel\Intel(R) Management Engine Components\IPT;C:\Program Files (x86)\Intel\OpenCL SDK\2.0\bin\x86;C:\Program Files (x86)\Intel\OpenCL SDK\2.0\bin\x64;C:\Program Files\Intel\WiFi\bin\;C:\Program Files\Common Files\Intel\WirelessCommon\;C:\Program Files (x86)\Windows Live\Shared;C:\Program Files\Java\jdk1.7.0_79\bin;C:\openssl-0.9.8e_X64\bin;C:\Program Files\Git\cmd
USERNAME=IT
OS=Windows_NT
PROCESSOR_IDENTIFIER=Intel64 Family 6 Model 58 Stepping 9, GenuineIntel



---------------  S Y S T E M  ---------------

OS: Windows 7 , 64 bit Build 7601 (6.1.7601.23539)

CPU:total 4 (2 cores per cpu, 2 threads per core) family 6 model 58 stepping 9, cmov, cx8, fxsr, mmx, sse, sse2, sse3, ssse3, sse4.1, sse4.2, popcnt, avx, aes, clmul, erms, ht, tsc, tscinvbit, tscinv

Memory: 4k page, physical 3888676k(182684k free), swap 4927228k(4924k free)

vm_info: Java HotSpot(TM) 64-Bit Server VM (25.101-b13) for windows-amd64 JRE (1.8.0_101-b13), built on Jun 22 2016 01:21:29 by "java_re" with MS VC++ 10.0 (VS2010)

time: Thu Sep 29 22:26:05 2016
elapsed time: 90 seconds (0d 0h 1m 30s)

