#
# A fatal error has been detected by the Java Runtime Environment:
#
#  EXCEPTION_STACK_OVERFLOW (0xc00000fd) at pc=0x00000000692c3987, pid=8504, tid=0x0000000000001ea8
#
# JRE version: Java(TM) SE Runtime Environment (8.0_101-b13) (build 1.8.0_101-b13)
# Java VM: Java HotSpot(TM) 64-Bit Server VM (25.101-b13 mixed mode windows-amd64 compressed oops)
# Problematic frame:
# V  [jvm.dll+0x213987]
#
# Failed to write core dump. Minidumps are not enabled by default on client versions of Windows
#
# If you would like to submit a bug report, please visit:
#   http://bugreport.java.com/bugreport/crash.jsp
#

---------------  T H R E A D  ---------------

Current thread (0x00000000577b0800):  JavaThread "png-cruncher_15" daemon [_thread_in_vm, id=7848, stack(0x00000000631a0000,0x00000000632a0000)]

siginfo: ExceptionCode=0xc00000fd, ExceptionInformation=0x0000000000000001 0x000000006329a110 

Registers:
RAX=0x000000006329a110, RBX=0x0000000000000006, RCX=0x0000000000005000, RDX=0x0000000000000006
RSP=0x000000006329f110, RBP=0x0000000000000000, RSI=0x000000006329f110, RDI=0x0000000000000006
R8 =0x0000000000000006, R9 =0x000000005a67a050, R10=0x000000005476d4b0, R11=0x00000000631aa148
R12=0x000000005a67a050, R13=0x00000000577b0800, R14=0x000000006329f1d8, R15=0x000000005476d4b0
RIP=0x00000000692c3987, EFLAGS=0x0000000000010202

Top of Stack: (sp=0x000000006329f110)
0x000000006329f110:   000000005cd2afb0 000000006c9a4e7e
0x000000006329f120:   00000000577b0800 000000005a67a050
0x000000006329f130:   00000000ffffffff 00000000692c48b7
0x000000006329f140:   000000006329f240 000000005476d4b0
0x000000006329f150:   00000000577b0800 00000000691704e3
0x000000006329f160:   000000006329f1a0 00000000577b0800
0x000000006329f170:   000000006329f230 00000000577b0800
0x000000006329f180:   000000005476d4b0 00000000577b0800
0x000000006329f190:   00000000027f31e0 00000000577b0800
0x000000006329f1a0:   000000005476d4b0 00000000577b0800
0x000000006329f1b0:   000000005476d4b0 00000000577b0800
0x000000006329f1c0:   0000000000000001 000000005476d4b0
0x000000006329f1d0:   00000000577b0800 000000005d885df0
0x000000006329f1e0:   00000000577b0800 00000000691719cd
0x000000006329f1f0:   000000006329f4f8 00000000147469a0
0x000000006329f200:   00000000147469a0 0000000000000000 

Instructions: (pc=0x00000000692c3987)
0x00000000692c3967:   48 89 6c 24 30 33 ed 66 90 e8 cb 37 08 00 ff c3
0x00000000692c3977:   48 63 c8 48 8b c6 48 0f af cf 48 ff c7 48 2b c1
0x00000000692c3987:   89 28 48 63 c3 48 3b 05 3d 0d 59 00 7e db 48 8b
0x00000000692c3997:   6c 24 30 48 8b 5c 24 38 48 8b 74 24 40 48 83 c4 


Register to memory mapping:

RAX=0x000000006329a110 is pointing into the stack for thread: 0x00000000577b0800
RBX=0x0000000000000006 is an unknown value
RCX=0x0000000000005000 is an unknown value
RDX=0x0000000000000006 is an unknown value
RSP=0x000000006329f110 is pointing into the stack for thread: 0x00000000577b0800
RBP=0x0000000000000000 is an unknown value
RSI=0x000000006329f110 is pointing into the stack for thread: 0x00000000577b0800
RDI=0x0000000000000006 is an unknown value
R8 =0x0000000000000006 is an unknown value
R9 =0x000000005a67a050 is an unknown value
R10={method} {0x000000005476d4b8} 'run' '()V' in 'java/lang/Thread'
R11=0x00000000631aa148 is pointing into the stack for thread: 0x00000000577b0800
R12=0x000000005a67a050 is an unknown value
R13=0x00000000577b0800 is a thread
R14=0x000000006329f1d8 is pointing into the stack for thread: 0x00000000577b0800
R15={method} {0x000000005476d4b8} 'run' '()V' in 'java/lang/Thread'


Stack: [0x00000000631a0000,0x00000000632a0000],  sp=0x000000006329f110,  free space=1020k
Native frames: (J=compiled Java code, j=interpreted, Vv=VM code, C=native code)


---------------  P R O C E S S  ---------------

Java Threads: ( => current thread )
  0x00000000576a1800 JavaThread "png-cruncher_16" daemon [_thread_blocked, id=8112, stack(0x0000000060e20000,0x0000000060f20000)]
  0x00000000577b1000 JavaThread "stderr" daemon [_thread_new, id=8808, stack(0x0000000000000000,0x0000000000000000)]
=>0x00000000577b0800 JavaThread "png-cruncher_15" daemon [_thread_in_vm, id=7848, stack(0x00000000631a0000,0x00000000632a0000)]
  0x00000000577af800 JavaThread "png-cruncher_14" daemon [_thread_new, id=8468, stack(0x0000000000000000,0x0000000000000000)]
  0x00000000577af000 JavaThread "png-cruncher_13" daemon [_thread_blocked, id=8336, stack(0x0000000062dd0000,0x0000000062ed0000)]
  0x00000000577ae000 JavaThread "png-cruncher_12" daemon [_thread_new, id=5160, stack(0x0000000000000000,0x0000000000000000)]
  0x00000000577ad800 JavaThread "png-cruncher_11" daemon [_thread_blocked, id=8220, stack(0x0000000062c20000,0x0000000062d20000)]
  0x00000000577ac800 JavaThread "stdout" daemon [_thread_blocked, id=7280, stack(0x0000000062b00000,0x0000000062c00000)]
  0x00000000577ac000 JavaThread "stderr" daemon [_thread_blocked, id=8756, stack(0x0000000062a00000,0x0000000062b00000)]
  0x00000000577ab000 JavaThread "stdout" daemon [_thread_in_native, id=7704, stack(0x0000000062880000,0x0000000062980000)]
  0x00000000577aa800 JavaThread "stderr" daemon [_thread_in_native, id=4424, stack(0x0000000062740000,0x0000000062840000)]
  0x0000000058182000 JavaThread "stdout" daemon [_thread_blocked, id=4948, stack(0x0000000062540000,0x0000000062640000)]
  0x0000000058181800 JavaThread "stderr" daemon [_thread_blocked, id=8420, stack(0x00000000623f0000,0x00000000624f0000)]
  0x0000000058180800 JavaThread "png-cruncher_10" daemon [_thread_blocked, id=9024, stack(0x0000000062190000,0x0000000062290000)]
  0x0000000058180000 JavaThread "png-cruncher_9" daemon [_thread_blocked, id=7820, stack(0x0000000061ae0000,0x0000000061be0000)]
  0x000000005817f000 JavaThread "png-cruncher_8" daemon [_thread_blocked, id=4464, stack(0x0000000061890000,0x0000000061990000)]
  0x000000005817e800 JavaThread "png-cruncher_7" daemon [_thread_blocked, id=1736, stack(0x0000000061f40000,0x0000000062040000)]
  0x000000005817d800 JavaThread "png-cruncher_6" daemon [_thread_blocked, id=4460, stack(0x0000000061d90000,0x0000000061e90000)]
  0x000000005817d000 JavaThread "stdout" daemon [_thread_blocked, id=7024, stack(0x0000000061c00000,0x0000000061d00000)]
  0x000000005817c000 JavaThread "stderr" daemon [_thread_blocked, id=7840, stack(0x0000000061510000,0x0000000061610000)]
  0x000000005817b800 JavaThread "stdout" daemon [_thread_blocked, id=8264, stack(0x00000000619e0000,0x0000000061ae0000)]
  0x000000005a9cb800 JavaThread "stderr" daemon [_thread_blocked, id=5404, stack(0x0000000061750000,0x0000000061850000)]
  0x000000005a9cb000 JavaThread "stdout" daemon [_thread_in_native, id=6116, stack(0x0000000061620000,0x0000000061720000)]
  0x000000005a9ca000 JavaThread "stderr" daemon [_thread_in_native, id=5992, stack(0x00000000613f0000,0x00000000614f0000)]
  0x000000005a9c9800 JavaThread "stdout" daemon [_thread_in_native, id=7352, stack(0x00000000612c0000,0x00000000613c0000)]
  0x000000005a9c8800 JavaThread "stderr" daemon [_thread_in_native, id=6252, stack(0x0000000061040000,0x0000000061140000)]
  0x0000000058ce6000 JavaThread "stdout" daemon [_thread_blocked, id=6032, stack(0x0000000061160000,0x0000000061260000)]
  0x0000000058ce5000 JavaThread "stderr" daemon [_thread_blocked, id=252, stack(0x0000000060c20000,0x0000000060d20000)]
  0x0000000058ce4800 JavaThread "png-cruncher_5" daemon [_thread_blocked, id=7136, stack(0x0000000060f30000,0x0000000061030000)]
  0x0000000058ce3800 JavaThread "png-cruncher_4" daemon [_thread_blocked, id=7644, stack(0x0000000060d20000,0x0000000060e20000)]
  0x0000000058ce3000 JavaThread "png-cruncher_3" daemon [_thread_blocked, id=4792, stack(0x00000000609a0000,0x0000000060aa0000)]
  0x0000000058ce2000 JavaThread "png-cruncher_2" daemon [_thread_blocked, id=2220, stack(0x000000005b230000,0x000000005b330000)]
  0x0000000058ce1800 JavaThread "png-cruncher_1" daemon [_thread_blocked, id=9048, stack(0x0000000060ae0000,0x0000000060be0000)]
  0x0000000058ce0800 JavaThread "pool-2-thread-4" [_thread_blocked, id=8620, stack(0x000000005dc90000,0x000000005dd90000)]
  0x0000000058ce0000 JavaThread "pool-2-thread-3" [_thread_blocked, id=7292, stack(0x0000000060860000,0x0000000060960000)]
  0x0000000058cdf000 JavaThread "pool-2-thread-2" [_thread_in_native, id=6372, stack(0x000000005ca70000,0x000000005cb70000)]
  0x0000000058bec800 JavaThread "pool-2-thread-1" [_thread_blocked, id=7224, stack(0x0000000059b00000,0x0000000059c00000)]
  0x0000000058beb800 JavaThread "Stdin handler" [_thread_blocked, id=4204, stack(0x0000000057070000,0x0000000057170000)]
  0x0000000058beb000 JavaThread "Asynchronous log dispatcher for org.gradle.launcher.daemon.server.DefaultDaemonConnection@5e23da9c" [_thread_blocked, id=4876, stack(0x000000005c630000,0x000000005c730000)]
  0x0000000058bea000 JavaThread "Cancel handler" [_thread_blocked, id=6072, stack(0x0000000059980000,0x0000000059a80000)]
  0x0000000058be9800 JavaThread "Handler for socket connection from /127.0.0.1:64345 to /127.0.0.1:64365" [_thread_in_native, id=5076, stack(0x0000000059620000,0x0000000059720000)]
  0x0000000058be5800 JavaThread "File lock request listener" [_thread_in_native, id=7828, stack(0x000000005b360000,0x000000005b460000)]
  0x00000000586ba800 JavaThread "Daemon worker" [_thread_in_native, id=4760, stack(0x00000000597e0000,0x00000000598e0000)]
  0x0000000058867000 JavaThread "Daemon" [_thread_blocked, id=7608, stack(0x0000000059450000,0x0000000059550000)]
  0x0000000058714800 JavaThread "Incoming local TCP Connector on port 64345" [_thread_in_native, id=7428, stack(0x00000000590e0000,0x00000000591e0000)]
  0x0000000057ffd800 JavaThread "pool-1-thread-1" [_thread_blocked, id=6996, stack(0x0000000058f10000,0x0000000059010000)]
  0x0000000056545000 JavaThread "Service Thread" daemon [_thread_blocked, id=4040, stack(0x00000000571d0000,0x00000000572d0000)]
  0x000000005650d000 JavaThread "C1 CompilerThread2" daemon [_thread_blocked, id=6036, stack(0x0000000056e10000,0x0000000056f10000)]
  0x0000000056509800 JavaThread "C2 CompilerThread1" daemon [_thread_in_native, id=4960, stack(0x0000000056f70000,0x0000000057070000)]
  0x00000000564f6000 JavaThread "C2 CompilerThread0" daemon [_thread_in_native, id=5860, stack(0x0000000056cb0000,0x0000000056db0000)]
  0x00000000564e8800 JavaThread "Attach Listener" daemon [_thread_blocked, id=5476, stack(0x0000000056aa0000,0x0000000056ba0000)]
  0x0000000055131000 JavaThread "Signal Dispatcher" daemon [_thread_blocked, id=6752, stack(0x0000000056980000,0x0000000056a80000)]
  0x000000005511e000 JavaThread "Finalizer" daemon [_thread_blocked, id=2644, stack(0x0000000056160000,0x0000000056260000)]
  0x00000000550d7000 JavaThread "Reference Handler" daemon [_thread_blocked, id=7184, stack(0x00000000563e0000,0x00000000564e0000)]
  0x00000000024df000 JavaThread "main" [_thread_blocked, id=7440, stack(0x00000000026e0000,0x00000000027e0000)]

Other Threads:
  0x00000000550cb800 VMThread [stack: 0x0000000056270000,0x0000000056370000] [id=4596]
  0x000000005654a800 WatcherThread [stack: 0x0000000057320000,0x0000000057420000] [id=3240]

VM state:not at safepoint (normal execution)

VM Mutex/Monitor currently owned by a thread: None

Heap:
 PSYoungGen      total 154112K, used 48938K [0x00000000eab00000, 0x00000000f7600000, 0x0000000100000000)
  eden space 136192K, 24% used [0x00000000eab00000,0x00000000ecb8ed78,0x00000000f3000000)
  from space 17920K, 87% used [0x00000000f3000000,0x00000000f3f3bd00,0x00000000f4180000)
  to   space 20480K, 0% used [0x00000000f6200000,0x00000000f6200000,0x00000000f7600000)
 ParOldGen       total 63488K, used 37300K [0x00000000c0000000, 0x00000000c3e00000, 0x00000000eab00000)
  object space 63488K, 58% used [0x00000000c0000000,0x00000000c246d148,0x00000000c3e00000)
 Metaspace       used 51994K, capacity 53466K, committed 53632K, reserved 1095680K
  class space    used 7152K, capacity 7540K, committed 7552K, reserved 1048576K

Card table byte_map: [0x0000000011ba0000,0x0000000011db0000] byte_map_base: 0x00000000115a0000

Marking Bits: (ParMarkBitMap*) 0x00000000698ca6d0
 Begin Bits: [0x0000000012540000, 0x0000000013540000)
 End Bits:   [0x0000000013540000, 0x0000000014540000)

Polling page: 0x0000000001c60000

CodeCache: size=245760Kb used=24329Kb max_used=24588Kb free=221430Kb
 bounds [0x00000000027e0000, 0x0000000004000000, 0x00000000117e0000]
 total_blobs=8138 nmethods=7419 adapters=630
 compilation: enabled

Compilation events (10 events):
Event: 29.722 Thread 0x00000000564f6000 8434       4       java.lang.Integer::hashCode (8 bytes)
Event: 29.722 Thread 0x000000005650d000 nmethod 8445 0x00000000035239d0 code [0x0000000003523ba0, 0x00000000035242c8]
Event: 29.722 Thread 0x00000000564f6000 nmethod 8434 0x0000000003ee6050 code [0x0000000003ee6180, 0x0000000003ee61d8]
Event: 29.722 Thread 0x00000000564f6000 8406 %     4       com.android.utils.XmlUtils::toXmlAttributeValue @ 7 (77 bytes)
Event: 29.727 Thread 0x000000005650d000 8448   !   3       java.util.concurrent.LinkedBlockingDeque::offerLast (53 bytes)
Event: 29.728 Thread 0x000000005650d000 nmethod 8448 0x0000000002b3d710 code [0x0000000002b3d8e0, 0x0000000002b3e188]
Event: 29.728 Thread 0x000000005650d000 8449       3       java.util.concurrent.LinkedBlockingDeque$Node::<init> (10 bytes)
Event: 29.728 Thread 0x000000005650d000 nmethod 8449 0x00000000030e8110 code [0x00000000030e8260, 0x00000000030e8430]
Event: 29.728 Thread 0x000000005650d000 8450       3       java.util.concurrent.LinkedBlockingDeque::linkLast (69 bytes)
Event: 29.729 Thread 0x000000005650d000 nmethod 8450 0x00000000035f3790 code [0x00000000035f3940, 0x00000000035f3e68]

GC Heap History (10 events):
Event: 11.969 GC heap before
{Heap before GC invocations=14 (full 2):
 PSYoungGen      total 119808K, used 118574K [0x00000000eab00000, 0x00000000f4f80000, 0x0000000100000000)
  eden space 107008K, 100% used [0x00000000eab00000,0x00000000f1380000,0x00000000f1380000)
  from space 12800K, 90% used [0x00000000f1380000,0x00000000f1ecbbc8,0x00000000f2000000)
  to   space 14336K, 0% used [0x00000000f4180000,0x00000000f4180000,0x00000000f4f80000)
 ParOldGen       total 63488K, used 21154K [0x00000000c0000000, 0x00000000c3e00000, 0x00000000eab00000)
  object space 63488K, 33% used [0x00000000c0000000,0x00000000c14a8bc8,0x00000000c3e00000)
 Metaspace       used 45970K, capacity 47026K, committed 47232K, reserved 1089536K
  class space    used 6442K, capacity 6723K, committed 6784K, reserved 1048576K
Event: 12.003 GC heap after
Heap after GC invocations=14 (full 2):
 PSYoungGen      total 150528K, used 14314K [0x00000000eab00000, 0x00000000f5600000, 0x0000000100000000)
  eden space 136192K, 0% used [0x00000000eab00000,0x00000000eab00000,0x00000000f3000000)
  from space 14336K, 99% used [0x00000000f4180000,0x00000000f4f7abe8,0x00000000f4f80000)
  to   space 17920K, 0% used [0x00000000f3000000,0x00000000f3000000,0x00000000f4180000)
 ParOldGen       total 63488K, used 25755K [0x00000000c0000000, 0x00000000c3e00000, 0x00000000eab00000)
  object space 63488K, 40% used [0x00000000c0000000,0x00000000c1926d68,0x00000000c3e00000)
 Metaspace       used 45970K, capacity 47026K, committed 47232K, reserved 1089536K
  class space    used 6442K, capacity 6723K, committed 6784K, reserved 1048576K
}
Event: 12.356 GC heap before
{Heap before GC invocations=15 (full 2):
 PSYoungGen      total 150528K, used 33634K [0x00000000eab00000, 0x00000000f5600000, 0x0000000100000000)
  eden space 136192K, 14% used [0x00000000eab00000,0x00000000ebdddc40,0x00000000f3000000)
  from space 14336K, 99% used [0x00000000f4180000,0x00000000f4f7abe8,0x00000000f4f80000)
  to   space 17920K, 0% used [0x00000000f3000000,0x00000000f3000000,0x00000000f4180000)
 ParOldGen       total 63488K, used 25755K [0x00000000c0000000, 0x00000000c3e00000, 0x00000000eab00000)
  object space 63488K, 40% used [0x00000000c0000000,0x00000000c1926d68,0x00000000c3e00000)
 Metaspace       used 46870K, capacity 48136K, committed 48384K, reserved 1091584K
  class space    used 6578K, capacity 6866K, committed 6912K, reserved 1048576K
Event: 12.382 GC heap after
Heap after GC invocations=15 (full 2):
 PSYoungGen      total 154112K, used 16418K [0x00000000eab00000, 0x00000000f5a00000, 0x0000000100000000)
  eden space 136192K, 0% used [0x00000000eab00000,0x00000000eab00000,0x00000000f3000000)
  from space 17920K, 91% used [0x00000000f3000000,0x00000000f4008810,0x00000000f4180000)
  to   space 19968K, 0% used [0x00000000f4680000,0x00000000f4680000,0x00000000f5a00000)
 ParOldGen       total 63488K, used 25755K [0x00000000c0000000, 0x00000000c3e00000, 0x00000000eab00000)
  object space 63488K, 40% used [0x00000000c0000000,0x00000000c1926d68,0x00000000c3e00000)
 Metaspace       used 46870K, capacity 48136K, committed 48384K, reserved 1091584K
  class space    used 6578K, capacity 6866K, committed 6912K, reserved 1048576K
}
Event: 12.382 GC heap before
{Heap before GC invocations=16 (full 3):
 PSYoungGen      total 154112K, used 16418K [0x00000000eab00000, 0x00000000f5a00000, 0x0000000100000000)
  eden space 136192K, 0% used [0x00000000eab00000,0x00000000eab00000,0x00000000f3000000)
  from space 17920K, 91% used [0x00000000f3000000,0x00000000f4008810,0x00000000f4180000)
  to   space 19968K, 0% used [0x00000000f4680000,0x00000000f4680000,0x00000000f5a00000)
 ParOldGen       total 63488K, used 25755K [0x00000000c0000000, 0x00000000c3e00000, 0x00000000eab00000)
  object space 63488K, 40% used [0x00000000c0000000,0x00000000c1926d68,0x00000000c3e00000)
 Metaspace       used 46870K, capacity 48136K, committed 48384K, reserved 1091584K
  class space    used 6578K, capacity 6866K, committed 6912K, reserved 1048576K
Event: 12.688 GC heap after
Heap after GC invocations=16 (full 3):
 PSYoungGen      total 154112K, used 0K [0x00000000eab00000, 0x00000000f5a00000, 0x0000000100000000)
  eden space 136192K, 0% used [0x00000000eab00000,0x00000000eab00000,0x00000000f3000000)
  from space 17920K, 0% used [0x00000000f3000000,0x00000000f3000000,0x00000000f4180000)
  to   space 19968K, 0% used [0x00000000f4680000,0x00000000f4680000,0x00000000f5a00000)
 ParOldGen       total 63488K, used 37284K [0x00000000c0000000, 0x00000000c3e00000, 0x00000000eab00000)
  object space 63488K, 58% used [0x00000000c0000000,0x00000000c2469148,0x00000000c3e00000)
 Metaspace       used 46870K, capacity 48136K, committed 48384K, reserved 1091584K
  class space    used 6578K, capacity 6866K, committed 6912K, reserved 1048576K
}
Event: 18.170 GC heap before
{Heap before GC invocations=17 (full 3):
 PSYoungGen      total 154112K, used 136192K [0x00000000eab00000, 0x00000000f5a00000, 0x0000000100000000)
  eden space 136192K, 100% used [0x00000000eab00000,0x00000000f3000000,0x00000000f3000000)
  from space 17920K, 0% used [0x00000000f3000000,0x00000000f3000000,0x00000000f4180000)
  to   space 19968K, 0% used [0x00000000f4680000,0x00000000f4680000,0x00000000f5a00000)
 ParOldGen       total 63488K, used 37284K [0x00000000c0000000, 0x00000000c3e00000, 0x00000000eab00000)
  object space 63488K, 58% used [0x00000000c0000000,0x00000000c2469148,0x00000000c3e00000)
 Metaspace       used 48461K, capacity 49802K, committed 49920K, reserved 1091584K
  class space    used 6746K, capacity 7073K, committed 7168K, reserved 1048576K
Event: 18.181 GC heap after
Heap after GC invocations=17 (full 3):
 PSYoungGen      total 156160K, used 7554K [0x00000000eab00000, 0x00000000f5a00000, 0x0000000100000000)
  eden space 136192K, 0% used [0x00000000eab00000,0x00000000eab00000,0x00000000f3000000)
  from space 19968K, 37% used [0x00000000f4680000,0x00000000f4de0a08,0x00000000f5a00000)
  to   space 17920K, 0% used [0x00000000f3000000,0x00000000f3000000,0x00000000f4180000)
 ParOldGen       total 63488K, used 37292K [0x00000000c0000000, 0x00000000c3e00000, 0x00000000eab00000)
  object space 63488K, 58% used [0x00000000c0000000,0x00000000c246b148,0x00000000c3e00000)
 Metaspace       used 48461K, capacity 49802K, committed 49920K, reserved 1091584K
  class space    used 6746K, capacity 7073K, committed 7168K, reserved 1048576K
}
Event: 29.321 GC heap before
{Heap before GC invocations=18 (full 3):
 PSYoungGen      total 156160K, used 143746K [0x00000000eab00000, 0x00000000f5a00000, 0x0000000100000000)
  eden space 136192K, 100% used [0x00000000eab00000,0x00000000f3000000,0x00000000f3000000)
  from space 19968K, 37% used [0x00000000f4680000,0x00000000f4de0a08,0x00000000f5a00000)
  to   space 17920K, 0% used [0x00000000f3000000,0x00000000f3000000,0x00000000f4180000)
 ParOldGen       total 63488K, used 37292K [0x00000000c0000000, 0x00000000c3e00000, 0x00000000eab00000)
  object space 63488K, 58% used [0x00000000c0000000,0x00000000c246b148,0x00000000c3e00000)
 Metaspace       used 51706K, capacity 53178K, committed 53376K, reserved 1095680K
  class space    used 7130K, capacity 7508K, committed 7552K, reserved 1048576K
Event: 29.342 GC heap after
Heap after GC invocations=18 (full 3):
 PSYoungGen      total 154112K, used 15599K [0x00000000eab00000, 0x00000000f7600000, 0x0000000100000000)
  eden space 136192K, 0% used [0x00000000eab00000,0x00000000eab00000,0x00000000f3000000)
  from space 17920K, 87% used [0x00000000f3000000,0x00000000f3f3bd00,0x00000000f4180000)
  to   space 20480K, 0% used [0x00000000f6200000,0x00000000f6200000,0x00000000f7600000)
 ParOldGen       total 63488K, used 37300K [0x00000000c0000000, 0x00000000c3e00000, 0x00000000eab00000)
  object space 63488K, 58% used [0x00000000c0000000,0x00000000c246d148,0x00000000c3e00000)
 Metaspace       used 51706K, capacity 53178K, committed 53376K, reserved 1095680K
  class space    used 7130K, capacity 7508K, committed 7552K, reserved 1048576K
}

Deoptimization events (10 events):
Event: 29.484 Thread 0x0000000058ce0000 Uncommon trap: reason=class_check action=maybe_recompile pc=0x0000000002f736c4 method=java.util.concurrent.ConcurrentHashMap.putVal(Ljava/lang/Object;Ljava/lang/Object;Z)Ljava/lang/Object; @ 192
Event: 29.484 Thread 0x0000000058ce0800 Uncommon trap: reason=class_check action=maybe_recompile pc=0x0000000002f736c4 method=java.util.concurrent.ConcurrentHashMap.putVal(Ljava/lang/Object;Ljava/lang/Object;Z)Ljava/lang/Object; @ 192
Event: 29.624 Thread 0x000000005817e800 Uncommon trap: reason=class_check action=maybe_recompile pc=0x000000000367a07c method=java.util.regex.Matcher.search(I)Z @ 86
Event: 29.627 Thread 0x0000000058beb000 Uncommon trap: reason=unstable_if action=reinterpret pc=0x0000000003886d78 method=com.esotericsoftware.kryo.io.Output.writeString(Ljava/lang/CharSequence;)V @ 83
Event: 29.628 Thread 0x0000000058beb000 Uncommon trap: reason=unstable_if action=reinterpret pc=0x000000000381e4ec method=com.esotericsoftware.kryo.io.Output.writeString(Ljava/lang/CharSequence;)V @ 83
Event: 29.646 Thread 0x0000000058ce1800 Uncommon trap: reason=unstable_if action=reinterpret pc=0x00000000036a4a7c method=java.util.regex.Matcher.appendReplacement(Ljava/lang/StringBuffer;Ljava/lang/String;)Ljava/util/regex/Matcher; @ 47
Event: 29.689 Thread 0x000000005817d800 Uncommon trap: reason=bimorphic action=maybe_recompile pc=0x0000000002b91684 method=java.lang.Throwable.<init>(Ljava/lang/String;Ljava/lang/Throwable;)V @ 24
Event: 29.692 Thread 0x000000005817d800 Uncommon trap: reason=class_check action=maybe_recompile pc=0x000000000313898c method=java.util.regex.Matcher.search(I)Z @ 86
Event: 29.714 Thread 0x00000000577af000 Uncommon trap: reason=bimorphic action=maybe_recompile pc=0x0000000002b91684 method=java.lang.Throwable.<init>(Ljava/lang/String;Ljava/lang/Throwable;)V @ 24
Event: 29.727 Thread 0x00000000576a1800 Uncommon trap: reason=bimorphic action=maybe_recompile pc=0x0000000002b91684 method=java.lang.Throwable.<init>(Ljava/lang/String;Ljava/lang/Throwable;)V @ 24

Internal exceptions (10 events):
Event: 21.681 Thread 0x00000000586ba800 Exception <a 'java/lang/ClassNotFoundException': com/android/ide/common/res2/MergedAssetWriterCustomizer> (0x00000000ee098650) thrown at [C:\re\workspace\8-2-build-windows-amd64-cygwin\jdk8u101\7261\hotspot\src\share\vm\classfile\systemDictionary.cpp, line=‘´¬µ5@
Event: 21.710 Thread 0x00000000586ba800 Exception <a 'java/lang/NoSuchMethodError': <clinit>> (0x00000000ee168eb8) thrown at [C:\re\workspace\8-2-build-windows-amd64-cygwin\jdk8u101\7261\hotspot\src\share\vm\prims\jni.cpp, line 1613]
Event: 29.620 Thread 0x000000005817e800 Exception <a 'java/io/IOException': CreateProcess error=1455, ì´ ìž‘ì—…ì„ ì™„ë£Œí•˜ê¸° ìœ„í•œ íŽ˜ì´ì§• íŒŒì¼ì´ ë„ˆë¬´ ìž‘ìŠµë‹ˆë‹¤> (0x00000000ebcb1598) thrown at [C:\re\workspace\8-2-build-windows-amd64-cygwin\jdk8u101\7261\hotspot\src\share\vm\prims
Event: 29.688 Thread 0x000000005817d800 Exception <a 'java/io/IOException': CreateProcess error=308, ì´ë¯¸ì§€ ìœ í˜•ì„ ì§€ì›í•˜ëŠ” ë° í•„ìš”í•œ í•˜ìœ„ ì‹œìŠ¤í…œì´ ì—†ìŠµë‹ˆë‹¤> (0x00000000ebc3fd88) thrown at [C:\re\workspace\8-2-build-windows-amd64-cygwin\jdk8u101\7261\hotspot\src\share\vm\ôŒØâ¶=@
Event: 29.714 Thread 0x00000000577af000 Exception <a 'java/io/IOException': CreateProcess error=308, ì´ë¯¸ì§€ ìœ í˜•ì„ ì§€ì›í•˜ëŠ” ë° í•„ìš”í•œ í•˜ìœ„ ì‹œìŠ¤í…œì´ ì—†ìŠµë‹ˆë‹¤> (0x00000000ec737920) thrown at [C:\re\workspace\8-2-build-windows-amd64-cygwin\jdk8u101\7261\hotspot\src\share\vm\ •eo·=@
Event: 29.715 Thread 0x00000000577ad800 Exception <a 'java/lang/OutOfMemoryError': unable to create new native thread> (0x00000000ec6ca920) thrown at [C:\re\workspace\8-2-build-windows-amd64-cygwin\jdk8u101\7261\hotspot\src\share\vm\prims\jvm.cpp, line 3020]
Event: 29.726 Thread 0x0000000058ce0000 Exception <a 'java/lang/OutOfMemoryError': unable to create new native thread> (0x00000000ebfb1230) thrown at [C:\re\workspace\8-2-build-windows-amd64-cygwin\jdk8u101\7261\hotspot\src\share\vm\prims\jvm.cpp, line 3020]
Event: 29.726 Thread 0x0000000058ce0000 Exception <a 'java/lang/OutOfMemoryError': unable to create new native thread> (0x00000000ebfb4ff8) thrown at [C:\re\workspace\8-2-build-windows-amd64-cygwin\jdk8u101\7261\hotspot\src\share\vm\prims\jvm.cpp, line 3020]
Event: 29.727 Thread 0x00000000576a1800 Exception <a 'java/io/IOException': CreateProcess error=308, ì´ë¯¸ì§€ ìœ í˜•ì„ ì§€ì›í•˜ëŠ” ë° í•„ìš”í•œ í•˜ìœ„ ì‹œìŠ¤í…œì´ ì—†ìŠµë‹ˆë‹¤> (0x00000000ec7a9130) thrown at [C:\re\workspace\8-2-build-windows-amd64-cygwin\jdk8u101\7261\hotspot\src\share\vm\LøKu”º=@
Event: 29.729 Thread 0x0000000058ce0000 Exception <a 'java/lang/OutOfMemoryError': unable to create new native thread> (0x00000000ebfba9e0) thrown at [C:\re\workspace\8-2-build-windows-amd64-cygwin\jdk8u101\7261\hotspot\src\share\vm\prims\jvm.cpp, line 3020]

Events (10 events):
Event: 29.707 Thread 0x00000000577af800 Thread added: 0x00000000577af800
Event: 29.708 Thread 0x00000000577b0800 Thread added: 0x00000000577b0800
Event: 29.714 Thread 0x00000000577af000 Uncommon trap: trap_request=0xffffffc6 fr.pc=0x0000000002b91684
Event: 29.714 Thread 0x00000000577af000 DEOPT PACKING pc=0x0000000002b91684 sp=0x0000000062ecf480
Event: 29.714 Thread 0x00000000577af000 DEOPT UNPACKING pc=0x000000000282582a sp=0x0000000062ecf450 mode 2
Event: 29.715 Thread 0x00000000577b1000 Thread added: 0x00000000577b1000
Event: 29.726 Thread 0x00000000576a1800 Thread added: 0x00000000576a1800
Event: 29.727 Thread 0x00000000576a1800 Uncommon trap: trap_request=0xffffffc6 fr.pc=0x0000000002b91684
Event: 29.727 Thread 0x00000000576a1800 DEOPT PACKING pc=0x0000000002b91684 sp=0x0000000060f1f1b0
Event: 29.727 Thread 0x00000000576a1800 DEOPT UNPACKING pc=0x000000000282582a sp=0x0000000060f1f180 mode 2


Dynamic libraries:
0x000000013fd10000 - 0x000000013fd47000 	C:\Program Files\Java\jdk1.8.0_101\bin\java.exe
0x00000000775b0000 - 0x000000007775a000 	C:\windows\SYSTEM32\ntdll.dll
0x0000000077490000 - 0x00000000775af000 	C:\windows\system32\kernel32.dll
0x000007fefd480000 - 0x000007fefd4ea000 	C:\windows\system32\KERNELBASE.dll
0x000007fefd6b0000 - 0x000007fefd78b000 	C:\windows\system32\ADVAPI32.dll
0x000007fefe8a0000 - 0x000007fefe93f000 	C:\windows\system32\msvcrt.dll
0x000007fefee00000 - 0x000007fefee1f000 	C:\windows\SYSTEM32\sechost.dll
0x000007feff6f0000 - 0x000007feff81d000 	C:\windows\system32\RPCRT4.dll
0x0000000077390000 - 0x000000007748a000 	C:\windows\system32\USER32.dll
0x000007fefee20000 - 0x000007fefee87000 	C:\windows\system32\GDI32.dll
0x000007fefd790000 - 0x000007fefd79e000 	C:\windows\system32\LPK.dll
0x000007fefe530000 - 0x000007fefe5fa000 	C:\windows\system32\USP10.dll
0x000007fefabf0000 - 0x000007fefade4000 	C:\windows\WinSxS\amd64_microsoft.windows.common-controls_6595b64144ccf1df_6.0.7601.18837_none_fa3b1e3d17594757\COMCTL32.dll
0x000007fefe940000 - 0x000007fefe9b1000 	C:\windows\system32\SHLWAPI.dll
0x000007fefe9d0000 - 0x000007fefe9fe000 	C:\windows\system32\IMM32.DLL
0x000007fefe600000 - 0x000007fefe709000 	C:\windows\system32\MSCTF.dll
0x000000006c950000 - 0x000000006ca22000 	C:\Program Files\Java\jdk1.8.0_101\jre\bin\msvcr100.dll
0x00000000690b0000 - 0x000000006994a000 	C:\Program Files\Java\jdk1.8.0_101\jre\bin\server\jvm.dll
0x000007fef9030000 - 0x000007fef9039000 	C:\windows\system32\WSOCK32.dll
0x000007feff160000 - 0x000007feff1ad000 	C:\windows\system32\WS2_32.dll
0x000007fefe9c0000 - 0x000007fefe9c8000 	C:\windows\system32\NSI.dll
0x000007fef5970000 - 0x000007fef59ab000 	C:\windows\system32\WINMM.dll
0x000007fefc390000 - 0x000007fefc39c000 	C:\windows\system32\VERSION.dll
0x0000000077770000 - 0x0000000077777000 	C:\windows\system32\PSAPI.DLL
0x000000006e410000 - 0x000000006e41f000 	C:\Program Files\Java\jdk1.8.0_101\jre\bin\verify.dll
0x000000006e170000 - 0x000000006e199000 	C:\Program Files\Java\jdk1.8.0_101\jre\bin\java.dll
0x000000006e3f0000 - 0x000000006e406000 	C:\Program Files\Java\jdk1.8.0_101\jre\bin\zip.dll
0x000007fefd7a0000 - 0x000007fefe52c000 	C:\windows\system32\SHELL32.dll
0x000007feff210000 - 0x000007feff413000 	C:\windows\system32\ole32.dll
0x000007fefd2f0000 - 0x000007fefd2ff000 	C:\windows\system32\profapi.dll
0x000000006e1b0000 - 0x000000006e1ca000 	C:\Program Files\Java\jdk1.8.0_101\jre\bin\net.dll
0x000007fefcad0000 - 0x000007fefcb25000 	C:\windows\system32\mswsock.dll
0x000007fefcac0000 - 0x000007fefcac7000 	C:\windows\System32\wship6.dll
0x000000006e150000 - 0x000000006e161000 	C:\Program Files\Java\jdk1.8.0_101\jre\bin\nio.dll
0x000007fef2b10000 - 0x000007fef2b22000 	C:\Users\IT\.gradle\native\19\windows-amd64\native-platform.dll
0x000007fefcb30000 - 0x000007fefcb48000 	C:\windows\system32\CRYPTSP.dll
0x000007fefc830000 - 0x000007fefc877000 	C:\windows\system32\rsaenh.dll
0x000007fefd350000 - 0x000007fefd36e000 	C:\windows\system32\USERENV.dll
0x000007fefd190000 - 0x000007fefd19f000 	C:\windows\system32\CRYPTBASE.dll
0x000007fefbb20000 - 0x000007fefbb47000 	C:\windows\system32\IPHLPAPI.DLL
0x000007fefbb10000 - 0x000007fefbb1b000 	C:\windows\system32\WINNSI.DLL
0x000007fefb900000 - 0x000007fefb918000 	C:\windows\system32\dhcpcsvc.DLL
0x000007fefb920000 - 0x000007fefb931000 	C:\windows\system32\dhcpcsvc6.DLL
0x0000000074650000 - 0x000000007465d000 	C:\Program Files\Java\jdk1.8.0_101\jre\bin\management.dll
0x000007fefd130000 - 0x000007fefd187000 	C:\windows\system32\apphelp.dll

VM Arguments:
jvm_args: -XX:MaxPermSize=256m -XX:+HeapDumpOnOutOfMemoryError -Xmx1024m -Dfile.encoding=x-windows-949 -Duser.country=KR -Duser.language=ko -Duser.variant 
java_command: org.gradle.launcher.daemon.bootstrap.GradleDaemon 2.14.1
java_class_path (initial): C:\Users\IT\.gradle\wrapper\dists\gradle-2.14.1-all\8bnwg5hd3w55iofp58khbp6yv\gradle-2.14.1\lib\gradle-launcher-2.14.1.jar
Launcher Type: SUN_STANDARD

Environment Variables:
JAVA_HOME=C:\Program Files (x86)\Java\jre1.8.0_101
PATH=C:\ProgramData\Oracle\Java\javapath;C:\Program Files\Common Files\Microsoft Shared\Windows Live;C:\Program Files (x86)\Common Files\Microsoft Shared\Windows Live;C:\Program Files (x86)\Intel\iCLS Client\;C:\Program Files\Intel\iCLS Client\;C:\windows\system32;C:\windows;C:\windows\System32\Wbem;C:\windows\System32\WindowsPowerShell\v1.0\;C:\Program Files\Intel\Intel(R) Management Engine Components\DAL;C:\Program Files\Intel\Intel(R) Management Engine Components\IPT;C:\Program Files (x86)\Intel\Intel(R) Management Engine Components\DAL;C:\Program Files (x86)\Intel\Intel(R) Management Engine Components\IPT;C:\Program Files (x86)\Intel\OpenCL SDK\2.0\bin\x86;C:\Program Files (x86)\Intel\OpenCL SDK\2.0\bin\x64;C:\Program Files\Intel\WiFi\bin\;C:\Program Files\Common Files\Intel\WirelessCommon\;C:\Program Files (x86)\Windows Live\Shared;C:\Program Files\Java\jdk1.7.0_79\bin;C:\openssl-0.9.8e_X64\bin;C:\Program Files\Git\cmd
USERNAME=IT
OS=Windows_NT
PROCESSOR_IDENTIFIER=Intel64 Family 6 Model 58 Stepping 9, GenuineIntel



---------------  S Y S T E M  ---------------

OS: Windows 7 , 64 bit Build 7601 (6.1.7601.23418)

CPU:total 4 (2 cores per cpu, 2 threads per core) family 6 model 58 stepping 9, cmov, cx8, fxsr, mmx, sse, sse2, sse3, ssse3, sse4.1, sse4.2, popcnt, avx, aes, clmul, erms, ht, tsc, tscinvbit, tscinv

Memory: 4k page, physical 3888676k(54908k free), swap 6192232k(3248k free)

vm_info: Java HotSpot(TM) 64-Bit Server VM (25.101-b13) for windows-amd64 JRE (1.8.0_101-b13), built on Jun 22 2016 01:21:29 by "java_re" with MS VC++ 10.0 (VS2010)

time: Mon Sep 26 20:38:45 2016
elapsed time: 29 seconds (0d 0h 0m 29s)

